checking for a BSD-compatible install... /usr/bin/install -c
checking whether build environment is sane... yes
checking for a thread-safe mkdir -p... /bin/mkdir -p
checking for gawk... gawk
checking whether make sets $(MAKE)... yes
checking whether make supports nested variables... yes
checking whether make supports nested variables... (cached) yes
checking for gcc... gcc
checking whether the C compiler works... yes
checking for C compiler default output file name... a.out
checking for suffix of executables... 
checking whether we are cross compiling... no
checking for suffix of object files... o
checking whether we are using the GNU C compiler... yes
checking whether gcc accepts -g... yes
checking for gcc option to accept ISO C89... none needed
checking whether gcc understands -c and -o together... yes
checking for style of include used by make... GNU
checking dependency style of gcc... gcc3
checking how to run the C preprocessor... gcc -E
checking for grep that handles long lines and -e... /bin/grep
checking for egrep... /bin/grep -E
checking for ANSI C header files... yes
checking for sys/types.h... yes
checking for sys/stat.h... yes
checking for stdlib.h... yes
checking for string.h... yes
checking for memory.h... yes
checking for strings.h... yes
checking for inttypes.h... yes
checking for stdint.h... yes
checking for unistd.h... yes
checking minix/config.h usability... no
checking minix/config.h presence... no
checking for minix/config.h... no
checking whether it is safe to define __EXTENSIONS__... yes
checking whether __attribute__((visibility())) is supported... yes
checking whether byte ordering is bigendian... no
checking for special C compiler options needed for large files... no
checking for _FILE_OFFSET_BITS value needed for large files... no
checking for ar... ar
checking the archiver (ar) interface... ar
checking build system type... x86_64-pc-linux-gnu
checking host system type... x86_64-pc-linux-gnu
checking how to print strings... printf
checking for a sed that does not truncate output... /bin/sed
checking for fgrep... /bin/grep -F
checking for ld used by gcc... /usr/x86_64-lfs-linux-gnu/bin/ld
checking if the linker (/usr/x86_64-lfs-linux-gnu/bin/ld) is GNU ld... yes
checking for BSD- or MS-compatible name lister (nm)... /usr/bin/nm -B
checking the name lister (/usr/bin/nm -B) interface... BSD nm
checking whether ln -s works... yes
checking the maximum length of command line arguments... 1572864
checking how to convert x86_64-pc-linux-gnu file names to x86_64-pc-linux-gnu format... func_convert_file_noop
checking how to convert x86_64-pc-linux-gnu file names to toolchain format... func_convert_file_noop
checking for /usr/x86_64-lfs-linux-gnu/bin/ld option to reload object files... -r
checking for objdump... objdump
checking how to recognize dependent libraries... pass_all
checking for dlltool... no
checking how to associate runtime and link libraries... printf %s\n
checking for archiver @FILE support... @
checking for strip... strip
checking for ranlib... ranlib
checking command to parse /usr/bin/nm -B output from gcc object... ok
checking for sysroot... no
checking for a working dd... /bin/dd
checking how to truncate binary pipes... /bin/dd bs=4096 count=1
checking for mt... no
checking if : is a manifest tool... no
checking for dlfcn.h... yes
checking for objdir... .libs
checking if gcc supports -fno-rtti -fno-exceptions... no
checking for gcc option to produce PIC... -fPIC -DPIC
checking if gcc PIC flag -fPIC -DPIC works... yes
checking if gcc static flag -static works... yes
checking if gcc supports -c -o file.o... yes
checking if gcc supports -c -o file.o... (cached) yes
checking whether the gcc linker (/usr/x86_64-lfs-linux-gnu/bin/ld -m elf_x86_64) supports shared libraries... yes
checking whether -lc should be explicitly linked in... no
checking dynamic linker characteristics... GNU/Linux ld.so
checking how to hardcode library paths into programs... immediate
checking whether stripping libraries is possible... yes
checking if libtool supports shared libraries... yes
checking whether to build shared libraries... yes
checking whether to build static libraries... no
checking whether NLS is requested... yes
checking for msgfmt... /usr/bin/msgfmt
checking for gmsgfmt... /usr/bin/msgfmt
checking for xgettext... /usr/bin/xgettext
checking for msgmerge... /usr/bin/msgmerge
checking for ld used by gcc... /usr/x86_64-lfs-linux-gnu/bin/ld -m elf_x86_64
checking if the linker (/usr/x86_64-lfs-linux-gnu/bin/ld -m elf_x86_64) is GNU ld... yes
checking for shared library run path origin... done
checking for CFPreferencesCopyAppValue... no
checking for CFLocaleCopyCurrent... no
checking for GNU gettext in libc... yes
checking whether to use NLS... yes
checking where the gettext function comes from... libc
checking attr/error_context.h usability... yes
checking attr/error_context.h presence... yes
checking for attr/error_context.h... yes
checking for getxattr in -lattr... yes
checking that generated files are newer than configure... done
configure: creating ./config.status
config.status: creating libacl.pc
config.status: creating Makefile
config.status: creating po/Makefile.in
config.status: creating include/config.h
config.status: executing depfiles commands
config.status: executing libtool commands
config.status: executing po-directories commands
config.status: creating po/POTFILES
config.status: creating po/Makefile
config.status: executing include/acl commands
config.status: executing include/sys commands
Making all in po
make[1]: Entering directory '/tmp/tmp.rZI1nxmok8/acl-2.2.53/po'
make[1]: Nothing to be done for 'all'.
make[1]: Leaving directory '/tmp/tmp.rZI1nxmok8/acl-2.2.53/po'
make[1]: Entering directory '/tmp/tmp.rZI1nxmok8/acl-2.2.53'
  CC       libacl/libacl_la-acl_add_perm.lo
  CC       libacl/libacl_la-acl_calc_mask.lo
  CC       libacl/libacl_la-acl_clear_perms.lo
  CC       libacl/libacl_la-acl_copy_entry.lo
  CC       libacl/libacl_la-acl_copy_int.lo
  CC       libacl/libacl_la-acl_copy_ext.lo
  CC       libacl/libacl_la-acl_create_entry.lo
  CC       libacl/libacl_la-acl_delete_def_file.lo
  CC       libacl/libacl_la-acl_delete_entry.lo
  CC       libacl/libacl_la-acl_delete_perm.lo
  CC       libacl/libacl_la-acl_dup.lo
  CC       libacl/libacl_la-acl_from_text.lo
  CC       libacl/libacl_la-acl_free.lo
  CC       libacl/libacl_la-acl_get_entry.lo
  CC       libacl/libacl_la-acl_get_fd.lo
  CC       libacl/libacl_la-acl_get_file.lo
  CC       libacl/libacl_la-acl_get_perm.lo
  CC       libacl/libacl_la-acl_get_permset.lo
  CC       libacl/libacl_la-acl_get_qualifier.lo
  CC       libacl/libacl_la-acl_get_tag_type.lo
  CC       libacl/libacl_la-acl_init.lo
  CC       libacl/libacl_la-acl_set_fd.lo
  CC       libacl/libacl_la-acl_set_file.lo
  CC       libacl/libacl_la-acl_set_permset.lo
  CC       libacl/libacl_la-acl_set_qualifier.lo
  CC       libacl/libacl_la-acl_set_tag_type.lo
  CC       libacl/libacl_la-acl_size.lo
  CC       libacl/libacl_la-acl_to_text.lo
  CC       libacl/libacl_la-acl_valid.lo
  CC       libacl/libacl_la-acl_check.lo
  CC       libacl/libacl_la-acl_cmp.lo
  CC       libacl/libacl_la-acl_entries.lo
  CC       libacl/libacl_la-acl_equiv_mode.lo
  CC       libacl/libacl_la-acl_error.lo
  CC       libacl/libacl_la-acl_extended_fd.lo
  CC       libacl/libacl_la-acl_extended_file.lo
  CC       libacl/libacl_la-acl_extended_file_nofollow.lo
  CC       libacl/libacl_la-acl_from_mode.lo
  CC       libacl/libacl_la-acl_to_any_text.lo
  CC       libacl/libacl_la-__acl_extended_file.lo
  CC       libacl/libacl_la-__acl_from_xattr.lo
  CC       libacl/libacl_la-__acl_reorder_obj_p.lo
  CC       libacl/libacl_la-__acl_to_any_text.lo
  CC       libacl/libacl_la-__acl_to_xattr.lo
  CC       libacl/libacl_la-__apply_mask_to_mode.lo
  CC       libacl/libacl_la-__libobj.lo
  CC       libacl/libacl_la-perm_copy_fd.lo
  CC       libacl/libacl_la-perm_copy_file.lo
  CC       libmisc/high_water_alloc.lo
  CC       libmisc/next_line.lo
  CC       libmisc/quote.lo
  CC       libmisc/unquote.lo
  CC       libmisc/walk_tree.lo
libacl/__acl_to_any_text.c: In function '__acl_to_any_text':
libacl/__acl_to_any_text.c:90:3: warning: 'strcpy' writing 1 or more bytes into a region of size 0 overflows the destination [-Wstringop-overflow=]
   90 |   strcpy(string_obj_p->sstr + len, suffix);
      |   ^~~~~~~~~~~~~~~~~~~~~~~~~~~~~~~~~~~~~~~~
  CC       tools/chacl.o
  CC       tools/getfacl.o
  CC       tools/user_group.o
  CC       tools/do_set.o
  CC       tools/parse.o
  CC       tools/sequence.o
  CC       tools/setfacl.o
  CCLD     libmisc.la
  CCLD     libacl.la
  CCLD     chacl
  CCLD     getfacl
  CCLD     setfacl
make[1]: Leaving directory '/tmp/tmp.rZI1nxmok8/acl-2.2.53'
Making install in po
make[1]: Entering directory '/tmp/tmp.rZI1nxmok8/acl-2.2.53/po'
installing de.gmo as /usr/share/locale/de/LC_MESSAGES/acl.mo
installing es.gmo as /usr/share/locale/es/LC_MESSAGES/acl.mo
installing fr.gmo as /usr/share/locale/fr/LC_MESSAGES/acl.mo
installing gl.gmo as /usr/share/locale/gl/LC_MESSAGES/acl.mo
installing pl.gmo as /usr/share/locale/pl/LC_MESSAGES/acl.mo
installing sv.gmo as /usr/share/locale/sv/LC_MESSAGES/acl.mo
installing en@boldquot.gmo as /usr/share/locale/en@boldquot/LC_MESSAGES/acl.mo
installing en@quot.gmo as /usr/share/locale/en@quot/LC_MESSAGES/acl.mo
if test "acl" = "gettext-tools"; then \
  /bin/mkdir -p /usr/share/gettext/po; \
  for file in Makefile.in.in remove-potcdate.sin quot.sed boldquot.sed en@quot.header en@boldquot.header insert-header.sin Rules-quot   Makevars.template; do \
    /usr/bin/install -c -m 644 ./$file \
		    /usr/share/gettext/po/$file; \
  done; \
  for file in Makevars; do \
    rm -f /usr/share/gettext/po/$file; \
  done; \
else \
  : ; \
fi
make[1]: Leaving directory '/tmp/tmp.rZI1nxmok8/acl-2.2.53/po'
make[1]: Entering directory '/tmp/tmp.rZI1nxmok8/acl-2.2.53'
make[2]: Entering directory '/tmp/tmp.rZI1nxmok8/acl-2.2.53'
subst_install_header() { file=`echo "$1" | sed -e 's,^.*/,,'`; /bin/sed -e "s/\<EXPORT\>/extern/" < "$1" > "include/$file.t" || exit 1; /bin/mkdir -p "$2" || exit 1; /usr/bin/install -c -m 644 "include/$file.t" "$2/$file" || exit 1; rm -f "include/$file.t"; }; subst_install_header "include/libacl.h" "/usr/include/acl"
subst_install_header() { file=`echo "$1" | sed -e 's,^.*/,,'`; /bin/sed -e "s/\<EXPORT\>/extern/" < "$1" > "include/$file.t" || exit 1; /bin/mkdir -p "$2" || exit 1; /usr/bin/install -c -m 644 "include/$file.t" "$2/$file" || exit 1; rm -f "include/$file.t"; }; subst_install_header "include/acl.h" "/usr/include/sys"
 /bin/mkdir -p '/usr/share/doc/acl-2.2.53'
 /usr/bin/install -c -m 644 doc/extensions.txt doc/CHANGES doc/COPYING doc/COPYING.LGPL doc/libacl.txt doc/PORTING '/usr/share/doc/acl-2.2.53'
 /bin/mkdir -p '/usr/share/man/man3'
 /bin/mkdir -p '/usr/share/man/man1'
 /bin/mkdir -p '/usr/lib/pkgconfig'
 /bin/mkdir -p '/usr/share/man/man5'
 /usr/bin/install -c -m 644 libacl.pc '/usr/lib/pkgconfig'
 /bin/mkdir -p '/usr/lib'
 /bin/sh ./libtool   --mode=install /usr/bin/install -c   libacl.la '/usr/lib'
 /usr/bin/install -c -m 644 man/man1/chacl.1 man/man1/getfacl.1 man/man1/setfacl.1 '/usr/share/man/man1'
 /usr/bin/install -c -m 644 man/man5/acl.5 '/usr/share/man/man5'
 /usr/bin/install -c -m 644 man/man3/acl_add_perm.3 man/man3/acl_calc_mask.3 man/man3/acl_check.3 man/man3/acl_clear_perms.3 man/man3/acl_cmp.3 man/man3/acl_copy_entry.3 man/man3/acl_copy_ext.3 man/man3/acl_copy_int.3 man/man3/acl_create_entry.3 man/man3/acl_delete_def_file.3 man/man3/acl_delete_entry.3 man/man3/acl_delete_perm.3 man/man3/acl_dup.3 man/man3/acl_entries.3 man/man3/acl_equiv_mode.3 man/man3/acl_error.3 man/man3/acl_extended_fd.3 man/man3/acl_extended_file.3 man/man3/acl_extended_file_nofollow.3 man/man3/acl_free.3 man/man3/acl_from_mode.3 man/man3/acl_from_text.3 man/man3/acl_get_entry.3 man/man3/acl_get_fd.3 man/man3/acl_get_file.3 man/man3/acl_get_perm.3 man/man3/acl_get_permset.3 man/man3/acl_get_qualifier.3 man/man3/acl_get_tag_type.3 man/man3/acl_init.3 man/man3/acl_set_fd.3 man/man3/acl_set_file.3 man/man3/acl_set_permset.3 man/man3/acl_set_qualifier.3 man/man3/acl_set_tag_type.3 man/man3/acl_size.3 man/man3/acl_to_any_text.3 man/man3/acl_to_text.3 man/man3/acl_valid.3 '/usr/share/man/man3'
libtool: install: /usr/bin/install -c .libs/libacl.so.1.1.2253 /usr/lib/libacl.so.1.1.2253
libtool: install: (cd /usr/lib && { ln -s -f libacl.so.1.1.2253 libacl.so.1 || { rm -f libacl.so.1 && ln -s libacl.so.1.1.2253 libacl.so.1; }; })
libtool: install: (cd /usr/lib && { ln -s -f libacl.so.1.1.2253 libacl.so || { rm -f libacl.so && ln -s libacl.so.1.1.2253 libacl.so; }; })
libtool: install: /usr/bin/install -c .libs/libacl.lai /usr/lib/libacl.la
libtool: finish: PATH="/bin:/usr/bin:/sbin:/usr/sbin:/sbin" ldconfig -n /usr/lib
----------------------------------------------------------------------
Libraries have been installed in:
   /usr/lib

If you ever happen to want to link against installed libraries
in a given directory, LIBDIR, you must either use libtool, and
specify the full pathname of the library, or use the '-LLIBDIR'
flag during linking and do at least one of the following:
   - add LIBDIR to the 'LD_LIBRARY_PATH' environment variable
     during execution
   - add LIBDIR to the 'LD_RUN_PATH' environment variable
     during linking
   - use the '-Wl,-rpath -Wl,LIBDIR' linker flag
   - have your system administrator add LIBDIR to '/etc/ld.so.conf'

See any operating system documentation about shared libraries for
more information, such as the ld(1) and ld.so(8) manual pages.
----------------------------------------------------------------------
 /bin/mkdir -p '/usr/bin'
  /bin/sh ./libtool   --mode=install /usr/bin/install -c chacl getfacl setfacl '/usr/bin'
libtool: install: /usr/bin/install -c .libs/chacl /usr/bin/chacl
libtool: install: /usr/bin/install -c .libs/getfacl /usr/bin/getfacl
libtool: install: /usr/bin/install -c .libs/setfacl /usr/bin/setfacl
make[2]: Leaving directory '/tmp/tmp.rZI1nxmok8/acl-2.2.53'
make[1]: Leaving directory '/tmp/tmp.rZI1nxmok8/acl-2.2.53'
renamed '/usr/lib/libacl.so.1' -> '/lib/libacl.so.1'
renamed '/usr/lib/libacl.so.1.1.2253' -> '/lib/libacl.so.1.1.2253'
'/usr/lib/libacl.so' -> '../../lib/libacl.so.1.1.2253'

real	0m5.057s
user	0m11.179s
sys	0m2.489s
