patching file bashhist.c
patching file bashline.c
patching file builtins/evalstring.c
patching file builtins/shopt.def
patching file command.h
patching file execute_cmd.c
patching file jobs.c
patching file lib/glob/glob.c
patching file lib/glob/glob.h
patching file lib/glob/glob_loop.c
patching file lib/readline/histfile.c
patching file parser.h
patching file parse.y
patching file patchlevel.h
patching file pathexp.c
patching file subst.c
patching file tests/varenv.right
patching file variables.c
patching file y.tab.c
checking build system type... x86_64-pc-linux-gnu
checking host system type... x86_64-pc-linux-gnu

Beginning configuration for bash-5.0-release for x86_64-pc-linux-gnu

checking for gcc... gcc
checking whether the C compiler works... yes
checking for C compiler default output file name... a.out
checking for suffix of executables... 
checking whether we are cross compiling... no
checking for suffix of object files... o
checking whether we are using the GNU C compiler... yes
checking whether gcc accepts -g... yes
checking for gcc option to accept ISO C89... none needed
checking for strerror in -lcposix... no
checking how to run the C preprocessor... gcc -E
checking for grep that handles long lines and -e... /bin/grep
checking for egrep... /bin/grep -E
checking for ANSI C header files... yes
checking for sys/types.h... yes
checking for sys/stat.h... yes
checking for stdlib.h... yes
checking for string.h... yes
checking for memory.h... yes
checking for strings.h... yes
checking for inttypes.h... yes
checking for stdint.h... yes
checking for unistd.h... yes
checking minix/config.h usability... no
checking minix/config.h presence... no
checking for minix/config.h... no
checking whether it is safe to define __EXTENSIONS__... yes
checking for special C compiler options needed for large files... no
checking for _FILE_OFFSET_BITS value needed for large files... no
checking whether gcc needs -traditional... no
checking for tgetent... no
checking for tgetent in -ltermcap... no
checking for tgetent in -ltinfo... no
checking for tgetent in -lcurses... yes
checking which library has the termcap functions... using libcurses
checking version of installed readline library... 8.0
checking for a BSD-compatible install... /usr/bin/install -c
checking for ar... ar
checking for ranlib... ranlib
checking for bison... bison -y
checking whether make sets $(MAKE)... yes
checking for an ANSI C-conforming const... yes
checking for inline... inline
checking whether byte ordering is bigendian... no
checking for preprocessor stringizing operator... yes
checking for long double with more range or precision than double... yes
checking for function prototypes... yes
checking whether char is unsigned... no
checking for working volatile... yes
checking for C/C++ restrict keyword... __restrict
checking whether NLS is requested... yes
checking for msgfmt... /usr/bin/msgfmt
checking for gmsgfmt... /usr/bin/msgfmt
checking for xgettext... /usr/bin/xgettext
checking for msgmerge... /usr/bin/msgmerge
checking for off_t... yes
checking for size_t... yes
checking for working alloca.h... yes
checking for alloca... yes
checking for stdlib.h... (cached) yes
checking for unistd.h... (cached) yes
checking for sys/param.h... yes
checking for sys/time.h... yes
checking for getpagesize... yes
checking for working mmap... yes
checking whether we are using the GNU C Library 2.1 or newer... yes
checking whether integer division by zero raises SIGFPE... yes
checking for inttypes.h... yes
checking for stdint.h... yes
checking for unsigned long long... yes
checking for inttypes.h... yes
checking whether the inttypes.h PRIxNN macros are broken... no
checking for ld used by GCC... /usr/bin/ld
checking if the linker (/usr/bin/ld) is GNU ld... yes
checking for shared library run path origin... done
checking argz.h usability... yes
checking argz.h presence... yes
checking for argz.h... yes
checking limits.h usability... yes
checking limits.h presence... yes
checking for limits.h... yes
checking locale.h usability... yes
checking locale.h presence... yes
checking for locale.h... yes
checking nl_types.h usability... yes
checking nl_types.h presence... yes
checking for nl_types.h... yes
checking malloc.h usability... yes
checking malloc.h presence... yes
checking for malloc.h... yes
checking stddef.h usability... yes
checking stddef.h presence... yes
checking for stddef.h... yes
checking for stdlib.h... (cached) yes
checking for string.h... (cached) yes
checking for unistd.h... (cached) yes
checking for sys/param.h... (cached) yes
checking for feof_unlocked... yes
checking for fgets_unlocked... yes
checking for getc_unlocked... yes
checking for getcwd... yes
checking for getegid... yes
checking for geteuid... yes
checking for getgid... yes
checking for getuid... yes
checking for mempcpy... yes
checking for munmap... yes
checking for putenv... yes
checking for setenv... yes
checking for setlocale... yes
checking for localeconv... yes
checking for stpcpy... yes
checking for strcasecmp... yes
checking for strdup... yes
checking for strtoul... yes
checking for tsearch... yes
checking for __argz_count... yes
checking for __argz_stringify... yes
checking for __argz_next... yes
checking for __fsetlocking... yes
checking for iconv... yes
checking for iconv declaration... 
         extern size_t iconv (iconv_t cd, char * *inbuf, size_t *inbytesleft, char * *outbuf, size_t *outbytesleft);
checking for nl_langinfo and CODESET... yes
checking for LC_MESSAGES... yes
checking for bison... bison
checking version of bison... 3.7.4, ok
checking whether NLS is requested... yes
checking whether included gettext is requested... no
checking for GNU gettext in libc... yes
checking whether to use NLS... yes
checking where the gettext function comes from... libc
checking for dirent.h that defines DIR... yes
checking for library containing opendir... none required
checking whether time.h and sys/time.h may both be included... yes
checking for inttypes.h... (cached) yes
checking for unistd.h... (cached) yes
checking for stdlib.h... (cached) yes
checking stdarg.h usability... yes
checking stdarg.h presence... yes
checking for stdarg.h... yes
checking varargs.h usability... no
checking varargs.h presence... no
checking for varargs.h... no
checking for limits.h... (cached) yes
checking for string.h... (cached) yes
checking for memory.h... (cached) yes
checking for locale.h... (cached) yes
checking termcap.h usability... yes
checking termcap.h presence... yes
checking for termcap.h... yes
checking termio.h usability... yes
checking termio.h presence... yes
checking for termio.h... yes
checking termios.h usability... yes
checking termios.h presence... yes
checking for termios.h... yes
checking dlfcn.h usability... yes
checking dlfcn.h presence... yes
checking for dlfcn.h... yes
checking stdbool.h usability... yes
checking stdbool.h presence... yes
checking for stdbool.h... yes
checking for stddef.h... (cached) yes
checking for stdint.h... (cached) yes
checking netdb.h usability... yes
checking netdb.h presence... yes
checking for netdb.h... yes
checking pwd.h usability... yes
checking pwd.h presence... yes
checking for pwd.h... yes
checking grp.h usability... yes
checking grp.h presence... yes
checking for grp.h... yes
checking for strings.h... (cached) yes
checking regex.h usability... yes
checking regex.h presence... yes
checking for regex.h... yes
checking syslog.h usability... yes
checking syslog.h presence... yes
checking for syslog.h... yes
checking ulimit.h usability... yes
checking ulimit.h presence... yes
checking for ulimit.h... yes
checking sys/pte.h usability... no
checking sys/pte.h presence... no
checking for sys/pte.h... no
checking sys/stream.h usability... no
checking sys/stream.h presence... no
checking for sys/stream.h... no
checking sys/select.h usability... yes
checking sys/select.h presence... yes
checking for sys/select.h... yes
checking sys/file.h usability... yes
checking sys/file.h presence... yes
checking for sys/file.h... yes
checking sys/ioctl.h usability... yes
checking sys/ioctl.h presence... yes
checking for sys/ioctl.h... yes
checking sys/mman.h usability... yes
checking sys/mman.h presence... yes
checking for sys/mman.h... yes
checking for sys/param.h... (cached) yes
checking sys/socket.h usability... yes
checking sys/socket.h presence... yes
checking for sys/socket.h... yes
checking for sys/stat.h... (cached) yes
checking for sys/time.h... (cached) yes
checking sys/times.h usability... yes
checking sys/times.h presence... yes
checking for sys/times.h... yes
checking for sys/types.h... (cached) yes
checking sys/wait.h usability... yes
checking sys/wait.h presence... yes
checking for sys/wait.h... yes
checking netinet/in.h usability... yes
checking netinet/in.h presence... yes
checking for netinet/in.h... yes
checking arpa/inet.h usability... yes
checking arpa/inet.h presence... yes
checking for arpa/inet.h... yes
checking for sys/ptem.h... no
checking for sys/resource.h... yes
checking for working alloca.h... (cached) yes
checking for alloca... (cached) yes
checking for uid_t in sys/types.h... yes
checking for unistd.h... (cached) yes
checking for working chown... yes
checking whether getpgrp requires zero arguments... yes
checking for vprintf... yes
checking for _doprnt... no
checking for working strcoll... yes
checking return type of signal handlers... void
checking for __setostype... no
checking for wait3... yes
checking for mkfifo... yes
checking for dup2... yes
checking for eaccess... yes
checking for fcntl... yes
checking for getdtablesize... yes
checking for getgroups... yes
checking for gethostname... yes
checking for getpagesize... (cached) yes
checking for getpeername... yes
checking for getrlimit... yes
checking for getrusage... yes
checking for gettimeofday... yes
checking for kill... yes
checking for killpg... yes
checking for lstat... yes
checking for pselect... yes
checking for readlink... yes
checking for select... yes
checking for setdtablesize... no
checking for setitimer... yes
checking for tcgetpgrp... yes
checking for uname... yes
checking for ulimit... yes
checking for waitpid... yes
checking for rename... yes
checking for bcopy... yes
checking for bzero... yes
checking for confstr... yes
checking for faccessat... yes
checking for fnmatch... yes
checking for getaddrinfo... yes
checking for gethostbyname... yes
checking for getservbyname... yes
checking for getservent... yes
checking for inet_aton... yes
checking for imaxdiv... yes
checking for memmove... yes
checking for pathconf... yes
checking for putenv... (cached) yes
checking for raise... yes
checking for random... yes
checking for regcomp... yes
checking for regexec... yes
checking for setenv... (cached) yes
checking for setlinebuf... yes
checking for setlocale... (cached) yes
checking for setvbuf... yes
checking for siginterrupt... yes
checking for strchr... yes
checking for sysconf... yes
checking for syslog... yes
checking for tcgetattr... yes
checking for times... yes
checking for ttyname... yes
checking for tzset... yes
checking for unsetenv... yes
checking for vasprintf... yes
checking for asprintf... yes
checking for isascii... yes
checking for isblank... yes
checking for isgraph... yes
checking for isprint... yes
checking for isspace... yes
checking for isxdigit... yes
checking for getpwent... yes
checking for getpwnam... yes
checking for getpwuid... yes
checking for mkstemp... yes
checking for getcwd... (cached) yes
checking for memset... yes
checking for strcasecmp... (cached) yes
checking for strcasestr... yes
checking for strerror... yes
checking for strftime... yes
checking for strnlen... yes
checking for strpbrk... yes
checking for strstr... yes
checking for strtod... yes
checking for strtol... yes
checking for strtoul... (cached) yes
checking for strtoll... yes
checking for strtoull... yes
checking for strtoimax... yes
checking for strtoumax... yes
checking for dprintf... yes
checking for strchrnul... yes
checking for strdup... (cached) yes
checking libaudit.h usability... no
checking libaudit.h presence... no
checking for libaudit.h... no
checking whether AUDIT_USER_TTY is declared... yes
checking whether confstr is declared... yes
checking whether printf is declared... yes
checking whether sbrk is declared... yes
checking whether setregid is declared... yes
checking whether strcpy is declared... yes
checking whether strsignal is declared... yes
checking whether strtold is declared... yes
checking for broken strtold... no
checking for declaration of strtoimax... yes
checking for declaration of strtol... yes
checking for declaration of strtoll... yes
checking for declaration of strtoul... yes
checking for declaration of strtoull... yes
checking for declaration of strtoumax... yes
checking for alarm... yes
checking for sbrk... yes
checking for fpurge... no
checking for __fpurge... yes
checking for snprintf... yes
checking for vsnprintf... yes
checking for working mktime... yes
checking for argz.h... (cached) yes
checking errno.h usability... yes
checking errno.h presence... yes
checking for errno.h... yes
checking fcntl.h usability... yes
checking fcntl.h presence... yes
checking for fcntl.h... yes
checking for malloc.h... (cached) yes
checking stdio_ext.h usability... yes
checking stdio_ext.h presence... yes
checking for stdio_ext.h... yes
checking for getpagesize... (cached) yes
checking for working mmap... (cached) yes
checking for __argz_count... (cached) yes
checking for __argz_next... (cached) yes
checking for __argz_stringify... (cached) yes
checking for dcgettext... yes
checking for mempcpy... (cached) yes
checking for munmap... (cached) yes
checking for mremap... yes
checking for stpcpy... (cached) yes
checking for strcspn... yes
checking wctype.h usability... yes
checking wctype.h presence... yes
checking for wctype.h... yes
checking wchar.h usability... yes
checking wchar.h presence... yes
checking for wchar.h... yes
checking langinfo.h usability... yes
checking langinfo.h presence... yes
checking for langinfo.h... yes
checking mbstr.h usability... no
checking mbstr.h presence... no
checking for mbstr.h... no
checking for mbrlen... yes
checking for mbscasecmp... no
checking for mbscmp... no
checking for mbsnrtowcs... yes
checking for mbsrtowcs... yes
checking for mbschr... no
checking for wcrtomb... yes
checking for wcscoll... yes
checking for wcsdup... yes
checking for wcwidth... yes
checking for wctype... yes
checking for wcswidth... yes
checking whether mbrtowc and mbstate_t are properly declared... yes
checking for iswlower... yes
checking for iswupper... yes
checking for towlower... yes
checking for towupper... yes
checking for iswctype... yes
checking for nl_langinfo and CODESET... yes
checking for wchar_t in wchar.h... yes
checking for wctype_t in wctype.h... yes
checking for wint_t in wctype.h... yes
checking for wcwidth broken with unicode combining characters... no
checking for locale_charset... no
checking size of wchar_t... 4
checking for dlopen in -ldl... yes
checking for dlopen... yes
checking for dlclose... yes
checking for dlsym... yes
checking whether sys_siglist is declared... no
checking type of array argument to getgroups... gid_t
checking for off_t... (cached) yes
checking for mode_t... yes
checking for uid_t in sys/types.h... (cached) yes
checking for pid_t... yes
checking for size_t... (cached) yes
checking for uintptr_t... yes
checking for ssize_t... yes
checking for time_t... yes
checking for long long... long long
checking for unsigned long long... unsigned long long
checking return type of signal handlers... (cached) void
checking for sig_atomic_t in signal.h... yes
checking size of char... 1
checking size of short... 2
checking size of int... 4
checking size of long... 8
checking size of char *... 8
checking size of double... 8
checking size of long long... 8
checking for u_int... yes
checking for u_long... yes
checking for bits16_t... no
checking for u_bits16_t... no
checking for bits32_t... no
checking for u_bits32_t... no
checking for bits64_t... no
checking for ptrdiff_t... yes
checking whether stat file-mode macros are broken... no
checking whether #! works in shell scripts... yes
checking whether the ctype macros accept non-ascii characters... yes
checking if dup2 fails to clear the close-on-exec flag... no
checking whether pgrps need synchronization... no
checking for type of signal functions... posix
checking for sys_errlist and sys_nerr... yes
checking for sys_siglist in system C library... no
checking for _sys_siglist in signal.h or unistd.h... no
checking for _sys_siglist in system C library... no
checking whether signal handlers are of type void... yes
checking for clock_t... yes
checking for sigset_t... yes
checking for sig_atomic_t... yes
checking for quad_t... yes
checking for intmax_t... yes
checking for uintmax_t... yes
checking for socklen_t... yes
checking for size and type of struct rlimit fields... rlim_t
checking size of intmax_t... 8
checking for struct termios.c_line... yes
checking for struct termio.c_line... yes
checking for struct dirent.d_ino... yes
checking for struct dirent.d_fileno... yes
checking for struct dirent.d_namlen... no
checking for struct winsize in sys/ioctl.h and termios.h... sys/ioctl.h
checking for struct timeval in sys/time.h and time.h... yes
checking for struct stat.st_blocks... yes
checking whether struct tm is in sys/time.h or time.h... time.h
checking for struct tm.tm_zone... yes
checking for struct timezone in sys/time.h and time.h... yes
checking for offset of exit status in return status from wait... 8
checking for struct timespec in <time.h>... yes
checking for struct stat.st_atim.tv_nsec... yes
checking whether struct stat.st_atim is of type struct timespec... yes
checking for working sbrk... yes
checking for the existence of strsignal... yes
checking if opendir() opens non-directories... no
checking whether ulimit can substitute for getdtablesize... yes
checking whether fpurge is declared... no
checking to see if getenv can be redefined... yes
checking if getcwd() will dynamically allocate memory with 0 size... yes
checking for presence of POSIX-style sigsetjmp/siglongjmp... present
checking whether or not strcoll and strcmp differ... no
checking for standard-conformant snprintf... yes
checking for standard-conformant vsnprintf... yes
checking for standard-conformant putenv declaration... yes
checking for standard-conformant unsetenv declaration... yes
checking for printf floating point output in hex notation... yes
checking whether fnmatch can be used to check bracket equivalence classes... yes
checking if signal handlers must be reinstalled when invoked... no
checking for presence of necessary job control definitions... present
checking for presence of named pipes... present
checking whether termios.h defines TIOCGWINSZ... no
checking whether sys/ioctl.h defines TIOCGWINSZ... yes
checking for TIOCSTAT in sys/ioctl.h... no
checking for FIONREAD in sys/ioctl.h... yes
checking whether WCONTINUED flag to waitpid is unavailable or available but broken... no
checking for speed_t in sys/types.h... no
checking whether getpw functions are declared in pwd.h... yes
checking for unusable real-time signals due to large values... no
checking which library has the termcap functions... (cached) using libcurses
checking whether /dev/fd is available... standard
checking whether /dev/stdin stdout stderr are available... present
checking for default mail directory... /var/mail
checking shared object configuration for loadable builtins... supported
configure: creating ./config.status
config.status: creating Makefile
config.status: creating builtins/Makefile
config.status: creating lib/readline/Makefile
config.status: creating lib/glob/Makefile
config.status: creating lib/intl/Makefile
config.status: creating lib/malloc/Makefile
config.status: creating lib/sh/Makefile
config.status: creating lib/termcap/Makefile
config.status: creating lib/tilde/Makefile
config.status: creating doc/Makefile
config.status: creating support/Makefile
config.status: creating po/Makefile.in
config.status: creating examples/loadables/Makefile
config.status: creating examples/loadables/Makefile.inc
config.status: creating examples/loadables/perl/Makefile
config.status: creating support/bash.pc
config.status: creating support/bashbug.sh
config.status: creating config.h
config.status: executing default-1 commands
config.status: creating po/POTFILES
config.status: creating po/Makefile
config.status: executing default commands
rm -f mksyntax
gcc -DPROGRAM='"bash"' -DCONF_HOSTTYPE='"x86_64"' -DCONF_OSTYPE='"linux-gnu"' -DCONF_MACHTYPE='"x86_64-pc-linux-gnu"' -DCONF_VENDOR='"pc"' -DLOCALEDIR='"/usr/share/locale"' -DPACKAGE='"bash"' -DSHELL -DHAVE_CONFIG_H   -I.  -I. -I./include -I./lib   -g -O2   -rdynamic -g -O2 -Wno-parentheses -Wno-format-security   -rdynamic -g -O2  -o mksyntax ./mksyntax.c 
rm -f mksignames.o
rm -f buildsignames.o
gcc -DPROGRAM='"bash"' -DCONF_HOSTTYPE='"x86_64"' -DCONF_OSTYPE='"linux-gnu"' -DCONF_MACHTYPE='"x86_64-pc-linux-gnu"' -DCONF_VENDOR='"pc"' -DLOCALEDIR='"/usr/share/locale"' -DPACKAGE='"bash"' -DSHELL -DHAVE_CONFIG_H   -I.  -I. -I./include -I./lib   -g -O2  -DBUILDTOOL -c ./support/mksignames.c
rm -f unwind_prot.o
gcc -DPROGRAM='"bash"' -DCONF_HOSTTYPE='"x86_64"' -DCONF_OSTYPE='"linux-gnu"' -DCONF_MACHTYPE='"x86_64-pc-linux-gnu"' -DCONF_VENDOR='"pc"' -DLOCALEDIR='"/usr/share/locale"' -DPACKAGE='"bash"' -DSHELL -DHAVE_CONFIG_H   -I.  -I. -I./include -I./lib   -g -O2  -DBUILDTOOL -o buildsignames.o -c ./support/signames.c
make[1]: warning: -j8 forced in submake: resetting jobserver mode.
gcc  -DPROGRAM='"bash"' -DCONF_HOSTTYPE='"x86_64"' -DCONF_OSTYPE='"linux-gnu"' -DCONF_MACHTYPE='"x86_64-pc-linux-gnu"' -DCONF_VENDOR='"pc"' -DLOCALEDIR='"/usr/share/locale"' -DPACKAGE='"bash"' -DSHELL -DHAVE_CONFIG_H   -I.  -I. -I./include -I./lib    -g -O2 -Wno-parentheses -Wno-format-security -c unwind_prot.c
rm -f alias.o
make[1]: Entering directory '/tmp/tmp.1X7yllCmDL/bash-5.0/builtins'
rm -f mkbuiltins.o
rm -f xmalloc.o
gcc -c  -DHAVE_CONFIG_H -DSHELL  -I. -I..  -I.. -I../include -I../lib -I.    -g -O2  mkbuiltins.c
gcc  -DPROGRAM='"bash"' -DCONF_HOSTTYPE='"x86_64"' -DCONF_OSTYPE='"linux-gnu"' -DCONF_MACHTYPE='"x86_64-pc-linux-gnu"' -DCONF_VENDOR='"pc"' -DLOCALEDIR='"/usr/share/locale"' -DPACKAGE='"bash"' -DSHELL -DHAVE_CONFIG_H   -I.  -I. -I./include -I./lib    -g -O2 -Wno-parentheses -Wno-format-security -c alias.c
gcc  -DPROGRAM='"bash"' -DCONF_HOSTTYPE='"x86_64"' -DCONF_OSTYPE='"linux-gnu"' -DCONF_MACHTYPE='"x86_64-pc-linux-gnu"' -DCONF_VENDOR='"pc"' -DLOCALEDIR='"/usr/share/locale"' -DPACKAGE='"bash"' -DSHELL -DHAVE_CONFIG_H   -I.  -I. -I./include -I./lib    -g -O2 -Wno-parentheses -Wno-format-security -c xmalloc.c
make[1]: warning: -j8 forced in submake: resetting jobserver mode.
make[1]: Entering directory '/tmp/tmp.1X7yllCmDL/bash-5.0/support'
rm -f man2html.o
gcc -c  -DHAVE_CONFIG_H -DSHELL  -I/tmp/tmp.1X7yllCmDL/bash-5.0 -I..   -g -O2 man2html.c
rm -f shell.o
gcc  -DPROGRAM='"bash"' -DCONF_HOSTTYPE='"x86_64"' -DCONF_OSTYPE='"linux-gnu"' -DCONF_MACHTYPE='"x86_64-pc-linux-gnu"' -DCONF_VENDOR='"pc"' -DLOCALEDIR='"/usr/share/locale"' -DPACKAGE='"bash"' -DSHELL -DHAVE_CONFIG_H   -I.  -I. -I./include -I./lib    -g -O2 -Wno-parentheses -Wno-format-security -c shell.c
rm -f eval.o
rm -f general.o
gcc  -DPROGRAM='"bash"' -DCONF_HOSTTYPE='"x86_64"' -DCONF_OSTYPE='"linux-gnu"' -DCONF_MACHTYPE='"x86_64-pc-linux-gnu"' -DCONF_VENDOR='"pc"' -DLOCALEDIR='"/usr/share/locale"' -DPACKAGE='"bash"' -DSHELL -DHAVE_CONFIG_H   -I.  -I. -I./include -I./lib    -g -O2 -Wno-parentheses -Wno-format-security -c eval.c
gcc  -DPROGRAM='"bash"' -DCONF_HOSTTYPE='"x86_64"' -DCONF_OSTYPE='"linux-gnu"' -DCONF_MACHTYPE='"x86_64-pc-linux-gnu"' -DCONF_VENDOR='"pc"' -DLOCALEDIR='"/usr/share/locale"' -DPACKAGE='"bash"' -DSHELL -DHAVE_CONFIG_H   -I.  -I. -I./include -I./lib    -g -O2 -Wno-parentheses -Wno-format-security -c general.c
rm -f make_cmd.o
gcc  -DPROGRAM='"bash"' -DCONF_HOSTTYPE='"x86_64"' -DCONF_OSTYPE='"linux-gnu"' -DCONF_MACHTYPE='"x86_64-pc-linux-gnu"' -DCONF_VENDOR='"pc"' -DLOCALEDIR='"/usr/share/locale"' -DPACKAGE='"bash"' -DSHELL -DHAVE_CONFIG_H   -I.  -I. -I./include -I./lib    -g -O2 -Wno-parentheses -Wno-format-security -c make_cmd.c
rm -f print_cmd.o
gcc  -DPROGRAM='"bash"' -DCONF_HOSTTYPE='"x86_64"' -DCONF_OSTYPE='"linux-gnu"' -DCONF_MACHTYPE='"x86_64-pc-linux-gnu"' -DCONF_VENDOR='"pc"' -DLOCALEDIR='"/usr/share/locale"' -DPACKAGE='"bash"' -DSHELL -DHAVE_CONFIG_H   -I.  -I. -I./include -I./lib    -g -O2 -Wno-parentheses -Wno-format-security -c print_cmd.c
rm -f dispose_cmd.o
gcc  -DPROGRAM='"bash"' -DCONF_HOSTTYPE='"x86_64"' -DCONF_OSTYPE='"linux-gnu"' -DCONF_MACHTYPE='"x86_64-pc-linux-gnu"' -DCONF_VENDOR='"pc"' -DLOCALEDIR='"/usr/share/locale"' -DPACKAGE='"bash"' -DSHELL -DHAVE_CONFIG_H   -I.  -I. -I./include -I./lib    -g -O2 -Wno-parentheses -Wno-format-security -c dispose_cmd.c
rm -f copy_cmd.o
gcc  -DPROGRAM='"bash"' -DCONF_HOSTTYPE='"x86_64"' -DCONF_OSTYPE='"linux-gnu"' -DCONF_MACHTYPE='"x86_64-pc-linux-gnu"' -DCONF_VENDOR='"pc"' -DLOCALEDIR='"/usr/share/locale"' -DPACKAGE='"bash"' -DSHELL -DHAVE_CONFIG_H   -I.  -I. -I./include -I./lib    -g -O2 -Wno-parentheses -Wno-format-security -c copy_cmd.c
rm -f error.o
gcc  -DPROGRAM='"bash"' -DCONF_HOSTTYPE='"x86_64"' -DCONF_OSTYPE='"linux-gnu"' -DCONF_MACHTYPE='"x86_64-pc-linux-gnu"' -DCONF_VENDOR='"pc"' -DLOCALEDIR='"/usr/share/locale"' -DPACKAGE='"bash"' -DSHELL -DHAVE_CONFIG_H   -I.  -I. -I./include -I./lib    -g -O2 -Wno-parentheses -Wno-format-security -c error.c
rm -f expr.o
gcc  -DPROGRAM='"bash"' -DCONF_HOSTTYPE='"x86_64"' -DCONF_OSTYPE='"linux-gnu"' -DCONF_MACHTYPE='"x86_64-pc-linux-gnu"' -DCONF_VENDOR='"pc"' -DLOCALEDIR='"/usr/share/locale"' -DPACKAGE='"bash"' -DSHELL -DHAVE_CONFIG_H   -I.  -I. -I./include -I./lib    -g -O2 -Wno-parentheses -Wno-format-security -c expr.c
rm -f flags.o
gcc  -DPROGRAM='"bash"' -DCONF_HOSTTYPE='"x86_64"' -DCONF_OSTYPE='"linux-gnu"' -DCONF_MACHTYPE='"x86_64-pc-linux-gnu"' -DCONF_VENDOR='"pc"' -DLOCALEDIR='"/usr/share/locale"' -DPACKAGE='"bash"' -DSHELL -DHAVE_CONFIG_H   -I.  -I. -I./include -I./lib    -g -O2 -Wno-parentheses -Wno-format-security -c flags.c
rm -f hashcmd.o
gcc  -DPROGRAM='"bash"' -DCONF_HOSTTYPE='"x86_64"' -DCONF_OSTYPE='"linux-gnu"' -DCONF_MACHTYPE='"x86_64-pc-linux-gnu"' -DCONF_VENDOR='"pc"' -DLOCALEDIR='"/usr/share/locale"' -DPACKAGE='"bash"' -DSHELL -DHAVE_CONFIG_H   -I.  -I. -I./include -I./lib    -g -O2 -Wno-parentheses -Wno-format-security -c hashcmd.c
rm -f hashlib.o
gcc  -DPROGRAM='"bash"' -DCONF_HOSTTYPE='"x86_64"' -DCONF_OSTYPE='"linux-gnu"' -DCONF_MACHTYPE='"x86_64-pc-linux-gnu"' -DCONF_VENDOR='"pc"' -DLOCALEDIR='"/usr/share/locale"' -DPACKAGE='"bash"' -DSHELL -DHAVE_CONFIG_H   -I.  -I. -I./include -I./lib    -g -O2 -Wno-parentheses -Wno-format-security -c hashlib.c
rm -f mailcheck.o
gcc  -DPROGRAM='"bash"' -DCONF_HOSTTYPE='"x86_64"' -DCONF_OSTYPE='"linux-gnu"' -DCONF_MACHTYPE='"x86_64-pc-linux-gnu"' -DCONF_VENDOR='"pc"' -DLOCALEDIR='"/usr/share/locale"' -DPACKAGE='"bash"' -DSHELL -DHAVE_CONFIG_H   -I.  -I. -I./include -I./lib    -g -O2 -Wno-parentheses -Wno-format-security -c mailcheck.c
rm -f mksignames
gcc -DPROGRAM='"bash"' -DCONF_HOSTTYPE='"x86_64"' -DCONF_OSTYPE='"linux-gnu"' -DCONF_MACHTYPE='"x86_64-pc-linux-gnu"' -DCONF_VENDOR='"pc"' -DLOCALEDIR='"/usr/share/locale"' -DPACKAGE='"bash"' -DSHELL -DHAVE_CONFIG_H   -I.  -I. -I./include -I./lib   -g -O2   -rdynamic -g -O2 -Wno-parentheses -Wno-format-security   -rdynamic -g -O2  -o mksignames mksignames.o buildsignames.o 
rm -f input.o
gcc  -DPROGRAM='"bash"' -DCONF_HOSTTYPE='"x86_64"' -DCONF_OSTYPE='"linux-gnu"' -DCONF_MACHTYPE='"x86_64-pc-linux-gnu"' -DCONF_VENDOR='"pc"' -DLOCALEDIR='"/usr/share/locale"' -DPACKAGE='"bash"' -DSHELL -DHAVE_CONFIG_H   -I.  -I. -I./include -I./lib    -g -O2 -Wno-parentheses -Wno-format-security -c input.c
gcc -rdynamic -g -O2 -Wno-parentheses -Wno-format-security -rdynamic -g -O2  -o mkbuiltins mkbuiltins.o -ldl 
rm -f pathexp.o
gcc  -DPROGRAM='"bash"' -DCONF_HOSTTYPE='"x86_64"' -DCONF_OSTYPE='"linux-gnu"' -DCONF_MACHTYPE='"x86_64-pc-linux-gnu"' -DCONF_VENDOR='"pc"' -DLOCALEDIR='"/usr/share/locale"' -DPACKAGE='"bash"' -DSHELL -DHAVE_CONFIG_H   -I.  -I. -I./include -I./lib    -g -O2 -Wno-parentheses -Wno-format-security -c pathexp.c
./mkbuiltins -externfile builtext.h -structfile builtins.c \
    -noproduction -D .   ./alias.def ./bind.def ./break.def ./builtin.def ./caller.def ./cd.def ./colon.def ./command.def ./declare.def ./echo.def ./enable.def ./eval.def ./getopts.def ./exec.def ./exit.def ./fc.def ./fg_bg.def ./hash.def ./help.def ./history.def ./jobs.def ./kill.def ./let.def ./read.def ./return.def ./set.def ./setattr.def ./shift.def ./source.def ./suspend.def ./test.def ./times.def ./trap.def ./type.def ./ulimit.def ./umask.def ./wait.def ./reserved.def ./pushd.def ./shopt.def ./printf.def ./complete.def ./mapfile.def
make[1]: Leaving directory '/tmp/tmp.1X7yllCmDL/bash-5.0/builtins'
rm -f test.o
gcc  -DPROGRAM='"bash"' -DCONF_HOSTTYPE='"x86_64"' -DCONF_OSTYPE='"linux-gnu"' -DCONF_MACHTYPE='"x86_64-pc-linux-gnu"' -DCONF_VENDOR='"pc"' -DLOCALEDIR='"/usr/share/locale"' -DPACKAGE='"bash"' -DSHELL -DHAVE_CONFIG_H   -I.  -I. -I./include -I./lib    -g -O2 -Wno-parentheses -Wno-format-security -c test.c
rm -f array.o
gcc  -DPROGRAM='"bash"' -DCONF_HOSTTYPE='"x86_64"' -DCONF_OSTYPE='"linux-gnu"' -DCONF_MACHTYPE='"x86_64-pc-linux-gnu"' -DCONF_VENDOR='"pc"' -DLOCALEDIR='"/usr/share/locale"' -DPACKAGE='"bash"' -DSHELL -DHAVE_CONFIG_H   -I.  -I. -I./include -I./lib    -g -O2 -Wno-parentheses -Wno-format-security -c array.c
rm -f arrayfunc.o
gcc  -DPROGRAM='"bash"' -DCONF_HOSTTYPE='"x86_64"' -DCONF_OSTYPE='"linux-gnu"' -DCONF_MACHTYPE='"x86_64-pc-linux-gnu"' -DCONF_VENDOR='"pc"' -DLOCALEDIR='"/usr/share/locale"' -DPACKAGE='"bash"' -DSHELL -DHAVE_CONFIG_H   -I.  -I. -I./include -I./lib    -g -O2 -Wno-parentheses -Wno-format-security -c arrayfunc.c
rm -f assoc.o
gcc  -DPROGRAM='"bash"' -DCONF_HOSTTYPE='"x86_64"' -DCONF_OSTYPE='"linux-gnu"' -DCONF_MACHTYPE='"x86_64-pc-linux-gnu"' -DCONF_VENDOR='"pc"' -DLOCALEDIR='"/usr/share/locale"' -DPACKAGE='"bash"' -DSHELL -DHAVE_CONFIG_H   -I.  -I. -I./include -I./lib    -g -O2 -Wno-parentheses -Wno-format-security -c assoc.c
rm -f braces.o
gcc  -DPROGRAM='"bash"' -DCONF_HOSTTYPE='"x86_64"' -DCONF_OSTYPE='"linux-gnu"' -DCONF_MACHTYPE='"x86_64-pc-linux-gnu"' -DCONF_VENDOR='"pc"' -DLOCALEDIR='"/usr/share/locale"' -DPACKAGE='"bash"' -DSHELL -DHAVE_CONFIG_H   -I.  -I. -I./include -I./lib    -g -O2 -Wno-parentheses -Wno-format-security -c braces.c
rm -f bracecomp.o
gcc  -DPROGRAM='"bash"' -DCONF_HOSTTYPE='"x86_64"' -DCONF_OSTYPE='"linux-gnu"' -DCONF_MACHTYPE='"x86_64-pc-linux-gnu"' -DCONF_VENDOR='"pc"' -DLOCALEDIR='"/usr/share/locale"' -DPACKAGE='"bash"' -DSHELL -DHAVE_CONFIG_H   -I.  -I. -I./include -I./lib    -g -O2 -Wno-parentheses -Wno-format-security -c bracecomp.c
rm -f bashhist.o
gcc  -DPROGRAM='"bash"' -DCONF_HOSTTYPE='"x86_64"' -DCONF_OSTYPE='"linux-gnu"' -DCONF_MACHTYPE='"x86_64-pc-linux-gnu"' -DCONF_VENDOR='"pc"' -DLOCALEDIR='"/usr/share/locale"' -DPACKAGE='"bash"' -DSHELL -DHAVE_CONFIG_H   -I.  -I. -I./include -I./lib    -g -O2 -Wno-parentheses -Wno-format-security -c bashhist.c
rm -f bashline.o
gcc  -DPROGRAM='"bash"' -DCONF_HOSTTYPE='"x86_64"' -DCONF_OSTYPE='"linux-gnu"' -DCONF_MACHTYPE='"x86_64-pc-linux-gnu"' -DCONF_VENDOR='"pc"' -DLOCALEDIR='"/usr/share/locale"' -DPACKAGE='"bash"' -DSHELL -DHAVE_CONFIG_H   -I.  -I. -I./include -I./lib    -g -O2 -Wno-parentheses -Wno-format-security -c bashline.c
rm -f list.o
gcc  -DPROGRAM='"bash"' -DCONF_HOSTTYPE='"x86_64"' -DCONF_OSTYPE='"linux-gnu"' -DCONF_MACHTYPE='"x86_64-pc-linux-gnu"' -DCONF_VENDOR='"pc"' -DLOCALEDIR='"/usr/share/locale"' -DPACKAGE='"bash"' -DSHELL -DHAVE_CONFIG_H   -I.  -I. -I./include -I./lib    -g -O2 -Wno-parentheses -Wno-format-security -c list.c
rm -f stringlib.o
gcc  -DPROGRAM='"bash"' -DCONF_HOSTTYPE='"x86_64"' -DCONF_OSTYPE='"linux-gnu"' -DCONF_MACHTYPE='"x86_64-pc-linux-gnu"' -DCONF_VENDOR='"pc"' -DLOCALEDIR='"/usr/share/locale"' -DPACKAGE='"bash"' -DSHELL -DHAVE_CONFIG_H   -I.  -I. -I./include -I./lib    -g -O2 -Wno-parentheses -Wno-format-security -c stringlib.c
rm -f locale.o
gcc  -DPROGRAM='"bash"' -DCONF_HOSTTYPE='"x86_64"' -DCONF_OSTYPE='"linux-gnu"' -DCONF_MACHTYPE='"x86_64-pc-linux-gnu"' -DCONF_VENDOR='"pc"' -DLOCALEDIR='"/usr/share/locale"' -DPACKAGE='"bash"' -DSHELL -DHAVE_CONFIG_H   -I.  -I. -I./include -I./lib    -g -O2 -Wno-parentheses -Wno-format-security -c locale.c
rm -f findcmd.o
gcc  -DPROGRAM='"bash"' -DCONF_HOSTTYPE='"x86_64"' -DCONF_OSTYPE='"linux-gnu"' -DCONF_MACHTYPE='"x86_64-pc-linux-gnu"' -DCONF_VENDOR='"pc"' -DLOCALEDIR='"/usr/share/locale"' -DPACKAGE='"bash"' -DSHELL -DHAVE_CONFIG_H   -I.  -I. -I./include -I./lib    -g -O2 -Wno-parentheses -Wno-format-security -c findcmd.c
rm -f redir.o
gcc  -DPROGRAM='"bash"' -DCONF_HOSTTYPE='"x86_64"' -DCONF_OSTYPE='"linux-gnu"' -DCONF_MACHTYPE='"x86_64-pc-linux-gnu"' -DCONF_VENDOR='"pc"' -DLOCALEDIR='"/usr/share/locale"' -DPACKAGE='"bash"' -DSHELL -DHAVE_CONFIG_H   -I.  -I. -I./include -I./lib    -g -O2 -Wno-parentheses -Wno-format-security -c redir.c
rm -f pcomplete.o
gcc  -DPROGRAM='"bash"' -DCONF_HOSTTYPE='"x86_64"' -DCONF_OSTYPE='"linux-gnu"' -DCONF_MACHTYPE='"x86_64-pc-linux-gnu"' -DCONF_VENDOR='"pc"' -DLOCALEDIR='"/usr/share/locale"' -DPACKAGE='"bash"' -DSHELL -DHAVE_CONFIG_H   -I.  -I. -I./include -I./lib    -g -O2 -Wno-parentheses -Wno-format-security -c pcomplete.c
rm -f pcomplib.o
gcc  -DPROGRAM='"bash"' -DCONF_HOSTTYPE='"x86_64"' -DCONF_OSTYPE='"linux-gnu"' -DCONF_MACHTYPE='"x86_64-pc-linux-gnu"' -DCONF_VENDOR='"pc"' -DLOCALEDIR='"/usr/share/locale"' -DPACKAGE='"bash"' -DSHELL -DHAVE_CONFIG_H   -I.  -I. -I./include -I./lib    -g -O2 -Wno-parentheses -Wno-format-security -c pcomplib.c
rm -f syntax.c
./mksyntax -o syntax.c
rm -f execute_cmd.o
gcc  -DPROGRAM='"bash"' -DCONF_HOSTTYPE='"x86_64"' -DCONF_OSTYPE='"linux-gnu"' -DCONF_MACHTYPE='"x86_64-pc-linux-gnu"' -DCONF_VENDOR='"pc"' -DLOCALEDIR='"/usr/share/locale"' -DPACKAGE='"bash"' -DSHELL -DHAVE_CONFIG_H   -I.  -I. -I./include -I./lib    -g -O2 -Wno-parentheses -Wno-format-security -c execute_cmd.c
rm -f jobs.o
gcc  -DPROGRAM='"bash"' -DCONF_HOSTTYPE='"x86_64"' -DCONF_OSTYPE='"linux-gnu"' -DCONF_MACHTYPE='"x86_64-pc-linux-gnu"' -DCONF_VENDOR='"pc"' -DLOCALEDIR='"/usr/share/locale"' -DPACKAGE='"bash"' -DSHELL -DHAVE_CONFIG_H   -I.  -I. -I./include -I./lib    -g -O2 -Wno-parentheses -Wno-format-security -c jobs.c
rm -f subst.o
gcc  -DPROGRAM='"bash"' -DCONF_HOSTTYPE='"x86_64"' -DCONF_OSTYPE='"linux-gnu"' -DCONF_MACHTYPE='"x86_64-pc-linux-gnu"' -DCONF_VENDOR='"pc"' -DLOCALEDIR='"/usr/share/locale"' -DPACKAGE='"bash"' -DSHELL -DHAVE_CONFIG_H   -I.  -I. -I./include -I./lib    -g -O2 -Wno-parentheses -Wno-format-security -c subst.c
rm -f lsignames.h
./mksignames lsignames.h
rm -f sig.o
gcc  -DPROGRAM='"bash"' -DCONF_HOSTTYPE='"x86_64"' -DCONF_OSTYPE='"linux-gnu"' -DCONF_MACHTYPE='"x86_64-pc-linux-gnu"' -DCONF_VENDOR='"pc"' -DLOCALEDIR='"/usr/share/locale"' -DPACKAGE='"bash"' -DSHELL -DHAVE_CONFIG_H   -I.  -I. -I./include -I./lib    -g -O2 -Wno-parentheses -Wno-format-security -c sig.c
rm -f syntax.o
gcc  -DPROGRAM='"bash"' -DCONF_HOSTTYPE='"x86_64"' -DCONF_OSTYPE='"linux-gnu"' -DCONF_MACHTYPE='"x86_64-pc-linux-gnu"' -DCONF_VENDOR='"pc"' -DLOCALEDIR='"/usr/share/locale"' -DPACKAGE='"bash"' -DSHELL -DHAVE_CONFIG_H   -I.  -I. -I./include -I./lib    -g -O2 -Wno-parentheses -Wno-format-security -c syntax.c
/bin/sh ./support/mkversion.sh -b -S . -s release -d 5.0 -o newversion.h \
	&& mv newversion.h version.h
if cmp -s lsignames.h signames.h ; then :; else rm -f signames.h ; cp lsignames.h signames.h ; fi
rm -f version.o
gcc  -DPROGRAM='"bash"' -DCONF_HOSTTYPE='"x86_64"' -DCONF_OSTYPE='"linux-gnu"' -DCONF_MACHTYPE='"x86_64-pc-linux-gnu"' -DCONF_VENDOR='"pc"' -DLOCALEDIR='"/usr/share/locale"' -DPACKAGE='"bash"' -DSHELL -DHAVE_CONFIG_H   -I.  -I. -I./include -I./lib    -g -O2 -Wno-parentheses -Wno-format-security -c version.c
make[1]: warning: -j8 forced in submake: resetting jobserver mode.
make[1]: Entering directory '/tmp/tmp.1X7yllCmDL/bash-5.0/builtins'
rm -f builtins.o
gcc -DPROGRAM='"bash"' -DCONF_HOSTTYPE='"x86_64"' -DCONF_OSTYPE='"linux-gnu"' -DCONF_MACHTYPE='"x86_64-pc-linux-gnu"' -DCONF_VENDOR='"pc"' -DLOCALEDIR='"/usr/share/locale"' -DPACKAGE='"bash"' -DSHELL -DHAVE_CONFIG_H   -I.  -I. -I./include -I./lib   -g -O2  -DBUILDTOOL -c -o buildversion.o ./version.c
rm -f alias.o
gcc -c   -DHAVE_CONFIG_H -DSHELL  -I. -I..  -I.. -I../include -I../lib -I.    -g -O2 -Wno-parentheses -Wno-format-security builtins.c
./mkbuiltins -D . alias.def
rm -f bind.o
gcc -c   -DHAVE_CONFIG_H -DSHELL  -I. -I..  -I.. -I../include -I../lib -I.    -g -O2 -Wno-parentheses -Wno-format-security alias.c || ( rm -f alias.c ; exit 1 )
./mkbuiltins -D . bind.def
rm -f break.o
gcc -c   -DHAVE_CONFIG_H -DSHELL  -I. -I..  -I.. -I../include -I../lib -I.    -g -O2 -Wno-parentheses -Wno-format-security bind.c || ( rm -f bind.c ; exit 1 )
./mkbuiltins -D . break.def
rm -f builtin.o
rm -f variables.o
gcc -c   -DHAVE_CONFIG_H -DSHELL  -I. -I..  -I.. -I../include -I../lib -I.    -g -O2 -Wno-parentheses -Wno-format-security break.c || ( rm -f break.c ; exit 1 )
gcc  -DPROGRAM='"bash"' -DCONF_HOSTTYPE='"x86_64"' -DCONF_OSTYPE='"linux-gnu"' -DCONF_MACHTYPE='"x86_64-pc-linux-gnu"' -DCONF_VENDOR='"pc"' -DLOCALEDIR='"/usr/share/locale"' -DPACKAGE='"bash"' -DSHELL -DHAVE_CONFIG_H   -I.  -I. -I./include -I./lib    -g -O2 -Wno-parentheses -Wno-format-security -c variables.c
./mkbuiltins -D . builtin.def
rm -f caller.o
gcc -c   -DHAVE_CONFIG_H -DSHELL  -I. -I..  -I.. -I../include -I../lib -I.    -g -O2 -Wno-parentheses -Wno-format-security builtin.c || ( rm -f builtin.c ; exit 1 )
./mkbuiltins -D . caller.def
rm -f cd.o
gcc -c   -DHAVE_CONFIG_H -DSHELL  -I. -I..  -I.. -I../include -I../lib -I.    -g -O2 -Wno-parentheses -Wno-format-security caller.c || ( rm -f caller.c ; exit 1 )
./mkbuiltins -D . cd.def
rm -f colon.o
gcc -c   -DHAVE_CONFIG_H -DSHELL  -I. -I..  -I.. -I../include -I../lib -I.    -g -O2 -Wno-parentheses -Wno-format-security cd.c || ( rm -f cd.c ; exit 1 )
./mkbuiltins -D . colon.def
rm -f command.o
gcc -c   -DHAVE_CONFIG_H -DSHELL  -I. -I..  -I.. -I../include -I../lib -I.    -g -O2 -Wno-parentheses -Wno-format-security colon.c || ( rm -f colon.c ; exit 1 )
./mkbuiltins -D . command.def
gcc -c   -DHAVE_CONFIG_H -DSHELL  -I. -I..  -I.. -I../include -I../lib -I.    -g -O2 -Wno-parentheses -Wno-format-security command.c || ( rm -f command.c ; exit 1 )
rm -f trap.o
gcc  -DPROGRAM='"bash"' -DCONF_HOSTTYPE='"x86_64"' -DCONF_OSTYPE='"linux-gnu"' -DCONF_MACHTYPE='"x86_64-pc-linux-gnu"' -DCONF_VENDOR='"pc"' -DLOCALEDIR='"/usr/share/locale"' -DPACKAGE='"bash"' -DSHELL -DHAVE_CONFIG_H   -I.  -I. -I./include -I./lib    -g -O2 -Wno-parentheses -Wno-format-security -c trap.c
rm -f builtin.c
rm -f common.o
rm -f caller.c
rm -f colon.c
gcc -c   -DHAVE_CONFIG_H -DSHELL  -I. -I..  -I.. -I../include -I../lib -I.    -g -O2 -Wno-parentheses -Wno-format-security common.c
rm -f declare.o
rm -f echo.o
./mkbuiltins -D . declare.def
rm -f alias.c
./mkbuiltins -D . echo.def
gcc -c   -DHAVE_CONFIG_H -DSHELL  -I. -I..  -I.. -I../include -I../lib -I.    -g -O2 -Wno-parentheses -Wno-format-security declare.c || ( rm -f declare.c ; exit 1 )
gcc -c   -DHAVE_CONFIG_H -DSHELL  -I. -I..  -I.. -I../include -I../lib -I.    -g -O2 -Wno-parentheses -Wno-format-security echo.c || ( rm -f echo.c ; exit 1 )
rm -f enable.o
rm -f break.c
./mkbuiltins -D . enable.def
rm -f eval.o
gcc -c   -DHAVE_CONFIG_H -DSHELL  -I. -I..  -I.. -I../include -I../lib -I.    -g -O2 -Wno-parentheses -Wno-format-security enable.c || ( rm -f enable.c ; exit 1 )
./mkbuiltins -D . eval.def
rm -f bind.c
gcc -c   -DHAVE_CONFIG_H -DSHELL  -I. -I..  -I.. -I../include -I../lib -I.    -g -O2 -Wno-parentheses -Wno-format-security eval.c || ( rm -f eval.c ; exit 1 )
rm -f command.c
rm -f evalfile.o
rm -f evalstring.o
gcc -c   -DHAVE_CONFIG_H -DSHELL  -I. -I..  -I.. -I../include -I../lib -I.    -g -O2 -Wno-parentheses -Wno-format-security evalfile.c
gcc -c   -DHAVE_CONFIG_H -DSHELL  -I. -I..  -I.. -I../include -I../lib -I.    -g -O2 -Wno-parentheses -Wno-format-security evalstring.c
rm -f cd.c
rm -f exec.o
./mkbuiltins -D . exec.def
gcc -c   -DHAVE_CONFIG_H -DSHELL  -I. -I..  -I.. -I../include -I../lib -I.    -g -O2 -Wno-parentheses -Wno-format-security exec.c || ( rm -f exec.c ; exit 1 )
rm -f echo.c
rm -f exit.o
./mkbuiltins -D . exit.def
gcc -c   -DHAVE_CONFIG_H -DSHELL  -I. -I..  -I.. -I../include -I../lib -I.    -g -O2 -Wno-parentheses -Wno-format-security exit.c || ( rm -f exit.c ; exit 1 )
rm -f eval.c
rm -f fc.o
./mkbuiltins -D . fc.def
gcc -c   -DHAVE_CONFIG_H -DSHELL  -I. -I..  -I.. -I../include -I../lib -I.    -g -O2 -Wno-parentheses -Wno-format-security fc.c || ( rm -f fc.c ; exit 1 )
gcc -DPROGRAM='"bash"' -DCONF_HOSTTYPE='"x86_64"' -DCONF_OSTYPE='"linux-gnu"' -DCONF_MACHTYPE='"x86_64-pc-linux-gnu"' -DCONF_VENDOR='"pc"' -DLOCALEDIR='"/usr/share/locale"' -DPACKAGE='"bash"' -DSHELL -DHAVE_CONFIG_H   -I.  -I. -I./include -I./lib   -g -O2   -rdynamic -g -O2 -Wno-parentheses -Wno-format-security   -rdynamic -g -O2  -o bashversion ./support/bashversion.c buildversion.o 
rm -f exec.c
rm -f enable.c
rm -f fg_bg.o
rm -f hash.o
./mkbuiltins -D . fg_bg.def
./mkbuiltins -D . hash.def
gcc -c   -DHAVE_CONFIG_H -DSHELL  -I. -I..  -I.. -I../include -I../lib -I.    -g -O2 -Wno-parentheses -Wno-format-security fg_bg.c || ( rm -f fg_bg.c ; exit 1 )
gcc -c   -DHAVE_CONFIG_H -DSHELL  -I. -I..  -I.. -I../include -I../lib -I.    -g -O2 -Wno-parentheses -Wno-format-security hash.c || ( rm -f hash.c ; exit 1 )
rm -f exit.c

	  ***********************************************************
rm -f help.o
./mkbuiltins -D . help.def
	  *                                                         *
gcc -c   -DHAVE_CONFIG_H -DSHELL  -I. -I..  -I.. -I../include -I../lib -I.    -g -O2 -Wno-parentheses -Wno-format-security help.c || ( rm -f help.c ; exit 1 )
	  * GNU bash, version 5.0.11(1)-release (x86_64-pc-linux-gnu)
	  *                                                         *
rm -f fg_bg.c
	  ***********************************************************

rm -f history.o
./mkbuiltins -D . history.def
rm -f jobs.o
gcc -c   -DHAVE_CONFIG_H -DSHELL  -I. -I..  -I.. -I../include -I../lib -I.    -g -O2 -Wno-parentheses -Wno-format-security history.c || ( rm -f history.c ; exit 1 )
./mkbuiltins -D . jobs.def
making lib/glob/libglob.a in ./lib/glob
rm -f kill.o
gcc -c   -DHAVE_CONFIG_H -DSHELL  -I. -I..  -I.. -I../include -I../lib -I.    -g -O2 -Wno-parentheses -Wno-format-security jobs.c || ( rm -f jobs.c ; exit 1 )
./mkbuiltins -D . kill.def
make[1]: warning: -j8 forced in submake: resetting jobserver mode.
make[1]: Entering directory '/tmp/tmp.1X7yllCmDL/bash-5.0/lib/glob'
rm -f glob.o
rm -f strmatch.o
gcc -c   -DHAVE_CONFIG_H -DSHELL  -I. -I..  -I.. -I../include -I../lib -I.    -g -O2 -Wno-parentheses -Wno-format-security kill.c || ( rm -f kill.c ; exit 1 )
gcc -c  -DHAVE_CONFIG_H -DSHELL -I. -I../.. -I../.. -I../../include -I../../lib   -g -O2 -Wno-parentheses -Wno-format-security  glob.c
rm -f smatch.o
rm -f hash.c
rm -f let.o
gcc -c  -DHAVE_CONFIG_H -DSHELL -I. -I../.. -I../.. -I../../include -I../../lib   -g -O2 -Wno-parentheses -Wno-format-security  strmatch.c
gcc -c  -DHAVE_CONFIG_H -DSHELL -I. -I../.. -I../.. -I../../include -I../../lib   -g -O2 -Wno-parentheses -Wno-format-security  smatch.c
./mkbuiltins -D . let.def
rm -f xmbsrtowcs.o
gcc -c   -DHAVE_CONFIG_H -DSHELL  -I. -I..  -I.. -I../include -I../lib -I.    -g -O2 -Wno-parentheses -Wno-format-security let.c || ( rm -f let.c ; exit 1 )
rm -f gmisc.o
gcc -c  -DHAVE_CONFIG_H -DSHELL -I. -I../.. -I../.. -I../../include -I../../lib   -g -O2 -Wno-parentheses -Wno-format-security  xmbsrtowcs.c
gcc -c  -DHAVE_CONFIG_H -DSHELL -I. -I../.. -I../.. -I../../include -I../../lib   -g -O2 -Wno-parentheses -Wno-format-security  gmisc.c
rm -f mapfile.o
./mkbuiltins -D . mapfile.def
gcc -c   -DHAVE_CONFIG_H -DSHELL  -I. -I..  -I.. -I../include -I../lib -I.    -g -O2 -Wno-parentheses -Wno-format-security mapfile.c || ( rm -f mapfile.c ; exit 1 )
rm -f declare.c
rm -f pushd.o
./mkbuiltins -D . pushd.def
rm -f fc.c
gcc -c   -DHAVE_CONFIG_H -DSHELL  -I. -I..  -I.. -I../include -I../lib -I.    -g -O2 -Wno-parentheses -Wno-format-security pushd.c || ( rm -f pushd.c ; exit 1 )
rm -f read.o
./mkbuiltins -D . read.def
gcc -c   -DHAVE_CONFIG_H -DSHELL  -I. -I..  -I.. -I../include -I../lib -I.    -g -O2 -Wno-parentheses -Wno-format-security read.c || ( rm -f read.c ; exit 1 )
rm -f jobs.c
rm -f let.c
rm -f return.o
rm -f set.o
./mkbuiltins -D . return.def
./mkbuiltins -D . set.def
gcc -c   -DHAVE_CONFIG_H -DSHELL  -I. -I..  -I.. -I../include -I../lib -I.    -g -O2 -Wno-parentheses -Wno-format-security return.c || ( rm -f return.c ; exit 1 )
gcc -c   -DHAVE_CONFIG_H -DSHELL  -I. -I..  -I.. -I../include -I../lib -I.    -g -O2 -Wno-parentheses -Wno-format-security set.c || ( rm -f set.c ; exit 1 )
rm -f kill.c
rm -f mapfile.c
rm -f setattr.o
rm -f shift.o
./mkbuiltins -D . setattr.def
./mkbuiltins -D . shift.def
making lib/sh/libsh.a in ./lib/sh
gcc -c   -DHAVE_CONFIG_H -DSHELL  -I. -I..  -I.. -I../include -I../lib -I.    -g -O2 -Wno-parentheses -Wno-format-security setattr.c || ( rm -f setattr.c ; exit 1 )
gcc -c   -DHAVE_CONFIG_H -DSHELL  -I. -I..  -I.. -I../include -I../lib -I.    -g -O2 -Wno-parentheses -Wno-format-security shift.c || ( rm -f shift.c ; exit 1 )
make[1]: warning: -j8 forced in submake: resetting jobserver mode.
make[1]: Entering directory '/tmp/tmp.1X7yllCmDL/bash-5.0/lib/sh'
gcc -c   -I. -I../.. -I../.. -I../../lib -I../../include -I.  -DHAVE_CONFIG_H -DSHELL  -g -O2 -Wno-parentheses -Wno-format-security   clktck.c
gcc -c   -I. -I../.. -I../.. -I../../lib -I../../include -I.  -DHAVE_CONFIG_H -DSHELL  -g -O2 -Wno-parentheses -Wno-format-security   clock.c
gcc -c   -I. -I../.. -I../.. -I../../lib -I../../include -I.  -DHAVE_CONFIG_H -DSHELL  -g -O2 -Wno-parentheses -Wno-format-security   getenv.c
rm -f return.c
gcc -c   -I. -I../.. -I../.. -I../../lib -I../../include -I.  -DHAVE_CONFIG_H -DSHELL  -g -O2 -Wno-parentheses -Wno-format-security   oslib.c
rm -f source.o
gcc -c   -I. -I../.. -I../.. -I../../lib -I../../include -I.  -DHAVE_CONFIG_H -DSHELL  -g -O2 -Wno-parentheses -Wno-format-security   setlinebuf.c
./mkbuiltins -D . source.def
gcc -c   -I. -I../.. -I../.. -I../../lib -I../../include -I.  -DHAVE_CONFIG_H -DSHELL  -g -O2 -Wno-parentheses -Wno-format-security   strnlen.c
gcc -c   -DHAVE_CONFIG_H -DSHELL  -I. -I..  -I.. -I../include -I../lib -I.    -g -O2 -Wno-parentheses -Wno-format-security source.c || ( rm -f source.c ; exit 1 )
gcc -c   -I. -I../.. -I../.. -I../../lib -I../../include -I.  -DHAVE_CONFIG_H -DSHELL  -g -O2 -Wno-parentheses -Wno-format-security   itos.c
gcc -c   -I. -I../.. -I../.. -I../../lib -I../../include -I.  -DHAVE_CONFIG_H -DSHELL  -g -O2 -Wno-parentheses -Wno-format-security   zread.c
gcc -c   -I. -I../.. -I../.. -I../../lib -I../../include -I.  -DHAVE_CONFIG_H -DSHELL  -g -O2 -Wno-parentheses -Wno-format-security   zwrite.c
gcc -c   -I. -I../.. -I../.. -I../../lib -I../../include -I.  -DHAVE_CONFIG_H -DSHELL  -g -O2 -Wno-parentheses -Wno-format-security   shtty.c
gcc -c   -I. -I../.. -I../.. -I../../lib -I../../include -I.  -DHAVE_CONFIG_H -DSHELL  -g -O2 -Wno-parentheses -Wno-format-security   shmatch.c
gcc -c   -I. -I../.. -I../.. -I../../lib -I../../include -I.  -DHAVE_CONFIG_H -DSHELL  -g -O2 -Wno-parentheses -Wno-format-security   eaccess.c
gcc -c   -I. -I../.. -I../.. -I../../lib -I../../include -I.  -DHAVE_CONFIG_H -DSHELL  -g -O2 -Wno-parentheses -Wno-format-security   netconn.c
rm -f shift.c
rm -f suspend.o
./mkbuiltins -D . suspend.def
gcc -c   -DHAVE_CONFIG_H -DSHELL  -I. -I..  -I.. -I../include -I../lib -I.    -g -O2 -Wno-parentheses -Wno-format-security suspend.c || ( rm -f suspend.c ; exit 1 )
rm -f help.c
rm -f history.c
rm -f test.o
rm -f times.o
gcc -c   -I. -I../.. -I../.. -I../../lib -I../../include -I.  -DHAVE_CONFIG_H -DSHELL  -g -O2 -Wno-parentheses -Wno-format-security   netopen.c
./mkbuiltins -D . test.def
./mkbuiltins -D . times.def
gcc -c   -I. -I../.. -I../.. -I../../lib -I../../include -I.  -DHAVE_CONFIG_H -DSHELL  -g -O2 -Wno-parentheses -Wno-format-security   timeval.c
gcc -c   -I. -I../.. -I../.. -I../../lib -I../../include -I.  -DHAVE_CONFIG_H -DSHELL  -g -O2 -Wno-parentheses -Wno-format-security   makepath.c
gcc -c   -DHAVE_CONFIG_H -DSHELL  -I. -I..  -I.. -I../include -I../lib -I.    -g -O2 -Wno-parentheses -Wno-format-security test.c || ( rm -f test.c ; exit 1 )
gcc -c   -DHAVE_CONFIG_H -DSHELL  -I. -I..  -I.. -I../include -I../lib -I.    -g -O2 -Wno-parentheses -Wno-format-security times.c || ( rm -f times.c ; exit 1 )
rm -f suspend.c
rm -f trap.o
gcc -c   -I. -I../.. -I../.. -I../../lib -I../../include -I.  -DHAVE_CONFIG_H -DSHELL  -g -O2 -Wno-parentheses -Wno-format-security   pathcanon.c
./mkbuiltins -D . trap.def
gcc -c   -I. -I../.. -I../.. -I../../lib -I../../include -I.  -DHAVE_CONFIG_H -DSHELL  -g -O2 -Wno-parentheses -Wno-format-security   pathphys.c
gcc -c   -I. -I../.. -I../.. -I../../lib -I../../include -I.  -DHAVE_CONFIG_H -DSHELL  -g -O2 -Wno-parentheses -Wno-format-security   tmpfile.c
rm -f source.c
gcc -c   -DHAVE_CONFIG_H -DSHELL  -I. -I..  -I.. -I../include -I../lib -I.    -g -O2 -Wno-parentheses -Wno-format-security trap.c || ( rm -f trap.c ; exit 1 )
rm -f type.o
gcc -c   -I. -I../.. -I../.. -I../../lib -I../../include -I.  -DHAVE_CONFIG_H -DSHELL  -g -O2 -Wno-parentheses -Wno-format-security   stringlist.c
./mkbuiltins -D . type.def
rm -f read.c
gcc -c   -DHAVE_CONFIG_H -DSHELL  -I. -I..  -I.. -I../include -I../lib -I.    -g -O2 -Wno-parentheses -Wno-format-security type.c || ( rm -f type.c ; exit 1 )
gcc  -DHAVE_CONFIG_H -DSHELL  -I. -I..  -I.. -I../include -I../lib -I.    -g -O2  -rdynamic -g -O2 -Wno-parentheses -Wno-format-security -rdynamic -g -O2  -o psize.aux ./psize.c
gcc -c   -I. -I../.. -I../.. -I../../lib -I../../include -I.  -DHAVE_CONFIG_H -DSHELL  -g -O2 -Wno-parentheses -Wno-format-security   stringvec.c
gcc -c   -I. -I../.. -I../.. -I../../lib -I../../include -I.  -DHAVE_CONFIG_H -DSHELL  -g -O2 -Wno-parentheses -Wno-format-security   spell.c
rm -f times.c
gcc -c   -I. -I../.. -I../.. -I../../lib -I../../include -I.  -DHAVE_CONFIG_H -DSHELL  -g -O2 -Wno-parentheses -Wno-format-security   shquote.c
rm -f umask.o
./mkbuiltins -D . umask.def
gcc -c   -DHAVE_CONFIG_H -DSHELL  -I. -I..  -I.. -I../include -I../lib -I.    -g -O2 -Wno-parentheses -Wno-format-security umask.c || ( rm -f umask.c ; exit 1 )
gcc -c   -I. -I../.. -I../.. -I../../lib -I../../include -I.  -DHAVE_CONFIG_H -DSHELL  -g -O2 -Wno-parentheses -Wno-format-security   strtrans.c
rm -f test.c
rm -f wait.o
./mkbuiltins -D . wait.def
rm -f set.c
gcc -c   -DHAVE_CONFIG_H -DSHELL  -I. -I..  -I.. -I../include -I../lib -I.    -g -O2 -Wno-parentheses -Wno-format-security wait.c || ( rm -f wait.c ; exit 1 )
gcc -c   -I. -I../.. -I../.. -I../../lib -I../../include -I.  -DHAVE_CONFIG_H -DSHELL  -g -O2 -Wno-parentheses -Wno-format-security   snprintf.c
rm -f setattr.c
gcc -c   -I. -I../.. -I../.. -I../../lib -I../../include -I.  -DHAVE_CONFIG_H -DSHELL  -g -O2 -Wno-parentheses -Wno-format-security   mailstat.c
rm -f getopts.o
rm -f shopt.o
gcc -c   -I. -I../.. -I../.. -I../../lib -I../../include -I.  -DHAVE_CONFIG_H -DSHELL  -g -O2 -Wno-parentheses -Wno-format-security   fmtulong.c
./mkbuiltins -D . getopts.def
./mkbuiltins -D . shopt.def
gcc -c   -DHAVE_CONFIG_H -DSHELL  -I. -I..  -I.. -I../include -I../lib -I.    -g -O2 -Wno-parentheses -Wno-format-security getopts.c || ( rm -f getopts.c ; exit 1 )
gcc -c   -DHAVE_CONFIG_H -DSHELL  -I. -I..  -I.. -I../include -I../lib -I.    -g -O2 -Wno-parentheses -Wno-format-security shopt.c || ( rm -f shopt.c ; exit 1 )
gcc -c   -I. -I../.. -I../.. -I../../lib -I../../include -I.  -DHAVE_CONFIG_H -DSHELL  -g -O2 -Wno-parentheses -Wno-format-security   fmtullong.c
gcc  -DHAVE_CONFIG_H -DSHELL  -I/tmp/tmp.1X7yllCmDL/bash-5.0 -I..   -g -O2 man2html.o -o man2html -ldl 		
rm -f pushd.c
rm -f printf.o
./mkbuiltins -D . printf.def
gcc -c   -I. -I../.. -I../.. -I../../lib -I../../include -I.  -DHAVE_CONFIG_H -DSHELL  -g -O2 -Wno-parentheses -Wno-format-security   fmtumax.c
gcc -c   -DHAVE_CONFIG_H -DSHELL  -I. -I..  -I.. -I../include -I../lib -I.    -g -O2 -Wno-parentheses -Wno-format-security printf.c || ( rm -f printf.c ; exit 1 )
rm -f trap.c
rm -f getopt.o
gcc -c   -DHAVE_CONFIG_H -DSHELL  -I. -I..  -I.. -I../include -I../lib -I.    -g -O2 -Wno-parentheses -Wno-format-security getopt.c
rm -f type.c
gcc -c   -I. -I../.. -I../.. -I../../lib -I../../include -I.  -DHAVE_CONFIG_H -DSHELL  -g -O2 -Wno-parentheses -Wno-format-security   zcatfd.c
rm -f bashgetopt.o
rm -f complete.o
gcc -c   -DHAVE_CONFIG_H -DSHELL  -I. -I..  -I.. -I../include -I../lib -I.    -g -O2 -Wno-parentheses -Wno-format-security bashgetopt.c
make[1]: Leaving directory '/tmp/tmp.1X7yllCmDL/bash-5.0/support'
./mkbuiltins -D . complete.def
making lib/tilde/libtilde.a in ./lib/tilde
make[1]: warning: -j8 forced in submake: resetting jobserver mode.
make[1]: Entering directory '/tmp/tmp.1X7yllCmDL/bash-5.0/lib/tilde'
gcc -c   -DHAVE_CONFIG_H -DSHELL  -I. -I../.. -I../.. -I../../include -I../../lib  -g -O2 -Wno-parentheses -Wno-format-security tilde.c
gcc -c   -DHAVE_CONFIG_H -DSHELL  -I. -I..  -I.. -I../include -I../lib -I.    -g -O2 -Wno-parentheses -Wno-format-security complete.c || ( rm -f complete.c ; exit 1 )
rm -f wait.c
gcc -c   -I. -I../.. -I../.. -I../../lib -I../../include -I.  -DHAVE_CONFIG_H -DSHELL  -g -O2 -Wno-parentheses -Wno-format-security   zmapfd.c
/bin/sh ./psize.sh > pipesize.h
gcc -c   -I. -I../.. -I../.. -I../../lib -I../../include -I.  -DHAVE_CONFIG_H -DSHELL  -g -O2 -Wno-parentheses -Wno-format-security   winsize.c
rm -f umask.c
gcc -c   -I. -I../.. -I../.. -I../../lib -I../../include -I.  -DHAVE_CONFIG_H -DSHELL  -g -O2 -Wno-parentheses -Wno-format-security   wcsdup.c
gcc -c   -I. -I../.. -I../.. -I../../lib -I../../include -I.  -DHAVE_CONFIG_H -DSHELL  -g -O2 -Wno-parentheses -Wno-format-security   fpurge.c
gcc -c   -I. -I../.. -I../.. -I../../lib -I../../include -I.  -DHAVE_CONFIG_H -DSHELL  -g -O2 -Wno-parentheses -Wno-format-security   zgetline.c
rm -f libtilde.a
gcc -c   -I. -I../.. -I../.. -I../../lib -I../../include -I.  -DHAVE_CONFIG_H -DSHELL  -g -O2 -Wno-parentheses -Wno-format-security   mbscmp.c
ar cr libtilde.a tilde.o
gcc -c   -I. -I../.. -I../.. -I../../lib -I../../include -I.  -DHAVE_CONFIG_H -DSHELL  -g -O2 -Wno-parentheses -Wno-format-security   uconvert.c
test -n "ranlib" && ranlib libtilde.a
make[1]: Leaving directory '/tmp/tmp.1X7yllCmDL/bash-5.0/lib/tilde'
gcc -c   -I. -I../.. -I../.. -I../../lib -I../../include -I.  -DHAVE_CONFIG_H -DSHELL  -g -O2 -Wno-parentheses -Wno-format-security   ufuncs.c
gcc -c   -I. -I../.. -I../.. -I../../lib -I../../include -I.  -DHAVE_CONFIG_H -DSHELL  -g -O2 -Wno-parentheses -Wno-format-security   casemod.c
gcc -c   -I. -I../.. -I../.. -I../../lib -I../../include -I.  -DHAVE_CONFIG_H -DSHELL  -g -O2 -Wno-parentheses -Wno-format-security   input_avail.c
rm -f getopts.c
gcc -c   -I. -I../.. -I../.. -I../../lib -I../../include -I.  -DHAVE_CONFIG_H -DSHELL  -g -O2 -Wno-parentheses -Wno-format-security   mbscasecmp.c
gcc -c   -I. -I../.. -I../.. -I../../lib -I../../include -I.  -DHAVE_CONFIG_H -DSHELL  -g -O2 -Wno-parentheses -Wno-format-security   fnxform.c
gcc -c   -I. -I../.. -I../.. -I../../lib -I../../include -I.  -DHAVE_CONFIG_H -DSHELL  -g -O2 -Wno-parentheses -Wno-format-security   unicode.c
gcc -c   -I. -I../.. -I../.. -I../../lib -I../../include -I.  -DHAVE_CONFIG_H -DSHELL  -g -O2 -Wno-parentheses -Wno-format-security   shmbchar.c
gcc -c   -I. -I../.. -I../.. -I../../lib -I../../include -I.  -DHAVE_CONFIG_H -DSHELL  -g -O2 -Wno-parentheses -Wno-format-security   utf8.c
gcc -c   -I. -I../.. -I../.. -I../../lib -I../../include -I.  -DHAVE_CONFIG_H -DSHELL  -g -O2 -Wno-parentheses -Wno-format-security   wcsnwidth.c
gcc -c   -I. -I../.. -I../.. -I../../lib -I../../include -I.  -DHAVE_CONFIG_H -DSHELL  -g -O2 -Wno-parentheses -Wno-format-security   mbschr.c
rm -f -f libglob.a
ar cr libglob.a glob.o strmatch.o smatch.o xmbsrtowcs.o gmisc.o
test -n "ranlib" && ranlib libglob.a
make[1]: Leaving directory '/tmp/tmp.1X7yllCmDL/bash-5.0/lib/glob'
rm -f complete.c
rm -f shopt.c
rm -f libsh.a
ar cr libsh.a clktck.o clock.o getenv.o oslib.o setlinebuf.o strnlen.o itos.o zread.o zwrite.o shtty.o shmatch.o eaccess.o netconn.o netopen.o timeval.o makepath.o pathcanon.o pathphys.o tmpfile.o stringlist.o stringvec.o spell.o shquote.o strtrans.o snprintf.o mailstat.o fmtulong.o fmtullong.o fmtumax.o zcatfd.o zmapfd.o winsize.o wcsdup.o fpurge.o zgetline.o mbscmp.o uconvert.o ufuncs.o casemod.o input_avail.o mbscasecmp.o fnxform.o unicode.o shmbchar.o utf8.o wcsnwidth.o mbschr.o
test -n "ranlib" && ranlib libsh.a
make[1]: Leaving directory '/tmp/tmp.1X7yllCmDL/bash-5.0/lib/sh'
rm -f printf.c
rm -f y.tab.o
gcc  -DPROGRAM='"bash"' -DCONF_HOSTTYPE='"x86_64"' -DCONF_OSTYPE='"linux-gnu"' -DCONF_MACHTYPE='"x86_64-pc-linux-gnu"' -DCONF_VENDOR='"pc"' -DLOCALEDIR='"/usr/share/locale"' -DPACKAGE='"bash"' -DSHELL -DHAVE_CONFIG_H   -I.  -I. -I./include -I./lib    -g -O2 -Wno-parentheses -Wno-format-security -c y.tab.c
rm -f ulimit.o
./mkbuiltins -D . ulimit.def
gcc -c   -DHAVE_CONFIG_H -DSHELL  -I. -I..  -I.. -I../include -I../lib -I.    -g -O2 -Wno-parentheses -Wno-format-security ulimit.c || ( rm -f ulimit.c ; exit 1 )
rm -f ulimit.c
rm -f libbuiltins.a
ar cr libbuiltins.a builtins.o alias.o bind.o break.o builtin.o caller.o cd.o colon.o command.o common.o declare.o echo.o enable.o eval.o evalfile.o evalstring.o exec.o exit.o fc.o fg_bg.o hash.o help.o history.o jobs.o kill.o let.o mapfile.o pushd.o read.o return.o set.o setattr.o shift.o source.o suspend.o test.o times.o trap.o type.o ulimit.o umask.o wait.o getopts.o shopt.o printf.o getopt.o bashgetopt.o complete.o
ranlib libbuiltins.a
make[1]: Leaving directory '/tmp/tmp.1X7yllCmDL/bash-5.0/builtins'
rm -f bash
gcc -L./builtins -L/usr/lib -L/usr/lib -L./lib/glob -L./lib/tilde  -L./lib/sh  -rdynamic -g -O2 -Wno-parentheses -Wno-format-security   -o bash shell.o eval.o y.tab.o general.o make_cmd.o print_cmd.o  dispose_cmd.o execute_cmd.o variables.o copy_cmd.o error.o expr.o flags.o jobs.o subst.o hashcmd.o hashlib.o mailcheck.o trap.o input.o unwind_prot.o pathexp.o sig.o test.o version.o alias.o array.o arrayfunc.o assoc.o braces.o bracecomp.o bashhist.o bashline.o  list.o stringlib.o locale.o findcmd.o redir.o pcomplete.o pcomplib.o syntax.o xmalloc.o  -lbuiltins -lglob -lsh -lreadline -lhistory -lcurses -ltilde     -ldl 
/usr/bin/ld: ./lib/sh/libsh.a(tmpfile.o): in function `sh_mktmpname':
/tmp/tmp.1X7yllCmDL/bash-5.0/lib/sh/tmpfile.c:152: warning: the use of `mktemp' is dangerous, better use `mkstemp' or `mkdtemp'
ls -l bash
-rwxr-xr-x 1 root root 3786952 Dec  9 00:39 bash
size bash
   text	   data	    bss	    dec	    hex	filename
 866879	  15832	  55832	 938543	  e522f	bash

	  ***********************************************************
	  *                                                         *
	  * GNU bash, version 5.0.11(1)-release (x86_64-pc-linux-gnu)
	  *                                                         *
mkdir -p -- /usr/share/doc/bash-5.0
	  ***********************************************************
( cd ./po/ ; make -j8 --jobserver-auth=3,4 DESTDIR= installdirs )

make[1]: warning: -j8 forced in submake: resetting jobserver mode.
make[1]: Entering directory '/tmp/tmp.1X7yllCmDL/bash-5.0/po'
/bin/sh /tmp/tmp.1X7yllCmDL/bash-5.0/./support/mkinstalldirs /usr/share
if test "bash" = "gettext-tools"; then \
  /bin/sh /tmp/tmp.1X7yllCmDL/bash-5.0/./support/mkinstalldirs /usr/share/gettext/po; \
else \
  : ; \
fi
make[1]: Leaving directory '/tmp/tmp.1X7yllCmDL/bash-5.0/po'
/usr/bin/install -c -m 0755 bash /usr/bin/bash
/usr/bin/install -c -m 0555 bashbug /usr/bin/bashbug
/usr/bin/install -c -m 644 ./CHANGES ./COMPAT ./NEWS ./POSIX ./RBASH ./README /usr/share/doc/bash-5.0
( cd ./doc ; make -j8 --jobserver-auth=3,4 \
	man1dir=/usr/share/man/man1 man1ext=.1 \
	man3dir=/usr/share/man/man3 man3ext=.3 \
	infodir=/usr/share/info htmldir=/usr/share/doc/bash-5.0 DESTDIR= install )
make[1]: warning: -j8 forced in submake: resetting jobserver mode.
make[1]: Entering directory '/tmp/tmp.1X7yllCmDL/bash-5.0/doc'
/bin/sh ../support/mkinstalldirs /usr/share/man/man1
/bin/sh ../support/mkinstalldirs /usr/share/info
/bin/sh ../support/mkinstalldirs /usr/share/doc/bash-5.0
if test -n "/usr/share/doc/bash-5.0" ; then \
	/bin/sh ../support/mkinstalldirs /usr/share/doc/bash-5.0 ; \
fi
/usr/bin/install -c -m 644 ./bash.1 /usr/share/man/man1/bash.1
/usr/bin/install -c -m 644 ./bashbug.1 /usr/share/man/man1/bashbug.1
/usr/bin/install -c -m 644 ./FAQ ./INTRO /usr/share/doc/bash-5.0
if test -f bash.info; then d=.; else d=.; fi; \
  /usr/bin/install -c -m 644 $d/bash.info /usr/share/info/bash.info
if /bin/sh -c 'install-info --version' >/dev/null 2>&1; then \
	install-info --dir-file=/usr/share/info/dir /usr/share/info/bash.info; \
else true; fi
if test -n "/usr/share/doc/bash-5.0" ; then \
	/usr/bin/install -c -m 644 ./bash.html /usr/share/doc/bash-5.0 ; \
	/usr/bin/install -c -m 644 ./bashref.html /usr/share/doc/bash-5.0 ; \
fi
make[1]: Leaving directory '/tmp/tmp.1X7yllCmDL/bash-5.0/doc'
( cd ./builtins ; make -j8 --jobserver-auth=3,4 DESTDIR= install )
make[1]: warning: -j8 forced in submake: resetting jobserver mode.
make[1]: Entering directory '/tmp/tmp.1X7yllCmDL/bash-5.0/builtins'
make[1]: Nothing to be done for 'install'.
make[1]: Leaving directory '/tmp/tmp.1X7yllCmDL/bash-5.0/builtins'
( cd ./po/ ; make -j8 --jobserver-auth=3,4 DESTDIR= install )
make[1]: warning: -j8 forced in submake: resetting jobserver mode.
make[1]: Entering directory '/tmp/tmp.1X7yllCmDL/bash-5.0/po'
test -z "en@quot.gmo en@boldquot.gmo af.gmo bg.gmo ca.gmo cs.gmo da.gmo de.gmo el.gmo eo.gmo es.gmo et.gmo fi.gmo fr.gmo ga.gmo gl.gmo hr.gmo hu.gmo id.gmo it.gmo ja.gmo lt.gmo nb.gmo nl.gmo pl.gmo pt.gmo pt_BR.gmo ro.gmo ru.gmo sk.gmo sl.gmo sr.gmo sv.gmo tr.gmo uk.gmo vi.gmo zh_CN.gmo zh_TW.gmo" || make en@quot.gmo en@boldquot.gmo af.gmo bg.gmo ca.gmo cs.gmo da.gmo de.gmo el.gmo eo.gmo es.gmo et.gmo fi.gmo fr.gmo ga.gmo gl.gmo hr.gmo hu.gmo id.gmo it.gmo ja.gmo lt.gmo nb.gmo nl.gmo pl.gmo pt.gmo pt_BR.gmo ro.gmo ru.gmo sk.gmo sl.gmo sr.gmo sv.gmo tr.gmo uk.gmo vi.gmo zh_CN.gmo zh_TW.gmo
make[2]: Entering directory '/tmp/tmp.1X7yllCmDL/bash-5.0/po'
make[2]: 'en@quot.gmo' is up to date.
make[2]: 'en@boldquot.gmo' is up to date.
make[2]: 'af.gmo' is up to date.
make[2]: 'bg.gmo' is up to date.
make[2]: 'ca.gmo' is up to date.
make[2]: 'cs.gmo' is up to date.
make[2]: 'da.gmo' is up to date.
make[2]: 'de.gmo' is up to date.
make[2]: 'el.gmo' is up to date.
make[2]: 'eo.gmo' is up to date.
make[2]: 'es.gmo' is up to date.
make[2]: 'et.gmo' is up to date.
make[2]: 'fi.gmo' is up to date.
make[2]: 'fr.gmo' is up to date.
make[2]: 'ga.gmo' is up to date.
make[2]: 'gl.gmo' is up to date.
make[2]: 'hr.gmo' is up to date.
make[2]: 'hu.gmo' is up to date.
make[2]: 'id.gmo' is up to date.
make[2]: 'it.gmo' is up to date.
make[2]: 'ja.gmo' is up to date.
make[2]: 'lt.gmo' is up to date.
make[2]: 'nb.gmo' is up to date.
make[2]: 'nl.gmo' is up to date.
make[2]: 'pl.gmo' is up to date.
make[2]: 'pt.gmo' is up to date.
make[2]: 'pt_BR.gmo' is up to date.
make[2]: 'ro.gmo' is up to date.
make[2]: 'ru.gmo' is up to date.
make[2]: 'sk.gmo' is up to date.
make[2]: 'sl.gmo' is up to date.
make[2]: 'sr.gmo' is up to date.
make[2]: 'sv.gmo' is up to date.
make[2]: 'tr.gmo' is up to date.
make[2]: 'uk.gmo' is up to date.
make[2]: 'vi.gmo' is up to date.
make[2]: 'zh_CN.gmo' is up to date.
make[2]: 'zh_TW.gmo' is up to date.
make[2]: Leaving directory '/tmp/tmp.1X7yllCmDL/bash-5.0/po'
touch stamp-po
/bin/sh /tmp/tmp.1X7yllCmDL/bash-5.0/./support/mkinstalldirs /usr/share
installing en@quot.gmo as /usr/share/locale/en@quot/LC_MESSAGES/bash.mo
installing en@boldquot.gmo as /usr/share/locale/en@boldquot/LC_MESSAGES/bash.mo
installing af.gmo as /usr/share/locale/af/LC_MESSAGES/bash.mo
installing bg.gmo as /usr/share/locale/bg/LC_MESSAGES/bash.mo
installing ca.gmo as /usr/share/locale/ca/LC_MESSAGES/bash.mo
installing cs.gmo as /usr/share/locale/cs/LC_MESSAGES/bash.mo
installing da.gmo as /usr/share/locale/da/LC_MESSAGES/bash.mo
installing de.gmo as /usr/share/locale/de/LC_MESSAGES/bash.mo
installing el.gmo as /usr/share/locale/el/LC_MESSAGES/bash.mo
installing eo.gmo as /usr/share/locale/eo/LC_MESSAGES/bash.mo
installing es.gmo as /usr/share/locale/es/LC_MESSAGES/bash.mo
installing et.gmo as /usr/share/locale/et/LC_MESSAGES/bash.mo
installing fi.gmo as /usr/share/locale/fi/LC_MESSAGES/bash.mo
installing fr.gmo as /usr/share/locale/fr/LC_MESSAGES/bash.mo
installing ga.gmo as /usr/share/locale/ga/LC_MESSAGES/bash.mo
installing gl.gmo as /usr/share/locale/gl/LC_MESSAGES/bash.mo
installing hr.gmo as /usr/share/locale/hr/LC_MESSAGES/bash.mo
installing hu.gmo as /usr/share/locale/hu/LC_MESSAGES/bash.mo
installing id.gmo as /usr/share/locale/id/LC_MESSAGES/bash.mo
installing it.gmo as /usr/share/locale/it/LC_MESSAGES/bash.mo
installing ja.gmo as /usr/share/locale/ja/LC_MESSAGES/bash.mo
installing lt.gmo as /usr/share/locale/lt/LC_MESSAGES/bash.mo
installing nb.gmo as /usr/share/locale/nb/LC_MESSAGES/bash.mo
installing nl.gmo as /usr/share/locale/nl/LC_MESSAGES/bash.mo
installing pl.gmo as /usr/share/locale/pl/LC_MESSAGES/bash.mo
installing pt.gmo as /usr/share/locale/pt/LC_MESSAGES/bash.mo
installing pt_BR.gmo as /usr/share/locale/pt_BR/LC_MESSAGES/bash.mo
installing ro.gmo as /usr/share/locale/ro/LC_MESSAGES/bash.mo
installing ru.gmo as /usr/share/locale/ru/LC_MESSAGES/bash.mo
installing sk.gmo as /usr/share/locale/sk/LC_MESSAGES/bash.mo
installing sl.gmo as /usr/share/locale/sl/LC_MESSAGES/bash.mo
installing sr.gmo as /usr/share/locale/sr/LC_MESSAGES/bash.mo
installing sv.gmo as /usr/share/locale/sv/LC_MESSAGES/bash.mo
installing tr.gmo as /usr/share/locale/tr/LC_MESSAGES/bash.mo
installing uk.gmo as /usr/share/locale/uk/LC_MESSAGES/bash.mo
installing vi.gmo as /usr/share/locale/vi/LC_MESSAGES/bash.mo
installing zh_CN.gmo as /usr/share/locale/zh_CN/LC_MESSAGES/bash.mo
installing zh_TW.gmo as /usr/share/locale/zh_TW/LC_MESSAGES/bash.mo
if test "bash" = "gettext-tools"; then \
  /bin/sh /tmp/tmp.1X7yllCmDL/bash-5.0/./support/mkinstalldirs /usr/share/gettext/po; \
  for file in Makefile.in.in remove-potcdate.sin quot.sed boldquot.sed en@quot.header en@boldquot.header insert-header.sin Rules-quot   Makevars.template; do \
    /usr/bin/install -c -m 644 ./$file \
		    /usr/share/gettext/po/$file; \
  done; \
  for file in Makevars; do \
    rm -f /usr/share/gettext/po/$file; \
  done; \
else \
  : ; \
fi
make[1]: Leaving directory '/tmp/tmp.1X7yllCmDL/bash-5.0/po'
( cd /tmp/tmp.1X7yllCmDL/bash-5.0/examples/loadables && make -j8 --jobserver-auth=3,4 DESTDIR= install )
make[1]: warning: -j8 forced in submake: resetting jobserver mode.
make[1]: Entering directory '/tmp/tmp.1X7yllCmDL/bash-5.0/examples/loadables'
gcc -fPIC -DHAVE_CONFIG_H -DSHELL  -g -O2 -Wno-parentheses -Wno-format-security -I. -I.. -I../.. -I../../lib -I../../builtins -I. -I../../include -I/tmp/tmp.1X7yllCmDL/bash-5.0 -I/tmp/tmp.1X7yllCmDL/bash-5.0/lib -I/tmp/tmp.1X7yllCmDL/bash-5.0/builtins  -c -o print.o print.c
gcc -fPIC -DHAVE_CONFIG_H -DSHELL  -g -O2 -Wno-parentheses -Wno-format-security -I. -I.. -I../.. -I../../lib -I../../builtins -I. -I../../include -I/tmp/tmp.1X7yllCmDL/bash-5.0 -I/tmp/tmp.1X7yllCmDL/bash-5.0/lib -I/tmp/tmp.1X7yllCmDL/bash-5.0/builtins  -c -o truefalse.o truefalse.c
gcc -fPIC -DHAVE_CONFIG_H -DSHELL  -g -O2 -Wno-parentheses -Wno-format-security -I. -I.. -I../.. -I../../lib -I../../builtins -I. -I../../include -I/tmp/tmp.1X7yllCmDL/bash-5.0 -I/tmp/tmp.1X7yllCmDL/bash-5.0/lib -I/tmp/tmp.1X7yllCmDL/bash-5.0/builtins  -c -o sleep.o sleep.c
gcc -fPIC -DHAVE_CONFIG_H -DSHELL  -g -O2 -Wno-parentheses -Wno-format-security -I. -I.. -I../.. -I../../lib -I../../builtins -I. -I../../include -I/tmp/tmp.1X7yllCmDL/bash-5.0 -I/tmp/tmp.1X7yllCmDL/bash-5.0/lib -I/tmp/tmp.1X7yllCmDL/bash-5.0/builtins  -c -o finfo.o finfo.c
gcc -fPIC -DHAVE_CONFIG_H -DSHELL  -g -O2 -Wno-parentheses -Wno-format-security -I. -I.. -I../.. -I../../lib -I../../builtins -I. -I../../include -I/tmp/tmp.1X7yllCmDL/bash-5.0 -I/tmp/tmp.1X7yllCmDL/bash-5.0/lib -I/tmp/tmp.1X7yllCmDL/bash-5.0/builtins  -c -o logname.o logname.c
gcc -fPIC -DHAVE_CONFIG_H -DSHELL  -g -O2 -Wno-parentheses -Wno-format-security -I. -I.. -I../.. -I../../lib -I../../builtins -I. -I../../include -I/tmp/tmp.1X7yllCmDL/bash-5.0 -I/tmp/tmp.1X7yllCmDL/bash-5.0/lib -I/tmp/tmp.1X7yllCmDL/bash-5.0/builtins  -c -o basename.o basename.c
gcc -fPIC -DHAVE_CONFIG_H -DSHELL  -g -O2 -Wno-parentheses -Wno-format-security -I. -I.. -I../.. -I../../lib -I../../builtins -I. -I../../include -I/tmp/tmp.1X7yllCmDL/bash-5.0 -I/tmp/tmp.1X7yllCmDL/bash-5.0/lib -I/tmp/tmp.1X7yllCmDL/bash-5.0/builtins  -c -o dirname.o dirname.c
gcc -fPIC -DHAVE_CONFIG_H -DSHELL  -g -O2 -Wno-parentheses -Wno-format-security -I. -I.. -I../.. -I../../lib -I../../builtins -I. -I../../include -I/tmp/tmp.1X7yllCmDL/bash-5.0 -I/tmp/tmp.1X7yllCmDL/bash-5.0/lib -I/tmp/tmp.1X7yllCmDL/bash-5.0/builtins  -c -o fdflags.o fdflags.c
finfo.c: In function 'printst':
finfo.c:277:7: warning: implicit declaration of function 'major' [-Wimplicit-function-declaration]
  277 |  ma = major (st->st_rdev);
      |       ^~~~~
finfo.c:278:7: warning: implicit declaration of function 'minor' [-Wimplicit-function-declaration]
  278 |  mi = minor (st->st_rdev);
      |       ^~~~~
gcc -fPIC -DHAVE_CONFIG_H -DSHELL  -g -O2 -Wno-parentheses -Wno-format-security -I. -I.. -I../.. -I../../lib -I../../builtins -I. -I../../include -I/tmp/tmp.1X7yllCmDL/bash-5.0 -I/tmp/tmp.1X7yllCmDL/bash-5.0/lib -I/tmp/tmp.1X7yllCmDL/bash-5.0/builtins  -c -o tty.o tty.c
gcc -fPIC -DHAVE_CONFIG_H -DSHELL  -g -O2 -Wno-parentheses -Wno-format-security -I. -I.. -I../.. -I../../lib -I../../builtins -I. -I../../include -I/tmp/tmp.1X7yllCmDL/bash-5.0 -I/tmp/tmp.1X7yllCmDL/bash-5.0/lib -I/tmp/tmp.1X7yllCmDL/bash-5.0/builtins  -c -o pathchk.o pathchk.c
gcc -fPIC -DHAVE_CONFIG_H -DSHELL  -g -O2 -Wno-parentheses -Wno-format-security -I. -I.. -I../.. -I../../lib -I../../builtins -I. -I../../include -I/tmp/tmp.1X7yllCmDL/bash-5.0 -I/tmp/tmp.1X7yllCmDL/bash-5.0/lib -I/tmp/tmp.1X7yllCmDL/bash-5.0/builtins  -c -o tee.o tee.c
gcc -fPIC -DHAVE_CONFIG_H -DSHELL  -g -O2 -Wno-parentheses -Wno-format-security -I. -I.. -I../.. -I../../lib -I../../builtins -I. -I../../include -I/tmp/tmp.1X7yllCmDL/bash-5.0 -I/tmp/tmp.1X7yllCmDL/bash-5.0/lib -I/tmp/tmp.1X7yllCmDL/bash-5.0/builtins  -c -o head.o head.c
gcc -fPIC -DHAVE_CONFIG_H -DSHELL  -g -O2 -Wno-parentheses -Wno-format-security -I. -I.. -I../.. -I../../lib -I../../builtins -I. -I../../include -I/tmp/tmp.1X7yllCmDL/bash-5.0 -I/tmp/tmp.1X7yllCmDL/bash-5.0/lib -I/tmp/tmp.1X7yllCmDL/bash-5.0/builtins  -c -o mkdir.o mkdir.c
gcc -fPIC -DHAVE_CONFIG_H -DSHELL  -g -O2 -Wno-parentheses -Wno-format-security -I. -I.. -I../.. -I../../lib -I../../builtins -I. -I../../include -I/tmp/tmp.1X7yllCmDL/bash-5.0 -I/tmp/tmp.1X7yllCmDL/bash-5.0/lib -I/tmp/tmp.1X7yllCmDL/bash-5.0/builtins  -c -o rmdir.o rmdir.c
gcc -fPIC -DHAVE_CONFIG_H -DSHELL  -g -O2 -Wno-parentheses -Wno-format-security -I. -I.. -I../.. -I../../lib -I../../builtins -I. -I../../include -I/tmp/tmp.1X7yllCmDL/bash-5.0 -I/tmp/tmp.1X7yllCmDL/bash-5.0/lib -I/tmp/tmp.1X7yllCmDL/bash-5.0/builtins  -c -o printenv.o printenv.c
gcc -fPIC -DHAVE_CONFIG_H -DSHELL  -g -O2 -Wno-parentheses -Wno-format-security -I. -I.. -I../.. -I../../lib -I../../builtins -I. -I../../include -I/tmp/tmp.1X7yllCmDL/bash-5.0 -I/tmp/tmp.1X7yllCmDL/bash-5.0/lib -I/tmp/tmp.1X7yllCmDL/bash-5.0/builtins  -c -o id.o id.c
gcc -fPIC -DHAVE_CONFIG_H -DSHELL  -g -O2 -Wno-parentheses -Wno-format-security -I. -I.. -I../.. -I../../lib -I../../builtins -I. -I../../include -I/tmp/tmp.1X7yllCmDL/bash-5.0 -I/tmp/tmp.1X7yllCmDL/bash-5.0/lib -I/tmp/tmp.1X7yllCmDL/bash-5.0/builtins  -c -o whoami.o whoami.c
gcc -fPIC -DHAVE_CONFIG_H -DSHELL  -g -O2 -Wno-parentheses -Wno-format-security -I. -I.. -I../.. -I../../lib -I../../builtins -I. -I../../include -I/tmp/tmp.1X7yllCmDL/bash-5.0 -I/tmp/tmp.1X7yllCmDL/bash-5.0/lib -I/tmp/tmp.1X7yllCmDL/bash-5.0/builtins  -c -o uname.o uname.c
gcc -fPIC -DHAVE_CONFIG_H -DSHELL  -g -O2 -Wno-parentheses -Wno-format-security -I. -I.. -I../.. -I../../lib -I../../builtins -I. -I../../include -I/tmp/tmp.1X7yllCmDL/bash-5.0 -I/tmp/tmp.1X7yllCmDL/bash-5.0/lib -I/tmp/tmp.1X7yllCmDL/bash-5.0/builtins  -c -o sync.o sync.c
gcc -fPIC -DHAVE_CONFIG_H -DSHELL  -g -O2 -Wno-parentheses -Wno-format-security -I. -I.. -I../.. -I../../lib -I../../builtins -I. -I../../include -I/tmp/tmp.1X7yllCmDL/bash-5.0 -I/tmp/tmp.1X7yllCmDL/bash-5.0/lib -I/tmp/tmp.1X7yllCmDL/bash-5.0/builtins  -c -o push.o push.c
gcc -fPIC -DHAVE_CONFIG_H -DSHELL  -g -O2 -Wno-parentheses -Wno-format-security -I. -I.. -I../.. -I../../lib -I../../builtins -I. -I../../include -I/tmp/tmp.1X7yllCmDL/bash-5.0 -I/tmp/tmp.1X7yllCmDL/bash-5.0/lib -I/tmp/tmp.1X7yllCmDL/bash-5.0/builtins  -c -o ln.o ln.c
gcc -fPIC -DHAVE_CONFIG_H -DSHELL  -g -O2 -Wno-parentheses -Wno-format-security -I. -I.. -I../.. -I../../lib -I../../builtins -I. -I../../include -I/tmp/tmp.1X7yllCmDL/bash-5.0 -I/tmp/tmp.1X7yllCmDL/bash-5.0/lib -I/tmp/tmp.1X7yllCmDL/bash-5.0/builtins  -c -o unlink.o unlink.c
gcc -fPIC -DHAVE_CONFIG_H -DSHELL  -g -O2 -Wno-parentheses -Wno-format-security -I. -I.. -I../.. -I../../lib -I../../builtins -I. -I../../include -I/tmp/tmp.1X7yllCmDL/bash-5.0 -I/tmp/tmp.1X7yllCmDL/bash-5.0/lib -I/tmp/tmp.1X7yllCmDL/bash-5.0/builtins  -c -o realpath.o realpath.c
gcc -fPIC -DHAVE_CONFIG_H -DSHELL  -g -O2 -Wno-parentheses -Wno-format-security -I. -I.. -I../.. -I../../lib -I../../builtins -I. -I../../include -I/tmp/tmp.1X7yllCmDL/bash-5.0 -I/tmp/tmp.1X7yllCmDL/bash-5.0/lib -I/tmp/tmp.1X7yllCmDL/bash-5.0/builtins  -c -o strftime.o strftime.c
gcc -fPIC -DHAVE_CONFIG_H -DSHELL  -g -O2 -Wno-parentheses -Wno-format-security -I. -I.. -I../.. -I../../lib -I../../builtins -I. -I../../include -I/tmp/tmp.1X7yllCmDL/bash-5.0 -I/tmp/tmp.1X7yllCmDL/bash-5.0/lib -I/tmp/tmp.1X7yllCmDL/bash-5.0/builtins  -c -o mypid.o mypid.c
gcc -fPIC -DHAVE_CONFIG_H -DSHELL  -g -O2 -Wno-parentheses -Wno-format-security -I. -I.. -I../.. -I../../lib -I../../builtins -I. -I../../include -I/tmp/tmp.1X7yllCmDL/bash-5.0 -I/tmp/tmp.1X7yllCmDL/bash-5.0/lib -I/tmp/tmp.1X7yllCmDL/bash-5.0/builtins  -c -o setpgid.o setpgid.c
gcc -fPIC -DHAVE_CONFIG_H -DSHELL  -g -O2 -Wno-parentheses -Wno-format-security -I. -I.. -I../.. -I../../lib -I../../builtins -I. -I../../include -I/tmp/tmp.1X7yllCmDL/bash-5.0 -I/tmp/tmp.1X7yllCmDL/bash-5.0/lib -I/tmp/tmp.1X7yllCmDL/bash-5.0/builtins  -c -o seq.o seq.c
gcc -shared -Wl,-soname,print   -o print print.o 
gcc -shared -Wl,-soname,truefalse   -o truefalse truefalse.o 
gcc -shared -Wl,-soname,sleep   -o sleep sleep.o 
gcc -shared -Wl,-soname,finfo   -o finfo finfo.o 
gcc -shared -Wl,-soname,logname   -o logname logname.o 
gcc -shared -Wl,-soname,basename   -o basename basename.o 
gcc -shared -Wl,-soname,dirname   -o dirname dirname.o 
gcc -shared -Wl,-soname,fdflags   -o fdflags fdflags.o 
gcc -shared -Wl,-soname,tty   -o tty tty.o 
gcc -shared -Wl,-soname,pathchk   -o pathchk pathchk.o 
gcc -shared -Wl,-soname,tee   -o tee tee.o 
gcc -shared -Wl,-soname,head   -o head head.o 
gcc -shared -Wl,-soname,mkdir   -o mkdir mkdir.o 
gcc -shared -Wl,-soname,rmdir   -o rmdir rmdir.o 
gcc -shared -Wl,-soname,printenv   -o printenv printenv.o 
gcc -shared -Wl,-soname,id   -o id id.o 
gcc -shared -Wl,-soname,whoami   -o whoami whoami.o 
gcc -shared -Wl,-soname,uname   -o uname uname.o 
gcc -shared -Wl,-soname,sync   -o sync sync.o 
gcc -shared -Wl,-soname,push   -o push push.o 
gcc -shared -Wl,-soname,ln   -o ln ln.o 
gcc -shared -Wl,-soname,unlink   -o unlink unlink.o 
gcc -shared -Wl,-soname,realpath   -o realpath realpath.o 
gcc -shared -Wl,-soname,strftime   -o strftime strftime.o 
gcc -shared -Wl,-soname,mypid   -o mypid mypid.o 
gcc -shared -Wl,-soname,setpgid   -o setpgid setpgid.o 
make[2]: Entering directory '/tmp/tmp.1X7yllCmDL/bash-5.0'
make[2]: warning: -j8 forced in submake: resetting jobserver mode.
/usr/bin/install -c -m 644 ./support/bash.pc /usr/lib/pkgconfig/bash.pc
gcc -shared -Wl,-soname,seq   -o seq seq.o 
make[2]: Leaving directory '/tmp/tmp.1X7yllCmDL/bash-5.0'
installing example loadable builtins in /usr/lib/bash
print
truefalse
sleep
finfo
logname
basename
dirname
fdflags
tty
pathchk
tee
head
mkdir
rmdir
printenv
id
whoami
uname
sync
push
ln
unlink
realpath
strftime
mypid
setpgid
seq
make[1]: Leaving directory '/tmp/tmp.1X7yllCmDL/bash-5.0/examples/loadables'
renamed '/usr/bin/bash' -> '/bin/bash'

real	0m29.324s
user	1m4.086s
sys	0m10.799s
