Testing NLS...
NLS works.

Testing gencat...
gencat works.

Testing history...
History works.

Building bc
Building dc

BC_ENABLE_LIBRARY=0

BC_ENABLE_HISTORY=1
BC_ENABLE_EXTRA_MATH=1
BC_ENABLE_NLS=1
BC_ENABLE_PROMPT=1

BC_NUM_KARATSUBA_LEN=32

CC=gcc
CFLAGS=-O3 -std=c99
HOSTCC=gcc
HOSTCFLAGS=-std=c99
CPPFLAGS=-DNDEBUG 
LDFLAGS=-s 
PREFIX=/usr
BINDIR=/usr/bin
INCLUDEDIR=/usr/include
LIBDIR=/usr/lib
DATAROOTDIR=/usr/share
DATADIR=/usr/share
MANDIR=/usr/share/man
MAN1DIR=/usr/share/man/man1
MAN3DIR=/usr/share/man/man3
NLSPATH=/usr/share/locale/%L/%N
EXECSUFFIX=
EXECPREFIX=
DESTDIR=
LONG_BIT=
GEN_HOST=1
GEN_EMU=
mkdir -p bin
gcc -std=c99 -o gen/strgen gen/strgen.c
gcc -DBC_ENABLED=1 -DDC_ENABLED=1 -I./include/ -DVERSION=3.2.3  -DEXECPREFIX= -DMAINEXEC=bc -D_POSIX_C_SOURCE=200809L -D_XOPEN_SOURCE=700 -DBC_NUM_KARATSUBA_LEN=32 -DBC_ENABLE_NLS=1 -DBC_ENABLE_PROMPT=1 -DBC_ENABLE_EXTRA_MATH=1 -DBC_ENABLE_HISTORY=1 -DBC_ENABLE_LIBRARY=0 -DNDEBUG  -O3 -std=c99 -o src/dc_lex.o -c src/dc_lex.c
gcc -DBC_ENABLED=1 -DDC_ENABLED=1 -I./include/ -DVERSION=3.2.3  -DEXECPREFIX= -DMAINEXEC=bc -D_POSIX_C_SOURCE=200809L -D_XOPEN_SOURCE=700 -DBC_NUM_KARATSUBA_LEN=32 -DBC_ENABLE_NLS=1 -DBC_ENABLE_PROMPT=1 -DBC_ENABLE_EXTRA_MATH=1 -DBC_ENABLE_HISTORY=1 -DBC_ENABLE_LIBRARY=0 -DNDEBUG  -O3 -std=c99 -o src/bc_lex.o -c src/bc_lex.c
gcc -DBC_ENABLED=1 -DDC_ENABLED=1 -I./include/ -DVERSION=3.2.3  -DEXECPREFIX= -DMAINEXEC=bc -D_POSIX_C_SOURCE=200809L -D_XOPEN_SOURCE=700 -DBC_NUM_KARATSUBA_LEN=32 -DBC_ENABLE_NLS=1 -DBC_ENABLE_PROMPT=1 -DBC_ENABLE_EXTRA_MATH=1 -DBC_ENABLE_HISTORY=1 -DBC_ENABLE_LIBRARY=0 -DNDEBUG  -O3 -std=c99 -o src/bc.o -c src/bc.c
gcc -DBC_ENABLED=1 -DDC_ENABLED=1 -I./include/ -DVERSION=3.2.3  -DEXECPREFIX= -DMAINEXEC=bc -D_POSIX_C_SOURCE=200809L -D_XOPEN_SOURCE=700 -DBC_NUM_KARATSUBA_LEN=32 -DBC_ENABLE_NLS=1 -DBC_ENABLE_PROMPT=1 -DBC_ENABLE_EXTRA_MATH=1 -DBC_ENABLE_HISTORY=1 -DBC_ENABLE_LIBRARY=0 -DNDEBUG  -O3 -std=c99 -o src/args.o -c src/args.c
gcc -DBC_ENABLED=1 -DDC_ENABLED=1 -I./include/ -DVERSION=3.2.3  -DEXECPREFIX= -DMAINEXEC=bc -D_POSIX_C_SOURCE=200809L -D_XOPEN_SOURCE=700 -DBC_NUM_KARATSUBA_LEN=32 -DBC_ENABLE_NLS=1 -DBC_ENABLE_PROMPT=1 -DBC_ENABLE_EXTRA_MATH=1 -DBC_ENABLE_HISTORY=1 -DBC_ENABLE_LIBRARY=0 -DNDEBUG  -O3 -std=c99 -o src/vm.o -c src/vm.c
gcc -DBC_ENABLED=1 -DDC_ENABLED=1 -I./include/ -DVERSION=3.2.3  -DEXECPREFIX= -DMAINEXEC=bc -D_POSIX_C_SOURCE=200809L -D_XOPEN_SOURCE=700 -DBC_NUM_KARATSUBA_LEN=32 -DBC_ENABLE_NLS=1 -DBC_ENABLE_PROMPT=1 -DBC_ENABLE_EXTRA_MATH=1 -DBC_ENABLE_HISTORY=1 -DBC_ENABLE_LIBRARY=0 -DNDEBUG  -O3 -std=c99 -o src/vector.o -c src/vector.c
gcc -DBC_ENABLED=1 -DDC_ENABLED=1 -I./include/ -DVERSION=3.2.3  -DEXECPREFIX= -DMAINEXEC=bc -D_POSIX_C_SOURCE=200809L -D_XOPEN_SOURCE=700 -DBC_NUM_KARATSUBA_LEN=32 -DBC_ENABLE_NLS=1 -DBC_ENABLE_PROMPT=1 -DBC_ENABLE_EXTRA_MATH=1 -DBC_ENABLE_HISTORY=1 -DBC_ENABLE_LIBRARY=0 -DNDEBUG  -O3 -std=c99 -o src/read.o -c src/read.c
gcc -DBC_ENABLED=1 -DDC_ENABLED=1 -I./include/ -DVERSION=3.2.3  -DEXECPREFIX= -DMAINEXEC=bc -D_POSIX_C_SOURCE=200809L -D_XOPEN_SOURCE=700 -DBC_NUM_KARATSUBA_LEN=32 -DBC_ENABLE_NLS=1 -DBC_ENABLE_PROMPT=1 -DBC_ENABLE_EXTRA_MATH=1 -DBC_ENABLE_HISTORY=1 -DBC_ENABLE_LIBRARY=0 -DNDEBUG  -O3 -std=c99 -o src/rand.o -c src/rand.c
gcc -DBC_ENABLED=1 -DDC_ENABLED=1 -I./include/ -DVERSION=3.2.3  -DEXECPREFIX= -DMAINEXEC=bc -D_POSIX_C_SOURCE=200809L -D_XOPEN_SOURCE=700 -DBC_NUM_KARATSUBA_LEN=32 -DBC_ENABLE_NLS=1 -DBC_ENABLE_PROMPT=1 -DBC_ENABLE_EXTRA_MATH=1 -DBC_ENABLE_HISTORY=1 -DBC_ENABLE_LIBRARY=0 -DNDEBUG  -O3 -std=c99 -o src/lex.o -c src/lex.c
gcc -DBC_ENABLED=1 -DDC_ENABLED=1 -I./include/ -DVERSION=3.2.3  -DEXECPREFIX= -DMAINEXEC=bc -D_POSIX_C_SOURCE=200809L -D_XOPEN_SOURCE=700 -DBC_NUM_KARATSUBA_LEN=32 -DBC_ENABLE_NLS=1 -DBC_ENABLE_PROMPT=1 -DBC_ENABLE_EXTRA_MATH=1 -DBC_ENABLE_HISTORY=1 -DBC_ENABLE_LIBRARY=0 -DNDEBUG  -O3 -std=c99 -o src/lang.o -c src/lang.c
gcc -DBC_ENABLED=1 -DDC_ENABLED=1 -I./include/ -DVERSION=3.2.3  -DEXECPREFIX= -DMAINEXEC=bc -D_POSIX_C_SOURCE=200809L -D_XOPEN_SOURCE=700 -DBC_NUM_KARATSUBA_LEN=32 -DBC_ENABLE_NLS=1 -DBC_ENABLE_PROMPT=1 -DBC_ENABLE_EXTRA_MATH=1 -DBC_ENABLE_HISTORY=1 -DBC_ENABLE_LIBRARY=0 -DNDEBUG  -O3 -std=c99 -o src/history.o -c src/history.c
gcc -DBC_ENABLED=1 -DDC_ENABLED=1 -I./include/ -DVERSION=3.2.3  -DEXECPREFIX= -DMAINEXEC=bc -D_POSIX_C_SOURCE=200809L -D_XOPEN_SOURCE=700 -DBC_NUM_KARATSUBA_LEN=32 -DBC_ENABLE_NLS=1 -DBC_ENABLE_PROMPT=1 -DBC_ENABLE_EXTRA_MATH=1 -DBC_ENABLE_HISTORY=1 -DBC_ENABLE_LIBRARY=0 -DNDEBUG  -O3 -std=c99 -o src/file.o -c src/file.c
gcc -DBC_ENABLED=1 -DDC_ENABLED=1 -I./include/ -DVERSION=3.2.3  -DEXECPREFIX= -DMAINEXEC=bc -D_POSIX_C_SOURCE=200809L -D_XOPEN_SOURCE=700 -DBC_NUM_KARATSUBA_LEN=32 -DBC_ENABLE_NLS=1 -DBC_ENABLE_PROMPT=1 -DBC_ENABLE_EXTRA_MATH=1 -DBC_ENABLE_HISTORY=1 -DBC_ENABLE_LIBRARY=0 -DNDEBUG  -O3 -std=c99 -o src/dc.o -c src/dc.c
gcc -DBC_ENABLED=1 -DDC_ENABLED=1 -I./include/ -DVERSION=3.2.3  -DEXECPREFIX= -DMAINEXEC=bc -D_POSIX_C_SOURCE=200809L -D_XOPEN_SOURCE=700 -DBC_NUM_KARATSUBA_LEN=32 -DBC_ENABLE_NLS=1 -DBC_ENABLE_PROMPT=1 -DBC_ENABLE_EXTRA_MATH=1 -DBC_ENABLE_HISTORY=1 -DBC_ENABLE_LIBRARY=0 -DNDEBUG  -O3 -std=c99 -o src/data.o -c src/data.c
gcc -DBC_ENABLED=1 -DDC_ENABLED=1 -I./include/ -DVERSION=3.2.3  -DEXECPREFIX= -DMAINEXEC=bc -D_POSIX_C_SOURCE=200809L -D_XOPEN_SOURCE=700 -DBC_NUM_KARATSUBA_LEN=32 -DBC_ENABLE_NLS=1 -DBC_ENABLE_PROMPT=1 -DBC_ENABLE_EXTRA_MATH=1 -DBC_ENABLE_HISTORY=1 -DBC_ENABLE_LIBRARY=0 -DNDEBUG  -O3 -std=c99 -o src/bc_parse.o -c src/bc_parse.c
gcc -DBC_ENABLED=1 -DDC_ENABLED=1 -I./include/ -DVERSION=3.2.3  -DEXECPREFIX= -DMAINEXEC=bc -D_POSIX_C_SOURCE=200809L -D_XOPEN_SOURCE=700 -DBC_NUM_KARATSUBA_LEN=32 -DBC_ENABLE_NLS=1 -DBC_ENABLE_PROMPT=1 -DBC_ENABLE_EXTRA_MATH=1 -DBC_ENABLE_HISTORY=1 -DBC_ENABLE_LIBRARY=0 -DNDEBUG  -O3 -std=c99 -o src/program.o -c src/program.c
gcc -DBC_ENABLED=1 -DDC_ENABLED=1 -I./include/ -DVERSION=3.2.3  -DEXECPREFIX= -DMAINEXEC=bc -D_POSIX_C_SOURCE=200809L -D_XOPEN_SOURCE=700 -DBC_NUM_KARATSUBA_LEN=32 -DBC_ENABLE_NLS=1 -DBC_ENABLE_PROMPT=1 -DBC_ENABLE_EXTRA_MATH=1 -DBC_ENABLE_HISTORY=1 -DBC_ENABLE_LIBRARY=0 -DNDEBUG  -O3 -std=c99 -o src/parse.o -c src/parse.c
gcc -DBC_ENABLED=1 -DDC_ENABLED=1 -I./include/ -DVERSION=3.2.3  -DEXECPREFIX= -DMAINEXEC=bc -D_POSIX_C_SOURCE=200809L -D_XOPEN_SOURCE=700 -DBC_NUM_KARATSUBA_LEN=32 -DBC_ENABLE_NLS=1 -DBC_ENABLE_PROMPT=1 -DBC_ENABLE_EXTRA_MATH=1 -DBC_ENABLE_HISTORY=1 -DBC_ENABLE_LIBRARY=0 -DNDEBUG  -O3 -std=c99 -o src/opt.o -c src/opt.c
gcc -DBC_ENABLED=1 -DDC_ENABLED=1 -I./include/ -DVERSION=3.2.3  -DEXECPREFIX= -DMAINEXEC=bc -D_POSIX_C_SOURCE=200809L -D_XOPEN_SOURCE=700 -DBC_NUM_KARATSUBA_LEN=32 -DBC_ENABLE_NLS=1 -DBC_ENABLE_PROMPT=1 -DBC_ENABLE_EXTRA_MATH=1 -DBC_ENABLE_HISTORY=1 -DBC_ENABLE_LIBRARY=0 -DNDEBUG  -O3 -std=c99 -o src/num.o -c src/num.c
gcc -DBC_ENABLED=1 -DDC_ENABLED=1 -I./include/ -DVERSION=3.2.3  -DEXECPREFIX= -DMAINEXEC=bc -D_POSIX_C_SOURCE=200809L -D_XOPEN_SOURCE=700 -DBC_NUM_KARATSUBA_LEN=32 -DBC_ENABLE_NLS=1 -DBC_ENABLE_PROMPT=1 -DBC_ENABLE_EXTRA_MATH=1 -DBC_ENABLE_HISTORY=1 -DBC_ENABLE_LIBRARY=0 -DNDEBUG  -O3 -std=c99 -o src/main.o -c src/main.c
gcc -DBC_ENABLED=1 -DDC_ENABLED=1 -I./include/ -DVERSION=3.2.3  -DEXECPREFIX= -DMAINEXEC=bc -D_POSIX_C_SOURCE=200809L -D_XOPEN_SOURCE=700 -DBC_NUM_KARATSUBA_LEN=32 -DBC_ENABLE_NLS=1 -DBC_ENABLE_PROMPT=1 -DBC_ENABLE_EXTRA_MATH=1 -DBC_ENABLE_HISTORY=1 -DBC_ENABLE_LIBRARY=0 -DNDEBUG  -O3 -std=c99 -o src/dc_parse.o -c src/dc_parse.c
gen/strgen gen/dc_help.txt gen/dc_help.c dc_help "" DC_ENABLED
gen/strgen gen/bc_help.txt gen/bc_help.c bc_help "" BC_ENABLED
gen/strgen gen/lib.bc gen/lib.c bc_lib bc_lib_name BC_ENABLED 1
gen/strgen gen/lib2.bc gen/lib2.c bc_lib2 bc_lib2_name "BC_ENABLED && BC_ENABLE_EXTRA_MATH" 1
gcc -DBC_ENABLED=1 -DDC_ENABLED=1 -I./include/ -DVERSION=3.2.3  -DEXECPREFIX= -DMAINEXEC=bc -D_POSIX_C_SOURCE=200809L -D_XOPEN_SOURCE=700 -DBC_NUM_KARATSUBA_LEN=32 -DBC_ENABLE_NLS=1 -DBC_ENABLE_PROMPT=1 -DBC_ENABLE_EXTRA_MATH=1 -DBC_ENABLE_HISTORY=1 -DBC_ENABLE_LIBRARY=0 -DNDEBUG  -O3 -std=c99 -o gen/dc_help.o -c gen/dc_help.c
gcc -DBC_ENABLED=1 -DDC_ENABLED=1 -I./include/ -DVERSION=3.2.3  -DEXECPREFIX= -DMAINEXEC=bc -D_POSIX_C_SOURCE=200809L -D_XOPEN_SOURCE=700 -DBC_NUM_KARATSUBA_LEN=32 -DBC_ENABLE_NLS=1 -DBC_ENABLE_PROMPT=1 -DBC_ENABLE_EXTRA_MATH=1 -DBC_ENABLE_HISTORY=1 -DBC_ENABLE_LIBRARY=0 -DNDEBUG  -O3 -std=c99 -o gen/bc_help.o -c gen/bc_help.c
gcc -DBC_ENABLED=1 -DDC_ENABLED=1 -I./include/ -DVERSION=3.2.3  -DEXECPREFIX= -DMAINEXEC=bc -D_POSIX_C_SOURCE=200809L -D_XOPEN_SOURCE=700 -DBC_NUM_KARATSUBA_LEN=32 -DBC_ENABLE_NLS=1 -DBC_ENABLE_PROMPT=1 -DBC_ENABLE_EXTRA_MATH=1 -DBC_ENABLE_HISTORY=1 -DBC_ENABLE_LIBRARY=0 -DNDEBUG  -O3 -std=c99 -o gen/lib.o -c gen/lib.c
gcc -DBC_ENABLED=1 -DDC_ENABLED=1 -I./include/ -DVERSION=3.2.3  -DEXECPREFIX= -DMAINEXEC=bc -D_POSIX_C_SOURCE=200809L -D_XOPEN_SOURCE=700 -DBC_NUM_KARATSUBA_LEN=32 -DBC_ENABLE_NLS=1 -DBC_ENABLE_PROMPT=1 -DBC_ENABLE_EXTRA_MATH=1 -DBC_ENABLE_HISTORY=1 -DBC_ENABLE_LIBRARY=0 -DNDEBUG  -O3 -std=c99 -o gen/lib2.o -c gen/lib2.c
gcc -DBC_ENABLED=1 -DDC_ENABLED=1 -I./include/ -DVERSION=3.2.3  -DEXECPREFIX= -DMAINEXEC=bc -D_POSIX_C_SOURCE=200809L -D_XOPEN_SOURCE=700 -DBC_NUM_KARATSUBA_LEN=32 -DBC_ENABLE_NLS=1 -DBC_ENABLE_PROMPT=1 -DBC_ENABLE_EXTRA_MATH=1 -DBC_ENABLE_HISTORY=1 -DBC_ENABLE_LIBRARY=0 -DNDEBUG  -O3 -std=c99 gen/bc_help.o gen/dc_help.o gen/lib.o gen/lib2.o src/dc_lex.o src/bc_lex.o src/bc.o src/args.o src/vm.o src/vector.o src/read.o src/rand.o src/lex.o src/lang.o src/history.o src/file.o src/dc.o src/data.o src/bc_parse.o src/program.o src/parse.o src/opt.o src/num.o src/main.o src/dc_parse.o -s  -o bin/bc
./link.sh bin dc
./locale_install.sh /usr/share/locale/%L/%N bc 
./safe-install.sh -Dm644 manuals/bc.1 /usr/share/man/man1/bc.1
./safe-install.sh -Dm644 manuals/dc.1 /usr/share/man/man1/dc.1
./exec-install.sh /usr/bin ""

real	0m3.844s
user	0m7.427s
sys	0m0.966s
