checking build system type... x86_64-pc-linux-gnu
checking host system type... x86_64-pc-linux-gnu
checking for a BSD-compatible install... /usr/bin/install -c
checking whether build environment is sane... yes
checking for a thread-safe mkdir -p... /bin/mkdir -p
checking for gawk... gawk
checking whether make sets $(MAKE)... yes
checking whether make supports nested variables... yes
checking whether UID '0' is supported by ustar format... yes
checking whether GID '0' is supported by ustar format... yes
checking how to create a ustar tar archive... gnutar
checking whether to enable maintainer-specific portions of Makefiles... yes
checking whether make supports nested variables... (cached) yes
checking whether to enable debugging... no
checking for gcc... gcc
checking whether the C compiler works... yes
checking for C compiler default output file name... a.out
checking for suffix of executables... 
checking whether we are cross compiling... no
checking for suffix of object files... o
checking whether we are using the GNU C compiler... yes
checking whether gcc accepts -g... yes
checking for gcc option to accept ISO C89... none needed
checking whether gcc understands -c and -o together... yes
checking whether make supports the include directive... yes (GNU style)
checking dependency style of gcc... gcc3
checking for g++... g++
checking whether we are using the GNU C++ compiler... yes
checking whether g++ accepts -g... yes
checking dependency style of g++... gcc3
checking how to run the C preprocessor... gcc -E
checking for grep that handles long lines and -e... /bin/grep
checking for egrep... /bin/grep -E
checking for ANSI C header files... yes
checking for sys/types.h... yes
checking for sys/stat.h... yes
checking for stdlib.h... yes
checking for string.h... yes
checking for memory.h... yes
checking for strings.h... yes
checking for inttypes.h... yes
checking for stdint.h... yes
checking for unistd.h... yes
checking minix/config.h usability... no
checking minix/config.h presence... no
checking for minix/config.h... no
checking whether it is safe to define __EXTENSIONS__... yes
checking for special C compiler options needed for large files... no
checking for _FILE_OFFSET_BITS value needed for large files... no
checking for library containing strerror... none required
checking for ANSI C header files... (cached) yes
checking for inline... inline
checking how to print strings... printf
checking for a sed that does not truncate output... /bin/sed
checking for fgrep... /bin/grep -F
checking for ld used by gcc... /usr/bin/ld
checking if the linker (/usr/bin/ld) is GNU ld... yes
checking for BSD- or MS-compatible name lister (nm)... /usr/bin/nm -B
checking the name lister (/usr/bin/nm -B) interface... BSD nm
checking whether ln -s works... yes
checking the maximum length of command line arguments... 1572864
checking how to convert x86_64-pc-linux-gnu file names to x86_64-pc-linux-gnu format... func_convert_file_noop
checking how to convert x86_64-pc-linux-gnu file names to toolchain format... func_convert_file_noop
checking for /usr/bin/ld option to reload object files... -r
checking for objdump... objdump
checking how to recognize dependent libraries... pass_all
checking for dlltool... no
checking how to associate runtime and link libraries... printf %s\n
checking for ar... ar
checking for archiver @FILE support... @
checking for strip... strip
checking for ranlib... ranlib
checking command to parse /usr/bin/nm -B output from gcc object... ok
checking for sysroot... no
checking for a working dd... /bin/dd
checking how to truncate binary pipes... /bin/dd bs=4096 count=1
checking for mt... no
checking if : is a manifest tool... no
checking for dlfcn.h... yes
checking for objdir... .libs
checking if gcc supports -fno-rtti -fno-exceptions... no
checking for gcc option to produce PIC... -fPIC -DPIC
checking if gcc PIC flag -fPIC -DPIC works... yes
checking if gcc static flag -static works... yes
checking if gcc supports -c -o file.o... yes
checking if gcc supports -c -o file.o... (cached) yes
checking whether the gcc linker (/usr/bin/ld -m elf_x86_64) supports shared libraries... yes
checking whether -lc should be explicitly linked in... no
checking dynamic linker characteristics... GNU/Linux ld.so
checking how to hardcode library paths into programs... immediate
checking whether stripping libraries is possible... yes
checking if libtool supports shared libraries... yes
checking whether to build shared libraries... yes
checking whether to build static libraries... no
checking how to run the C++ preprocessor... g++ -E
checking for ld used by g++... /usr/bin/ld -m elf_x86_64
checking if the linker (/usr/bin/ld -m elf_x86_64) is GNU ld... yes
checking whether the g++ linker (/usr/bin/ld -m elf_x86_64) supports shared libraries... yes
checking for g++ option to produce PIC... -fPIC -DPIC
checking if g++ PIC flag -fPIC -DPIC works... yes
checking if g++ static flag -static works... yes
checking if g++ supports -c -o file.o... yes
checking if g++ supports -c -o file.o... (cached) yes
checking whether the g++ linker (/usr/bin/ld -m elf_x86_64) supports shared libraries... yes
checking dynamic linker characteristics... (cached) GNU/Linux ld.so
checking how to hardcode library paths into programs... immediate
checking for pkg-config... /usr/bin/pkg-config
checking pkg-config is at least version 0.9.0... yes
checking for gawk... (cached) gawk
checking whether the -Werror option is usable... yes
checking for simple visibility declarations... yes
checking for windres... no
checking for GLIB... no
checking for a Python interpreter with version >= 2.6... python3
checking for python3... /usr/bin/python3
checking for python3 version... 3.9
checking for python3 platform... linux
checking for python3 script directory... ${prefix}/lib/python3.9/site-packages
checking for python3 extension module directory... ${exec_prefix}/lib/python3.9/site-packages
checking whether to build with code coverage support... no
checking size of char... 1
checking size of short... 2
checking size of long... 8
checking size of int... 4
checking size of void *... 8
checking size of long long... 8
checking size of __int64... 0
checking 64-bit integer type... long
checking 32-bit integer type... int
checking 16-bit integer type... short
checking whether byte ordering is bigendian... no
checking whether environ is declared... yes
checking for an implementation of va_copy()... yes
checking for an implementation of __va_copy()... yes
checking whether va_lists can be copied by value... no
checking whether gcc knows __sync_sub_and_fetch()... yes
checking for library containing socket... none required
checking for gethostbyname... yes
checking for vsnprintf... yes
checking for vasprintf... yes
checking for nanosleep... yes
checking for usleep... yes
checking for setenv... yes
checking for clearenv... yes
checking for unsetenv... yes
checking for socketpair... yes
checking for getgrouplist... yes
checking for fpathconf... yes
checking for setrlimit... yes
checking for poll... yes
checking for setlocale... yes
checking for localeconv... yes
checking for strtoll... yes
checking for strtoull... yes
checking for issetugid... no
checking for getresuid... yes
checking for setresuid... yes
checking for getrlimit... yes
checking for prlimit... yes
checking syslog.h usability... yes
checking syslog.h presence... yes
checking for syslog.h... yes
checking whether LOG_PERROR is declared... yes
checking for sys/prctl.h... yes
checking for prctl... yes
checking for raise... yes
checking for dirfd... yes
checking sys/resource.h usability... yes
checking sys/resource.h presence... yes
checking for sys/resource.h... yes
checking sys/time.h usability... yes
checking sys/time.h presence... yes
checking for sys/time.h... yes
checking dirent.h usability... yes
checking dirent.h presence... yes
checking for dirent.h... yes
checking execinfo.h usability... yes
checking execinfo.h presence... yes
checking for execinfo.h... yes
checking for library containing backtrace... none required
checking errno.h usability... yes
checking errno.h presence... yes
checking for errno.h... yes
checking signal.h usability... yes
checking signal.h presence... yes
checking for signal.h... yes
checking locale.h usability... yes
checking locale.h presence... yes
checking for locale.h... yes
checking byteswap.h usability... yes
checking byteswap.h presence... yes
checking for byteswap.h... yes
checking for unistd.h... (cached) yes
checking for stdint.h... (cached) yes
checking ws2tcpip.h usability... no
checking ws2tcpip.h presence... no
checking for ws2tcpip.h... no
checking alloca.h usability... yes
checking alloca.h presence... yes
checking for alloca.h... yes
checking for posix getpwnam_r... yes
checking whether socklen_t is defined... yes
checking sys/uio.h usability... yes
checking sys/uio.h presence... yes
checking for sys/uio.h... yes
checking for writev... yes
checking sys/syslimits.h usability... no
checking sys/syslimits.h presence... no
checking for sys/syslimits.h... no
checking whether MSG_NOSIGNAL is declared... yes
checking for ISO C99 varargs macros in C... yes
checking for GNUC varargs macros... yes
checking for struct cmsgcred... no
checking for struct unpcbid.unp_pid... no
checking for getpeerucred... no
checking for getpeereid... no
checking for pipe2... yes
checking for accept4... yes
checking for EXPAT... yes
checking for XML_SetHashSalt... yes
checking for library containing pthread_cond_timedwait... none required
checking for library containing pthread_mutexattr_init... -lpthread
checking for library containing pthread_mutexattr_settype... none required
checking for library containing pthread_condattr_setclock... none required
checking for library containing clock_getres... none required
checking for CLOCK_MONOTONIC... found
checking for SELINUX... no
configure: WARNING: Sufficiently new SELinux library not found
checking for APPARMOR... no
checking for APPARMOR_2_10... no
configure: WARNING: Sufficiently new AppArmor library not found
checking sys/inotify.h usability... yes
checking sys/inotify.h presence... yes
checking for sys/inotify.h... yes
checking for inotify_init1... yes
checking for Linux epoll(4)... yes
checking sys/event.h usability... no
checking sys/event.h presence... no
checking for sys/event.h... no
checking for kqueue... no
checking launch.h usability... no
checking launch.h presence... no
checking for launch.h... no
checking for launchctl... no
checking for SYSTEMD... yes
checking for systemctl... /bin/systemctl
checking for audit_log_user_avc_message in -laudit... no
checking for ADT API... no
checking for SCM_RIGHTS... supported
checking for X... no
checking whether C compiler accepts -Werror=unknown-warning-option... no
checking whether C compiler accepts -Wno-suggest-attribute=format... yes
checking whether C compiler accepts -fno-strict-aliasing... yes
checking whether C compiler accepts -Wnested-externs... yes
checking whether C compiler accepts -Wmissing-prototypes... yes
checking whether C compiler accepts -Wstrict-prototypes... yes
checking whether C compiler accepts -Wdeclaration-after-statement... yes
checking whether C compiler accepts -Wimplicit-function-declaration... yes
checking whether C compiler accepts -Wold-style-definition... yes
checking whether C compiler accepts -Wjump-misses-init... yes
checking whether C compiler accepts -Wall... yes
checking whether C compiler accepts -Wextra... yes
checking whether C compiler accepts -Wundef... yes
checking whether C compiler accepts -Wwrite-strings... yes
checking whether C compiler accepts -Wpointer-arith... yes
checking whether C compiler accepts -Wmissing-declarations... yes
checking whether C compiler accepts -Wredundant-decls... yes
checking whether C compiler accepts -Wno-unused-parameter... yes
checking whether C compiler accepts -Wno-missing-field-initializers... yes
checking whether C compiler accepts -Wformat=2... yes
checking whether C compiler accepts -Wcast-align... yes
checking whether C compiler accepts -Wformat-nonliteral... yes
checking whether C compiler accepts -Wformat-security... yes
checking whether C compiler accepts -Wsign-compare... yes
checking whether C compiler accepts -Wstrict-aliasing... yes
checking whether C compiler accepts -Wshadow... yes
checking whether C compiler accepts -Winline... yes
checking whether C compiler accepts -Wpacked... yes
checking whether C compiler accepts -Wmissing-format-attribute... yes
checking whether C compiler accepts -Wmissing-noreturn... yes
checking whether C compiler accepts -Winit-self... yes
checking whether C compiler accepts -Wredundant-decls... (cached) yes
checking whether C compiler accepts -Wmissing-include-dirs... yes
checking whether C compiler accepts -Wunused-but-set-variable... yes
checking whether C compiler accepts -Warray-bounds... yes
checking whether C compiler accepts -Wreturn-type... yes
checking whether C compiler accepts -Wswitch-enum... yes
checking whether C compiler accepts -Wswitch-default... yes
checking whether C compiler accepts -Wduplicated-cond... yes
checking whether C compiler accepts -Wduplicated-branches... yes
checking whether C compiler accepts -Wlogical-op... yes
checking whether C compiler accepts -Wrestrict... yes
checking whether C compiler accepts -Wnull-dereference... yes
checking whether C compiler accepts -Wdouble-promotion... yes
checking whether C compiler accepts -Wno-error=unused-parameter... yes
checking whether C compiler accepts -Wno-error=missing-field-initializers... yes
checking whether C++ compiler accepts -Werror=unknown-warning-option... no
checking whether C++ compiler accepts -Wno-suggest-attribute=format... yes
checking whether C++ compiler accepts -fno-strict-aliasing... yes
checking whether C++ compiler accepts -Wall... yes
checking whether C++ compiler accepts -Wextra... yes
checking whether C++ compiler accepts -Wundef... yes
checking whether C++ compiler accepts -Wwrite-strings... yes
checking whether C++ compiler accepts -Wpointer-arith... yes
checking whether C++ compiler accepts -Wmissing-declarations... yes
checking whether C++ compiler accepts -Wredundant-decls... yes
checking whether C++ compiler accepts -Wno-unused-parameter... yes
checking whether C++ compiler accepts -Wno-missing-field-initializers... yes
checking whether C++ compiler accepts -Wformat=2... yes
checking whether C++ compiler accepts -Wcast-align... yes
checking whether C++ compiler accepts -Wformat-nonliteral... yes
checking whether C++ compiler accepts -Wformat-security... yes
checking whether C++ compiler accepts -Wsign-compare... yes
checking whether C++ compiler accepts -Wstrict-aliasing... yes
checking whether C++ compiler accepts -Wshadow... yes
checking whether C++ compiler accepts -Winline... yes
checking whether C++ compiler accepts -Wpacked... yes
checking whether C++ compiler accepts -Wmissing-format-attribute... yes
checking whether C++ compiler accepts -Wmissing-noreturn... yes
checking whether C++ compiler accepts -Winit-self... yes
checking whether C++ compiler accepts -Wredundant-decls... (cached) yes
checking whether C++ compiler accepts -Wmissing-include-dirs... yes
checking whether C++ compiler accepts -Wunused-but-set-variable... yes
checking whether C++ compiler accepts -Warray-bounds... yes
checking whether C++ compiler accepts -Wreturn-type... yes
checking whether C++ compiler accepts -Wno-overloaded-virtual... yes
checking whether C++ compiler accepts -Wswitch-enum... yes
checking whether C++ compiler accepts -Wswitch-default... yes
checking whether C++ compiler accepts -Wno-error=unused-parameter... yes
checking whether C++ compiler accepts -Wno-error=missing-field-initializers... yes
checking whether C++ compiler accepts -Wno-error=overloaded-virtual... yes
checking whether C compiler accepts -Werror=unknown-warning-option... (cached) no
checking whether the linker accepts -Wl,--as-needed... yes
checking whether the linker accepts -Wl,--as-needed... yes
checking whether the linker accepts -Wl,-z,relro... yes
checking whether the linker accepts -Wl,-z,relro... yes
checking whether the linker accepts -Wl,-z,now... yes
checking whether the linker accepts -Wl,-z,now... yes
checking whether the linker accepts -Wl,-z,noexecstack... yes
checking whether the linker accepts -Wl,-z,noexecstack... yes
checking whether the linker accepts -Wl,--no-as-needed... yes
checking whether the linker accepts -Wl,--fatal-warnings... yes
checking whether the linker accepts -Wl,-fatal_warnings... no
checking whether the linker accepts -Wl,--no-as-needed... yes
checking whether C compiler accepts -Werror=unknown-warning-option... (cached) no
checking whether C compiler accepts -Wno-suggest-attribute=format... (cached) yes
checking whether C compiler accepts -fno-strict-aliasing... (cached) yes
checking whether C compiler accepts -fno-common... yes
checking whether C compiler accepts -Wnested-externs... (cached) yes
checking whether C compiler accepts -Wmissing-prototypes... (cached) yes
checking whether C compiler accepts -Wstrict-prototypes... (cached) yes
checking whether C compiler accepts -Wdeclaration-after-statement... (cached) yes
checking whether C compiler accepts -Wimplicit-function-declaration... (cached) yes
checking whether C compiler accepts -Wold-style-definition... (cached) yes
checking whether C compiler accepts -Wjump-misses-init... (cached) yes
checking whether C compiler accepts -Wall... (cached) yes
checking whether C compiler accepts -Wextra... (cached) yes
checking whether C compiler accepts -Wundef... (cached) yes
checking whether C compiler accepts -Wwrite-strings... (cached) yes
checking whether C compiler accepts -Wpointer-arith... (cached) yes
checking whether C compiler accepts -Wmissing-declarations... (cached) yes
checking whether C compiler accepts -Wredundant-decls... (cached) yes
checking whether C compiler accepts -Wno-unused-parameter... (cached) yes
checking whether C compiler accepts -Wno-missing-field-initializers... (cached) yes
checking whether C compiler accepts -Wformat=2... (cached) yes
checking whether C compiler accepts -Wcast-align... (cached) yes
checking whether C compiler accepts -Wformat-nonliteral... (cached) yes
checking whether C compiler accepts -Wformat-security... (cached) yes
checking whether C compiler accepts -Wsign-compare... (cached) yes
checking whether C compiler accepts -Wstrict-aliasing... (cached) yes
checking whether C compiler accepts -Wshadow... (cached) yes
checking whether C compiler accepts -Winline... (cached) yes
checking whether C compiler accepts -Wpacked... (cached) yes
checking whether C compiler accepts -Wmissing-format-attribute... (cached) yes
checking whether C compiler accepts -Wmissing-noreturn... (cached) yes
checking whether C compiler accepts -Winit-self... (cached) yes
checking whether C compiler accepts -Wredundant-decls... (cached) yes
checking whether C compiler accepts -Wmissing-include-dirs... (cached) yes
checking whether C compiler accepts -Wunused-but-set-variable... (cached) yes
checking whether C compiler accepts -Warray-bounds... (cached) yes
checking whether C compiler accepts -Wreturn-type... (cached) yes
checking whether C compiler accepts -Wswitch-enum... (cached) yes
checking whether C compiler accepts -Wswitch-default... (cached) yes
checking whether C compiler accepts -Wduplicated-cond... (cached) yes
checking whether C compiler accepts -Wduplicated-branches... (cached) yes
checking whether C compiler accepts -Wlogical-op... (cached) yes
checking whether C compiler accepts -Wrestrict... (cached) yes
checking whether C compiler accepts -Wnull-dereference... (cached) yes
checking whether C compiler accepts -Wdouble-promotion... (cached) yes
checking whether C compiler accepts -Wchar-subscripts... yes
checking whether C compiler accepts -Wfloat-equal... yes
checking whether C compiler accepts -Wpointer-sign... yes
checking whether C compiler accepts -Wno-deprecated-declarations... yes
checking whether C compiler accepts -Wno-missing-field-initializers... (cached) yes
checking whether C compiler accepts -Wno-unused-parameter... (cached) yes
checking whether C compiler accepts -Wno-cast-function-type... yes
checking whether C compiler accepts -Wno-unused-label... yes
checking whether C compiler accepts -Wno-error=unused-parameter... (cached) yes
checking whether C compiler accepts -Wno-error=missing-field-initializers... (cached) yes
checking whether C compiler accepts -Wno-error=deprecated-declarations... yes
checking whether C compiler accepts -Wno-error=cast-function-type... yes
checking whether C compiler accepts -Wno-error=unused-label... yes
checking whether C++ compiler accepts -Werror=unknown-warning-option... (cached) no
checking whether C++ compiler accepts -Wno-suggest-attribute=format... (cached) yes
checking whether C++ compiler accepts -fno-strict-aliasing... (cached) yes
checking whether C++ compiler accepts -Wall... (cached) yes
checking whether C++ compiler accepts -Wextra... (cached) yes
checking whether C++ compiler accepts -Wundef... (cached) yes
checking whether C++ compiler accepts -Wwrite-strings... (cached) yes
checking whether C++ compiler accepts -Wpointer-arith... (cached) yes
checking whether C++ compiler accepts -Wmissing-declarations... (cached) yes
checking whether C++ compiler accepts -Wredundant-decls... (cached) yes
checking whether C++ compiler accepts -Wno-unused-parameter... (cached) yes
checking whether C++ compiler accepts -Wno-missing-field-initializers... (cached) yes
checking whether C++ compiler accepts -Wformat=2... (cached) yes
checking whether C++ compiler accepts -Wcast-align... (cached) yes
checking whether C++ compiler accepts -Wformat-nonliteral... (cached) yes
checking whether C++ compiler accepts -Wformat-security... (cached) yes
checking whether C++ compiler accepts -Wsign-compare... (cached) yes
checking whether C++ compiler accepts -Wstrict-aliasing... (cached) yes
checking whether C++ compiler accepts -Wshadow... (cached) yes
checking whether C++ compiler accepts -Winline... (cached) yes
checking whether C++ compiler accepts -Wpacked... (cached) yes
checking whether C++ compiler accepts -Wmissing-format-attribute... (cached) yes
checking whether C++ compiler accepts -Wmissing-noreturn... (cached) yes
checking whether C++ compiler accepts -Winit-self... (cached) yes
checking whether C++ compiler accepts -Wredundant-decls... (cached) yes
checking whether C++ compiler accepts -Wmissing-include-dirs... (cached) yes
checking whether C++ compiler accepts -Wunused-but-set-variable... (cached) yes
checking whether C++ compiler accepts -Warray-bounds... (cached) yes
checking whether C++ compiler accepts -Wreturn-type... (cached) yes
checking whether C++ compiler accepts -Wno-overloaded-virtual... (cached) yes
checking whether C++ compiler accepts -Wswitch-enum... (cached) yes
checking whether C++ compiler accepts -Wswitch-default... (cached) yes
checking whether C++ compiler accepts -Wchar-subscripts... yes
checking whether C++ compiler accepts -Wfloat-equal... yes
checking whether C++ compiler accepts -Wno-deprecated-declarations... yes
checking whether C++ compiler accepts -Wno-missing-field-initializers... (cached) yes
checking whether C++ compiler accepts -Wno-unused-parameter... (cached) yes
checking whether C++ compiler accepts -Wno-cast-function-type... yes
checking whether C++ compiler accepts -Wno-unused-label... yes
checking whether C++ compiler accepts -Wno-error=unused-parameter... (cached) yes
checking whether C++ compiler accepts -Wno-error=missing-field-initializers... (cached) yes
checking whether C++ compiler accepts -Wno-error=overloaded-virtual... (cached) yes
checking whether C++ compiler accepts -Wno-error=deprecated-declarations... yes
checking whether C++ compiler accepts -Wno-error=cast-function-type... yes
checking whether C++ compiler accepts -Wno-error=unused-label... yes
checking whether C compiler accepts -Werror=unknown-warning-option... (cached) no
checking whether the linker accepts -Wl,--as-needed... (cached) yes
checking whether the linker accepts -Wl,--as-needed... (cached) yes
checking whether the linker accepts -Wl,-z,relro... (cached) yes
checking whether the linker accepts -Wl,-z,relro... (cached) yes
checking whether the linker accepts -Wl,-z,now... (cached) yes
checking whether the linker accepts -Wl,-z,now... (cached) yes
checking whether the linker accepts -Wl,-z,noexecstack... (cached) yes
checking whether the linker accepts -Wl,-z,noexecstack... (cached) yes
checking whether the linker accepts -Wl,--no-as-needed... (cached) yes
checking whether the linker accepts -Wl,--fatal-warnings... (cached) yes
checking whether the linker accepts -Wl,-fatal_warnings... (cached) no
checking whether the linker accepts -Wl,--no-as-needed... (cached) yes
checking if LD -Wl,--version-script works... yes
checking for doxygen... no
checking whether to build Doxygen documentation... no
checking for xsltproc... no
checking for ducktype... no
checking for yelp-build... no
checking whether to build Ducktype documentation... no
checking for xmlto... no
checking whether to build XML documentation... no
checking crt_externs.h usability... no
checking crt_externs.h presence... no
checking for crt_externs.h... no
checking for _NSGetEnviron... no
checking that generated files are newer than configure... done
configure: creating ./config.status
config.status: creating Doxyfile
config.status: creating dbus/Version
config.status: creating dbus/versioninfo.rc
config.status: creating dbus/dbus-arch-deps.h
config.status: creating bus/system.conf
config.status: creating bus/session.conf
config.status: creating bus/legacy-config/system.conf
config.status: creating bus/legacy-config/session.conf
config.status: creating bus/example-system-enable-stats.conf
config.status: creating bus/example-session-disable-stats.conf
config.status: creating bus/org.freedesktop.dbus-session.plist
config.status: creating bus/dbus.service
config.status: creating bus/dbus.socket
config.status: creating bus/systemd-user/dbus.service
config.status: creating bus/systemd-user/dbus.socket
config.status: creating bus/sysusers.d/dbus.conf
config.status: creating bus/tmpfiles.d/dbus.conf
config.status: creating Makefile
config.status: creating dbus/Makefile
config.status: creating bus/Makefile
config.status: creating tools/Makefile
config.status: creating test/Makefile
config.status: creating test/name-test/Makefile
config.status: creating doc/Makefile
config.status: creating doc/dbus-cleanup-sockets.1.xml
config.status: creating doc/dbus-daemon.1.xml
config.status: creating doc/dbus-launch.1.xml
config.status: creating doc/dbus-monitor.1.xml
config.status: creating doc/dbus-run-session.1.xml
config.status: creating doc/dbus-send.1.xml
config.status: creating doc/dbus-test-tool.1.xml
config.status: creating doc/dbus-update-activation-environment.1.xml
config.status: creating doc/dbus-uuidgen.1.xml
config.status: creating dbus-1.pc
config.status: creating dbus-1-uninstalled.pc
config.status: creating cmake/DBus1Config.cmake
config.status: creating cmake/DBus1ConfigVersion.cmake
config.status: creating config.h
config.status: executing depfiles commands
config.status: executing libtool commands

                    D-Bus 1.12.20
                  ==============

	prefix:                   /usr
	exec_prefix:              ${prefix}
        libdir:                   /usr/lib
        libexecdir:               /usr/libexec
        bindir:                   /usr/bin
        sysconfdir:               /etc
        localstatedir:            /var
        runstatedir:              /var/run
	datadir:                  /usr/share
	source code location:	  .
	compiler:		  gcc
	cflags:		          -fno-strict-aliasing -fno-common -Wnested-externs -Wmissing-prototypes -Wstrict-prototypes -Wdeclaration-after-statement -Wimplicit-function-declaration -Wold-style-definition -Wjump-misses-init -Wall -Wextra -Wundef -Wwrite-strings -Wpointer-arith -Wmissing-declarations -Wredundant-decls -Wno-unused-parameter -Wno-missing-field-initializers -Wformat=2 -Wcast-align -Wformat-nonliteral -Wformat-security -Wsign-compare -Wstrict-aliasing -Wshadow -Winline -Wpacked -Wmissing-format-attribute -Wmissing-noreturn -Winit-self -Wmissing-include-dirs -Wunused-but-set-variable -Warray-bounds -Wreturn-type -Wswitch-enum -Wswitch-default -Wduplicated-cond -Wduplicated-branches -Wlogical-op -Wrestrict -Wnull-dereference -Wdouble-promotion -Wchar-subscripts -Wfloat-equal -Wpointer-sign -Wno-deprecated-declarations -Wno-cast-function-type -Wno-unused-label -Wno-error=unused-parameter -Wno-error=missing-field-initializers -Wno-error=deprecated-declarations -Wno-error=cast-function-type -Wno-error=unused-label 
	cppflags:		  
	cxxflags:		  -fno-strict-aliasing -Wall -Wextra -Wundef -Wwrite-strings -Wpointer-arith -Wmissing-declarations -Wredundant-decls -Wno-unused-parameter -Wno-missing-field-initializers -Wformat=2 -Wcast-align -Wformat-nonliteral -Wformat-security -Wsign-compare -Wstrict-aliasing -Wshadow -Winline -Wpacked -Wmissing-format-attribute -Wmissing-noreturn -Winit-self -Wmissing-include-dirs -Wunused-but-set-variable -Warray-bounds -Wreturn-type -Wno-overloaded-virtual -Wswitch-enum -Wswitch-default -Wchar-subscripts -Wfloat-equal -Wno-deprecated-declarations -Wno-cast-function-type -Wno-unused-label -Wno-error=unused-parameter -Wno-error=missing-field-initializers -Wno-error=overloaded-virtual -Wno-error=deprecated-declarations -Wno-error=cast-function-type -Wno-error=unused-label 
	ldflags:		  -Wl,--no-as-needed 
	64-bit int:		  long
	32-bit int:		  int
	16-bit int:		  short
        Doxygen:                  no
        xmlto:                    no
        ducktype:                 no
        yelp-build:               no

        Rebuilding generated files: yes
        gcc coverage profiling:   no
        Building embedded tests:  no
        Building modular tests:   auto
            - with GLib:          no
        Installing tests:         no
        Building verbose mode:    no
        Building assertions:      no
        Building checks:          yes
        Building bus stats API:   yes
        Building SELinux support: no
        Building AppArmor support: no
        Building inotify support: yes
        Building kqueue support:  no
        Building systemd support: yes
        Building X11 code:        no
        Building Doxygen docs:    no
        Building Ducktype docs:   no
        Building XML docs:        no
        Building launchd support: no
        System bus socket:        /var/run/dbus/system_bus_socket
        System bus address:       unix:path=/var/run/dbus/system_bus_socket
        System bus PID file:      /var/run/dbus/pid
        Session bus listens on:   unix:tmpdir=/tmp
        Session clients connect to: autolaunch:
        pam_console auth dir:     /run/console
        Console owner file:       no
        Console owner file path:  
	System bus user:          messagebus
	Session bus services dir: /usr/share/dbus-1/services
        'make check' socket dir:  /tmp


make  all-recursive
make[1]: Entering directory '/tmp/tmp.SEvaRzEJiG/dbus-1.12.20'
Making all in dbus
make[2]: Entering directory '/tmp/tmp.SEvaRzEJiG/dbus-1.12.20/dbus'
make  all-am
make[3]: Entering directory '/tmp/tmp.SEvaRzEJiG/dbus-1.12.20/dbus'
  CC       libdbus_1_la-dbus-address.lo
  CC       libdbus_1_la-dbus-auth.lo
  CC       libdbus_1_la-dbus-bus.lo
  CC       libdbus_1_la-dbus-connection.lo
  CC       libdbus_1_la-dbus-credentials.lo
  CC       libdbus_1_la-dbus-errors.lo
  CC       libdbus_1_la-dbus-marshal-header.lo
  CC       libdbus_1_la-dbus-keyring.lo
  CC       libdbus_1_la-dbus-marshal-byteswap.lo
  CC       libdbus_1_la-dbus-marshal-recursive.lo
  CC       libdbus_1_la-dbus-marshal-validate.lo
dbus-auth.c: In function '_dbus_auth_get_identity':
dbus-auth.c:2802:6: warning: this condition has identical branches [-Wduplicated-branches]
 2802 |   if (auth->state == &common_state_authenticated)
      |      ^
  CC       libdbus_1_la-dbus-message.lo
  CC       libdbus_1_la-dbus-misc.lo
  CC       libdbus_1_la-dbus-nonce.lo
  CC       libdbus_1_la-dbus-object-tree.lo
  CC       libdbus_1_la-dbus-pending-call.lo
  CC       libdbus_1_la-dbus-resources.lo
  CC       libdbus_1_la-dbus-server.lo
dbus-message.c: In function '_dbus_variant_get_signature':
dbus-message.c:5400:17: warning: variable 'len' set but not used [-Wunused-but-set-variable]
 5400 |   unsigned char len;
      |                 ^~~
  CC       libdbus_1_la-dbus-server-debug-pipe.lo
  CC       libdbus_1_la-dbus-server-socket.lo
  CC       libdbus_1_la-dbus-uuidgen.lo
  CC       libdbus_1_la-dbus-server-unix.lo
  CC       libdbus_1_la-dbus-sha.lo
  CC       libdbus_1_la-dbus-signature.lo
  CC       libdbus_1_la-dbus-syntax.lo
  CC       libdbus_1_la-dbus-timeout.lo
  CC       libdbus_1_la-dbus-threads.lo
  CC       libdbus_1_la-dbus-transport.lo
  CC       libdbus_1_la-dbus-transport-socket.lo
  CC       libdbus_1_la-dbus-watch.lo
  CC       libdbus_1_la-dbus-dataslot.lo
  CC       libdbus_1_la-dbus-file.lo
  CC       libdbus_1_la-dbus-hash.lo
  CC       libdbus_1_la-dbus-internals.lo
  CC       libdbus_1_la-dbus-list.lo
  CC       libdbus_1_la-dbus-marshal-basic.lo
  CC       libdbus_1_la-dbus-memory.lo
  CC       libdbus_1_la-dbus-mempool.lo
  CC       libdbus_1_la-dbus-pipe.lo
  CC       libdbus_1_la-dbus-string.lo
  CC       libdbus_1_la-dbus-file-unix.lo
  CC       libdbus_1_la-dbus-pipe-unix.lo
  CC       libdbus_1_la-dbus-sysdeps-unix.lo
  CC       libdbus_1_la-dbus-sysdeps-pthread.lo
  CC       libdbus_1_la-dbus-transport-unix.lo
  CC       libdbus_1_la-dbus-userdb.lo
  CC       libdbus_1_la-dbus-sysdeps.lo
  CC       dbus-asv-util.lo
  CC       dbus-auth-script.lo
  CC       dbus-auth-util.lo
  CC       dbus-credentials-util.lo
  CC       dbus-mainloop.lo
  CC       dbus-marshal-byteswap-util.lo
  CC       dbus-marshal-recursive-util.lo
  CC       dbus-marshal-validate-util.lo
  CC       dbus-message-factory.lo
  CC       dbus-message-util.lo
  CC       dbus-shell.lo
  CC       dbus-sysdeps-util-unix.lo
  CC       dbus-userdb-util.lo
  CC       dbus-spawn.lo
  CC       dbus-socket-set-epoll.lo
  CC       dbus-socket-set.lo
  CC       dbus-socket-set-poll.lo
  CC       dbus-string-util.lo
  CC       dbus-sysdeps-util.lo
  CC       dbus-test.lo
  CCLD     libdbus-1.la
  CCLD     libdbus-internal.la
make[3]: Leaving directory '/tmp/tmp.SEvaRzEJiG/dbus-1.12.20/dbus'
make[2]: Leaving directory '/tmp/tmp.SEvaRzEJiG/dbus-1.12.20/dbus'
Making all in bus
make[2]: Entering directory '/tmp/tmp.SEvaRzEJiG/dbus-1.12.20/bus'
  CC       activation.o
  CC       apparmor.o
  CC       audit.o
  CC       bus.o
  CC       config-loader-expat.o
  CC       config-parser.o
  CC       config-parser-common.o
  CC       connection.o
  CC       desktop-file.o
  CC       dir-watch-inotify.o
  CC       dispatch.o
bus.c: In function 'bus_context_check_security_policy':
bus.c:1704:15: warning: this condition has identical branches [-Wduplicated-branches]
 1704 |       else if (sender == NULL)
      |               ^
  CC       driver.o
  CC       expirelist.o
  CC       policy.o
  CC       selinux.o
  CC       services.o
  CC       signals.o
  CC       stats.o
  CC       test.o
  CC       utils.o
  CC       main.o
  CC       activation-helper-bin.o
  CC       config-parser-trivial.o
  CC       activation-helper.o
  CCLD     dbus-daemon
  CCLD     dbus-daemon-launch-helper
make[2]: Leaving directory '/tmp/tmp.SEvaRzEJiG/dbus-1.12.20/bus'
Making all in tools
make[2]: Entering directory '/tmp/tmp.SEvaRzEJiG/dbus-1.12.20/tools'
  CC       dbus_launch-dbus-launch.o
  CC       dbus_launch-dbus-launch-x11.o
  CC       dbus_launch-tool-common.o
  CC       dbus-monitor.o
  CC       dbus-print-message.o
  CC       tool-common.o
  CC       dbus-send.o
  CC       dbus-echo.o
  CC       dbus-spam.o
dbus-launch.c: In function 'main':
dbus-launch.c:844:13: warning: unused variable 'error' [-Wunused-variable]
  844 |   DBusError error = DBUS_ERROR_INIT;
      |             ^~~~~
  CC       test-tool.o
  CC       dbus-update-activation-environment.o
  CC       dbus-cleanup-sockets.o
  CC       dbus-run-session.o
  CC       dbus-uuidgen.o
  CCLD     dbus-monitor
  CCLD     dbus-send
  CCLD     dbus-test-tool
  CCLD     dbus-launch
  CCLD     dbus-update-activation-environment
  CCLD     dbus-uuidgen
  CCLD     dbus-cleanup-sockets
  CCLD     dbus-run-session
make[2]: Leaving directory '/tmp/tmp.SEvaRzEJiG/dbus-1.12.20/tools'
Making all in test
make[2]: Entering directory '/tmp/tmp.SEvaRzEJiG/dbus-1.12.20/test'
Making all in .
make[3]: Entering directory '/tmp/tmp.SEvaRzEJiG/dbus-1.12.20/test'
  CC       shell-test.o
  CC       test-utils.lo
  CC       manual-backtrace.o
  CC       manual-tcp.o
  CC       manual-dir-iter.o
  GEN      data/valid-config-files/session.conf
  GEN      data/valid-config-files-system/system.conf
  GEN      copy-config-local
-- No need to copy test data as srcdir = builddir
  GEN      uninstalled-config-local
  CC       internals/printf.o
  CCLD     manual-backtrace
  CCLD     manual-tcp
  CCLD     manual-dir-iter
  CCLD     test-printf
  CCLD     libdbus-testutils.la
  CCLD     test-shell
make[3]: Leaving directory '/tmp/tmp.SEvaRzEJiG/dbus-1.12.20/test'
Making all in name-test
make[3]: Entering directory '/tmp/tmp.SEvaRzEJiG/dbus-1.12.20/test/name-test'
make[3]: Nothing to be done for 'all'.
make[3]: Leaving directory '/tmp/tmp.SEvaRzEJiG/dbus-1.12.20/test/name-test'
make[2]: Leaving directory '/tmp/tmp.SEvaRzEJiG/dbus-1.12.20/test'
Making all in doc
make[2]: Entering directory '/tmp/tmp.SEvaRzEJiG/dbus-1.12.20/doc'
make[2]: Nothing to be done for 'all'.
make[2]: Leaving directory '/tmp/tmp.SEvaRzEJiG/dbus-1.12.20/doc'
make[2]: Entering directory '/tmp/tmp.SEvaRzEJiG/dbus-1.12.20'
make[2]: Leaving directory '/tmp/tmp.SEvaRzEJiG/dbus-1.12.20'
make[1]: Leaving directory '/tmp/tmp.SEvaRzEJiG/dbus-1.12.20'
Making install in dbus
make[1]: Entering directory '/tmp/tmp.SEvaRzEJiG/dbus-1.12.20/dbus'
make  install-am
make[2]: Entering directory '/tmp/tmp.SEvaRzEJiG/dbus-1.12.20/dbus'
make[3]: Entering directory '/tmp/tmp.SEvaRzEJiG/dbus-1.12.20/dbus'
 /bin/mkdir -p '/usr/lib'
 /bin/mkdir -p '/usr/include/dbus-1.0/dbus'
 /bin/mkdir -p '/usr/lib/dbus-1.0/include/dbus'
 /bin/sh ../libtool   --mode=install /usr/bin/install -c   libdbus-1.la '/usr/lib'
 /usr/bin/install -c -m 644 dbus.h dbus-address.h dbus-bus.h dbus-connection.h dbus-errors.h dbus-macros.h dbus-memory.h dbus-message.h dbus-misc.h dbus-pending-call.h dbus-protocol.h dbus-server.h dbus-shared.h dbus-signature.h dbus-syntax.h dbus-threads.h dbus-types.h '/usr/include/dbus-1.0/dbus'
 /usr/bin/install -c -m 644 dbus-arch-deps.h '/usr/lib/dbus-1.0/include/dbus'
libtool: install: /usr/bin/install -c .libs/libdbus-1.so.3.19.13 /usr/lib/libdbus-1.so.3.19.13
libtool: install: (cd /usr/lib && { ln -s -f libdbus-1.so.3.19.13 libdbus-1.so.3 || { rm -f libdbus-1.so.3 && ln -s libdbus-1.so.3.19.13 libdbus-1.so.3; }; })
libtool: install: (cd /usr/lib && { ln -s -f libdbus-1.so.3.19.13 libdbus-1.so || { rm -f libdbus-1.so && ln -s libdbus-1.so.3.19.13 libdbus-1.so; }; })
libtool: install: /usr/bin/install -c .libs/libdbus-1.lai /usr/lib/libdbus-1.la
libtool: finish: PATH="/bin:/usr/bin:/sbin:/usr/sbin:/sbin" ldconfig -n /usr/lib
----------------------------------------------------------------------
Libraries have been installed in:
   /usr/lib

If you ever happen to want to link against installed libraries
in a given directory, LIBDIR, you must either use libtool, and
specify the full pathname of the library, or use the '-LLIBDIR'
flag during linking and do at least one of the following:
   - add LIBDIR to the 'LD_LIBRARY_PATH' environment variable
     during execution
   - add LIBDIR to the 'LD_RUN_PATH' environment variable
     during linking
   - use the '-Wl,-rpath -Wl,LIBDIR' linker flag
   - have your system administrator add LIBDIR to '/etc/ld.so.conf'

See any operating system documentation about shared libraries for
more information, such as the ld(1) and ld.so(8) manual pages.
----------------------------------------------------------------------
make[3]: Leaving directory '/tmp/tmp.SEvaRzEJiG/dbus-1.12.20/dbus'
make[2]: Leaving directory '/tmp/tmp.SEvaRzEJiG/dbus-1.12.20/dbus'
make[1]: Leaving directory '/tmp/tmp.SEvaRzEJiG/dbus-1.12.20/dbus'
Making install in bus
make[1]: Entering directory '/tmp/tmp.SEvaRzEJiG/dbus-1.12.20/bus'
make[2]: Entering directory '/tmp/tmp.SEvaRzEJiG/dbus-1.12.20/bus'
 /bin/mkdir -p '/usr/bin'
 /bin/mkdir -p '/usr/libexec'
 /bin/mkdir -p '/usr/share/dbus-1'
 /bin/mkdir -p '/usr/share/doc/dbus-1.12.20/examples'
 /bin/mkdir -p '/etc/dbus-1'
 /bin/mkdir -p '/usr/lib/sysusers.d'
  /bin/sh ../libtool   --mode=install /usr/bin/install -c dbus-daemon '/usr/bin'
 /bin/mkdir -p '/usr/lib/tmpfiles.d'
 /usr/bin/install -c -m 644 example-system-enable-stats.conf example-session-disable-stats.conf '/usr/share/doc/dbus-1.12.20/examples'
  /bin/sh ../libtool   --mode=install /usr/bin/install -c dbus-daemon-launch-helper '/usr/libexec'
 /bin/mkdir -p '/lib/systemd/system'
 /usr/bin/install -c -m 644 session.conf system.conf '/usr/share/dbus-1'
 /usr/bin/install -c -m 644 legacy-config/session.conf legacy-config/system.conf '/etc/dbus-1'
 /usr/bin/install -c -m 644 sysusers.d/dbus.conf '/usr/lib/sysusers.d'
 /usr/bin/install -c -m 644 dbus.service dbus.socket '/lib/systemd/system'
 /usr/bin/install -c -m 644 tmpfiles.d/dbus.conf '/usr/lib/tmpfiles.d'
make  install-data-hook
make[3]: Entering directory '/tmp/tmp.SEvaRzEJiG/dbus-1.12.20/bus'
/bin/sh /tmp/tmp.SEvaRzEJiG/dbus-1.12.20/build-aux/install-sh -d /usr/share/dbus-1/session.d
/bin/sh /tmp/tmp.SEvaRzEJiG/dbus-1.12.20/build-aux/install-sh -d /usr/share/dbus-1/services
/bin/sh /tmp/tmp.SEvaRzEJiG/dbus-1.12.20/build-aux/install-sh -d /var/run/dbus
/bin/sh /tmp/tmp.SEvaRzEJiG/dbus-1.12.20/build-aux/install-sh -d /usr/share/dbus-1/system.d
/bin/sh /tmp/tmp.SEvaRzEJiG/dbus-1.12.20/build-aux/install-sh -d /usr/share/dbus-1/system-services
/bin/sh /tmp/tmp.SEvaRzEJiG/dbus-1.12.20/build-aux/install-sh -d /lib/systemd/system/sockets.target.wants
ln -fs ../dbus.socket /lib/systemd/system/sockets.target.wants/dbus.socket
/bin/sh /tmp/tmp.SEvaRzEJiG/dbus-1.12.20/build-aux/install-sh -d /lib/systemd/system/multi-user.target.wants
ln -fs ../dbus.service /lib/systemd/system/multi-user.target.wants/dbus.service
make[3]: Leaving directory '/tmp/tmp.SEvaRzEJiG/dbus-1.12.20/bus'
libtool: install: /usr/bin/install -c .libs/dbus-daemon /usr/bin/dbus-daemon
libtool: install: /usr/bin/install -c .libs/dbus-daemon-launch-helper /usr/libexec/dbus-daemon-launch-helper
make  install-exec-hook
make[3]: Entering directory '/tmp/tmp.SEvaRzEJiG/dbus-1.12.20/bus'
if test `id -u` -eq 0; then \
	chown root:messagebus /usr/libexec/dbus-daemon-launch-helper; \
	chmod 4750 /usr/libexec/dbus-daemon-launch-helper; \
else \
	echo "Not installing /usr/libexec/dbus-daemon-launch-helper binary setuid!"; \
	echo "You'll need to manually set permissions to root:messagebus and permissions 4750"; \
fi
make[3]: Leaving directory '/tmp/tmp.SEvaRzEJiG/dbus-1.12.20/bus'
make[2]: Leaving directory '/tmp/tmp.SEvaRzEJiG/dbus-1.12.20/bus'
make[1]: Leaving directory '/tmp/tmp.SEvaRzEJiG/dbus-1.12.20/bus'
Making install in tools
make[1]: Entering directory '/tmp/tmp.SEvaRzEJiG/dbus-1.12.20/tools'
make[2]: Entering directory '/tmp/tmp.SEvaRzEJiG/dbus-1.12.20/tools'
/bin/mkdir -p /var/lib/dbus
 /bin/mkdir -p '/usr/bin'
 /bin/mkdir -p '/usr/share/doc/dbus-1.12.20/examples'
  /bin/sh ../libtool   --mode=install /usr/bin/install -c dbus-launch dbus-monitor dbus-send dbus-test-tool dbus-update-activation-environment dbus-cleanup-sockets dbus-run-session dbus-uuidgen '/usr/bin'
 /usr/bin/install -c GetAllMatchRules.py '/usr/share/doc/dbus-1.12.20/examples'
libtool: install: /usr/bin/install -c .libs/dbus-launch /usr/bin/dbus-launch
libtool: install: /usr/bin/install -c .libs/dbus-monitor /usr/bin/dbus-monitor
libtool: install: /usr/bin/install -c .libs/dbus-send /usr/bin/dbus-send
libtool: install: /usr/bin/install -c .libs/dbus-test-tool /usr/bin/dbus-test-tool
libtool: install: /usr/bin/install -c .libs/dbus-update-activation-environment /usr/bin/dbus-update-activation-environment
libtool: install: /usr/bin/install -c dbus-cleanup-sockets /usr/bin/dbus-cleanup-sockets
libtool: install: /usr/bin/install -c .libs/dbus-run-session /usr/bin/dbus-run-session
libtool: install: /usr/bin/install -c .libs/dbus-uuidgen /usr/bin/dbus-uuidgen
make[2]: Leaving directory '/tmp/tmp.SEvaRzEJiG/dbus-1.12.20/tools'
make[1]: Leaving directory '/tmp/tmp.SEvaRzEJiG/dbus-1.12.20/tools'
Making install in test
make[1]: Entering directory '/tmp/tmp.SEvaRzEJiG/dbus-1.12.20/test'
Making install in .
make[2]: Entering directory '/tmp/tmp.SEvaRzEJiG/dbus-1.12.20/test'
  GEN      uninstalled-config-local
  GEN      copy-config-local
-- No need to copy test data as srcdir = builddir
make[3]: Entering directory '/tmp/tmp.SEvaRzEJiG/dbus-1.12.20/test'
make[3]: Leaving directory '/tmp/tmp.SEvaRzEJiG/dbus-1.12.20/test'
make[2]: Leaving directory '/tmp/tmp.SEvaRzEJiG/dbus-1.12.20/test'
Making install in name-test
make[2]: Entering directory '/tmp/tmp.SEvaRzEJiG/dbus-1.12.20/test/name-test'
make[3]: Entering directory '/tmp/tmp.SEvaRzEJiG/dbus-1.12.20/test/name-test'
make[3]: Nothing to be done for 'install-exec-am'.
make[3]: Nothing to be done for 'install-data-am'.
make[3]: Leaving directory '/tmp/tmp.SEvaRzEJiG/dbus-1.12.20/test/name-test'
make[2]: Leaving directory '/tmp/tmp.SEvaRzEJiG/dbus-1.12.20/test/name-test'
make[1]: Leaving directory '/tmp/tmp.SEvaRzEJiG/dbus-1.12.20/test'
Making install in doc
make[1]: Entering directory '/tmp/tmp.SEvaRzEJiG/dbus-1.12.20/doc'
make[2]: Entering directory '/tmp/tmp.SEvaRzEJiG/dbus-1.12.20/doc'
make[2]: Nothing to be done for 'install-exec-am'.
 /bin/mkdir -p '/usr/share/doc/dbus-1.12.20'
 /bin/mkdir -p '/usr/share/xml/dbus-1'
 /bin/mkdir -p '/usr/share/doc/dbus-1.12.20'
 /bin/mkdir -p '/usr/share/doc/dbus-1.12.20'
 /usr/bin/install -c -m 644 busconfig.dtd introspect.dtd '/usr/share/xml/dbus-1'
 /usr/bin/install -c -m 644 system-activation.txt '/usr/share/doc/dbus-1.12.20'
 /usr/bin/install -c -m 644 diagram.png diagram.svg '/usr/share/doc/dbus-1.12.20'
make[2]: Leaving directory '/tmp/tmp.SEvaRzEJiG/dbus-1.12.20/doc'
make[1]: Leaving directory '/tmp/tmp.SEvaRzEJiG/dbus-1.12.20/doc'
make[1]: Entering directory '/tmp/tmp.SEvaRzEJiG/dbus-1.12.20'
make[2]: Entering directory '/tmp/tmp.SEvaRzEJiG/dbus-1.12.20'
make[2]: Nothing to be done for 'install-exec-am'.
 /bin/mkdir -p '/usr/lib/cmake/DBus1'
 /bin/mkdir -p '/usr/lib/pkgconfig'
 /usr/bin/install -c -m 644 cmake/DBus1Config.cmake cmake/DBus1ConfigVersion.cmake '/usr/lib/cmake/DBus1'
 /usr/bin/install -c -m 644 dbus-1.pc '/usr/lib/pkgconfig'
make[2]: Leaving directory '/tmp/tmp.SEvaRzEJiG/dbus-1.12.20'
make[1]: Leaving directory '/tmp/tmp.SEvaRzEJiG/dbus-1.12.20'
renamed '/usr/lib/libdbus-1.so.3' -> '/lib/libdbus-1.so.3'
renamed '/usr/lib/libdbus-1.so.3.19.13' -> '/lib/libdbus-1.so.3.19.13'
'/usr/lib/libdbus-1.so' -> '../../lib/libdbus-1.so.3.19.13'
'/var/lib/dbus/machine-id' -> '/etc/machine-id'

real	0m17.056s
user	0m31.934s
sys	0m9.446s
