checking for a BSD-compatible install... /usr/bin/install -c
checking whether build environment is sane... yes
checking for a thread-safe mkdir -p... /bin/mkdir -p
checking for gawk... gawk
checking whether make sets $(MAKE)... yes
checking whether make supports nested variables... yes
checking whether to enable maintainer-specific portions of Makefiles... no
checking whether make sets $(MAKE)... (cached) yes
checking for gcc... gcc
checking whether the C compiler works... yes
checking for C compiler default output file name... a.out
checking for suffix of executables... 
checking whether we are cross compiling... no
checking for suffix of object files... o
checking whether we are using the GNU C compiler... yes
checking whether gcc accepts -g... yes
checking for gcc option to accept ISO C89... none needed
checking whether gcc understands -c and -o together... yes
checking for style of include used by make... GNU
checking dependency style of gcc... gcc3
checking for g++... g++
checking whether we are using the GNU C++ compiler... yes
checking whether g++ accepts -g... yes
checking dependency style of g++... gcc3
checking for expect... /usr/bin/expect
checking Tcl version 8.5 or greater... yes
checking that generated files are newer than configure... done
configure: creating ./config.status
config.status: creating Makefile
config.status: executing depfiles commands
Done. Now run 'make install'.
make[1]: Entering directory '/Linux-From-Scratch/lfs-scripts/stage3/Build-TMP/dejagnu-1.6.2'
 /bin/mkdir -p '/usr/bin'
 /bin/mkdir -p '/usr/share/dejagnu/libexec'
 /bin/mkdir -p '/usr/share/dejagnu/baseboards'
 /usr/bin/install -c runtest '/usr/bin'
 /usr/bin/install -c config.guess '/usr/share/dejagnu/libexec'
 /bin/mkdir -p '/usr/include'
 /bin/mkdir -p '/usr/share/dejagnu/config'
 /bin/mkdir -p '/usr/share/man/man1'
 /bin/mkdir -p '/usr/share/dejagnu'
 /bin/mkdir -p '/usr/share/info'
 /usr/bin/install -c -m 644 dejagnu.h '/usr/include'
 /usr/bin/install -c -m 644 baseboards/README baseboards/aarch64-sim.exp baseboards/androideabi.exp baseboards/am33_2.0-libremote.exp baseboards/arm-ice.exp baseboards/arm-sid.exp baseboards/arm-sim.exp baseboards/basic-sid.exp baseboards/basic-sim.exp baseboards/cris-sim.exp baseboards/d30v-sim.exp baseboards/fr30-sim.exp baseboards/frv-sim.exp baseboards/gdbserver-sample.exp baseboards/i386-sid.exp baseboards/iq2000-sim.exp baseboards/jmr3904-sim.exp baseboards/linux-gdbserver.exp baseboards/linux-libremote.exp baseboards/m68k-sid.exp baseboards/mcore-moto-sim.exp baseboards/mcore-sim.exp baseboards/mips-lnews-sim.exp baseboards/mips-lsi-sim.exp baseboards/mips-sim-idt32.exp baseboards/mips-sim-idt64.exp baseboards/mips-sim.exp baseboards/mips-sim-mti32.exp baseboards/mips-sim-mti64.exp baseboards/mips-sim-mti64_n32.exp baseboards/mips-sim-mti64_64.exp baseboards/mips-sim-sde32.exp baseboards/mips-sim-sde64.exp baseboards/mmixware-sim.exp baseboards/mn10200-sim.exp baseboards/mn10300-sim.exp baseboards/msp430-sim.exp baseboards/mt-sid.exp baseboards/multi-sim.exp baseboards/powerpc-sim.exp '/usr/share/dejagnu/baseboards'
 /usr/bin/install -c -m 644 stub-loader.c testglue.c runtest.exp lib/debugger.exp lib/dejagnu.exp lib/dg.exp lib/dmucs.exp lib/framework.exp lib/ftp.exp lib/kermit.exp lib/libgloss.exp lib/remote.exp lib/rlogin.exp lib/rsh.exp lib/ssh.exp lib/standard.exp lib/target.exp lib/targetdb.exp lib/telnet.exp lib/tip.exp lib/utils.exp '/usr/share/dejagnu'
 /usr/bin/install -c -m 644 config/README config/adb.exp config/aarch64-fv8.exp config/default.exp config/gdb-comm.exp config/gdb_stub.exp config/sid.exp config/sim.exp config/unix.exp config/vxworks.exp '/usr/share/dejagnu/config'
 /usr/bin/install -c -m 644 doc/runtest.1 '/usr/share/man/man1'
 /usr/bin/install -c -m 644 baseboards/powerpcle-sim.exp baseboards/rx-sim.exp baseboards/sh-sid.exp baseboards/sh-sim.exp baseboards/sparc-sim.exp baseboards/sparc64-sim.exp baseboards/sparclite-sim-le.exp baseboards/sparclite-sim.exp baseboards/tx39-sim.exp baseboards/unix.exp baseboards/v850-sim.exp baseboards/visium-sim.exp baseboards/vr4100-sim.exp baseboards/vr4111-sim.exp baseboards/vr4300-sim.exp baseboards/xtensa-sim.exp '/usr/share/dejagnu/baseboards'
 /usr/bin/install -c -m 644 ./doc/dejagnu.info '/usr/share/info'
 install-info --info-dir='/usr/share/info' '/usr/share/info/dejagnu.info'
make[1]: Leaving directory '/Linux-From-Scratch/lfs-scripts/stage3/Build-TMP/dejagnu-1.6.2'
install: creating directory '/usr/share/doc/dejagnu-1.6.2'
'doc/dejagnu.html' -> '/usr/share/doc/dejagnu-1.6.2/dejagnu.html'
'doc/dejagnu.txt' -> '/usr/share/doc/dejagnu-1.6.2/dejagnu.txt'
Done. Now run 'make install'.
make  unit
make[1]: Entering directory '/Linux-From-Scratch/lfs-scripts/stage3/Build-TMP/dejagnu-1.6.2'
depbase=`echo testsuite/libdejagnu/unit.o | sed 's|[^/]*$|.deps/&|;s|\.o$||'`;\
g++ -DPACKAGE_NAME=\"GNU\ DejaGnu\" -DPACKAGE_TARNAME=\"dejagnu\" -DPACKAGE_VERSION=\"1.6.2\" -DPACKAGE_STRING=\"GNU\ DejaGnu\ 1.6.2\" -DPACKAGE_BUGREPORT=\"bug-dejagnu@gnu.org\" -DPACKAGE_URL=\"http://www.gnu.org/software/dejagnu/\" -DPACKAGE=\"dejagnu\" -DVERSION=\"1.6.2\" -I.    -I. -g -g -O2 -MT testsuite/libdejagnu/unit.o -MD -MP -MF $depbase.Tpo -c -o testsuite/libdejagnu/unit.o testsuite/libdejagnu/unit.cc &&\
mv -f $depbase.Tpo $depbase.Po
g++ -I. -g -g -O2   -o unit testsuite/libdejagnu/unit.o  
make[1]: Leaving directory '/Linux-From-Scratch/lfs-scripts/stage3/Build-TMP/dejagnu-1.6.2'
make  check-DEJAGNU
make[1]: Entering directory '/Linux-From-Scratch/lfs-scripts/stage3/Build-TMP/dejagnu-1.6.2'
Making a new site.exp file ...
srcdir='.'; export srcdir; \
EXPECT=/usr/bin/expect; export EXPECT; \
if /bin/sh -c "./runtest --version" > /dev/null 2>&1; then \
  exit_status=0; l='libdejagnu runtest'; for tool in $l; do \
    if ./runtest  --tool ${tool} --srcdir ${srcdir}/testsuite RUNTEST=./runtest ; \
    then :; else exit_status=1; fi; \
  done; \
else echo "WARNING: could not find './runtest'" 1>&2; :;\
fi; \
exit $exit_status
Using ./testsuite/lib/libdejagnu.exp as tool init file.
Test run by root on Tue Dec  8 16:03:19 2020
Native configuration is x86_64-pc-linux-gnu

		=== libdejagnu tests ===

Schedule of variations:
    unix

Running target unix
Using ./config/unix.exp as generic interface file for target.
Using ./testsuite/../config/unix.exp as tool-and-target-specific interface file.
Running ./testsuite/libdejagnu/tunit.exp ...

		=== libdejagnu Summary ===

# of expected passes		5
Using ./testsuite/lib/runtest.exp as tool init file.
Test run by root on Tue Dec  8 16:03:19 2020
Native configuration is x86_64-pc-linux-gnu

		=== runtest tests ===

Schedule of variations:
    unix

Running target unix
Using ./config/unix.exp as generic interface file for target.
Using ./testsuite/../config/unix.exp as tool-and-target-specific interface file.
Running ./testsuite/runtest.all/libs.exp ...
Running ./testsuite/runtest.all/load_lib.exp ...
Running ./testsuite/runtest.all/options.exp ...
Running ./testsuite/runtest.all/stats-sub.exp ...
Running ./testsuite/runtest.all/stats.exp ...

		=== runtest Summary ===

# of expected passes		77
DejaGnu version	1.6.2
Expect version	5.45.4
Tcl version	8.6

make[1]: Leaving directory '/Linux-From-Scratch/lfs-scripts/stage3/Build-TMP/dejagnu-1.6.2'

real	0m4.596s
user	0m3.561s
sys	0m0.720s
