checking build system type... x86_64-pc-linux-gnu
checking host system type... x86_64-pc-linux-gnu
checking for a BSD-compatible install... /usr/bin/install -c
checking whether build environment is sane... yes
checking for a thread-safe mkdir -p... /bin/mkdir -p
checking for gawk... gawk
checking whether make sets $(MAKE)... yes
checking whether make supports nested variables... yes
checking whether make supports the include directive... yes (GNU style)
checking for gcc... gcc
checking whether the C compiler works... yes
checking for C compiler default output file name... a.out
checking for suffix of executables... 
checking whether we are cross compiling... no
checking for suffix of object files... o
checking whether we are using the GNU C compiler... yes
checking whether gcc accepts -g... yes
checking for gcc option to accept ISO C89... none needed
checking whether gcc understands -c and -o together... yes
checking dependency style of gcc... gcc3
checking for ar... ar
checking the archiver (ar) interface... ar
checking whether ln -s works... yes
checking whether make sets $(MAKE)... (cached) yes
checking how to print strings... printf
checking for a sed that does not truncate output... /bin/sed
checking for grep that handles long lines and -e... /bin/grep
checking for egrep... /bin/grep -E
checking for fgrep... /bin/grep -F
checking for ld used by gcc... /usr/bin/ld
checking if the linker (/usr/bin/ld) is GNU ld... yes
checking for BSD- or MS-compatible name lister (nm)... /usr/bin/nm -B
checking the name lister (/usr/bin/nm -B) interface... BSD nm
checking the maximum length of command line arguments... 1572864
checking how to convert x86_64-pc-linux-gnu file names to x86_64-pc-linux-gnu format... func_convert_file_noop
checking how to convert x86_64-pc-linux-gnu file names to toolchain format... func_convert_file_noop
checking for /usr/bin/ld option to reload object files... -r
checking for objdump... objdump
checking how to recognize dependent libraries... pass_all
checking for dlltool... no
checking how to associate runtime and link libraries... printf %s\n
checking for archiver @FILE support... @
checking for strip... strip
checking for ranlib... ranlib
checking command to parse /usr/bin/nm -B output from gcc object... ok
checking for sysroot... no
checking for a working dd... /bin/dd
checking how to truncate binary pipes... /bin/dd bs=4096 count=1
checking for mt... no
checking if : is a manifest tool... no
checking how to run the C preprocessor... gcc -E
checking for ANSI C header files... yes
checking for sys/types.h... yes
checking for sys/stat.h... yes
checking for stdlib.h... yes
checking for string.h... yes
checking for memory.h... yes
checking for strings.h... yes
checking for inttypes.h... yes
checking for stdint.h... yes
checking for unistd.h... yes
checking for dlfcn.h... yes
checking for objdir... .libs
checking if gcc supports -fno-rtti -fno-exceptions... no
checking for gcc option to produce PIC... -fPIC -DPIC
checking if gcc PIC flag -fPIC -DPIC works... yes
checking if gcc static flag -static works... yes
checking if gcc supports -c -o file.o... yes
checking if gcc supports -c -o file.o... (cached) yes
checking whether the gcc linker (/usr/bin/ld -m elf_x86_64) supports shared libraries... yes
checking whether -lc should be explicitly linked in... no
checking dynamic linker characteristics... GNU/Linux ld.so
checking how to hardcode library paths into programs... immediate
checking whether stripping libraries is possible... yes
checking if libtool supports shared libraries... yes
checking whether to build shared libraries... yes
checking whether to build static libraries... no
checking for gcc option to accept ISO C99... none needed
checking whether C compiler accepts -Wall... yes
checking whether C compiler accepts -Wextra... yes
checking whether C compiler accepts -fexceptions... yes
checking whether C compiler accepts -fno-strict-aliasing... yes
checking whether C compiler accepts -Wmissing-prototypes... yes
checking whether C compiler accepts -Wstrict-prototypes... yes
checking whether C compiler accepts -pedantic... yes
checking whether C compiler accepts -Wduplicated-cond... yes
checking whether C compiler accepts -Wduplicated-branches... yes
checking whether C compiler accepts -Wlogical-op... yes
checking whether C compiler accepts -Wrestrict... yes
checking whether C compiler accepts -Wnull-dereference... yes
checking whether C compiler accepts -Wjump-misses-init... yes
checking whether C compiler accepts -Wdouble-promotion... yes
checking whether C compiler accepts -Wshadow... yes
checking whether C compiler accepts -Wformat=2... yes
checking whether C compiler accepts -Wmisleading-indentation... yes
checking for g++... g++
checking whether we are using the GNU C++ compiler... yes
checking whether g++ accepts -g... yes
checking dependency style of g++... gcc3
checking how to run the C++ preprocessor... g++ -E
checking for ld used by g++... /usr/bin/ld -m elf_x86_64
checking if the linker (/usr/bin/ld -m elf_x86_64) is GNU ld... yes
checking whether the g++ linker (/usr/bin/ld -m elf_x86_64) supports shared libraries... yes
checking for g++ option to produce PIC... -fPIC -DPIC
checking if g++ PIC flag -fPIC -DPIC works... yes
checking if g++ static flag -static works... yes
checking if g++ supports -c -o file.o... yes
checking if g++ supports -c -o file.o... (cached) yes
checking whether the g++ linker (/usr/bin/ld -m elf_x86_64) supports shared libraries... yes
checking dynamic linker characteristics... (cached) GNU/Linux ld.so
checking how to hardcode library paths into programs... immediate
checking whether C++ compiler accepts -Wall... yes
checking whether C++ compiler accepts -Wextra... yes
checking whether C++ compiler accepts -fexceptions... yes
checking whether C++ compiler accepts -fno-strict-aliasing... yes
checking whether the linker accepts -fno-strict-aliasing... yes
checking whether compiler supports visibility... yes
checking for ANSI C header files... (cached) yes
checking whether byte ordering is bigendian... no
checking for an ANSI C-conforming const... yes
checking for size_t... yes
checking for arc4random_buf (BSD or libbsd)... no
checking for arc4random (BSD, macOS or libbsd)... no
checking for getrandom (Linux 3.17+, glibc 2.25+)... yes
checking for syscall SYS_getrandom (Linux 3.17+)... yes
checking fcntl.h usability... yes
checking fcntl.h presence... yes
checking for fcntl.h... yes
checking for unistd.h... (cached) yes
checking for off_t... yes
checking for stdlib.h... (cached) yes
checking for unistd.h... (cached) yes
checking for sys/param.h... yes
checking for getpagesize... yes
checking for working mmap... yes
checking for docbook2x-man... no
checking for db2x_docbook2man... no
checking for docbook2man... no
checking for docbook-to-man... no
checking that generated files are newer than configure... done
configure: creating ./config.status
config.status: creating Makefile
config.status: creating expat.pc
config.status: creating doc/Makefile
config.status: creating examples/Makefile
config.status: creating lib/Makefile
config.status: creating tests/Makefile
config.status: creating tests/benchmark/Makefile
config.status: creating xmlwf/Makefile
config.status: creating run.sh
config.status: creating expat_config.h
config.status: expat_config.h is unchanged
config.status: executing depfiles commands
config.status: executing libtool commands
configure:

Automake flags (can be overridden by user flags):
  AM_CPPFLAGS: -DHAVE_EXPAT_CONFIG_H -DXML_ENABLE_VISIBILITY=1
    AM_CFLAGS: -Wall -Wextra -fexceptions -fno-strict-aliasing -Wmissing-prototypes -Wstrict-prototypes -pedantic -Wduplicated-cond -Wduplicated-branches -Wlogical-op -Wrestrict -Wnull-dereference -Wjump-misses-init -Wdouble-promotion -Wshadow -Wformat=2 -Wmisleading-indentation -fvisibility=hidden
  AM_CXXFLAGS: -Wall -Wextra -fexceptions -fno-strict-aliasing
   AM_LDFLAGS: -fno-strict-aliasing

User flags (override Automake flags on conflict):
     CPPFLAGS: 
       CFLAGS: -g -O2
     CXXFLAGS: -g -O2
      LDFLAGS: 
make  all-recursive
make[1]: Entering directory '/tmp/tmp.O23c6dwmBg/expat-2.2.10'
Making all in lib
make[2]: Entering directory '/tmp/tmp.O23c6dwmBg/expat-2.2.10/lib'
/bin/sh ../libtool  --tag=CC   --mode=compile gcc -DHAVE_CONFIG_H -I. -I..  -DHAVE_EXPAT_CONFIG_H -DXML_ENABLE_VISIBILITY=1  -Wall -Wextra -fexceptions -fno-strict-aliasing -Wmissing-prototypes -Wstrict-prototypes -pedantic -Wduplicated-cond -Wduplicated-branches -Wlogical-op -Wrestrict -Wnull-dereference -Wjump-misses-init -Wdouble-promotion -Wshadow -Wformat=2 -Wmisleading-indentation -fvisibility=hidden -g -O2 -MT xmlparse.lo -MD -MP -MF .deps/xmlparse.Tpo -c -o xmlparse.lo xmlparse.c
/bin/sh ../libtool  --tag=CC   --mode=compile gcc -DHAVE_CONFIG_H -I. -I..  -DHAVE_EXPAT_CONFIG_H -DXML_ENABLE_VISIBILITY=1  -Wall -Wextra -fexceptions -fno-strict-aliasing -Wmissing-prototypes -Wstrict-prototypes -pedantic -Wduplicated-cond -Wduplicated-branches -Wlogical-op -Wrestrict -Wnull-dereference -Wjump-misses-init -Wdouble-promotion -Wshadow -Wformat=2 -Wmisleading-indentation -fvisibility=hidden -g -O2 -MT xmltok.lo -MD -MP -MF .deps/xmltok.Tpo -c -o xmltok.lo xmltok.c
/bin/sh ../libtool  --tag=CC   --mode=compile gcc -DHAVE_CONFIG_H -I. -I..  -DHAVE_EXPAT_CONFIG_H -DXML_ENABLE_VISIBILITY=1  -Wall -Wextra -fexceptions -fno-strict-aliasing -Wmissing-prototypes -Wstrict-prototypes -pedantic -Wduplicated-cond -Wduplicated-branches -Wlogical-op -Wrestrict -Wnull-dereference -Wjump-misses-init -Wdouble-promotion -Wshadow -Wformat=2 -Wmisleading-indentation -fvisibility=hidden -g -O2 -MT xmlrole.lo -MD -MP -MF .deps/xmlrole.Tpo -c -o xmlrole.lo xmlrole.c
libtool: compile:  gcc -DHAVE_CONFIG_H -I. -I.. -DHAVE_EXPAT_CONFIG_H -DXML_ENABLE_VISIBILITY=1 -Wall -Wextra -fexceptions -fno-strict-aliasing -Wmissing-prototypes -Wstrict-prototypes -pedantic -Wduplicated-cond -Wduplicated-branches -Wlogical-op -Wrestrict -Wnull-dereference -Wjump-misses-init -Wdouble-promotion -Wshadow -Wformat=2 -Wmisleading-indentation -fvisibility=hidden -g -O2 -MT xmltok.lo -MD -MP -MF .deps/xmltok.Tpo -c xmltok.c  -fPIC -DPIC -o .libs/xmltok.o
libtool: compile:  gcc -DHAVE_CONFIG_H -I. -I.. -DHAVE_EXPAT_CONFIG_H -DXML_ENABLE_VISIBILITY=1 -Wall -Wextra -fexceptions -fno-strict-aliasing -Wmissing-prototypes -Wstrict-prototypes -pedantic -Wduplicated-cond -Wduplicated-branches -Wlogical-op -Wrestrict -Wnull-dereference -Wjump-misses-init -Wdouble-promotion -Wshadow -Wformat=2 -Wmisleading-indentation -fvisibility=hidden -g -O2 -MT xmlparse.lo -MD -MP -MF .deps/xmlparse.Tpo -c xmlparse.c  -fPIC -DPIC -o .libs/xmlparse.o
libtool: compile:  gcc -DHAVE_CONFIG_H -I. -I.. -DHAVE_EXPAT_CONFIG_H -DXML_ENABLE_VISIBILITY=1 -Wall -Wextra -fexceptions -fno-strict-aliasing -Wmissing-prototypes -Wstrict-prototypes -pedantic -Wduplicated-cond -Wduplicated-branches -Wlogical-op -Wrestrict -Wnull-dereference -Wjump-misses-init -Wdouble-promotion -Wshadow -Wformat=2 -Wmisleading-indentation -fvisibility=hidden -g -O2 -MT xmlrole.lo -MD -MP -MF .deps/xmlrole.Tpo -c xmlrole.c  -fPIC -DPIC -o .libs/xmlrole.o
mv -f .deps/xmlrole.Tpo .deps/xmlrole.Plo
mv -f .deps/xmlparse.Tpo .deps/xmlparse.Plo
mv -f .deps/xmltok.Tpo .deps/xmltok.Plo
/bin/sh ../libtool  --tag=CC   --mode=link gcc -Wall -Wextra -fexceptions -fno-strict-aliasing -Wmissing-prototypes -Wstrict-prototypes -pedantic -Wduplicated-cond -Wduplicated-branches -Wlogical-op -Wrestrict -Wnull-dereference -Wjump-misses-init -Wdouble-promotion -Wshadow -Wformat=2 -Wmisleading-indentation -fvisibility=hidden -g -O2 -fno-strict-aliasing -no-undefined -version-info 7:12:6  -o libexpat.la -rpath /usr/lib xmlparse.lo xmltok.lo xmlrole.lo  
libtool: link: gcc -shared  -fPIC -DPIC  .libs/xmlparse.o .libs/xmltok.o .libs/xmlrole.o    -g -O2   -Wl,-soname -Wl,libexpat.so.1 -o .libs/libexpat.so.1.6.12
libtool: link: (cd ".libs" && rm -f "libexpat.so.1" && ln -s "libexpat.so.1.6.12" "libexpat.so.1")
libtool: link: (cd ".libs" && rm -f "libexpat.so" && ln -s "libexpat.so.1.6.12" "libexpat.so")
libtool: link: ( cd ".libs" && rm -f "libexpat.la" && ln -s "../libexpat.la" "libexpat.la" )
make[2]: Leaving directory '/tmp/tmp.O23c6dwmBg/expat-2.2.10/lib'
Making all in examples
make[2]: Entering directory '/tmp/tmp.O23c6dwmBg/expat-2.2.10/examples'
gcc -DHAVE_CONFIG_H -I. -I..  -DHAVE_EXPAT_CONFIG_H -DXML_ENABLE_VISIBILITY=1 -I./../lib  -Wall -Wextra -fexceptions -fno-strict-aliasing -Wmissing-prototypes -Wstrict-prototypes -pedantic -Wduplicated-cond -Wduplicated-branches -Wlogical-op -Wrestrict -Wnull-dereference -Wjump-misses-init -Wdouble-promotion -Wshadow -Wformat=2 -Wmisleading-indentation -fvisibility=hidden -g -O2 -MT elements.o -MD -MP -MF .deps/elements.Tpo -c -o elements.o elements.c
gcc -DHAVE_CONFIG_H -I. -I..  -DHAVE_EXPAT_CONFIG_H -DXML_ENABLE_VISIBILITY=1 -I./../lib  -Wall -Wextra -fexceptions -fno-strict-aliasing -Wmissing-prototypes -Wstrict-prototypes -pedantic -Wduplicated-cond -Wduplicated-branches -Wlogical-op -Wrestrict -Wnull-dereference -Wjump-misses-init -Wdouble-promotion -Wshadow -Wformat=2 -Wmisleading-indentation -fvisibility=hidden -g -O2 -MT outline.o -MD -MP -MF .deps/outline.Tpo -c -o outline.o outline.c
mv -f .deps/elements.Tpo .deps/elements.Po
/bin/sh ../libtool  --tag=CC   --mode=link gcc -Wall -Wextra -fexceptions -fno-strict-aliasing -Wmissing-prototypes -Wstrict-prototypes -pedantic -Wduplicated-cond -Wduplicated-branches -Wlogical-op -Wrestrict -Wnull-dereference -Wjump-misses-init -Wdouble-promotion -Wshadow -Wformat=2 -Wmisleading-indentation -fvisibility=hidden -g -O2 -fno-strict-aliasing  -o elements elements.o ../lib/libexpat.la 
mv -f .deps/outline.Tpo .deps/outline.Po
/bin/sh ../libtool  --tag=CC   --mode=link gcc -Wall -Wextra -fexceptions -fno-strict-aliasing -Wmissing-prototypes -Wstrict-prototypes -pedantic -Wduplicated-cond -Wduplicated-branches -Wlogical-op -Wrestrict -Wnull-dereference -Wjump-misses-init -Wdouble-promotion -Wshadow -Wformat=2 -Wmisleading-indentation -fvisibility=hidden -g -O2 -fno-strict-aliasing  -o outline outline.o ../lib/libexpat.la 
libtool: link: gcc -Wall -Wextra -fexceptions -fno-strict-aliasing -Wmissing-prototypes -Wstrict-prototypes -pedantic -Wduplicated-cond -Wduplicated-branches -Wlogical-op -Wrestrict -Wnull-dereference -Wjump-misses-init -Wdouble-promotion -Wshadow -Wformat=2 -Wmisleading-indentation -fvisibility=hidden -g -O2 -fno-strict-aliasing -o .libs/elements elements.o  ../lib/.libs/libexpat.so
libtool: link: gcc -Wall -Wextra -fexceptions -fno-strict-aliasing -Wmissing-prototypes -Wstrict-prototypes -pedantic -Wduplicated-cond -Wduplicated-branches -Wlogical-op -Wrestrict -Wnull-dereference -Wjump-misses-init -Wdouble-promotion -Wshadow -Wformat=2 -Wmisleading-indentation -fvisibility=hidden -g -O2 -fno-strict-aliasing -o .libs/outline outline.o  ../lib/.libs/libexpat.so
make[2]: Leaving directory '/tmp/tmp.O23c6dwmBg/expat-2.2.10/examples'
Making all in tests
make[2]: Entering directory '/tmp/tmp.O23c6dwmBg/expat-2.2.10/tests'
Making all in .
make[3]: Entering directory '/tmp/tmp.O23c6dwmBg/expat-2.2.10/tests'
gcc -DHAVE_CONFIG_H -I. -I..  -DHAVE_EXPAT_CONFIG_H -DXML_ENABLE_VISIBILITY=1 -I./../lib  -Wall -Wextra -fexceptions -fno-strict-aliasing -Wmissing-prototypes -Wstrict-prototypes -pedantic -Wduplicated-cond -Wduplicated-branches -Wlogical-op -Wrestrict -Wnull-dereference -Wjump-misses-init -Wdouble-promotion -Wshadow -Wformat=2 -Wmisleading-indentation -fvisibility=hidden -g -O2 -MT chardata.o -MD -MP -MF .deps/chardata.Tpo -c -o chardata.o chardata.c
gcc -DHAVE_CONFIG_H -I. -I..  -DHAVE_EXPAT_CONFIG_H -DXML_ENABLE_VISIBILITY=1 -I./../lib  -Wall -Wextra -fexceptions -fno-strict-aliasing -Wmissing-prototypes -Wstrict-prototypes -pedantic -Wduplicated-cond -Wduplicated-branches -Wlogical-op -Wrestrict -Wnull-dereference -Wjump-misses-init -Wdouble-promotion -Wshadow -Wformat=2 -Wmisleading-indentation -fvisibility=hidden -g -O2 -MT structdata.o -MD -MP -MF .deps/structdata.Tpo -c -o structdata.o structdata.c
gcc -DHAVE_CONFIG_H -I. -I..  -DHAVE_EXPAT_CONFIG_H -DXML_ENABLE_VISIBILITY=1 -I./../lib  -Wall -Wextra -fexceptions -fno-strict-aliasing -Wmissing-prototypes -Wstrict-prototypes -pedantic -Wduplicated-cond -Wduplicated-branches -Wlogical-op -Wrestrict -Wnull-dereference -Wjump-misses-init -Wdouble-promotion -Wshadow -Wformat=2 -Wmisleading-indentation -fvisibility=hidden -g -O2 -MT memcheck.o -MD -MP -MF .deps/memcheck.Tpo -c -o memcheck.o memcheck.c
gcc -DHAVE_CONFIG_H -I. -I..  -DHAVE_EXPAT_CONFIG_H -DXML_ENABLE_VISIBILITY=1 -I./../lib  -Wall -Wextra -fexceptions -fno-strict-aliasing -Wmissing-prototypes -Wstrict-prototypes -pedantic -Wduplicated-cond -Wduplicated-branches -Wlogical-op -Wrestrict -Wnull-dereference -Wjump-misses-init -Wdouble-promotion -Wshadow -Wformat=2 -Wmisleading-indentation -fvisibility=hidden -g -O2 -MT minicheck.o -MD -MP -MF .deps/minicheck.Tpo -c -o minicheck.o minicheck.c
mv -f .deps/chardata.Tpo .deps/chardata.Po
mv -f .deps/memcheck.Tpo .deps/memcheck.Po
mv -f .deps/structdata.Tpo .deps/structdata.Po
mv -f .deps/minicheck.Tpo .deps/minicheck.Po
rm -f libruntests.a
ar cru libruntests.a chardata.o structdata.o memcheck.o minicheck.o 
ranlib libruntests.a
make[3]: Leaving directory '/tmp/tmp.O23c6dwmBg/expat-2.2.10/tests'
Making all in benchmark
make[3]: Entering directory '/tmp/tmp.O23c6dwmBg/expat-2.2.10/tests/benchmark'
gcc -DHAVE_CONFIG_H -I. -I../..  -DHAVE_EXPAT_CONFIG_H -DXML_ENABLE_VISIBILITY=1 -I./../../lib  -Wall -Wextra -fexceptions -fno-strict-aliasing -Wmissing-prototypes -Wstrict-prototypes -pedantic -Wduplicated-cond -Wduplicated-branches -Wlogical-op -Wrestrict -Wnull-dereference -Wjump-misses-init -Wdouble-promotion -Wshadow -Wformat=2 -Wmisleading-indentation -fvisibility=hidden -g -O2 -MT benchmark.o -MD -MP -MF .deps/benchmark.Tpo -c -o benchmark.o benchmark.c
mv -f .deps/benchmark.Tpo .deps/benchmark.Po
/bin/sh ../../libtool  --tag=CC   --mode=link gcc -Wall -Wextra -fexceptions -fno-strict-aliasing -Wmissing-prototypes -Wstrict-prototypes -pedantic -Wduplicated-cond -Wduplicated-branches -Wlogical-op -Wrestrict -Wnull-dereference -Wjump-misses-init -Wdouble-promotion -Wshadow -Wformat=2 -Wmisleading-indentation -fvisibility=hidden -g -O2 -fno-strict-aliasing  -o benchmark benchmark.o ../../lib/libexpat.la 
libtool: link: gcc -Wall -Wextra -fexceptions -fno-strict-aliasing -Wmissing-prototypes -Wstrict-prototypes -pedantic -Wduplicated-cond -Wduplicated-branches -Wlogical-op -Wrestrict -Wnull-dereference -Wjump-misses-init -Wdouble-promotion -Wshadow -Wformat=2 -Wmisleading-indentation -fvisibility=hidden -g -O2 -fno-strict-aliasing -o .libs/benchmark benchmark.o  ../../lib/.libs/libexpat.so
make[3]: Leaving directory '/tmp/tmp.O23c6dwmBg/expat-2.2.10/tests/benchmark'
make[2]: Leaving directory '/tmp/tmp.O23c6dwmBg/expat-2.2.10/tests'
Making all in xmlwf
make[2]: Entering directory '/tmp/tmp.O23c6dwmBg/expat-2.2.10/xmlwf'
gcc -DHAVE_CONFIG_H -I. -I..  -DHAVE_EXPAT_CONFIG_H -DXML_ENABLE_VISIBILITY=1 -I./../lib   -Wall -Wextra -fexceptions -fno-strict-aliasing -Wmissing-prototypes -Wstrict-prototypes -pedantic -Wduplicated-cond -Wduplicated-branches -Wlogical-op -Wrestrict -Wnull-dereference -Wjump-misses-init -Wdouble-promotion -Wshadow -Wformat=2 -Wmisleading-indentation -fvisibility=hidden -g -O2 -MT xmlwf-xmlwf.o -MD -MP -MF .deps/xmlwf-xmlwf.Tpo -c -o xmlwf-xmlwf.o `test -f 'xmlwf.c' || echo './'`xmlwf.c
gcc -DHAVE_CONFIG_H -I. -I..  -DHAVE_EXPAT_CONFIG_H -DXML_ENABLE_VISIBILITY=1 -I./../lib   -Wall -Wextra -fexceptions -fno-strict-aliasing -Wmissing-prototypes -Wstrict-prototypes -pedantic -Wduplicated-cond -Wduplicated-branches -Wlogical-op -Wrestrict -Wnull-dereference -Wjump-misses-init -Wdouble-promotion -Wshadow -Wformat=2 -Wmisleading-indentation -fvisibility=hidden -g -O2 -MT xmlwf-xmlfile.o -MD -MP -MF .deps/xmlwf-xmlfile.Tpo -c -o xmlwf-xmlfile.o `test -f 'xmlfile.c' || echo './'`xmlfile.c
gcc -DHAVE_CONFIG_H -I. -I..  -DHAVE_EXPAT_CONFIG_H -DXML_ENABLE_VISIBILITY=1 -I./../lib   -Wall -Wextra -fexceptions -fno-strict-aliasing -Wmissing-prototypes -Wstrict-prototypes -pedantic -Wduplicated-cond -Wduplicated-branches -Wlogical-op -Wrestrict -Wnull-dereference -Wjump-misses-init -Wdouble-promotion -Wshadow -Wformat=2 -Wmisleading-indentation -fvisibility=hidden -g -O2 -MT xmlwf-codepage.o -MD -MP -MF .deps/xmlwf-codepage.Tpo -c -o xmlwf-codepage.o `test -f 'codepage.c' || echo './'`codepage.c
gcc -DHAVE_CONFIG_H -I. -I..  -DHAVE_EXPAT_CONFIG_H -DXML_ENABLE_VISIBILITY=1 -I./../lib   -Wall -Wextra -fexceptions -fno-strict-aliasing -Wmissing-prototypes -Wstrict-prototypes -pedantic -Wduplicated-cond -Wduplicated-branches -Wlogical-op -Wrestrict -Wnull-dereference -Wjump-misses-init -Wdouble-promotion -Wshadow -Wformat=2 -Wmisleading-indentation -fvisibility=hidden -g -O2 -MT xmlwf-unixfilemap.o -MD -MP -MF .deps/xmlwf-unixfilemap.Tpo -c -o xmlwf-unixfilemap.o `test -f 'unixfilemap.c' || echo './'`unixfilemap.c
mv -f .deps/xmlwf-codepage.Tpo .deps/xmlwf-codepage.Po
mv -f .deps/xmlwf-unixfilemap.Tpo .deps/xmlwf-unixfilemap.Po
mv -f .deps/xmlwf-xmlfile.Tpo .deps/xmlwf-xmlfile.Po
mv -f .deps/xmlwf-xmlwf.Tpo .deps/xmlwf-xmlwf.Po
/bin/sh ../libtool  --tag=CC   --mode=link gcc -Wall -Wextra -fexceptions -fno-strict-aliasing -Wmissing-prototypes -Wstrict-prototypes -pedantic -Wduplicated-cond -Wduplicated-branches -Wlogical-op -Wrestrict -Wnull-dereference -Wjump-misses-init -Wdouble-promotion -Wshadow -Wformat=2 -Wmisleading-indentation -fvisibility=hidden -g -O2 -fno-strict-aliasing   -o xmlwf xmlwf-xmlwf.o xmlwf-xmlfile.o xmlwf-codepage.o xmlwf-unixfilemap.o ../lib/libexpat.la 
libtool: link: gcc -Wall -Wextra -fexceptions -fno-strict-aliasing -Wmissing-prototypes -Wstrict-prototypes -pedantic -Wduplicated-cond -Wduplicated-branches -Wlogical-op -Wrestrict -Wnull-dereference -Wjump-misses-init -Wdouble-promotion -Wshadow -Wformat=2 -Wmisleading-indentation -fvisibility=hidden -g -O2 -fno-strict-aliasing -o .libs/xmlwf xmlwf-xmlwf.o xmlwf-xmlfile.o xmlwf-codepage.o xmlwf-unixfilemap.o  ../lib/.libs/libexpat.so
make[2]: Leaving directory '/tmp/tmp.O23c6dwmBg/expat-2.2.10/xmlwf'
Making all in doc
make[2]: Entering directory '/tmp/tmp.O23c6dwmBg/expat-2.2.10/doc'
make[2]: Nothing to be done for 'all'.
make[2]: Leaving directory '/tmp/tmp.O23c6dwmBg/expat-2.2.10/doc'
make[2]: Entering directory '/tmp/tmp.O23c6dwmBg/expat-2.2.10'
make[2]: Leaving directory '/tmp/tmp.O23c6dwmBg/expat-2.2.10'
make[1]: Leaving directory '/tmp/tmp.O23c6dwmBg/expat-2.2.10'
Making install in lib
make[1]: Entering directory '/tmp/tmp.O23c6dwmBg/expat-2.2.10/lib'
make[2]: Entering directory '/tmp/tmp.O23c6dwmBg/expat-2.2.10/lib'
 /bin/mkdir -p '/usr/lib'
 /bin/mkdir -p '/usr/share/doc/expat-2.2.10'
 /bin/mkdir -p '/usr/include'
 /bin/sh ../libtool   --mode=install /usr/bin/install -c   libexpat.la '/usr/lib'
 /usr/bin/install -c -m 644 ../AUTHORS ../Changes '/usr/share/doc/expat-2.2.10'
 /usr/bin/install -c -m 644 ../expat_config.h expat.h expat_external.h '/usr/include'
make  install-data-hook
make[3]: Entering directory '/tmp/tmp.O23c6dwmBg/expat-2.2.10/lib'
cd "/usr/share/doc/expat-2.2.10" && mv -f Changes changelog
make[3]: Leaving directory '/tmp/tmp.O23c6dwmBg/expat-2.2.10/lib'
libtool: install: /usr/bin/install -c .libs/libexpat.so.1.6.12 /usr/lib/libexpat.so.1.6.12
libtool: install: (cd /usr/lib && { ln -s -f libexpat.so.1.6.12 libexpat.so.1 || { rm -f libexpat.so.1 && ln -s libexpat.so.1.6.12 libexpat.so.1; }; })
libtool: install: (cd /usr/lib && { ln -s -f libexpat.so.1.6.12 libexpat.so || { rm -f libexpat.so && ln -s libexpat.so.1.6.12 libexpat.so; }; })
libtool: install: /usr/bin/install -c .libs/libexpat.lai /usr/lib/libexpat.la
libtool: finish: PATH="/bin:/usr/bin:/sbin:/usr/sbin:/sbin" ldconfig -n /usr/lib
----------------------------------------------------------------------
Libraries have been installed in:
   /usr/lib

If you ever happen to want to link against installed libraries
in a given directory, LIBDIR, you must either use libtool, and
specify the full pathname of the library, or use the '-LLIBDIR'
flag during linking and do at least one of the following:
   - add LIBDIR to the 'LD_LIBRARY_PATH' environment variable
     during execution
   - add LIBDIR to the 'LD_RUN_PATH' environment variable
     during linking
   - use the '-Wl,-rpath -Wl,LIBDIR' linker flag
   - have your system administrator add LIBDIR to '/etc/ld.so.conf'

See any operating system documentation about shared libraries for
more information, such as the ld(1) and ld.so(8) manual pages.
----------------------------------------------------------------------
make[2]: Leaving directory '/tmp/tmp.O23c6dwmBg/expat-2.2.10/lib'
make[1]: Leaving directory '/tmp/tmp.O23c6dwmBg/expat-2.2.10/lib'
Making install in examples
make[1]: Entering directory '/tmp/tmp.O23c6dwmBg/expat-2.2.10/examples'
make[2]: Entering directory '/tmp/tmp.O23c6dwmBg/expat-2.2.10/examples'
make[2]: Nothing to be done for 'install-exec-am'.
make[2]: Nothing to be done for 'install-data-am'.
make[2]: Leaving directory '/tmp/tmp.O23c6dwmBg/expat-2.2.10/examples'
make[1]: Leaving directory '/tmp/tmp.O23c6dwmBg/expat-2.2.10/examples'
Making install in tests
make[1]: Entering directory '/tmp/tmp.O23c6dwmBg/expat-2.2.10/tests'
Making install in .
make[2]: Entering directory '/tmp/tmp.O23c6dwmBg/expat-2.2.10/tests'
make[3]: Entering directory '/tmp/tmp.O23c6dwmBg/expat-2.2.10/tests'
make[3]: Nothing to be done for 'install-exec-am'.
make[3]: Nothing to be done for 'install-data-am'.
make[3]: Leaving directory '/tmp/tmp.O23c6dwmBg/expat-2.2.10/tests'
make[2]: Leaving directory '/tmp/tmp.O23c6dwmBg/expat-2.2.10/tests'
Making install in benchmark
make[2]: Entering directory '/tmp/tmp.O23c6dwmBg/expat-2.2.10/tests/benchmark'
make[3]: Entering directory '/tmp/tmp.O23c6dwmBg/expat-2.2.10/tests/benchmark'
make[3]: Nothing to be done for 'install-exec-am'.
make[3]: Nothing to be done for 'install-data-am'.
make[3]: Leaving directory '/tmp/tmp.O23c6dwmBg/expat-2.2.10/tests/benchmark'
make[2]: Leaving directory '/tmp/tmp.O23c6dwmBg/expat-2.2.10/tests/benchmark'
make[1]: Leaving directory '/tmp/tmp.O23c6dwmBg/expat-2.2.10/tests'
Making install in xmlwf
make[1]: Entering directory '/tmp/tmp.O23c6dwmBg/expat-2.2.10/xmlwf'
make[2]: Entering directory '/tmp/tmp.O23c6dwmBg/expat-2.2.10/xmlwf'
make[2]: Nothing to be done for 'install-data-am'.
 /bin/mkdir -p '/usr/bin'
  /bin/sh ../libtool   --mode=install /usr/bin/install -c xmlwf '/usr/bin'
libtool: install: /usr/bin/install -c .libs/xmlwf /usr/bin/xmlwf
make[2]: Leaving directory '/tmp/tmp.O23c6dwmBg/expat-2.2.10/xmlwf'
make[1]: Leaving directory '/tmp/tmp.O23c6dwmBg/expat-2.2.10/xmlwf'
Making install in doc
make[1]: Entering directory '/tmp/tmp.O23c6dwmBg/expat-2.2.10/doc'
make[2]: Entering directory '/tmp/tmp.O23c6dwmBg/expat-2.2.10/doc'
make[2]: Nothing to be done for 'install-exec-am'.
make[2]: Leaving directory '/tmp/tmp.O23c6dwmBg/expat-2.2.10/doc'
make[1]: Leaving directory '/tmp/tmp.O23c6dwmBg/expat-2.2.10/doc'
make[1]: Entering directory '/tmp/tmp.O23c6dwmBg/expat-2.2.10'
make[2]: Entering directory '/tmp/tmp.O23c6dwmBg/expat-2.2.10'
make[2]: Nothing to be done for 'install-exec-am'.
 /bin/mkdir -p '/usr/lib/pkgconfig'
 /usr/bin/install -c -m 644 expat.pc '/usr/lib/pkgconfig'
make[2]: Leaving directory '/tmp/tmp.O23c6dwmBg/expat-2.2.10'
make[1]: Leaving directory '/tmp/tmp.O23c6dwmBg/expat-2.2.10'
'doc/reference.html' -> '/usr/share/doc/expat-2.2.10/reference.html'
'doc/expat.png' -> '/usr/share/doc/expat-2.2.10/expat.png'
'doc/valid-xhtml10.png' -> '/usr/share/doc/expat-2.2.10/valid-xhtml10.png'
'doc/style.css' -> '/usr/share/doc/expat-2.2.10/style.css'

real	0m7.871s
user	0m9.335s
sys	0m1.851s
