checking build system type... x86_64-pc-linux-gnu
checking host system type... x86_64-pc-linux-gnu
checking how to print strings... printf
checking for gcc... gcc
checking whether the C compiler works... yes
checking for C compiler default output file name... a.out
checking for suffix of executables... 
checking whether we are cross compiling... no
checking for suffix of object files... o
checking whether we are using the GNU C compiler... yes
checking whether gcc accepts -g... yes
checking for gcc option to accept ISO C89... none needed
checking whether gcc understands -c and -o together... yes
checking for a sed that does not truncate output... /bin/sed
checking for grep that handles long lines and -e... /bin/grep
checking for egrep... /bin/grep -E
checking for fgrep... /bin/grep -F
checking for ld used by gcc... /usr/x86_64-lfs-linux-gnu/bin/ld
checking if the linker (/usr/x86_64-lfs-linux-gnu/bin/ld) is GNU ld... yes
checking for BSD- or MS-compatible name lister (nm)... /usr/bin/nm -B
checking the name lister (/usr/bin/nm -B) interface... BSD nm
checking whether ln -s works... yes
checking the maximum length of command line arguments... 1572864
checking how to convert x86_64-pc-linux-gnu file names to x86_64-pc-linux-gnu format... func_convert_file_noop
checking how to convert x86_64-pc-linux-gnu file names to toolchain format... func_convert_file_noop
checking for /usr/x86_64-lfs-linux-gnu/bin/ld option to reload object files... -r
checking for objdump... objdump
checking how to recognize dependent libraries... pass_all
checking for dlltool... no
checking how to associate runtime and link libraries... printf %s\n
checking for ar... ar
checking for archiver @FILE support... @
checking for strip... strip
checking for ranlib... ranlib
checking for gawk... gawk
checking command to parse /usr/bin/nm -B output from gcc object... ok
checking for sysroot... no
checking for a working dd... /bin/dd
checking how to truncate binary pipes... /bin/dd bs=4096 count=1
checking for mt... no
checking if : is a manifest tool... no
checking how to run the C preprocessor... gcc -E
checking for ANSI C header files... yes
checking for sys/types.h... yes
checking for sys/stat.h... yes
checking for stdlib.h... yes
checking for string.h... yes
checking for memory.h... yes
checking for strings.h... yes
checking for inttypes.h... yes
checking for stdint.h... yes
checking for unistd.h... yes
checking for dlfcn.h... yes
checking for objdir... .libs
checking if gcc supports -fno-rtti -fno-exceptions... no
checking for gcc option to produce PIC... -fPIC -DPIC
checking if gcc PIC flag -fPIC -DPIC works... yes
checking if gcc static flag -static works... yes
checking if gcc supports -c -o file.o... yes
checking if gcc supports -c -o file.o... (cached) yes
checking whether the gcc linker (/usr/x86_64-lfs-linux-gnu/bin/ld -m elf_x86_64) supports shared libraries... yes
checking whether -lc should be explicitly linked in... no
checking dynamic linker characteristics... GNU/Linux ld.so
checking how to hardcode library paths into programs... immediate
checking whether stripping libraries is possible... yes
checking if libtool supports shared libraries... yes
checking whether to build shared libraries... yes
checking whether to build static libraries... yes
checking for a BSD-compatible install... /usr/bin/install -c
checking whether build environment is sane... yes
checking for a thread-safe mkdir -p... /bin/mkdir -p
checking whether make sets $(MAKE)... yes
checking for style of include used by make... GNU
checking whether make supports nested variables... yes
checking dependency style of gcc... gcc3
checking whether NLS is requested... yes
checking for msgfmt... /usr/bin/msgfmt
checking for gmsgfmt... /usr/bin/msgfmt
checking for xgettext... /usr/bin/xgettext
checking for msgmerge... /usr/bin/msgmerge
checking for ld used by GCC... /usr/x86_64-lfs-linux-gnu/bin/ld -m elf_x86_64
checking if the linker (/usr/x86_64-lfs-linux-gnu/bin/ld -m elf_x86_64) is GNU ld... yes
checking for shared library run path origin... done
checking for CFPreferencesCopyAppValue... no
checking for CFLocaleCopyCurrent... no
checking for GNU gettext in libc... yes
checking whether to use NLS... yes
checking where the gettext function comes from... libc
checking for bison... bison -y
checking for flex... no
checking for lex... no
checking for gcc... (cached) gcc
checking whether we are using the GNU C compiler... (cached) yes
checking whether gcc accepts -g... (cached) yes
checking for gcc option to accept ISO C89... (cached) none needed
checking whether gcc understands -c and -o together... (cached) yes
checking for gcc... gcc
checking whether we are using the GNU C compiler... (cached) yes
checking whether gcc accepts -g... yes
checking for gcc option to accept ISO C89... (cached) none needed
checking whether gcc understands -c and -o together... (cached) yes
checking how to run the C preprocessor... gcc -E
checking for g++... g++
checking whether we are using the GNU C++ compiler... yes
checking whether g++ accepts -g... yes
checking how to run the C++ preprocessor... g++ -E
checking for ld used by g++... /usr/x86_64-lfs-linux-gnu/bin/ld -m elf_x86_64
checking if the linker (/usr/x86_64-lfs-linux-gnu/bin/ld -m elf_x86_64) is GNU ld... yes
checking whether the g++ linker (/usr/x86_64-lfs-linux-gnu/bin/ld -m elf_x86_64) supports shared libraries... yes
checking for g++ option to produce PIC... -fPIC -DPIC
checking if g++ PIC flag -fPIC -DPIC works... yes
checking if g++ static flag -static works... yes
checking if g++ supports -c -o file.o... yes
checking if g++ supports -c -o file.o... (cached) yes
checking whether the g++ linker (/usr/x86_64-lfs-linux-gnu/bin/ld -m elf_x86_64) supports shared libraries... yes
checking dynamic linker characteristics... (cached) GNU/Linux ld.so
checking how to hardcode library paths into programs... immediate
checking dependency style of g++... gcc3
checking whether ln -s works... yes
checking for gawk... (cached) gawk
checking for help2man... ${top_srcdir}/build-aux/missing help2man
configure: WARNING: help2man: program not found: building man page will not work
checking for gtexi2dvi... no
checking for texi2dvi... /usr/bin/texi2dvi
checking for m4 that supports -P... /usr/bin/m4
checking for indent... ${top_srcdir}/build-aux/missing indent
checking if ${top_srcdir}/build-aux/missing indent is GNU indent... no
configure: WARNING: ${top_srcdir}/build-aux/missing indent does not appear to be GNU indent; 'make indent' may not function properly
checking regex.h usability... yes
checking regex.h presence... yes
checking for regex.h... yes
checking for strings.h... (cached) yes
checking for sys/stat.h... (cached) yes
checking sys/wait.h usability... yes
checking sys/wait.h presence... yes
checking for sys/wait.h... yes
checking for unistd.h... (cached) yes
checking for inttypes.h... (cached) yes
checking libintl.h usability... yes
checking libintl.h presence... yes
checking for libintl.h... yes
checking limits.h usability... yes
checking limits.h presence... yes
checking for limits.h... yes
checking locale.h usability... yes
checking locale.h presence... yes
checking for locale.h... yes
checking malloc.h usability... yes
checking malloc.h presence... yes
checking for malloc.h... yes
checking netinet/in.h usability... yes
checking netinet/in.h presence... yes
checking for netinet/in.h... yes
checking for pthread_mutex_lock in -lpthread... yes
checking pthread.h usability... yes
checking pthread.h presence... yes
checking for pthread.h... yes
checking for log10 in -lm... yes
checking for stdbool.h that conforms to C99... yes
checking for _Bool... yes
checking for an ANSI C-conforming const... yes
checking for size_t... yes
checking for working alloca.h... yes
checking for alloca... yes
checking for pid_t... yes
checking vfork.h usability... no
checking vfork.h presence... no
checking for vfork.h... no
checking for fork... yes
checking for vfork... yes
checking for working fork... yes
checking for working vfork... (cached) yes
checking for stdlib.h... (cached) yes
checking for GNU libc compatible malloc... yes
checking for stdlib.h... (cached) yes
checking for GNU libc compatible realloc... yes
checking for dup2... yes
checking for memset... yes
checking for regcomp... yes
checking for strcasecmp... yes
checking for strchr... yes
checking for strdup... yes
checking for strtol... yes
checking for pow... yes
checking for setlocale... yes
checking for reallocarray... yes
checking that generated files are newer than configure... done
configure: creating ./config.status
config.status: creating Makefile
config.status: creating doc/Makefile
config.status: creating examples/Makefile
config.status: creating examples/fastwc/Makefile
config.status: creating examples/manual/Makefile
config.status: creating po/Makefile.in
config.status: creating src/Makefile
config.status: creating tools/Makefile
config.status: creating tests/Makefile
config.status: creating src/config.h
config.status: executing libtool commands
config.status: executing depfiles commands
config.status: executing po-directories commands
config.status: creating po/POTFILES
config.status: creating po/Makefile
Making all in src
make[1]: Entering directory '/tmp/tmp.rTgEWjHWFR/flex-2.6.4/src'
make  all-am
make[2]: Entering directory '/tmp/tmp.rTgEWjHWFR/flex-2.6.4/src'
depbase=`echo libmain.lo | sed 's|[^/]*$|.deps/&|;s|\.lo$||'`;\
/bin/sh ../libtool  --tag=CC   --mode=compile gcc -DHAVE_CONFIG_H -I.  -DLOCALEDIR=\"/usr/share/locale\"   -g -O2 -MT libmain.lo -MD -MP -MF $depbase.Tpo -c -o libmain.lo libmain.c &&\
mv -f $depbase.Tpo $depbase.Plo
depbase=`echo libyywrap.lo | sed 's|[^/]*$|.deps/&|;s|\.lo$||'`;\
/bin/sh ../libtool  --tag=CC   --mode=compile gcc -DHAVE_CONFIG_H -I.  -DLOCALEDIR=\"/usr/share/locale\"   -g -O2 -MT libyywrap.lo -MD -MP -MF $depbase.Tpo -c -o libyywrap.lo libyywrap.c &&\
mv -f $depbase.Tpo $depbase.Plo
gcc -DHAVE_CONFIG_H -I.  -DLOCALEDIR=\"/usr/share/locale\"    -g -O2 -MT flex-buf.o -MD -MP -MF .deps/flex-buf.Tpo -c -o flex-buf.o `test -f 'buf.c' || echo './'`buf.c
gcc -DHAVE_CONFIG_H -I.  -DLOCALEDIR=\"/usr/share/locale\"    -g -O2 -MT flex-ccl.o -MD -MP -MF .deps/flex-ccl.Tpo -c -o flex-ccl.o `test -f 'ccl.c' || echo './'`ccl.c
gcc -DHAVE_CONFIG_H -I.  -DLOCALEDIR=\"/usr/share/locale\"    -g -O2 -MT flex-dfa.o -MD -MP -MF .deps/flex-dfa.Tpo -c -o flex-dfa.o `test -f 'dfa.c' || echo './'`dfa.c
gcc -DHAVE_CONFIG_H -I.  -DLOCALEDIR=\"/usr/share/locale\"    -g -O2 -MT flex-ecs.o -MD -MP -MF .deps/flex-ecs.Tpo -c -o flex-ecs.o `test -f 'ecs.c' || echo './'`ecs.c
gcc -DHAVE_CONFIG_H -I.  -DLOCALEDIR=\"/usr/share/locale\"    -g -O2 -MT flex-filter.o -MD -MP -MF .deps/flex-filter.Tpo -c -o flex-filter.o `test -f 'filter.c' || echo './'`filter.c
gcc -DHAVE_CONFIG_H -I.  -DLOCALEDIR=\"/usr/share/locale\"    -g -O2 -MT flex-gen.o -MD -MP -MF .deps/flex-gen.Tpo -c -o flex-gen.o `test -f 'gen.c' || echo './'`gen.c
mv -f .deps/flex-buf.Tpo .deps/flex-buf.Po
gcc -DHAVE_CONFIG_H -I.  -DLOCALEDIR=\"/usr/share/locale\"    -g -O2 -MT flex-main.o -MD -MP -MF .deps/flex-main.Tpo -c -o flex-main.o `test -f 'main.c' || echo './'`main.c
mv -f .deps/flex-ccl.Tpo .deps/flex-ccl.Po
mv -f .deps/flex-ecs.Tpo .deps/flex-ecs.Po
gcc -DHAVE_CONFIG_H -I.  -DLOCALEDIR=\"/usr/share/locale\"    -g -O2 -MT flex-misc.o -MD -MP -MF .deps/flex-misc.Tpo -c -o flex-misc.o `test -f 'misc.c' || echo './'`misc.c
gcc -DHAVE_CONFIG_H -I.  -DLOCALEDIR=\"/usr/share/locale\"    -g -O2 -MT flex-nfa.o -MD -MP -MF .deps/flex-nfa.Tpo -c -o flex-nfa.o `test -f 'nfa.c' || echo './'`nfa.c
mv -f .deps/flex-filter.Tpo .deps/flex-filter.Po
gcc -DHAVE_CONFIG_H -I.  -DLOCALEDIR=\"/usr/share/locale\"    -g -O2 -MT flex-options.o -MD -MP -MF .deps/flex-options.Tpo -c -o flex-options.o `test -f 'options.c' || echo './'`options.c
mv -f .deps/flex-options.Tpo .deps/flex-options.Po
gcc -DHAVE_CONFIG_H -I.  -DLOCALEDIR=\"/usr/share/locale\"    -g -O2 -MT flex-parse.o -MD -MP -MF .deps/flex-parse.Tpo -c -o flex-parse.o `test -f 'parse.c' || echo './'`parse.c
libtool: compile:  gcc -DHAVE_CONFIG_H -I. -DLOCALEDIR=\"/usr/share/locale\" -g -O2 -MT libyywrap.lo -MD -MP -MF .deps/libyywrap.Tpo -c libyywrap.c  -fPIC -DPIC -o .libs/libyywrap.o
libtool: compile:  gcc -DHAVE_CONFIG_H -I. -DLOCALEDIR=\"/usr/share/locale\" -g -O2 -MT libmain.lo -MD -MP -MF .deps/libmain.Tpo -c libmain.c  -fPIC -DPIC -o .libs/libmain.o
libtool: compile:  gcc -DHAVE_CONFIG_H -I. -DLOCALEDIR=\"/usr/share/locale\" -g -O2 -MT libmain.lo -MD -MP -MF .deps/libmain.Tpo -c libmain.c -o libmain.o >/dev/null 2>&1
libtool: compile:  gcc -DHAVE_CONFIG_H -I. -DLOCALEDIR=\"/usr/share/locale\" -g -O2 -MT libyywrap.lo -MD -MP -MF .deps/libyywrap.Tpo -c libyywrap.c -o libyywrap.o >/dev/null 2>&1
gcc -DHAVE_CONFIG_H -I.  -DLOCALEDIR=\"/usr/share/locale\"    -g -O2 -MT flex-regex.o -MD -MP -MF .deps/flex-regex.Tpo -c -o flex-regex.o `test -f 'regex.c' || echo './'`regex.c
gcc -DHAVE_CONFIG_H -I.  -DLOCALEDIR=\"/usr/share/locale\"    -g -O2 -MT flex-scanflags.o -MD -MP -MF .deps/flex-scanflags.Tpo -c -o flex-scanflags.o `test -f 'scanflags.c' || echo './'`scanflags.c
mv -f .deps/flex-nfa.Tpo .deps/flex-nfa.Po
gcc -DHAVE_CONFIG_H -I.  -DLOCALEDIR=\"/usr/share/locale\"    -g -O2 -MT flex-scanopt.o -MD -MP -MF .deps/flex-scanopt.Tpo -c -o flex-scanopt.o `test -f 'scanopt.c' || echo './'`scanopt.c
mv -f .deps/flex-misc.Tpo .deps/flex-misc.Po
gcc -DHAVE_CONFIG_H -I.  -DLOCALEDIR=\"/usr/share/locale\"    -g -O2 -MT flex-skel.o -MD -MP -MF .deps/flex-skel.Tpo -c -o flex-skel.o `test -f 'skel.c' || echo './'`skel.c
mv -f .deps/flex-dfa.Tpo .deps/flex-dfa.Po
gcc -DHAVE_CONFIG_H -I.  -DLOCALEDIR=\"/usr/share/locale\"    -g -O2 -MT flex-sym.o -MD -MP -MF .deps/flex-sym.Tpo -c -o flex-sym.o `test -f 'sym.c' || echo './'`sym.c
mv -f .deps/flex-scanflags.Tpo .deps/flex-scanflags.Po
gcc -DHAVE_CONFIG_H -I.  -DLOCALEDIR=\"/usr/share/locale\"    -g -O2 -MT flex-tables.o -MD -MP -MF .deps/flex-tables.Tpo -c -o flex-tables.o `test -f 'tables.c' || echo './'`tables.c
mv -f .deps/flex-regex.Tpo .deps/flex-regex.Po
gcc -DHAVE_CONFIG_H -I.  -DLOCALEDIR=\"/usr/share/locale\"    -g -O2 -MT flex-tables_shared.o -MD -MP -MF .deps/flex-tables_shared.Tpo -c -o flex-tables_shared.o `test -f 'tables_shared.c' || echo './'`tables_shared.c
mv -f .deps/flex-skel.Tpo .deps/flex-skel.Po
gcc -DHAVE_CONFIG_H -I.  -DLOCALEDIR=\"/usr/share/locale\"    -g -O2 -MT flex-tblcmp.o -MD -MP -MF .deps/flex-tblcmp.Tpo -c -o flex-tblcmp.o `test -f 'tblcmp.c' || echo './'`tblcmp.c
mv -f .deps/flex-main.Tpo .deps/flex-main.Po
gcc -DHAVE_CONFIG_H -I.  -DLOCALEDIR=\"/usr/share/locale\"    -g -O2 -MT flex-yylex.o -MD -MP -MF .deps/flex-yylex.Tpo -c -o flex-yylex.o `test -f 'yylex.c' || echo './'`yylex.c
mv -f .deps/flex-tables_shared.Tpo .deps/flex-tables_shared.Po
gcc -DHAVE_CONFIG_H -I.  -DLOCALEDIR=\"/usr/share/locale\"   -g -O2 -MT stage1flex-scan.o -MD -MP -MF .deps/stage1flex-scan.Tpo -c -o stage1flex-scan.o `test -f 'scan.c' || echo './'`scan.c
mv -f .deps/flex-sym.Tpo .deps/flex-sym.Po
gcc -DHAVE_CONFIG_H -I.  -DLOCALEDIR=\"/usr/share/locale\"   -g -O2 -MT stage1flex-buf.o -MD -MP -MF .deps/stage1flex-buf.Tpo -c -o stage1flex-buf.o `test -f 'buf.c' || echo './'`buf.c
mv -f .deps/flex-yylex.Tpo .deps/flex-yylex.Po
gcc -DHAVE_CONFIG_H -I.  -DLOCALEDIR=\"/usr/share/locale\"   -g -O2 -MT stage1flex-ccl.o -MD -MP -MF .deps/stage1flex-ccl.Tpo -c -o stage1flex-ccl.o `test -f 'ccl.c' || echo './'`ccl.c
mv -f .deps/flex-tables.Tpo .deps/flex-tables.Po
gcc -DHAVE_CONFIG_H -I.  -DLOCALEDIR=\"/usr/share/locale\"   -g -O2 -MT stage1flex-dfa.o -MD -MP -MF .deps/stage1flex-dfa.Tpo -c -o stage1flex-dfa.o `test -f 'dfa.c' || echo './'`dfa.c
mv -f .deps/stage1flex-buf.Tpo .deps/stage1flex-buf.Po
gcc -DHAVE_CONFIG_H -I.  -DLOCALEDIR=\"/usr/share/locale\"   -g -O2 -MT stage1flex-ecs.o -MD -MP -MF .deps/stage1flex-ecs.Tpo -c -o stage1flex-ecs.o `test -f 'ecs.c' || echo './'`ecs.c
mv -f .deps/stage1flex-ccl.Tpo .deps/stage1flex-ccl.Po
gcc -DHAVE_CONFIG_H -I.  -DLOCALEDIR=\"/usr/share/locale\"   -g -O2 -MT stage1flex-filter.o -MD -MP -MF .deps/stage1flex-filter.Tpo -c -o stage1flex-filter.o `test -f 'filter.c' || echo './'`filter.c
mv -f .deps/flex-scanopt.Tpo .deps/flex-scanopt.Po
gcc -DHAVE_CONFIG_H -I.  -DLOCALEDIR=\"/usr/share/locale\"   -g -O2 -MT stage1flex-gen.o -MD -MP -MF .deps/stage1flex-gen.Tpo -c -o stage1flex-gen.o `test -f 'gen.c' || echo './'`gen.c
mv -f .deps/flex-tblcmp.Tpo .deps/flex-tblcmp.Po
gcc -DHAVE_CONFIG_H -I.  -DLOCALEDIR=\"/usr/share/locale\"   -g -O2 -MT stage1flex-main.o -MD -MP -MF .deps/stage1flex-main.Tpo -c -o stage1flex-main.o `test -f 'main.c' || echo './'`main.c
mv -f .deps/stage1flex-ecs.Tpo .deps/stage1flex-ecs.Po
gcc -DHAVE_CONFIG_H -I.  -DLOCALEDIR=\"/usr/share/locale\"   -g -O2 -MT stage1flex-misc.o -MD -MP -MF .deps/stage1flex-misc.Tpo -c -o stage1flex-misc.o `test -f 'misc.c' || echo './'`misc.c
mv -f .deps/stage1flex-filter.Tpo .deps/stage1flex-filter.Po
gcc -DHAVE_CONFIG_H -I.  -DLOCALEDIR=\"/usr/share/locale\"   -g -O2 -MT stage1flex-nfa.o -MD -MP -MF .deps/stage1flex-nfa.Tpo -c -o stage1flex-nfa.o `test -f 'nfa.c' || echo './'`nfa.c
mv -f .deps/flex-parse.Tpo .deps/flex-parse.Po
gcc -DHAVE_CONFIG_H -I.  -DLOCALEDIR=\"/usr/share/locale\"   -g -O2 -MT stage1flex-options.o -MD -MP -MF .deps/stage1flex-options.Tpo -c -o stage1flex-options.o `test -f 'options.c' || echo './'`options.c
mv -f .deps/stage1flex-options.Tpo .deps/stage1flex-options.Po
gcc -DHAVE_CONFIG_H -I.  -DLOCALEDIR=\"/usr/share/locale\"   -g -O2 -MT stage1flex-parse.o -MD -MP -MF .deps/stage1flex-parse.Tpo -c -o stage1flex-parse.o `test -f 'parse.c' || echo './'`parse.c
mv -f .deps/stage1flex-dfa.Tpo .deps/stage1flex-dfa.Po
gcc -DHAVE_CONFIG_H -I.  -DLOCALEDIR=\"/usr/share/locale\"   -g -O2 -MT stage1flex-regex.o -MD -MP -MF .deps/stage1flex-regex.Tpo -c -o stage1flex-regex.o `test -f 'regex.c' || echo './'`regex.c
mv -f .deps/stage1flex-misc.Tpo .deps/stage1flex-misc.Po
mv -f .deps/stage1flex-nfa.Tpo .deps/stage1flex-nfa.Po
gcc -DHAVE_CONFIG_H -I.  -DLOCALEDIR=\"/usr/share/locale\"   -g -O2 -MT stage1flex-scanflags.o -MD -MP -MF .deps/stage1flex-scanflags.Tpo -c -o stage1flex-scanflags.o `test -f 'scanflags.c' || echo './'`scanflags.c
gcc -DHAVE_CONFIG_H -I.  -DLOCALEDIR=\"/usr/share/locale\"   -g -O2 -MT stage1flex-scanopt.o -MD -MP -MF .deps/stage1flex-scanopt.Tpo -c -o stage1flex-scanopt.o `test -f 'scanopt.c' || echo './'`scanopt.c
mv -f .deps/stage1flex-main.Tpo .deps/stage1flex-main.Po
gcc -DHAVE_CONFIG_H -I.  -DLOCALEDIR=\"/usr/share/locale\"   -g -O2 -MT stage1flex-skel.o -MD -MP -MF .deps/stage1flex-skel.Tpo -c -o stage1flex-skel.o `test -f 'skel.c' || echo './'`skel.c
mv -f .deps/stage1flex-scanflags.Tpo .deps/stage1flex-scanflags.Po
gcc -DHAVE_CONFIG_H -I.  -DLOCALEDIR=\"/usr/share/locale\"   -g -O2 -MT stage1flex-sym.o -MD -MP -MF .deps/stage1flex-sym.Tpo -c -o stage1flex-sym.o `test -f 'sym.c' || echo './'`sym.c
mv -f .deps/stage1flex-regex.Tpo .deps/stage1flex-regex.Po
gcc -DHAVE_CONFIG_H -I.  -DLOCALEDIR=\"/usr/share/locale\"   -g -O2 -MT stage1flex-tables.o -MD -MP -MF .deps/stage1flex-tables.Tpo -c -o stage1flex-tables.o `test -f 'tables.c' || echo './'`tables.c
mv -f .deps/stage1flex-skel.Tpo .deps/stage1flex-skel.Po
gcc -DHAVE_CONFIG_H -I.  -DLOCALEDIR=\"/usr/share/locale\"   -g -O2 -MT stage1flex-tables_shared.o -MD -MP -MF .deps/stage1flex-tables_shared.Tpo -c -o stage1flex-tables_shared.o `test -f 'tables_shared.c' || echo './'`tables_shared.c
mv -f .deps/stage1flex-sym.Tpo .deps/stage1flex-sym.Po
gcc -DHAVE_CONFIG_H -I.  -DLOCALEDIR=\"/usr/share/locale\"   -g -O2 -MT stage1flex-tblcmp.o -MD -MP -MF .deps/stage1flex-tblcmp.Tpo -c -o stage1flex-tblcmp.o `test -f 'tblcmp.c' || echo './'`tblcmp.c
mv -f .deps/stage1flex-tables_shared.Tpo .deps/stage1flex-tables_shared.Po
gcc -DHAVE_CONFIG_H -I.  -DLOCALEDIR=\"/usr/share/locale\"   -g -O2 -MT stage1flex-yylex.o -MD -MP -MF .deps/stage1flex-yylex.Tpo -c -o stage1flex-yylex.o `test -f 'yylex.c' || echo './'`yylex.c
mv -f .deps/stage1flex-scanopt.Tpo .deps/stage1flex-scanopt.Po
/bin/sh ../libtool  --tag=CC   --mode=link gcc  -g -O2 -version-info 2:0:0  -o libfl.la -rpath /usr/lib libmain.lo libyywrap.lo  -lm 
mv -f .deps/stage1flex-yylex.Tpo .deps/stage1flex-yylex.Po
mv -f .deps/stage1flex-tables.Tpo .deps/stage1flex-tables.Po
libtool: link: gcc -shared  -fPIC -DPIC  .libs/libmain.o .libs/libyywrap.o   -lm  -g -O2   -Wl,-soname -Wl,libfl.so.2 -o .libs/libfl.so.2.0.0
libtool: link: (cd ".libs" && rm -f "libfl.so.2" && ln -s "libfl.so.2.0.0" "libfl.so.2")
libtool: link: (cd ".libs" && rm -f "libfl.so" && ln -s "libfl.so.2.0.0" "libfl.so")
libtool: link: ar cru .libs/libfl.a  libmain.o libyywrap.o
libtool: link: ranlib .libs/libfl.a
libtool: link: ( cd ".libs" && rm -f "libfl.la" && ln -s "../libfl.la" "libfl.la" )
mv -f .deps/stage1flex-tblcmp.Tpo .deps/stage1flex-tblcmp.Po
mv -f .deps/stage1flex-parse.Tpo .deps/stage1flex-parse.Po
mv -f .deps/flex-gen.Tpo .deps/flex-gen.Po
mv -f .deps/stage1flex-gen.Tpo .deps/stage1flex-gen.Po
mv -f .deps/stage1flex-scan.Tpo .deps/stage1flex-scan.Po
/bin/sh ../libtool  --tag=CC   --mode=link gcc  -g -O2   -o stage1flex stage1flex-scan.o stage1flex-buf.o stage1flex-ccl.o stage1flex-dfa.o stage1flex-ecs.o stage1flex-filter.o stage1flex-gen.o stage1flex-main.o stage1flex-misc.o stage1flex-nfa.o stage1flex-options.o stage1flex-parse.o stage1flex-regex.o stage1flex-scanflags.o stage1flex-scanopt.o stage1flex-skel.o stage1flex-sym.o stage1flex-tables.o stage1flex-tables_shared.o stage1flex-tblcmp.o stage1flex-yylex.o    -lm 
libtool: link: gcc -g -O2 -o stage1flex stage1flex-scan.o stage1flex-buf.o stage1flex-ccl.o stage1flex-dfa.o stage1flex-ecs.o stage1flex-filter.o stage1flex-gen.o stage1flex-main.o stage1flex-misc.o stage1flex-nfa.o stage1flex-options.o stage1flex-parse.o stage1flex-regex.o stage1flex-scanflags.o stage1flex-scanopt.o stage1flex-skel.o stage1flex-sym.o stage1flex-tables.o stage1flex-tables_shared.o stage1flex-tblcmp.o stage1flex-yylex.o  -lm
./stage1flex   -o stage1scan.c ./scan.l
gcc -DHAVE_CONFIG_H -I.  -DLOCALEDIR=\"/usr/share/locale\"    -g -O2 -MT flex-stage1scan.o -MD -MP -MF .deps/flex-stage1scan.Tpo -c -o flex-stage1scan.o `test -f 'stage1scan.c' || echo './'`stage1scan.c
mv -f .deps/flex-stage1scan.Tpo .deps/flex-stage1scan.Po
/bin/sh ../libtool  --tag=CC   --mode=link gcc   -g -O2   -o flex flex-buf.o flex-ccl.o flex-dfa.o flex-ecs.o flex-filter.o flex-gen.o flex-main.o flex-misc.o flex-nfa.o flex-options.o flex-parse.o flex-regex.o flex-scanflags.o flex-scanopt.o flex-skel.o flex-sym.o flex-tables.o flex-tables_shared.o flex-tblcmp.o flex-yylex.o flex-stage1scan.o   -lm 
libtool: link: gcc -g -O2 -o flex flex-buf.o flex-ccl.o flex-dfa.o flex-ecs.o flex-filter.o flex-gen.o flex-main.o flex-misc.o flex-nfa.o flex-options.o flex-parse.o flex-regex.o flex-scanflags.o flex-scanopt.o flex-skel.o flex-sym.o flex-tables.o flex-tables_shared.o flex-tblcmp.o flex-yylex.o flex-stage1scan.o  -lm
make[2]: Leaving directory '/tmp/tmp.rTgEWjHWFR/flex-2.6.4/src'
make[1]: Leaving directory '/tmp/tmp.rTgEWjHWFR/flex-2.6.4/src'
Making all in doc
make[1]: Entering directory '/tmp/tmp.rTgEWjHWFR/flex-2.6.4/doc'
make[1]: Nothing to be done for 'all'.
make[1]: Leaving directory '/tmp/tmp.rTgEWjHWFR/flex-2.6.4/doc'
Making all in examples
make[1]: Entering directory '/tmp/tmp.rTgEWjHWFR/flex-2.6.4/examples'
Making all in manual
make[2]: Entering directory '/tmp/tmp.rTgEWjHWFR/flex-2.6.4/examples/manual'
make[2]: Nothing to be done for 'all'.
make[2]: Leaving directory '/tmp/tmp.rTgEWjHWFR/flex-2.6.4/examples/manual'
Making all in fastwc
make[2]: Entering directory '/tmp/tmp.rTgEWjHWFR/flex-2.6.4/examples/fastwc'
make[2]: Nothing to be done for 'all'.
make[2]: Leaving directory '/tmp/tmp.rTgEWjHWFR/flex-2.6.4/examples/fastwc'
make[2]: Entering directory '/tmp/tmp.rTgEWjHWFR/flex-2.6.4/examples'
make[2]: Nothing to be done for 'all-am'.
make[2]: Leaving directory '/tmp/tmp.rTgEWjHWFR/flex-2.6.4/examples'
make[1]: Leaving directory '/tmp/tmp.rTgEWjHWFR/flex-2.6.4/examples'
Making all in po
make[1]: Entering directory '/tmp/tmp.rTgEWjHWFR/flex-2.6.4/po'
make[1]: Leaving directory '/tmp/tmp.rTgEWjHWFR/flex-2.6.4/po'
Making all in tests
make[1]: Entering directory '/tmp/tmp.rTgEWjHWFR/flex-2.6.4/tests'
Makefile:2917: warning: ignoring prerequisites on suffix rule definition
Makefile:2920: warning: ignoring prerequisites on suffix rule definition
Makefile:2947: warning: ignoring prerequisites on suffix rule definition
make[1]: Nothing to be done for 'all'.
make[1]: Leaving directory '/tmp/tmp.rTgEWjHWFR/flex-2.6.4/tests'
Making all in tools
make[1]: Entering directory '/tmp/tmp.rTgEWjHWFR/flex-2.6.4/tools'
make[1]: Nothing to be done for 'all'.
make[1]: Leaving directory '/tmp/tmp.rTgEWjHWFR/flex-2.6.4/tools'
make[1]: Entering directory '/tmp/tmp.rTgEWjHWFR/flex-2.6.4'
make[1]: Nothing to be done for 'all-am'.
make[1]: Leaving directory '/tmp/tmp.rTgEWjHWFR/flex-2.6.4'
Making install in src
make[1]: Entering directory '/tmp/tmp.rTgEWjHWFR/flex-2.6.4/src'
make[2]: Entering directory '/tmp/tmp.rTgEWjHWFR/flex-2.6.4/src'
 /bin/mkdir -p '/usr/lib'
 /bin/mkdir -p '/usr/include'
 /bin/sh ../libtool   --mode=install /usr/bin/install -c   libfl.la '/usr/lib'
 /usr/bin/install -c -m 644 FlexLexer.h '/usr/include'
libtool: install: /usr/bin/install -c .libs/libfl.so.2.0.0 /usr/lib/libfl.so.2.0.0
libtool: install: (cd /usr/lib && { ln -s -f libfl.so.2.0.0 libfl.so.2 || { rm -f libfl.so.2 && ln -s libfl.so.2.0.0 libfl.so.2; }; })
libtool: install: (cd /usr/lib && { ln -s -f libfl.so.2.0.0 libfl.so || { rm -f libfl.so && ln -s libfl.so.2.0.0 libfl.so; }; })
libtool: install: /usr/bin/install -c .libs/libfl.lai /usr/lib/libfl.la
libtool: install: /usr/bin/install -c .libs/libfl.a /usr/lib/libfl.a
libtool: install: chmod 644 /usr/lib/libfl.a
libtool: install: ranlib /usr/lib/libfl.a
libtool: finish: PATH="/bin:/usr/bin:/sbin:/usr/sbin:/sbin" ldconfig -n /usr/lib
----------------------------------------------------------------------
Libraries have been installed in:
   /usr/lib

If you ever happen to want to link against installed libraries
in a given directory, LIBDIR, you must either use libtool, and
specify the full pathname of the library, or use the '-LLIBDIR'
flag during linking and do at least one of the following:
   - add LIBDIR to the 'LD_LIBRARY_PATH' environment variable
     during execution
   - add LIBDIR to the 'LD_RUN_PATH' environment variable
     during linking
   - use the '-Wl,-rpath -Wl,LIBDIR' linker flag
   - have your system administrator add LIBDIR to '/etc/ld.so.conf'

See any operating system documentation about shared libraries for
more information, such as the ld(1) and ld.so(8) manual pages.
----------------------------------------------------------------------
 /bin/mkdir -p '/usr/bin'
  /bin/sh ../libtool   --mode=install /usr/bin/install -c flex '/usr/bin'
libtool: install: /usr/bin/install -c flex /usr/bin/flex
make[2]: Leaving directory '/tmp/tmp.rTgEWjHWFR/flex-2.6.4/src'
make[1]: Leaving directory '/tmp/tmp.rTgEWjHWFR/flex-2.6.4/src'
Making install in doc
make[1]: Entering directory '/tmp/tmp.rTgEWjHWFR/flex-2.6.4/doc'
make[2]: Entering directory '/tmp/tmp.rTgEWjHWFR/flex-2.6.4/doc'
make[2]: Nothing to be done for 'install-exec-am'.
 /bin/mkdir -p '/usr/share/man/man1'
 /bin/mkdir -p '/usr/share/info'
 /usr/bin/install -c -m 644 flex.1 '/usr/share/man/man1'
 /usr/bin/install -c -m 644 ./flex.info ./flex.info-1 ./flex.info-2 '/usr/share/info'
 install-info --info-dir='/usr/share/info' '/usr/share/info/flex.info'
make[2]: Leaving directory '/tmp/tmp.rTgEWjHWFR/flex-2.6.4/doc'
make[1]: Leaving directory '/tmp/tmp.rTgEWjHWFR/flex-2.6.4/doc'
Making install in examples
make[1]: Entering directory '/tmp/tmp.rTgEWjHWFR/flex-2.6.4/examples'
Making install in manual
make[2]: Entering directory '/tmp/tmp.rTgEWjHWFR/flex-2.6.4/examples/manual'
make[3]: Entering directory '/tmp/tmp.rTgEWjHWFR/flex-2.6.4/examples/manual'
make[3]: Nothing to be done for 'install-exec-am'.
make[3]: Nothing to be done for 'install-data-am'.
make[3]: Leaving directory '/tmp/tmp.rTgEWjHWFR/flex-2.6.4/examples/manual'
make[2]: Leaving directory '/tmp/tmp.rTgEWjHWFR/flex-2.6.4/examples/manual'
Making install in fastwc
make[2]: Entering directory '/tmp/tmp.rTgEWjHWFR/flex-2.6.4/examples/fastwc'
make[3]: Entering directory '/tmp/tmp.rTgEWjHWFR/flex-2.6.4/examples/fastwc'
make[3]: Nothing to be done for 'install-exec-am'.
make[3]: Nothing to be done for 'install-data-am'.
make[3]: Leaving directory '/tmp/tmp.rTgEWjHWFR/flex-2.6.4/examples/fastwc'
make[2]: Leaving directory '/tmp/tmp.rTgEWjHWFR/flex-2.6.4/examples/fastwc'
make[2]: Entering directory '/tmp/tmp.rTgEWjHWFR/flex-2.6.4/examples'
make[3]: Entering directory '/tmp/tmp.rTgEWjHWFR/flex-2.6.4/examples'
make[3]: Nothing to be done for 'install-exec-am'.
make[3]: Nothing to be done for 'install-data-am'.
make[3]: Leaving directory '/tmp/tmp.rTgEWjHWFR/flex-2.6.4/examples'
make[2]: Leaving directory '/tmp/tmp.rTgEWjHWFR/flex-2.6.4/examples'
make[1]: Leaving directory '/tmp/tmp.rTgEWjHWFR/flex-2.6.4/examples'
Making install in po
make[1]: Entering directory '/tmp/tmp.rTgEWjHWFR/flex-2.6.4/po'
installing ca.gmo as /usr/share/locale/ca/LC_MESSAGES/flex.mo
installing da.gmo as /usr/share/locale/da/LC_MESSAGES/flex.mo
installing de.gmo as /usr/share/locale/de/LC_MESSAGES/flex.mo
installing en@quot.gmo as /usr/share/locale/en@quot/LC_MESSAGES/flex.mo
installing en@boldquot.gmo as /usr/share/locale/en@boldquot/LC_MESSAGES/flex.mo
installing eo.gmo as /usr/share/locale/eo/LC_MESSAGES/flex.mo
installing es.gmo as /usr/share/locale/es/LC_MESSAGES/flex.mo
installing fi.gmo as /usr/share/locale/fi/LC_MESSAGES/flex.mo
installing fr.gmo as /usr/share/locale/fr/LC_MESSAGES/flex.mo
installing ga.gmo as /usr/share/locale/ga/LC_MESSAGES/flex.mo
installing hr.gmo as /usr/share/locale/hr/LC_MESSAGES/flex.mo
installing ko.gmo as /usr/share/locale/ko/LC_MESSAGES/flex.mo
installing nl.gmo as /usr/share/locale/nl/LC_MESSAGES/flex.mo
installing pl.gmo as /usr/share/locale/pl/LC_MESSAGES/flex.mo
installing pt_BR.gmo as /usr/share/locale/pt_BR/LC_MESSAGES/flex.mo
installing ro.gmo as /usr/share/locale/ro/LC_MESSAGES/flex.mo
installing ru.gmo as /usr/share/locale/ru/LC_MESSAGES/flex.mo
installing sr.gmo as /usr/share/locale/sr/LC_MESSAGES/flex.mo
installing sv.gmo as /usr/share/locale/sv/LC_MESSAGES/flex.mo
installing tr.gmo as /usr/share/locale/tr/LC_MESSAGES/flex.mo
installing vi.gmo as /usr/share/locale/vi/LC_MESSAGES/flex.mo
installing zh_CN.gmo as /usr/share/locale/zh_CN/LC_MESSAGES/flex.mo
installing zh_TW.gmo as /usr/share/locale/zh_TW/LC_MESSAGES/flex.mo
if test "flex" = "gettext-tools"; then \
  /bin/mkdir -p /usr/share/gettext/po; \
  for file in Makefile.in.in remove-potcdate.sin quot.sed boldquot.sed en@quot.header en@boldquot.header insert-header.sin Rules-quot   Makevars.template; do \
    /usr/bin/install -c -m 644 ./$file \
		    /usr/share/gettext/po/$file; \
  done; \
  for file in Makevars; do \
    rm -f /usr/share/gettext/po/$file; \
  done; \
else \
  : ; \
fi
make[1]: Leaving directory '/tmp/tmp.rTgEWjHWFR/flex-2.6.4/po'
Making install in tests
make[1]: Entering directory '/tmp/tmp.rTgEWjHWFR/flex-2.6.4/tests'
Makefile:2917: warning: ignoring prerequisites on suffix rule definition
Makefile:2920: warning: ignoring prerequisites on suffix rule definition
Makefile:2947: warning: ignoring prerequisites on suffix rule definition
make[2]: Entering directory '/tmp/tmp.rTgEWjHWFR/flex-2.6.4/tests'
Makefile:2917: warning: ignoring prerequisites on suffix rule definition
Makefile:2920: warning: ignoring prerequisites on suffix rule definition
Makefile:2947: warning: ignoring prerequisites on suffix rule definition
make[2]: Nothing to be done for 'install-exec-am'.
make[2]: Nothing to be done for 'install-data-am'.
make[2]: Leaving directory '/tmp/tmp.rTgEWjHWFR/flex-2.6.4/tests'
make[1]: Leaving directory '/tmp/tmp.rTgEWjHWFR/flex-2.6.4/tests'
Making install in tools
make[1]: Entering directory '/tmp/tmp.rTgEWjHWFR/flex-2.6.4/tools'
make[2]: Entering directory '/tmp/tmp.rTgEWjHWFR/flex-2.6.4/tools'
make[2]: Nothing to be done for 'install-exec-am'.
make[2]: Nothing to be done for 'install-data-am'.
make[2]: Leaving directory '/tmp/tmp.rTgEWjHWFR/flex-2.6.4/tools'
make[1]: Leaving directory '/tmp/tmp.rTgEWjHWFR/flex-2.6.4/tools'
make[1]: Entering directory '/tmp/tmp.rTgEWjHWFR/flex-2.6.4'
make[2]: Entering directory '/tmp/tmp.rTgEWjHWFR/flex-2.6.4'
make  install-exec-hook
 /bin/mkdir -p '/usr/share/doc/flex-2.6.4'
make[3]: Entering directory '/tmp/tmp.rTgEWjHWFR/flex-2.6.4'
cd /usr/bin && \
	ln -s -f flex flex++
 /usr/bin/install -c -m 644 AUTHORS COPYING NEWS ONEWS README.md '/usr/share/doc/flex-2.6.4'
make[3]: Leaving directory '/tmp/tmp.rTgEWjHWFR/flex-2.6.4'
make[2]: Leaving directory '/tmp/tmp.rTgEWjHWFR/flex-2.6.4'
make[1]: Leaving directory '/tmp/tmp.rTgEWjHWFR/flex-2.6.4'
'/usr/bin/lex' -> 'flex'

real	0m10.120s
user	0m21.704s
sys	0m3.213s
