checking for a BSD-compatible install... /usr/bin/install -c
checking whether build environment is sane... yes
checking for a race-free mkdir -p... /bin/mkdir -p
checking for gawk... gawk
checking whether make sets $(MAKE)... yes
checking whether make supports nested variables... yes
checking whether make supports nested variables... (cached) yes
checking build system type... x86_64-pc-linux-gnu
checking host system type... x86_64-pc-linux-gnu
checking for gawk... (cached) gawk
checking for gcc... gcc
checking whether the C compiler works... yes
checking for C compiler default output file name... a.out
checking for suffix of executables... 
checking whether we are cross compiling... no
checking for suffix of object files... o
checking whether the compiler supports GNU C... yes
checking whether gcc accepts -g... yes
checking for gcc option to enable C11 features... none needed
checking whether the compiler is clang... no
checking for compiler option needed when checking for declarations... none
checking whether make supports the include directive... yes (GNU style)
checking dependency style of gcc... gcc3
checking for sys/types.h... yes
checking for sys/stat.h... yes
checking for strings.h... yes
checking for inttypes.h... yes
checking for stdint.h... yes
checking for unistd.h... yes
checking for ucontext.h... yes
checking for sys/param.h... yes
checking for sys/socket.h... yes
checking for dirent.h... yes
checking for fnmatch.h... yes
checking for stdio_ext.h... yes
checking for sys/vfs.h... yes
checking for getopt.h... yes
checking for sys/cdefs.h... yes
checking for threads.h... yes
checking for iconv.h... yes
checking for limits.h... yes
checking for wchar.h... yes
checking for crtdefs.h... no
checking for wctype.h... yes
checking for langinfo.h... yes
checking for xlocale.h... no
checking for sys/mman.h... yes
checking for malloc.h... yes
checking for sys/time.h... yes
checking for features.h... yes
checking for arpa/inet.h... yes
checking for netdb.h... yes
checking for netinet/in.h... yes
checking for sys/select.h... yes
checking for pthread.h... yes
checking for sys/wait.h... yes
checking for sys/ioctl.h... yes
checking for sys/uio.h... yes
checking for minix/config.h... no
checking whether it is safe to define __EXTENSIONS__... yes
checking whether _XOPEN_SOURCE should be defined... no
checking how to run the C preprocessor... gcc -E
checking for grep that handles long lines and -e... /bin/grep
checking for egrep... /bin/grep -E
checking for Minix Amsterdam compiler... no
checking for ar... ar
checking for ranlib... ranlib
checking for special C compiler options needed for large files... no
checking for _FILE_OFFSET_BITS value needed for large files... no
checking for ranlib... (cached) ranlib
checking for pkg-config... /usr/bin/pkg-config
checking pkg-config is at least version 0.9.0... yes
checking for size_t... yes
checking for an ANSI C-conforming const... yes
checking for working alloca.h... yes
checking for alloca... yes
checking whether <wchar.h> uses 'inline' correctly... yes
checking for btowc... yes
checking for setrlimit... yes
checking for sigaltstack... yes
checking for _set_invalid_parameter_handler... no
checking for fchdir... yes
checking for strerror_r... yes
checking for fcntl... yes
checking for symlink... yes
checking for fdopendir... yes
checking for mempcpy... yes
checking for fnmatch... yes
checking for mbsrtowcs... yes
checking for fstatat... yes
checking for openat... yes
checking for fstatfs... yes
checking for getdtablesize... yes
checking for getprogname... no
checking for getexecname... no
checking for isblank... yes
checking for iswcntrl... yes
checking for iswblank... yes
checking for lstat... yes
checking for mbsinit... yes
checking for mbrtowc... yes
checking for mbrlen... yes
checking for mbslen... no
checking for mprotect... yes
checking for nl_langinfo... yes
checking for iswctype... yes
checking for sigaction... yes
checking for siginterrupt... yes
checking for __xpg_strerror_r... yes
checking for strtoimax... yes
checking for strtoumax... yes
checking for pipe... yes
checking for wcrtomb... yes
checking for wctob... yes
checking for wcwidth... yes
checking for wmempcpy... yes
checking for ftruncate... yes
checking for gettimeofday... yes
checking for duplocale... yes
checking for newlocale... yes
checking for uselocale... yes
checking for freelocale... yes
checking for pthread_sigmask... yes
checking for setenv... yes
checking for sleep... yes
checking for snprintf... yes
checking for catgets... yes
checking for shutdown... yes
checking for vasnprintf... no
checking for isascii... yes
checking for setlocale... yes
checking for nl_langinfo and CODESET... yes
checking for a traditional french locale... fr_FR
checking for working C stack overflow detection... yes
checking for correct stack_t interpretation... yes
checking for precise C stack overflow detection... no
checking how gcc reports undeclared, standard C functions... error
checking for ld used by gcc... /usr/bin/ld
checking if the linker (/usr/bin/ld) is GNU ld... yes
checking for shared library run path origin... done
checking 32-bit host C ABI... no
checking for ELF binary format... yes
checking for the common suffixes of directories in the library search path... lib,lib,lib
checking whether the preprocessor supports include_next... yes
checking whether source code line length is unlimited... yes
checking for inline... inline
checking for complete errno.h... yes
checking whether strerror_r is declared... yes
checking whether strerror_r returns char *... yes
checking whether fchdir is declared... yes
checking for working fcntl.h... yes
checking for pid_t... yes
checking for mode_t... yes
checking for promoted mode_t type... mode_t
checking for mbstate_t... yes
checking whether stat file-mode macros are broken... no
checking for C/C++ restrict keyword... __restrict
checking for nlink_t... yes
checking whether lstat correctly handles trailing slash... yes
checking for O_CLOEXEC... yes
checking whether getcwd (NULL, 0) allocates memory for result... yes
checking for getcwd with POSIX signature... yes
checking whether getdtablesize is declared... yes
checking for getopt.h... (cached) yes
checking for getopt_long_only... yes
checking whether getopt is POSIX compatible... yes
checking for working GNU getopt function... yes
checking for working GNU getopt_long function... yes
checking for pthread.h... (cached) yes
checking whether POSIX threads API is available... yes
checking whether setlocale (LC_ALL, NULL) is multithread-safe... yes
checking whether setlocale (category, NULL) is multithread-safe... yes
checking for iconv... yes
checking for working iconv... yes
checking whether iconv is compatible with its POSIX signature... yes
checking whether limits.h has LLONG_MAX, WORD_BIT, ULLONG_WIDTH etc.... yes
checking for wint_t... yes
checking whether wint_t is large enough... yes
checking whether the compiler produces multi-arch binaries... no
checking whether stdint.h conforms to C99... yes
checking whether stdint.h works without ISO C predefines... yes
checking whether stdint.h has UINTMAX_WIDTH etc.... yes
checking whether iswcntrl works... yes
checking for towlower... yes
checking for wctype_t... yes
checking for wctrans_t... yes
checking for a traditional japanese locale... ja_JP
checking for a french Unicode locale... fr_FR.UTF-8
checking for a transitional chinese locale... zh_CN.GB18030
checking for wchar_t... yes
checking for good max_align_t... yes
checking whether NULL can be used in arbitrary expressions... yes
checking whether locale.h defines locale_t... yes
checking whether imported symbols can be declared weak... yes
checking for multithread API to use... posix
checking for a sed that does not truncate output... /bin/sed
checking whether malloc, realloc, calloc are POSIX compliant... yes
checking for GNU libc compatible malloc... yes
checking whether mbrtowc handles incomplete characters... yes
checking whether mbrtowc works as well as mbtowc... yes
checking whether mbrtowc handles a NULL pwc argument... yes
checking whether mbrtowc handles a NULL string argument... yes
checking whether mbrtowc has a correct return value... yes
checking whether mbrtowc returns 0 when parsing a NUL character... yes
checking whether mbrtowc stores incomplete characters... no
checking whether mbrtowc works on empty input... (cached) assume yes
checking whether the C locale is free of encoding errors... no
checking for mmap... yes
checking for MAP_ANONYMOUS... yes
checking whether memchr works... yes
checking whether memrchr is declared... yes
checking whether <limits.h> defines MIN and MAX... no
checking whether <sys/param.h> defines MIN and MAX... yes
checking for sigset_t... yes
checking whether alarm is declared... yes
checking whether we are using the GNU C Library >= 2.1 or uClibc... yes
checking for ssize_t... yes
checking for uid_t in sys/types.h... yes
checking for stdbool.h that conforms to C99... yes
checking for _Bool... yes
checking whether strdup is declared... yes
checking whether strerror(0) succeeds... yes
checking for strerror_r with POSIX signature... no
checking whether __xpg_strerror_r works... yes
checking whether strnlen is declared... yes
checking whether strstr works... yes
checking whether strtoimax is declared... yes
checking whether strtoumax is declared... yes
checking for struct timespec in <time.h>... yes
checking whether clearerr_unlocked is declared... yes
checking whether feof_unlocked is declared... yes
checking whether ferror_unlocked is declared... yes
checking whether fflush_unlocked is declared... yes
checking whether fgets_unlocked is declared... yes
checking whether fputc_unlocked is declared... yes
checking whether fputs_unlocked is declared... yes
checking whether fread_unlocked is declared... yes
checking whether fwrite_unlocked is declared... yes
checking whether getc_unlocked is declared... yes
checking whether getchar_unlocked is declared... yes
checking whether putc_unlocked is declared... yes
checking whether putchar_unlocked is declared... yes
checking whether <sys/socket.h> is self-contained... yes
checking for shutdown... (cached) yes
checking whether <sys/socket.h> defines the SHUT_* macros... yes
checking for struct sockaddr_storage... yes
checking for sa_family_t... yes
checking for struct sockaddr_storage.ss_family... yes
checking if environ is properly declared... yes
checking for struct timeval... yes
checking for wide-enough struct timeval.tv_sec member... yes
checking for IPv4 sockets... yes
checking for IPv6 sockets... yes
checking for off_t... yes
checking for LC_MESSAGES... yes
checking whether uselocale works... yes
checking for fake locale system (OpenBSD)... no
checking for Solaris 11.4 locale system... no
checking for getlocalename_l... no
checking for CFPreferencesCopyAppValue... no
checking for CFLocaleCopyPreferredLanguages... no
checking whether <sys/select.h> is self-contained... yes
checking for library containing setsockopt... none needed
checking whether select supports a 0 argument... yes
checking whether select detects invalid fds... yes
checking whether setenv is declared... yes
checking for search.h... yes
checking for tsearch... yes
checking whether snprintf returns a byte count as in C99... yes
checking whether snprintf is declared... yes
checking whether unsetenv is declared... yes
checking for inttypes.h... yes
checking for stdint.h... yes
checking for intmax_t... yes
checking where to find the exponent in a 'double'... word 1 bit 20
checking whether snprintf truncates the result as in C99... yes
checking for snprintf... (cached) yes
checking for strnlen... yes
checking for wcslen... yes
checking for wcsnlen... yes
checking for mbrtowc... (cached) yes
checking for wcrtomb... (cached) yes
checking whether _snprintf is declared... no
checking for alloca as a compiler built-in... yes
checking whether to enable assertions... yes
checking whether btowc(0) is correct... yes
checking whether btowc(EOF) is correct... yes
checking for __builtin_expect... yes
checking whether sigaltstack is declared... yes
checking for stack_t... yes
checking for libsigsegv... no, consider installing GNU libsigsegv
checking whether this system supports file names of any length... no
checking for closedir... yes
checking for d_ino member in directory struct... yes
checking for d_type member in directory struct... yes
checking for dirfd... yes
checking whether dirfd is declared... yes
checking whether dirfd is a macro... no
checking whether // is distinct from /... no
checking whether dup works... yes
checking whether dup2 works... yes
checking for error_at_line... yes
checking whether fcntl handles F_DUPFD correctly... yes
checking whether fcntl understands F_DUPFD_CLOEXEC... needs runtime check
checking whether fdopendir is declared... yes
checking whether fdopendir works... yes
checking for flexible array member... yes
checking for working POSIX fnmatch... yes
checking whether fopen recognizes a trailing slash... yes
checking whether fopen supports the mode character 'x'... yes
checking whether fopen supports the mode character 'e'... yes
checking for __fpending... yes
checking whether __fpending is declared... yes
checking whether fstatat (..., 0) works... yes
checking for struct statfs.f_type... yes
checking for __fsword_t... yes
checking for fts_open... yes
checking whether getdtablesize works... yes
checking for getpagesize... yes
checking whether getpagesize is declared... yes
checking whether program_invocation_name is declared... yes
checking whether program_invocation_short_name is declared... yes
checking whether __argv is declared... no
checking whether the compiler generally respects inline... yes
checking whether INT32_MAX < INTMAX_MAX... yes
checking whether INT64_MAX == LONG_MAX... yes
checking whether UINT32_MAX < UINTMAX_MAX... yes
checking whether UINT64_MAX == ULONG_MAX... yes
checking whether iswblank is declared... yes
checking whether iswdigit is ISO C compliant... yes
checking whether iswxdigit is ISO C compliant... yes
checking whether langinfo.h defines CODESET... yes
checking whether langinfo.h defines T_FMT_AMPM... yes
checking whether langinfo.h defines ALTMON_1... yes
checking whether langinfo.h defines ERA... yes
checking whether langinfo.h defines YESEXPR... yes
checking whether the compiler supports the __inline keyword... yes
checking whether locale.h conforms to POSIX:2001... yes
checking whether struct lconv is properly defined... yes
checking for pthread_rwlock_t... yes
checking whether pthread_rwlock_rdlock prefers a writer to a reader... no
checking whether lseek detects pipes... yes
checking for GNU libc compatible malloc... (cached) yes
checking whether mbrtowc handles incomplete characters... (cached) yes
checking whether mbrtowc works as well as mbtowc... (cached) yes
checking whether mbrtowc handles a NULL pwc argument... (cached) yes
checking whether mbrtowc handles a NULL string argument... (cached) yes
checking whether mbrtowc has a correct return value... (cached) yes
checking whether mbrtowc returns 0 when parsing a NUL character... (cached) yes
checking whether mbrtowc stores incomplete characters... (cached) no
checking whether mbrtowc works on empty input... (cached) assume yes
checking whether the C locale is free of encoding errors... (cached) no
checking whether mbrtowc handles incomplete characters... (cached) yes
checking whether mbrtowc works as well as mbtowc... (cached) yes
checking whether mbrtowc handles incomplete characters... (cached) yes
checking whether mbrtowc works as well as mbtowc... (cached) yes
checking whether mbsrtowcs works... yes
checking for mbtowc... yes
checking for mempcpy... (cached) yes
checking for memrchr... yes
checking whether YESEXPR works... yes
checking for obstacks that work with any size object... no
checking whether open recognizes a trailing slash... yes
checking for opendir... yes
checking for perl5.005 or newer... yes
checking for raise... yes
checking for sigprocmask... yes
checking for rawmemchr... yes
checking for readdir... yes
checking for GNU libc compatible realloc... yes
checking for working re_compile_pattern... no
checking for libintl.h... yes
checking whether isblank is declared... yes
checking whether setlocale (LC_ALL, NULL) is multithread-safe... (cached) yes
checking whether setlocale (category, NULL) is multithread-safe... (cached) yes
checking for struct sigaction.sa_sigaction... yes
checking for volatile sig_atomic_t... yes
checking for sighandler_t... yes
checking for sigprocmask... (cached) yes
checking for ssize_t... (cached) yes
checking whether stat handles trailing slashes on files... yes
checking for struct stat.st_atim.tv_nsec... yes
checking whether struct stat.st_atim is of type struct timespec... yes
checking for struct stat.st_birthtimespec.tv_nsec... no
checking for struct stat.st_birthtimensec... no
checking for struct stat.st_birthtim.tv_nsec... no
checking for working stdalign.h... yes
checking for va_copy... yes
checking for good max_align_t... (cached) yes
checking whether NULL can be used in arbitrary expressions... (cached) yes
checking which flavor of printf attribute matches inttypes macros... system
checking for stpcpy... yes
checking for working strerror function... yes
checking for working strnlen... yes
checking whether strstr works in linear time... yes
checking whether strstr works... (cached) yes
checking whether strtoimax works... yes
checking for strtoll... yes
checking for strtoull... yes
checking for nlink_t... (cached) yes
checking whether mbrtowc handles incomplete characters... (cached) yes
checking whether mbrtowc works as well as mbtowc... (cached) yes
checking whether wcrtomb works in the C locale... yes
checking whether wcrtomb return value is correct... yes
checking whether wctob works... yes
checking whether wctob is declared... yes
checking whether iswcntrl works... (cached) yes
checking for towlower... (cached) yes
checking for wctype_t... (cached) yes
checking for wctrans_t... (cached) yes
checking whether wcwidth is declared... yes
checking whether wcwidth works reasonably in UTF-8 locales... yes
checking for wmemchr... yes
checking for a traditional french locale... (cached) fr_FR
checking for a french Unicode locale... (cached) fr_FR.UTF-8
checking for a traditional french locale... (cached) fr_FR
checking for a turkish Unicode locale... tr_TR.UTF-8
checking whether fdopen sets errno... yes
checking whether conversion from 'int' to 'long double' works... yes
checking for gettimeofday with POSIX signature... yes
checking for library containing inet_pton... none required
checking whether inet_pton is declared... yes
checking whether byte ordering is bigendian... no
checking for ioctl... yes
checking for ioctl with POSIX signature... no
checking for a traditional french locale... (cached) fr_FR
checking for a french Unicode locale... (cached) fr_FR.UTF-8
checking for a traditional japanese locale... (cached) ja_JP
checking for a transitional chinese locale... (cached) zh_CN.GB18030
checking for a traditional french locale... (cached) fr_FR
checking for a french Unicode locale... (cached) fr_FR.UTF-8
checking for a traditional japanese locale... (cached) ja_JP
checking for a transitional chinese locale... (cached) zh_CN.GB18030
checking for a turkish Unicode locale... (cached) tr_TR.UTF-8
checking for a french Unicode locale... (cached) fr_FR.UTF-8
checking for a traditional french locale... (cached) fr_FR
checking for a french Unicode locale... (cached) fr_FR.UTF-8
checking for a traditional japanese locale... (cached) ja_JP
checking for a transitional chinese locale... (cached) zh_CN.GB18030
checking for a french Unicode locale... (cached) fr_FR.UTF-8
checking for a transitional chinese locale... (cached) zh_CN.GB18030
checking for mmap... (cached) yes
checking for MAP_ANONYMOUS... yes
checking for mmap... (cached) yes
checking for MAP_ANONYMOUS... yes
checking for mmap... (cached) yes
checking for MAP_ANONYMOUS... yes
checking for library containing nanosleep... none required
checking for working nanosleep... no (mishandles large arguments)
checking whether <netinet/in.h> is self-contained... yes
checking for a traditional french locale... (cached) fr_FR
checking for a french Unicode locale... (cached) fr_FR.UTF-8
checking whether perror matches strerror... yes
checking for pthread_t... yes
checking for pthread_spinlock_t... yes
checking for PTHREAD_CREATE_DETACHED... yes
checking for PTHREAD_MUTEX_RECURSIVE... yes
checking for PTHREAD_MUTEX_ROBUST... yes
checking for PTHREAD_PROCESS_SHARED... yes
checking whether pthread_create exists as a global function... yes
checking whether pthread_sigmask is a macro... no
checking whether pthread_sigmask works without -lpthread... yes
checking whether pthread_sigmask returns error numbers... yes
checking whether pthread_sigmask unblocks signals correctly... guessing yes
checking for putenv compatible with GNU and SVID... yes
checking for mmap... (cached) yes
checking for MAP_ANONYMOUS... yes
checking for mmap... (cached) yes
checking for MAP_ANONYMOUS... yes
checking for sched.h... yes
checking for struct sched_param... yes
checking whether select supports a 0 argument... (cached) yes
checking whether select detects invalid fds... (cached) yes
checking whether setenv validates arguments... yes
checking whether setlocale supports the C locale... yes
checking for a traditional french locale... (cached) fr_FR
checking for a french Unicode locale... (cached) fr_FR.UTF-8
checking for a traditional japanese locale... (cached) ja_JP
checking for a transitional chinese locale... (cached) zh_CN.GB18030
checking for stdint.h... (cached) yes
checking for SIZE_MAX... yes
checking whether sleep is declared... yes
checking for working sleep... yes
checking for snprintf... (cached) yes
checking whether snprintf respects a size of 1... yes
checking whether printf supports POSIX/XSI format strings with positions... yes
checking for socklen_t... yes
checking for mmap... (cached) yes
checking for MAP_ANONYMOUS... yes
checking for mmap... (cached) yes
checking for MAP_ANONYMOUS... yes
checking whether symlink handles trailing slash correctly... yes
checking whether <sys/ioctl.h> declares ioctl... yes
checking for pthread_atfork... yes
checking for sys/single_threaded.h... yes
checking for unsetenv... yes
checking for unsetenv() return type... int
checking whether unsetenv obeys POSIX... yes
checking for ptrdiff_t... yes
checking for a traditional french locale... (cached) fr_FR
checking for a french Unicode locale... (cached) fr_FR.UTF-8
checking for a traditional japanese locale... (cached) ja_JP
checking for a transitional chinese locale... (cached) zh_CN.GB18030
checking for stdint.h... (cached) yes
checking for dirent.h that defines DIR... yes
checking for library containing opendir... none required
checking whether closedir returns void... no
checking whether NLS is requested... yes
checking for msgfmt... /usr/bin/msgfmt
checking for gmsgfmt... /usr/bin/msgfmt
checking for xgettext... /usr/bin/xgettext
checking for msgmerge... /usr/bin/msgmerge
checking for CFPreferencesCopyAppValue... (cached) no
checking for CFLocaleCopyPreferredLanguages... (cached) no
checking for GNU gettext in libc... yes
checking whether to use NLS... yes
checking where the gettext function comes from... libc
checking for PCRE... no
checking for pcre_compile... no
configure: WARNING: GNU grep will be built without pcre support.
checking that generated files are newer than configure... done
configure: creating ./config.status
config.status: creating Makefile
config.status: creating lib/Makefile
config.status: creating src/Makefile
config.status: creating tests/Makefile
config.status: creating po/Makefile.in
config.status: creating doc/Makefile
config.status: creating gnulib-tests/Makefile
config.status: creating config.h
config.status: executing depfiles commands
config.status: executing po-directories commands
config.status: creating po/POTFILES
config.status: creating po/Makefile
make  all-recursive
make[1]: Entering directory '/tmp/tmp.9JadrCLc16/grep-3.6'
Making all in po
make[2]: Entering directory '/tmp/tmp.9JadrCLc16/grep-3.6/po'
make[2]: Nothing to be done for 'all'.
make[2]: Leaving directory '/tmp/tmp.9JadrCLc16/grep-3.6/po'
Making all in lib
make[2]: Entering directory '/tmp/tmp.9JadrCLc16/grep-3.6/lib'
  GEN      alloca.h
  GEN      ctype.h
  GEN      configmake.h
  GEN      dirent.h
  GEN      fcntl.h
  GEN      iconv.h
  GEN      inttypes.h
  GEN      langinfo.h
  GEN      limits.h
  GEN      locale.h
  GEN      signal.h
  GEN      stdio.h
  GEN      stdlib.h
  GEN      string.h
  GEN      sys/stat.h
  GEN      time.h
  GEN      sys/types.h
  GEN      unistd.h
  GEN      unistr.h
  GEN      unitypes.h
  GEN      uniwidth.h
  GEN      wchar.h
  GEN      wctype.h
make  all-am
make[3]: Entering directory '/tmp/tmp.9JadrCLc16/grep-3.6/lib'
  CC       argmatch.o
  CC       openat-proc.o
  CC       basename-lgpl.o
  CC       binary-io.o
  CC       c-ctype.o
  CC       bitrotate.o
  CC       c-stack.o
  CC       c-strcasecmp.o
  CC       c-strncasecmp.o
  CC       cloexec.o
  CC       close-stream.o
  CC       closeout.o
  CC       cycle-check.o
  CC       dfa.o
  CC       localeinfo.o
  CC       dirname-lgpl.o
  CC       stripslash.o
  CC       exclude.o
  CC       exitfail.o
  CC       creat-safer.o
  CC       open-safer.o
  CC       fd-hook.o
  CC       fd-safer-flag.o
  CC       dup-safer-flag.o
  CC       filenamecat-lgpl.o
  CC       getprogname.o
  CC       hard-locale.o
  CC       hash.o
  CC       i-ring.o
  CC       localcharset.o
  CC       malloca.o
  CC       mbchar.o
  CC       mbiter.o
  CC       mbscasecmp.o
  CC       mbslen.o
  CC       mbsstr.o
  CC       mbuiter.o
  CC       memchr2.o
  CC       openat-die.o
  CC       openat-safer.o
  CC       opendirat.o
  CC       propername.o
  CC       quotearg.o
  CC       safe-read.o
  CC       save-cwd.o
  CC       setlocale_null.o
  CC       sig-handler.o
  CC       stat-time.o
  CC       striconv.o
  CC       strnlen1.o
  CC       glthread/threadlib.o
  CC       trim.o
  CC       unistd.o
  CC       dup-safer.o
  CC       fd-safer.o
  CC       pipe-safer.o
  CC       version-etc.o
  CC       version-etc-fsf.o
  CC       wctype-h.o
  CC       xmalloc.o
  CC       xalloc-die.o
  CC       xbinary-io.o
  CC       xstriconv.o
  CC       xstrtoimax.o
  CC       xstrtol.o
  CC       xstrtoul.o
  CC       chdir-long.o
  CC       fcntl.o
  CC       fts.o
  CC       mbrlen.o
  CC       mbrtowc.o
  CC       obstack.o
  CC       regex.o
  CC       glthread/lock.o
  CC       unistr/u8-mbtoucr.o
  CC       unistr/u8-uctomb.o
  CC       unistr/u8-uctomb-aux.o
  CC       uniwidth/width.o
  CC       colorize.o
  AR       libgreputils.a
make[3]: Leaving directory '/tmp/tmp.9JadrCLc16/grep-3.6/lib'
make[2]: Leaving directory '/tmp/tmp.9JadrCLc16/grep-3.6/lib'
Making all in doc
make[2]: Entering directory '/tmp/tmp.9JadrCLc16/grep-3.6/doc'
  GEN      grep.1
  GEN      fgrep.1
  GEN      egrep.1
make[2]: Leaving directory '/tmp/tmp.9JadrCLc16/grep-3.6/doc'
Making all in src
make[2]: Entering directory '/tmp/tmp.9JadrCLc16/grep-3.6/src'
  CC       dfasearch.o
  CC       grep.o
  CC       kwsearch.o
  CC       kwset.o
  CC       searchutils.o
  GEN      egrep
  GEN      fgrep
  CCLD     grep
make[2]: Leaving directory '/tmp/tmp.9JadrCLc16/grep-3.6/src'
Making all in tests
make[2]: Entering directory '/tmp/tmp.9JadrCLc16/grep-3.6/tests'
make[2]: Nothing to be done for 'all'.
make[2]: Leaving directory '/tmp/tmp.9JadrCLc16/grep-3.6/tests'
Making all in gnulib-tests
make[2]: Entering directory '/tmp/tmp.9JadrCLc16/grep-3.6/gnulib-tests'
  GEN      arpa/inet.h
  GEN      sched.h
  GEN      pthread.h
  GEN      sys/select.h
  GEN      sys/ioctl.h
  GEN      sys/socket.h
  GEN      sys/time.h
  GEN      sys/uio.h
make  all-recursive
make[3]: Entering directory '/tmp/tmp.9JadrCLc16/grep-3.6/gnulib-tests'
Making all in .
make[4]: Entering directory '/tmp/tmp.9JadrCLc16/grep-3.6/gnulib-tests'
  CC       locale.o
  CC       hash-pjw.o
  CC       imaxtostr.o
  CC       inttostr.o
  CC       offtostr.o
  CC       uinttostr.o
  CC       umaxtostr.o
  CC       localename.o
  CC       localename-table.o
  CC       sockets.o
  CC       sys_socket.o
  CC       xsize.o
  CC       xstrtol-error.o
  CC       asnprintf.o
  CC       ioctl.o
  CC       nanosleep.o
  CC       printf-args.o
  CC       printf-parse.o
  CC       strerror_r.o
  CC       vasnprintf.o
  CC       test-localcharset.o
  CC       glthread/thread.o
  AR       libtests.a
  CCLD     current-locale
  CCLD     test-localcharset
make[4]: Leaving directory '/tmp/tmp.9JadrCLc16/grep-3.6/gnulib-tests'
make[3]: Leaving directory '/tmp/tmp.9JadrCLc16/grep-3.6/gnulib-tests'
make[2]: Leaving directory '/tmp/tmp.9JadrCLc16/grep-3.6/gnulib-tests'
make[2]: Entering directory '/tmp/tmp.9JadrCLc16/grep-3.6'
make[2]: Leaving directory '/tmp/tmp.9JadrCLc16/grep-3.6'
make[1]: Leaving directory '/tmp/tmp.9JadrCLc16/grep-3.6'
Making install in po
make[1]: Entering directory '/tmp/tmp.9JadrCLc16/grep-3.6/po'
installing af.gmo as /usr/share/locale/af/LC_MESSAGES/grep.mo
installing be.gmo as /usr/share/locale/be/LC_MESSAGES/grep.mo
installing bg.gmo as /usr/share/locale/bg/LC_MESSAGES/grep.mo
installing ca.gmo as /usr/share/locale/ca/LC_MESSAGES/grep.mo
installing cs.gmo as /usr/share/locale/cs/LC_MESSAGES/grep.mo
installing da.gmo as /usr/share/locale/da/LC_MESSAGES/grep.mo
installing de.gmo as /usr/share/locale/de/LC_MESSAGES/grep.mo
installing el.gmo as /usr/share/locale/el/LC_MESSAGES/grep.mo
installing eo.gmo as /usr/share/locale/eo/LC_MESSAGES/grep.mo
installing es.gmo as /usr/share/locale/es/LC_MESSAGES/grep.mo
installing et.gmo as /usr/share/locale/et/LC_MESSAGES/grep.mo
installing eu.gmo as /usr/share/locale/eu/LC_MESSAGES/grep.mo
installing fi.gmo as /usr/share/locale/fi/LC_MESSAGES/grep.mo
installing fr.gmo as /usr/share/locale/fr/LC_MESSAGES/grep.mo
installing ga.gmo as /usr/share/locale/ga/LC_MESSAGES/grep.mo
installing gl.gmo as /usr/share/locale/gl/LC_MESSAGES/grep.mo
installing he.gmo as /usr/share/locale/he/LC_MESSAGES/grep.mo
installing hr.gmo as /usr/share/locale/hr/LC_MESSAGES/grep.mo
installing hu.gmo as /usr/share/locale/hu/LC_MESSAGES/grep.mo
installing id.gmo as /usr/share/locale/id/LC_MESSAGES/grep.mo
installing it.gmo as /usr/share/locale/it/LC_MESSAGES/grep.mo
installing ja.gmo as /usr/share/locale/ja/LC_MESSAGES/grep.mo
installing ko.gmo as /usr/share/locale/ko/LC_MESSAGES/grep.mo
installing ky.gmo as /usr/share/locale/ky/LC_MESSAGES/grep.mo
installing lt.gmo as /usr/share/locale/lt/LC_MESSAGES/grep.mo
installing nb.gmo as /usr/share/locale/nb/LC_MESSAGES/grep.mo
installing nl.gmo as /usr/share/locale/nl/LC_MESSAGES/grep.mo
installing pa.gmo as /usr/share/locale/pa/LC_MESSAGES/grep.mo
installing pl.gmo as /usr/share/locale/pl/LC_MESSAGES/grep.mo
installing pt.gmo as /usr/share/locale/pt/LC_MESSAGES/grep.mo
installing pt_BR.gmo as /usr/share/locale/pt_BR/LC_MESSAGES/grep.mo
installing ro.gmo as /usr/share/locale/ro/LC_MESSAGES/grep.mo
installing ru.gmo as /usr/share/locale/ru/LC_MESSAGES/grep.mo
installing sk.gmo as /usr/share/locale/sk/LC_MESSAGES/grep.mo
installing sl.gmo as /usr/share/locale/sl/LC_MESSAGES/grep.mo
installing sr.gmo as /usr/share/locale/sr/LC_MESSAGES/grep.mo
installing sv.gmo as /usr/share/locale/sv/LC_MESSAGES/grep.mo
installing th.gmo as /usr/share/locale/th/LC_MESSAGES/grep.mo
installing tr.gmo as /usr/share/locale/tr/LC_MESSAGES/grep.mo
installing uk.gmo as /usr/share/locale/uk/LC_MESSAGES/grep.mo
installing vi.gmo as /usr/share/locale/vi/LC_MESSAGES/grep.mo
installing zh_CN.gmo as /usr/share/locale/zh_CN/LC_MESSAGES/grep.mo
installing zh_TW.gmo as /usr/share/locale/zh_TW/LC_MESSAGES/grep.mo
if test "grep" = "gettext-tools"; then \
  /bin/mkdir -p /usr/share/gettext/po; \
  for file in Makefile.in.in remove-potcdate.sin quot.sed boldquot.sed en@quot.header en@boldquot.header insert-header.sin Rules-quot   Makevars.template; do \
    /usr/bin/install -c -m 644 ./$file \
		    /usr/share/gettext/po/$file; \
  done; \
  for file in Makevars; do \
    rm -f /usr/share/gettext/po/$file; \
  done; \
else \
  : ; \
fi
make[1]: Leaving directory '/tmp/tmp.9JadrCLc16/grep-3.6/po'
Making install in lib
make[1]: Entering directory '/tmp/tmp.9JadrCLc16/grep-3.6/lib'
make  install-am
make[2]: Entering directory '/tmp/tmp.9JadrCLc16/grep-3.6/lib'
make[3]: Entering directory '/tmp/tmp.9JadrCLc16/grep-3.6/lib'
make[3]: Nothing to be done for 'install-exec-am'.
make[3]: Nothing to be done for 'install-data-am'.
make[3]: Leaving directory '/tmp/tmp.9JadrCLc16/grep-3.6/lib'
make[2]: Leaving directory '/tmp/tmp.9JadrCLc16/grep-3.6/lib'
make[1]: Leaving directory '/tmp/tmp.9JadrCLc16/grep-3.6/lib'
Making install in doc
make[1]: Entering directory '/tmp/tmp.9JadrCLc16/grep-3.6/doc'
make[2]: Entering directory '/tmp/tmp.9JadrCLc16/grep-3.6/doc'
make[2]: Nothing to be done for 'install-exec-am'.
 /bin/mkdir -p '/usr/share/man/man1'
 /bin/mkdir -p '/usr/share/info'
 /usr/bin/install -c -m 644 grep.1 fgrep.1 egrep.1 '/usr/share/man/man1'
 /usr/bin/install -c -m 644 ./grep.info '/usr/share/info'
 install-info --info-dir='/usr/share/info' '/usr/share/info/grep.info'
make[2]: Leaving directory '/tmp/tmp.9JadrCLc16/grep-3.6/doc'
make[1]: Leaving directory '/tmp/tmp.9JadrCLc16/grep-3.6/doc'
Making install in src
make[1]: Entering directory '/tmp/tmp.9JadrCLc16/grep-3.6/src'
make[2]: Entering directory '/tmp/tmp.9JadrCLc16/grep-3.6/src'
make[2]: Nothing to be done for 'install-data-am'.
 /bin/mkdir -p '/bin'
 /bin/mkdir -p '/bin'
 /usr/bin/install -c egrep fgrep '/bin'
  /usr/bin/install -c grep '/bin'
make[2]: Leaving directory '/tmp/tmp.9JadrCLc16/grep-3.6/src'
make[1]: Leaving directory '/tmp/tmp.9JadrCLc16/grep-3.6/src'
Making install in tests
make[1]: Entering directory '/tmp/tmp.9JadrCLc16/grep-3.6/tests'
make[2]: Entering directory '/tmp/tmp.9JadrCLc16/grep-3.6/tests'
make[2]: Nothing to be done for 'install-exec-am'.
make[2]: Nothing to be done for 'install-data-am'.
make[2]: Leaving directory '/tmp/tmp.9JadrCLc16/grep-3.6/tests'
make[1]: Leaving directory '/tmp/tmp.9JadrCLc16/grep-3.6/tests'
Making install in gnulib-tests
make[1]: Entering directory '/tmp/tmp.9JadrCLc16/grep-3.6/gnulib-tests'
make  install-recursive
make[2]: Entering directory '/tmp/tmp.9JadrCLc16/grep-3.6/gnulib-tests'
Making install in .
make[3]: Entering directory '/tmp/tmp.9JadrCLc16/grep-3.6/gnulib-tests'
make[4]: Entering directory '/tmp/tmp.9JadrCLc16/grep-3.6/gnulib-tests'
make[4]: Nothing to be done for 'install-exec-am'.
make[4]: Nothing to be done for 'install-data-am'.
make[4]: Leaving directory '/tmp/tmp.9JadrCLc16/grep-3.6/gnulib-tests'
make[3]: Leaving directory '/tmp/tmp.9JadrCLc16/grep-3.6/gnulib-tests'
make[2]: Leaving directory '/tmp/tmp.9JadrCLc16/grep-3.6/gnulib-tests'
make[1]: Leaving directory '/tmp/tmp.9JadrCLc16/grep-3.6/gnulib-tests'
make[1]: Entering directory '/tmp/tmp.9JadrCLc16/grep-3.6'
make[2]: Entering directory '/tmp/tmp.9JadrCLc16/grep-3.6'
make[2]: Nothing to be done for 'install-exec-am'.
make[2]: Nothing to be done for 'install-data-am'.
make[2]: Leaving directory '/tmp/tmp.9JadrCLc16/grep-3.6'
make[1]: Leaving directory '/tmp/tmp.9JadrCLc16/grep-3.6'

real	0m30.141s
user	0m29.850s
sys	0m8.794s
