removed 'man/man8/arpd.8'
sh configure /usr/include
TC schedulers
 ATM	no

libc has setns: yes
SELinux support: no
ELF support: yes
libmnl support: no
Berkeley DB: no
need for strlcpy: yes
libcap support: yes

lib
    CC       libgenl.o
    CC       libnetlink.o
    CC       utils.o
    CC       rt_names.o
    CC       ll_map.o
    CC       ll_types.o
    CC       ll_proto.o
    CC       ll_addr.o
libnetlink.c:151:2: warning: #warning "libmnl required for error support" [-Wcpp]
  151 | #warning "libmnl required for error support"
      |  ^~~~~~~
    CC       inet_proto.o
    CC       namespace.o
    CC       json_writer.o
    CC       json_print.o
    CC       names.o
    CC       color.o
    CC       bpf.o
    CC       exec.o
    CC       fs.o
    CC       cg_map.o
    CC       mpls_ntop.o
    CC       mpls_pton.o
    AR       libnetlink.a
    AR       libutil.a

ip
    CC       ip.o
    CC       ipaddress.o
    CC       ipaddrlabel.o
    CC       iproute.o
    CC       iprule.o
    CC       ipnetns.o
    CC       rtm_map.o
    CC       iptunnel.o
    CC       ip6tunnel.o
    CC       tunnel.o
    CC       ipneigh.o
    CC       ipntable.o
    CC       iplink.o
    CC       ipmaddr.o
    CC       ipmonitor.o
    CC       ipmroute.o
    CC       ipprefix.o
    CC       iptuntap.o
    CC       iptoken.o
    CC       ipxfrm.o
    CC       xfrm_state.o
    CC       xfrm_policy.o
    CC       xfrm_monitor.o
    CC       iplink_dummy.o
    CC       iplink_ifb.o
    CC       iplink_nlmon.o
    CC       iplink_team.o
    CC       iplink_vcan.o
    CC       iplink_vxcan.o
    CC       iplink_vlan.o
    CC       link_veth.o
    CC       link_gre.o
    CC       iplink_can.o
    CC       iplink_xdp.o
    CC       iplink_macvlan.o
    CC       ipl2tp.o
    CC       link_vti.o
    CC       link_vti6.o
    CC       link_xfrm.o
    CC       iplink_vxlan.o
    CC       tcp_metrics.o
    CC       iplink_ipoib.o
    CC       ipnetconf.o
    CC       link_ip6tnl.o
    CC       link_iptnl.o
    CC       link_gre6.o
    CC       iplink_bond.o
    CC       iplink_bond_slave.o
    CC       iplink_hsr.o
    CC       iplink_bridge.o
    CC       iplink_bridge_slave.o
    CC       ipfou.o
    CC       iplink_ipvlan.o
    CC       iplink_geneve.o
    CC       iplink_vrf.o
    CC       iproute_lwtunnel.o
    CC       ipmacsec.o
    CC       ipila.o
    CC       ipvrf.o
    CC       iplink_xstats.o
    CC       ipseg6.o
iplink_bridge.c: In function 'bridge_print_opt':
iplink_bridge.c:80:31: warning: '%s' directive output may be truncated writing up to 31 bytes into a region of size 27 [-Wformat-truncation=]
   80 |  snprintf(buf, len, "%.2x%.2x.%s", id->prio[0], id->prio[1], eaddr);
      |                               ^~                             ~~~~~
iplink_bridge.c:80:2: note: 'snprintf' output between 6 and 37 bytes into a destination of size 32
   80 |  snprintf(buf, len, "%.2x%.2x.%s", id->prio[0], id->prio[1], eaddr);
      |  ^~~~~~~~~~~~~~~~~~~~~~~~~~~~~~~~~~~~~~~~~~~~~~~~~~~~~~~~~~~~~~~~~~
iplink_bridge.c:80:31: warning: '%s' directive output may be truncated writing up to 31 bytes into a region of size 27 [-Wformat-truncation=]
   80 |  snprintf(buf, len, "%.2x%.2x.%s", id->prio[0], id->prio[1], eaddr);
      |                               ^~                             ~~~~~
iplink_bridge.c:80:2: note: 'snprintf' output between 6 and 37 bytes into a destination of size 32
   80 |  snprintf(buf, len, "%.2x%.2x.%s", id->prio[0], id->prio[1], eaddr);
      |  ^~~~~~~~~~~~~~~~~~~~~~~~~~~~~~~~~~~~~~~~~~~~~~~~~~~~~~~~~~~~~~~~~~
    CC       iplink_netdevsim.o
    CC       iplink_rmnet.o
    CC       ipnexthop.o
    CC       ipmptcp.o
    CC       iplink_bareudp.o
    CC       rtmon.o
    LINK     rtmon
    LINK     ip

tc
    CC       tc.o
    CC       tc_qdisc.o
    CC       tc_class.o
    CC       tc_filter.o
    CC       tc_util.o
    CC       tc_monitor.o
    CC       tc_exec.o
    CC       m_police.o
    CC       m_estimator.o
    CC       m_action.o
    CC       m_ematch.o
    YACC     emp_ematch.tab.c
    LEX      emp_ematch.lex.c
    CC       q_fifo.o
    CC       q_sfq.o
    CC       q_red.o
    CC       q_prio.o
    CC       q_skbprio.o
    CC       q_tbf.o
    CC       q_cbq.o
    CC       q_rr.o
    CC       q_multiq.o
    CC       q_netem.o
    CC       q_choke.o
    CC       q_sfb.o
    CC       f_rsvp.o
    CC       f_u32.o
    CC       f_route.o
    CC       f_fw.o
    CC       f_basic.o
    CC       f_bpf.o
    CC       f_flow.o
    CC       f_cgroup.o
    CC       f_flower.o
    CC       q_dsmark.o
    CC       q_gred.o
    CC       f_tcindex.o
    CC       q_ingress.o
    CC       q_hfsc.o
    CC       q_htb.o
    CC       q_drr.o
f_u32.c: In function 'u32_parse_opt':
f_u32.c:1113:24: warning: array subscript 0 is outside the bounds of an interior zero-length array 'struct tc_u32_key[0]' [-Wzero-length-bounds]
 1113 |    hash = sel2.sel.keys[0].val & sel2.sel.keys[0].mask;
      |           ~~~~~~~~~~~~~^~~
In file included from tc_util.h:11,
                 from f_u32.c:26:
../include/uapi/linux/pkt_cls.h:253:20: note: while referencing 'keys'
  253 |  struct tc_u32_key keys[0];
      |                    ^~~~
f_u32.c:1113:47: warning: array subscript 0 is outside the bounds of an interior zero-length array 'struct tc_u32_key[0]' [-Wzero-length-bounds]
 1113 |    hash = sel2.sel.keys[0].val & sel2.sel.keys[0].mask;
      |                                  ~~~~~~~~~~~~~^~~
In file included from tc_util.h:11,
                 from f_u32.c:26:
../include/uapi/linux/pkt_cls.h:253:20: note: while referencing 'keys'
  253 |  struct tc_u32_key keys[0];
      |                    ^~~~
    CC       q_qfq.o
    CC       m_gact.o
    CC       m_mirred.o
    CC       m_mpls.o
    CC       m_nat.o
    CC       m_pedit.o
    CC       m_ife.o
    CC       m_skbedit.o
    CC       m_skbmod.o
    CC       m_csum.o
    CC       m_simple.o
    CC       m_vlan.o
    CC       m_connmark.o
    CC       m_ctinfo.o
    CC       m_bpf.o
    CC       m_tunnel_key.o
    CC       m_sample.o
    CC       m_ct.o
    CC       m_gate.o
    CC       p_ip.o
    CC       p_ip6.o
    CC       p_icmp.o
    CC       p_eth.o
p_ip6.c: In function 'parse_ip6':
p_ip6.c:85:45: warning: array subscript 254 is outside the bounds of an interior zero-length array 'struct tc_pedit_key[0]' [-Wzero-length-bounds]
   85 |    struct tc_pedit_key *key = &sel->sel.keys[nkeys - 1];
      |                                ~~~~~~~~~~~~~^~~~~~~~~~~
In file included from m_pedit.h:26,
                 from p_ip6.c:23:
../include/uapi/linux/tc_act/tc_pedit.h:65:26: note: while referencing 'keys'
   65 |  struct tc_pedit_key     keys[0];
      |                          ^~~~
p_ip6.c:85:45: warning: array subscript 254 is outside the bounds of an interior zero-length array 'struct tc_pedit_key[0]' [-Wzero-length-bounds]
   85 |    struct tc_pedit_key *key = &sel->sel.keys[nkeys - 1];
      |                                ~~~~~~~~~~~~~^~~~~~~~~~~
In file included from m_pedit.h:26,
                 from p_ip6.c:23:
../include/uapi/linux/tc_act/tc_pedit.h:65:26: note: while referencing 'keys'
   65 |  struct tc_pedit_key     keys[0];
      |                          ^~~~
p_ip6.c:85:45: warning: array subscript 254 is outside the bounds of an interior zero-length array 'struct tc_pedit_key[0]' [-Wzero-length-bounds]
   85 |    struct tc_pedit_key *key = &sel->sel.keys[nkeys - 1];
      |                                ~~~~~~~~~~~~~^~~~~~~~~~~
In file included from m_pedit.h:26,
                 from p_ip6.c:23:
../include/uapi/linux/tc_act/tc_pedit.h:65:26: note: while referencing 'keys'
   65 |  struct tc_pedit_key     keys[0];
      |                          ^~~~
p_ip6.c:85:45: warning: array subscript 254 is outside the bounds of an interior zero-length array 'struct tc_pedit_key[0]' [-Wzero-length-bounds]
   85 |    struct tc_pedit_key *key = &sel->sel.keys[nkeys - 1];
      |                                ~~~~~~~~~~~~~^~~~~~~~~~~
In file included from m_pedit.h:26,
                 from p_ip6.c:23:
../include/uapi/linux/tc_act/tc_pedit.h:65:26: note: while referencing 'keys'
   65 |  struct tc_pedit_key     keys[0];
      |                          ^~~~
    CC       p_tcp.o
    CC       p_udp.o
    CC       em_nbyte.o
    CC       em_cmp.o
    CC       em_u32.o
    CC       em_canid.o
    CC       em_meta.o
    CC       q_mqprio.o
    CC       q_codel.o
    CC       q_fq_codel.o
    CC       q_fq.o
    CC       q_pie.o
    CC       q_fq_pie.o
    CC       q_cake.o
    CC       q_hhf.o
    CC       q_clsact.o
    CC       e_bpf.o
    CC       f_matchall.o
    CC       q_cbs.o
    CC       q_etf.o
    CC       q_taprio.o
    CC       q_plug.o
    CC       q_ets.o
    CC       tc_core.o
    CC       tc_red.o
    CC       tc_estimator.o
    CC       tc_cbq.o
    CC       tc_stab.o
    CC       tc_qevent.o
    CC       emp_ematch.tab.o
    CC       emp_ematch.lex.o
    AR       libtc.a
    LINK     tc
rm emp_ematch.lex.c

bridge
    CC       bridge.o
    CC       fdb.o
    CC       monitor.o
    CC       link.o
    CC       mdb.o
    CC       vlan.o
    LINK     bridge

misc
    CC       ss.o
    CC       ssfilter_check.o
    YACC     ssfilter.tab.c
    CC       nstat
    CC       ifstat
    CC       rtacct
    CC       lnstat.o
    CC       lnstat_util.o
    CC       ssfilter.tab.o
nstat.c: In function 'load_good_table':
nstat.c:140:4: warning: 'strncat' output may be truncated copying 127 bytes from a string of length 4094 [-Wstringop-truncation]
  140 |    strncat(info_source, buf+1, sizeof(info_source)-1);
      |    ^~~~~~~~~~~~~~~~~~~~~~~~~~~~~~~~~~~~~~~~~~~~~~~~~~
ifstat.c: In function 'load_raw_table':
ifstat.c:254:4: warning: 'strncpy' output may be truncated copying 127 bytes from a string of length 4094 [-Wstringop-truncation]
  254 |    strncpy(info_source, buf+1, sizeof(info_source)-1);
      |    ^~~~~~~~~~~~~~~~~~~~~~~~~~~~~~~~~~~~~~~~~~~~~~~~~~
    LINK     lnstat
    LINK     ss

netem
gcc  -I../include -o maketable maketable.c -lm
gcc  -I../include -o normal normal.c -lm
gcc  -I../include -o pareto pareto.c -lm
gcc  -I../include -o paretonormal paretonormal.c -lm
./paretonormal > paretonormal.dist
./normal > normal.dist
./pareto > pareto.dist
./maketable experimental.dat > experimental.dist

genl
    CC       genl.o
    CC       ctrl.o
    LINK     genl

tipc
make[1]: Nothing to be done for 'all'.

devlink
make[1]: Nothing to be done for 'all'.

rdma
make[1]: Nothing to be done for 'all'.

man
make[2]: Nothing to be done for 'all'.
make[2]: Nothing to be done for 'all'.
sed \
	-e "s|@NETNS_ETC_DIR@|/etc/netns|g" \
	-e "s|@NETNS_RUN_DIR@|/var/run/netns|g" \
	-e "s|@SYSCONFDIR@|/etc/iproute2|g" \
	ip-address.8.in > ip-address.8
sed \
	-e "s|@NETNS_ETC_DIR@|/etc/netns|g" \
	-e "s|@NETNS_RUN_DIR@|/var/run/netns|g" \
	-e "s|@SYSCONFDIR@|/etc/iproute2|g" \
	ip-link.8.in > ip-link.8
sed \
	-e "s|@NETNS_ETC_DIR@|/etc/netns|g" \
	-e "s|@NETNS_RUN_DIR@|/var/run/netns|g" \
	-e "s|@SYSCONFDIR@|/etc/iproute2|g" \
	ip-netns.8.in > ip-netns.8
sed \
	-e "s|@NETNS_ETC_DIR@|/etc/netns|g" \
	-e "s|@NETNS_RUN_DIR@|/var/run/netns|g" \
	-e "s|@SYSCONFDIR@|/etc/iproute2|g" \
	ip-route.8.in > ip-route.8

lib
make[1]: Nothing to be done for 'all'.

ip
make[1]: Nothing to be done for 'all'.

tc
make[1]: Nothing to be done for 'all'.

bridge
make[1]: Nothing to be done for 'all'.

misc
make[1]: Nothing to be done for 'all'.

netem
make[1]: Nothing to be done for 'all'.

genl
make[1]: Nothing to be done for 'all'.

tipc
make[1]: Nothing to be done for 'all'.

devlink
make[1]: Nothing to be done for 'all'.

rdma
make[1]: Nothing to be done for 'all'.

man
make[2]: Nothing to be done for 'all'.
make[2]: Nothing to be done for 'all'.
make[2]: Nothing to be done for 'all'.
install -m 0755 -d /sbin
install -m 0755 -d /etc/iproute2
install -m 0755 -d /usr/include/iproute2
make[1]: Nothing to be done for 'install'.
install -m 0755 ip rtmon /sbin
install -m 0755 ifcfg rtpr routel routef /sbin
mkdir -p /usr/lib/tc
install -m 0755 tc /sbin
for i in ; \
do install -m 755 $i /usr/lib/tc; \
done
if [ ! -f /usr/lib/tc/m_ipt.so ]; then \
if [ -f /usr/lib/tc/m_xt.so ]; \
	then ln -s m_xt.so /usr/lib/tc/m_ipt.so ; \
elif [ -f /usr/lib/tc/m_xt_old.so ]; \
	then ln -s m_xt_old.so /usr/lib/tc/m_ipt.so ; \
fi; \
fi
install -m 0755 bridge /sbin
install -m 0755 ss nstat ifstat rtacct lnstat /sbin
ln -sf lnstat /sbin/rtstat
ln -sf lnstat /sbin/ctstat
mkdir -p /usr/lib/tc
for i in normal.dist pareto.dist paretonormal.dist experimental.dist; \
do install -m 644 $i /usr/lib/tc; \
done
install -m 0755 genl /sbin
for i in ; \
do install -m 0755 $i /sbin; \
done
for i in ; \
do install -m 0755 $i /sbin; \
done
for i in ; \
do install -m 0755 $i /sbin; \
done
install -m 0755 -d /usr/share/man/man3
install -m 0644 libnetlink.3 /usr/share/man/man3
install -m 0755 -d /usr/share/man/man7
install -m 0644 tc-hfsc.7 /usr/share/man/man7
install -m 0755 -d /usr/share/man/man8
install -m 0644 ip-address.8 ip-link.8 ip-netns.8 ip-route.8 bridge.8 ctstat.8 devlink-dev.8 devlink-dpipe.8 devlink-health.8 devlink-monitor.8 devlink-port.8 devlink-region.8 devlink-resource.8 devlink-sb.8 devlink-trap.8 devlink.8 genl.8 ifcfg.8 ifstat.8 ip-addrlabel.8 ip-fou.8 ip-gue.8 ip-l2tp.8 ip-macsec.8 ip-maddress.8 ip-monitor.8 ip-mptcp.8 ip-mroute.8 ip-neighbour.8 ip-netconf.8 ip-nexthop.8 ip-ntable.8 ip-rule.8 ip-sr.8 ip-tcp_metrics.8 ip-token.8 ip-tunnel.8 ip-vrf.8 ip-xfrm.8 ip.8 lnstat.8 nstat.8 rdma-dev.8 rdma-link.8 rdma-resource.8 rdma-statistic.8 rdma-system.8 rdma.8 routef.8 routel.8 rtacct.8 rtmon.8 rtpr.8 rtstat.8 ss.8 tc-actions.8 tc-basic.8 tc-bfifo.8 tc-bpf.8 tc-cake.8 tc-cbq-details.8 tc-cbq.8 tc-cbs.8 tc-cgroup.8 tc-choke.8 tc-codel.8 tc-connmark.8 tc-csum.8 tc-ct.8 tc-ctinfo.8 tc-drr.8 tc-ematch.8 tc-etf.8 tc-ets.8 tc-flow.8 tc-flower.8 tc-fq.8 tc-fq_codel.8 tc-fq_pie.8 tc-fw.8 tc-gate.8 tc-hfsc.8 tc-htb.8 tc-ife.8 tc-matchall.8 tc-mirred.8 tc-mpls.8 tc-mqprio.8 tc-nat.8 tc-netem.8 tc-pedit.8 tc-pfifo.8 tc-pfifo_fast.8 tc-pie.8 tc-police.8 tc-prio.8 tc-red.8 tc-route.8 tc-sample.8 tc-sfb.8 tc-sfq.8 tc-simple.8 tc-skbedit.8 tc-skbmod.8 tc-skbprio.8 tc-stab.8 tc-taprio.8 tc-tbf.8 tc-tcindex.8 tc-tunnel_key.8 tc-u32.8 tc-vlan.8 tc-xt.8 tc.8 tipc-bearer.8 tipc-link.8 tipc-media.8 tipc-nametable.8 tipc-node.8 tipc-peer.8 tipc-socket.8 tipc.8 /usr/share/man/man8
install -m 0644 etc/iproute2/bpf_pinning etc/iproute2/ematch_map etc/iproute2/group etc/iproute2/nl_protos etc/iproute2/rt_dsfield etc/iproute2/rt_protos etc/iproute2/rt_realms etc/iproute2/rt_scopes etc/iproute2/rt_tables /etc/iproute2
install -m 0755 -d /usr/share/bash-completion/completions
install -m 0644 bash-completion/tc /usr/share/bash-completion/completions
install -m 0644 bash-completion/devlink /usr/share/bash-completion/completions
install -m 0644 include/bpf_elf.h /usr/include/iproute2

real	0m8.422s
user	0m42.762s
sys	0m5.014s
