checking for gcc... gcc
checking whether the C compiler works... yes
checking for C compiler default output file name... a.out
checking for suffix of executables... 
checking whether we are cross compiling... no
checking for suffix of object files... o
checking whether we are using the GNU C compiler... yes
checking whether gcc accepts -g... yes
checking for gcc option to accept ISO C89... none needed
checking whether gcc understands -c and -o together... yes
checking how to run the C preprocessor... gcc -E
checking for grep that handles long lines and -e... /bin/grep
checking for egrep... /bin/grep -E
checking for ANSI C header files... yes
checking for sys/types.h... yes
checking for sys/stat.h... yes
checking for stdlib.h... yes
checking for string.h... yes
checking for memory.h... yes
checking for strings.h... yes
checking for inttypes.h... yes
checking for stdint.h... yes
checking for unistd.h... yes
checking minix/config.h usability... no
checking minix/config.h presence... no
checking for minix/config.h... no
checking whether it is safe to define __EXTENSIONS__... yes
checking for special C compiler options needed for large files... no
checking for _FILE_OFFSET_BITS value needed for large files... no
checking whether to enable maintainer-specific portions of Makefiles... yes
checking for a BSD-compatible install... /usr/bin/install -c
checking whether build environment is sane... yes
checking for a thread-safe mkdir -p... /bin/mkdir -p
checking for gawk... gawk
checking whether make sets $(MAKE)... yes
checking whether make supports the include directive... yes (GNU style)
checking whether make supports nested variables... yes
checking how to create a pax tar archive... gnutar
checking dependency style of gcc... gcc3
checking whether make supports nested variables... (cached) yes
checking build system type... x86_64-pc-linux-gnu
checking host system type... x86_64-pc-linux-gnu
checking how to print strings... printf
checking for a sed that does not truncate output... /bin/sed
checking for fgrep... /bin/grep -F
checking for ld used by gcc... /usr/bin/ld
checking if the linker (/usr/bin/ld) is GNU ld... yes
checking for BSD- or MS-compatible name lister (nm)... /usr/bin/nm -B
checking the name lister (/usr/bin/nm -B) interface... BSD nm
checking whether ln -s works... yes
checking the maximum length of command line arguments... 1572864
checking how to convert x86_64-pc-linux-gnu file names to x86_64-pc-linux-gnu format... func_convert_file_noop
checking how to convert x86_64-pc-linux-gnu file names to toolchain format... func_convert_file_noop
checking for /usr/bin/ld option to reload object files... -r
checking for objdump... objdump
checking how to recognize dependent libraries... pass_all
checking for dlltool... no
checking how to associate runtime and link libraries... printf %s\n
checking for ar... ar
checking for archiver @FILE support... @
checking for strip... strip
checking for ranlib... ranlib
checking command to parse /usr/bin/nm -B output from gcc object... ok
checking for sysroot... no
checking for a working dd... /bin/dd
checking how to truncate binary pipes... /bin/dd bs=4096 count=1
checking for mt... no
checking if : is a manifest tool... no
checking for dlfcn.h... yes
checking for objdir... .libs
checking if gcc supports -fno-rtti -fno-exceptions... no
checking for gcc option to produce PIC... -fPIC -DPIC
checking if gcc PIC flag -fPIC -DPIC works... yes
checking if gcc static flag -static works... yes
checking if gcc supports -c -o file.o... yes
checking if gcc supports -c -o file.o... (cached) yes
checking whether the gcc linker (/usr/bin/ld -m elf_x86_64) supports shared libraries... yes
checking whether -lc should be explicitly linked in... no
checking dynamic linker characteristics... GNU/Linux ld.so
checking how to hardcode library paths into programs... immediate
checking whether stripping libraries is possible... yes
checking if libtool supports shared libraries... yes
checking whether to build shared libraries... yes
checking whether to build static libraries... no
checking for a sed that does not truncate output... (cached) /bin/sed
checking whether ln -s works... yes
checking for pkg-config... /usr/bin/pkg-config
checking pkg-config is at least version 0.9.0... yes
checking for xsltproc... no
checking for mkosi... no
checking for gcc option to accept ISO C99... none needed
checking for __xstat... yes
checking for __secure_getenv... no
checking for secure_getenv... yes
checking for finit_module... no
checking if compiler has __builtin_clz builtin function... yes
checking if compiler has __builtin_types_compatible_p builtin function... yes
checking if compiler has __builtin_uaddl_overflow builtin function... yes
checking if compiler has __builtin_uaddll_overflow builtin function... yes
checking for struct stat.st_mtim... yes
checking whether strndupa is declared... yes
checking whether be32toh is declared... yes
checking for linux/module.h... yes
checking whether _Static_assert() is supported... yes
checking whether _Noreturn is supported... yes
checking for liblzma... yes
checking for zlib... yes
configure: openssl support not requested
checking if gcc supports flag -pipe in envvar CFLAGS... yes
checking if gcc supports flag -DANOTHER_BRICK_IN_THE in envvar CFLAGS... yes
checking if gcc supports flag -Wall in envvar CFLAGS... yes
checking if gcc supports flag -W in envvar CFLAGS... yes
checking if gcc supports flag -Wextra in envvar CFLAGS... yes
checking if gcc supports flag -Wno-inline in envvar CFLAGS... yes
checking if gcc supports flag -Wvla in envvar CFLAGS... yes
checking if gcc supports flag -Wundef in envvar CFLAGS... yes
checking if gcc supports flag -Wformat=2 in envvar CFLAGS... yes
checking if gcc supports flag -Wlogical-op in envvar CFLAGS... yes
checking if gcc supports flag -Wsign-compare in envvar CFLAGS... yes
checking if gcc supports flag -Wformat-security in envvar CFLAGS... no
checking if gcc supports flag -Wmissing-include-dirs in envvar CFLAGS... yes
checking if gcc supports flag -Wformat-nonliteral in envvar CFLAGS... no
checking if gcc supports flag -Wold-style-definition in envvar CFLAGS... yes
checking if gcc supports flag -Wpointer-arith in envvar CFLAGS... yes
checking if gcc supports flag -Winit-self in envvar CFLAGS... yes
checking if gcc supports flag -Wdeclaration-after-statement in envvar CFLAGS... yes
checking if gcc supports flag -Wfloat-equal in envvar CFLAGS... yes
checking if gcc supports flag -Wmissing-prototypes in envvar CFLAGS... yes
checking if gcc supports flag -Wstrict-prototypes in envvar CFLAGS... yes
checking if gcc supports flag -Wredundant-decls in envvar CFLAGS... yes
checking if gcc supports flag -Wmissing-declarations in envvar CFLAGS... yes
checking if gcc supports flag -Wmissing-noreturn in envvar CFLAGS... yes
checking if gcc supports flag -Wshadow in envvar CFLAGS... yes
checking if gcc supports flag -Wendif-labels in envvar CFLAGS... yes
checking if gcc supports flag -Wstrict-aliasing=3 in envvar CFLAGS... yes
checking if gcc supports flag -Wwrite-strings in envvar CFLAGS... yes
checking if gcc supports flag -Wno-long-long in envvar CFLAGS... yes
checking if gcc supports flag -Wno-overlength-strings in envvar CFLAGS... yes
checking if gcc supports flag -Wno-unused-parameter in envvar CFLAGS... yes
checking if gcc supports flag -Wno-missing-field-initializers in envvar CFLAGS... yes
checking if gcc supports flag -Wno-unused-result in envvar CFLAGS... yes
checking if gcc supports flag -Wnested-externs in envvar CFLAGS... yes
checking if gcc supports flag -Wchar-subscripts in envvar CFLAGS... yes
checking if gcc supports flag -Wtype-limits in envvar CFLAGS... yes
checking if gcc supports flag -Wuninitialized in envvar CFLAGS... yes
checking if gcc supports flag -fno-common in envvar CFLAGS... yes
checking if gcc supports flag -fdiagnostics-show-option in envvar CFLAGS... yes
checking if gcc supports flag -fvisibility=hidden in envvar CFLAGS... yes
checking if gcc supports flag -ffunction-sections in envvar CFLAGS... yes
checking if gcc supports flag -fdata-sections in envvar CFLAGS... yes
checking if gcc supports flag -Wl,--as-needed in envvar LDFLAGS... yes
checking if gcc supports flag -Wl,--no-undefined in envvar LDFLAGS... yes
checking if gcc supports flag -Wl,--gc-sections in envvar LDFLAGS... yes
checking that generated files are newer than configure... done
configure: creating ./config.status
config.status: creating Makefile
config.status: creating man/Makefile
config.status: creating libkmod/docs/Makefile
config.status: creating libkmod/docs/version.xml
config.status: creating config.h
config.status: executing depfiles commands
config.status: executing libtool commands

	kmod 27
	=======

	prefix:			/usr
	sysconfdir:		/etc
	libdir:			${exec_prefix}/lib
	rootlibdir:		/lib
	includedir:		${prefix}/include
	bindir:			/bin
	Bash completions dir:   ${datarootdir}/bash-completion/completions

	compiler:		gcc
	cflags:			 -pipe -DANOTHER_BRICK_IN_THE -Wall -W -Wextra -Wno-inline -Wvla -Wundef -Wformat=2 -Wlogical-op -Wsign-compare -Wmissing-include-dirs -Wold-style-definition -Wpointer-arith -Winit-self -Wdeclaration-after-statement -Wfloat-equal -Wmissing-prototypes -Wstrict-prototypes -Wredundant-decls -Wmissing-declarations -Wmissing-noreturn -Wshadow -Wendif-labels -Wstrict-aliasing=3 -Wwrite-strings -Wno-long-long -Wno-overlength-strings -Wno-unused-parameter -Wno-missing-field-initializers -Wno-unused-result -Wnested-externs -Wchar-subscripts -Wtype-limits -Wuninitialized -fno-common -fdiagnostics-show-option -fvisibility=hidden -ffunction-sections -fdata-sections -g -O2
	ldflags:		 -Wl,--as-needed -Wl,--no-undefined -Wl,--gc-sections 

	experimental features:  no
	tools:			yes
	python bindings:	no
	logging:		yes
	compression:		xz=yes  zlib=yes
	debug:			no
	coverage:		no
	doc:			
	man:			yes
	test-modules:           yes

	features:               +XZ +ZLIB -LIBCRYPTO -EXPERIMENTAL

make --no-print-directory all-recursive
Making all in .
  GEN      libkmod/libkmod.pc
  CC       tools/kmod.o
  CC       tools/lsmod.o
  CC       tools/rmmod.o
  CC       tools/insmod.o
  CC       tools/modinfo.o
  CC       tools/modprobe.o
  CC       tools/depmod.o
  CC       tools/log.o
  CC       tools/static-nodes.o
  CC       shared/array.lo
  CC       shared/hash.lo
  CC       shared/scratchbuf.lo
  CC       shared/strbuf.lo
  CC       shared/util.lo
  CC       libkmod/libkmod.lo
  CC       libkmod/libkmod-builtin.lo
  CC       libkmod/libkmod-list.lo
  CC       libkmod/libkmod-config.lo
  CC       libkmod/libkmod-index.lo
  CC       libkmod/libkmod-module.lo
  CC       libkmod/libkmod-file.lo
  CC       libkmod/libkmod-elf.lo
  CC       libkmod/libkmod-signature.lo
  CCLD     shared/libshared.la
  CCLD     libkmod/libkmod-internal.la
  CCLD     libkmod/libkmod.la
  CCLD     tools/kmod
  GEN      tools/insmod
  GEN      tools/rmmod
  GEN      tools/lsmod
  GEN      tools/modprobe
  GEN      tools/modinfo
  GEN      tools/depmod
Making all in libkmod/docs
make[2]: Nothing to be done for 'all'.
Making all in man
make[2]: Nothing to be done for 'all'.
Making install in .
 /bin/mkdir -p '/usr/share/bash-completion/completions'
 /bin/mkdir -p '/usr/include'
 /bin/mkdir -p '/usr/lib/pkgconfig'
 /bin/mkdir -p '/usr/lib'
 /bin/sh ./libtool   --mode=install /usr/bin/install -c   libkmod/libkmod.la '/usr/lib'
 /usr/bin/install -c -m 644 libkmod/libkmod.h '/usr/include'
 /usr/bin/install -c -m 644 libkmod/libkmod.pc '/usr/lib/pkgconfig'
 /usr/bin/install -c -m 644 shell-completion/bash/kmod '/usr/share/bash-completion/completions'
libtool: install: /usr/bin/install -c libkmod/.libs/libkmod.so.2.3.5 /usr/lib/libkmod.so.2.3.5
libtool: install: (cd /usr/lib && { ln -s -f libkmod.so.2.3.5 libkmod.so.2 || { rm -f libkmod.so.2 && ln -s libkmod.so.2.3.5 libkmod.so.2; }; })
libtool: install: (cd /usr/lib && { ln -s -f libkmod.so.2.3.5 libkmod.so || { rm -f libkmod.so && ln -s libkmod.so.2.3.5 libkmod.so; }; })
libtool: install: /usr/bin/install -c libkmod/.libs/libkmod.lai /usr/lib/libkmod.la
libtool: finish: PATH="/bin:/usr/bin:/sbin:/usr/sbin:/sbin" ldconfig -n /usr/lib
----------------------------------------------------------------------
Libraries have been installed in:
   /usr/lib

If you ever happen to want to link against installed libraries
in a given directory, LIBDIR, you must either use libtool, and
specify the full pathname of the library, or use the '-LLIBDIR'
flag during linking and do at least one of the following:
   - add LIBDIR to the 'LD_LIBRARY_PATH' environment variable
     during execution
   - add LIBDIR to the 'LD_RUN_PATH' environment variable
     during linking
   - use the '-Wl,-rpath -Wl,LIBDIR' linker flag
   - have your system administrator add LIBDIR to '/etc/ld.so.conf'

See any operating system documentation about shared libraries for
more information, such as the ld(1) and ld.so(8) manual pages.
----------------------------------------------------------------------
 /bin/mkdir -p '/bin'
  /bin/sh ./libtool   --mode=install /usr/bin/install -c tools/kmod '/bin'
libtool: install: /usr/bin/install -c tools/kmod /bin/kmod
make --no-print-directory install-exec-hook
if test "/usr/lib" != "/lib"; then \
	/bin/mkdir -p /lib && \
	so_img_name=$(readlink /usr/lib/libkmod.so) && \
	so_img_rel_target_prefix=$(echo /usr/lib | sed 's,\(^/\|\)[^/][^/]*,..,g') && \
	ln -sf $so_img_rel_target_prefix/lib/$so_img_name /usr/lib/libkmod.so && \
	mv /usr/lib/libkmod.so.* /lib; \
fi
Making install in libkmod/docs
make[2]: Nothing to be done for 'install-exec-am'.
make[2]: Nothing to be done for 'install-data-am'.
Making install in man
make[2]: Nothing to be done for 'install-exec-am'.
 /bin/mkdir -p '/usr/share/man/man5'
 /bin/mkdir -p '/usr/share/man/man8'
 /usr/bin/install -c -m 644 depmod.d.5 modprobe.d.5 modules.dep.5 modules.dep.bin.5 '/usr/share/man/man5'
 /usr/bin/install -c -m 644 kmod.8 depmod.8 insmod.8 lsmod.8 rmmod.8 modprobe.8 modinfo.8 '/usr/share/man/man8'
'/sbin/depmod' -> '../bin/kmod'
'/sbin/insmod' -> '../bin/kmod'
'/sbin/lsmod' -> '../bin/kmod'
'/sbin/modinfo' -> '../bin/kmod'
'/sbin/modprobe' -> '../bin/kmod'
'/sbin/rmmod' -> '../bin/kmod'
'/bin/lsmod' -> 'kmod'

real	0m7.234s
user	0m12.828s
sys	0m2.741s
