checking for a BSD-compatible install... /usr/bin/install -c
checking whether build environment is sane... yes
checking for a thread-safe mkdir -p... /bin/mkdir -p
checking for gawk... gawk
checking whether make sets $(MAKE)... yes
checking whether make supports nested variables... yes
checking build system type... x86_64-unknown-linux-gnu
checking host system type... x86_64-unknown-linux-gnu
checking how to print strings... printf
checking for style of include used by make... GNU
checking for gcc... gcc
checking whether the C compiler works... yes
checking for C compiler default output file name... a.out
checking for suffix of executables... 
checking whether we are cross compiling... no
checking for suffix of object files... o
checking whether we are using the GNU C compiler... yes
checking whether gcc accepts -g... yes
checking for gcc option to accept ISO C89... none needed
checking whether gcc understands -c and -o together... yes
checking dependency style of gcc... gcc3
checking for a sed that does not truncate output... /bin/sed
checking for grep that handles long lines and -e... /bin/grep
checking for egrep... /bin/grep -E
checking for fgrep... /bin/grep -F
checking for ld used by gcc... /usr/bin/ld
checking if the linker (/usr/bin/ld) is GNU ld... yes
checking for BSD- or MS-compatible name lister (nm)... /usr/bin/nm -B
checking the name lister (/usr/bin/nm -B) interface... BSD nm
checking whether ln -s works... yes
checking the maximum length of command line arguments... 1572864
checking how to convert x86_64-unknown-linux-gnu file names to x86_64-unknown-linux-gnu format... func_convert_file_noop
checking how to convert x86_64-unknown-linux-gnu file names to toolchain format... func_convert_file_noop
checking for /usr/bin/ld option to reload object files... -r
checking for objdump... objdump
checking how to recognize dependent libraries... pass_all
checking for dlltool... no
checking how to associate runtime and link libraries... printf %s\n
checking for ar... ar
checking for archiver @FILE support... @
checking for strip... strip
checking for ranlib... ranlib
checking command to parse /usr/bin/nm -B output from gcc object... ok
checking for sysroot... no
checking for a working dd... /bin/dd
checking how to truncate binary pipes... /bin/dd bs=4096 count=1
checking for mt... no
checking if : is a manifest tool... no
checking how to run the C preprocessor... gcc -E
checking for ANSI C header files... yes
checking for sys/types.h... yes
checking for sys/stat.h... yes
checking for stdlib.h... yes
checking for string.h... yes
checking for memory.h... yes
checking for strings.h... yes
checking for inttypes.h... yes
checking for stdint.h... yes
checking for unistd.h... yes
checking for dlfcn.h... yes
checking for objdir... .libs
checking if gcc supports -fno-rtti -fno-exceptions... no
checking for gcc option to produce PIC... -fPIC -DPIC
checking if gcc PIC flag -fPIC -DPIC works... yes
checking if gcc static flag -static works... yes
checking if gcc supports -c -o file.o... yes
checking if gcc supports -c -o file.o... (cached) yes
checking whether the gcc linker (/usr/bin/ld -m elf_x86_64) supports shared libraries... yes
checking whether -lc should be explicitly linked in... no
checking dynamic linker characteristics... GNU/Linux ld.so
checking how to hardcode library paths into programs... immediate
checking whether stripping libraries is possible... yes
checking if libtool supports shared libraries... yes
checking whether to build shared libraries... yes
checking whether to build static libraries... yes
checking whether make supports nested variables... (cached) yes
checking for special C compiler options needed for large files... no
checking for _FILE_OFFSET_BITS value needed for large files... no
checking for gcc... (cached) gcc
checking whether we are using the GNU C compiler... (cached) yes
checking whether gcc accepts -g... (cached) yes
checking for gcc option to accept ISO C89... (cached) none needed
checking whether gcc understands -c and -o together... (cached) yes
checking dependency style of gcc... (cached) gcc3
checking for ln... ln
checking dirent.h usability... yes
checking dirent.h presence... yes
checking for dirent.h... yes
checking for unistd.h... (cached) yes
checking sys/wait.h usability... yes
checking sys/wait.h presence... yes
checking for sys/wait.h... yes
checking malloc.h usability... yes
checking malloc.h presence... yes
checking for malloc.h... yes
checking for bash... /bin/bash
checking for default search path for .pc files... ${libdir}/pkgconfig:${datadir}/pkgconfig
checking for system include path to avoid -I flags... /usr/include
checking for system library path to avoid -L flags... /usr/lib:/lib
configure: creating ./config.lt
config.lt: creating libtool
checking whether to list both direct and indirect dependencies... no
checking for Win32... no
checking if prefix should be redefined at runtime... no
checking if internal glib should be used... yes
checking if host- prefixed tool should be installed... no
checking that generated files are newer than configure... done
configure: creating ./config.status
config.status: creating Makefile
config.status: creating pkg.m4
config.status: creating check/Makefile
config.status: creating check/config.sh
config.status: creating config.h.win32
config.status: creating config.h
config.status: executing depfiles commands
config.status: executing libtool commands
=== configuring in glib (/tmp/tmp.QXp8RhzIfa/pkg-config-0.29.2/glib)
configure: running /bin/sh ./configure --disable-option-checking '--prefix=/usr'  '--with-internal-glib' '--disable-host-tool' '--docdir=/usr/share/doc/pkg-config-0.29.2' --cache-file=/dev/null --srcdir=.
checking for a BSD-compatible install... /usr/bin/install -c
checking whether build environment is sane... yes
checking for a thread-safe mkdir -p... /bin/mkdir -p
checking for gawk... gawk
checking whether make sets $(MAKE)... yes
checking whether make supports nested variables... yes
checking whether UID '0' is supported by ustar format... yes
checking whether GID '0' is supported by ustar format... yes
checking how to create a ustar tar archive... gnutar
checking whether to enable maintainer-specific portions of Makefiles... yes
checking whether make supports nested variables... (cached) yes
checking for gcc... gcc
checking whether the C compiler works... yes
checking for C compiler default output file name... a.out
checking for suffix of executables... 
checking whether we are cross compiling... no
checking for suffix of object files... o
checking whether we are using the GNU C compiler... yes
checking whether gcc accepts -g... yes
checking for gcc option to accept ISO C89... none needed
checking whether gcc understands -c and -o together... yes
checking for style of include used by make... GNU
checking dependency style of gcc... gcc3
checking how to run the C preprocessor... gcc -E
checking for grep that handles long lines and -e... /bin/grep
checking for egrep... /bin/grep -E
checking for ANSI C header files... yes
checking for sys/types.h... yes
checking for sys/stat.h... yes
checking for stdlib.h... yes
checking for string.h... yes
checking for memory.h... yes
checking for strings.h... yes
checking for inttypes.h... yes
checking for stdint.h... yes
checking for unistd.h... yes
checking minix/config.h usability... no
checking minix/config.h presence... no
checking for minix/config.h... no
checking whether it is safe to define __EXTENSIONS__... yes
checking build system type... x86_64-unknown-linux-gnu
checking host system type... x86_64-unknown-linux-gnu
checking for the BeOS... no
checking for Win32... no
checking for the Android... no
checking for Mac OS X Carbon support... no
checking for Mac OS X Cocoa support... no
checking whether to enable garbage collector friendliness... no
checking whether to disable memory pools... no
checking for c++... c++
checking whether we are using the GNU C++ compiler... yes
checking whether c++ accepts -g... yes
checking dependency style of c++... gcc3
checking for special C compiler options needed for large files... no
checking for _FILE_OFFSET_BITS value needed for large files... no
checking for gawk... (cached) gawk
checking for perl5... no
checking for perl... perl
checking for indent... no
checking for perl... /usr/bin/perl
checking for a Python interpreter with version >= 2.5... python3
checking for python3... /usr/bin/python3
checking for python3 version... 3.9
checking for python3 platform... linux
checking for python3 script directory... ${prefix}/lib/python3.9/site-packages
checking for python3 extension module directory... ${exec_prefix}/lib/python3.9/site-packages
checking for iconv_open... yes
checking how to print strings... printf
checking for a sed that does not truncate output... /bin/sed
checking for fgrep... /bin/grep -F
checking for ld used by gcc... /usr/bin/ld
checking if the linker (/usr/bin/ld) is GNU ld... yes
checking for BSD- or MS-compatible name lister (nm)... /usr/bin/nm -B
checking the name lister (/usr/bin/nm -B) interface... BSD nm
checking whether ln -s works... yes
checking the maximum length of command line arguments... 1572864
checking how to convert x86_64-unknown-linux-gnu file names to x86_64-unknown-linux-gnu format... func_convert_file_noop
checking how to convert x86_64-unknown-linux-gnu file names to toolchain format... func_convert_file_noop
checking for /usr/bin/ld option to reload object files... -r
checking for objdump... objdump
checking how to recognize dependent libraries... pass_all
checking for dlltool... no
checking how to associate runtime and link libraries... printf %s\n
checking for ar... ar
checking for archiver @FILE support... @
checking for strip... strip
checking for ranlib... ranlib
checking command to parse /usr/bin/nm -B output from gcc object... ok
checking for sysroot... no
checking for a working dd... /bin/dd
checking how to truncate binary pipes... /bin/dd bs=4096 count=1
checking for mt... no
checking if : is a manifest tool... no
checking for dlfcn.h... yes
checking for objdir... .libs
checking if gcc supports -fno-rtti -fno-exceptions... no
checking for gcc option to produce PIC... -fPIC -DPIC
checking if gcc PIC flag -fPIC -DPIC works... yes
checking if gcc static flag -static works... yes
checking if gcc supports -c -o file.o... yes
checking if gcc supports -c -o file.o... (cached) yes
checking whether the gcc linker (/usr/bin/ld -m elf_x86_64) supports shared libraries... yes
checking dynamic linker characteristics... GNU/Linux ld.so
checking how to hardcode library paths into programs... immediate
checking whether stripping libraries is possible... yes
checking if libtool supports shared libraries... yes
checking whether to build shared libraries... no
checking whether to build static libraries... yes
checking how to run the C++ preprocessor... c++ -E
checking for ld used by c++... /usr/bin/ld -m elf_x86_64
checking if the linker (/usr/bin/ld -m elf_x86_64) is GNU ld... yes
checking whether the c++ linker (/usr/bin/ld -m elf_x86_64) supports shared libraries... yes
checking for c++ option to produce PIC... -fPIC -DPIC
checking if c++ PIC flag -fPIC -DPIC works... yes
checking if c++ static flag -static works... yes
checking if c++ supports -c -o file.o... yes
checking if c++ supports -c -o file.o... (cached) yes
checking whether the c++ linker (/usr/bin/ld -m elf_x86_64) supports shared libraries... yes
checking dynamic linker characteristics... (cached) GNU/Linux ld.so
checking how to hardcode library paths into programs... immediate
configure: creating ./config.lt
config.lt: creating libtool
checking for extra flags to get ANSI library prototypes... none needed
checking for extra flags for POSIX compliance... none needed
checking for vprintf... yes
checking for _doprnt... no
checking for size_t... yes
checking for working alloca.h... yes
checking for alloca... yes
checking for mmap... yes
checking for posix_memalign... yes
checking for memalign... yes
checking for valloc... yes
checking for fsync... yes
checking for pipe2... yes
checking for issetugid... no
checking for atexit... yes
checking for on_exit... yes
checking for timegm... yes
checking for gmtime_r... yes
checking for __libc_enable_secure... yes
checking size of char... 1
checking size of short... 2
checking size of long... 8
checking size of int... 4
checking size of void *... 8
checking size of long long... 8
checking size of __int64... 0
checking for sig_atomic_t... yes
checking for format to printf and scanf a guint64... %llu
checking for an ANSI C-conforming const... yes
checking for growing stack pointer... yes
checking for __inline... yes
checking for __inline__... yes
checking for inline... yes
checking if inline functions in headers work... yes
checking for working do while(0) macros... yes
checking for ISO C99 varargs macros in C... yes
checking for ISO C99 varargs macros in C++... yes
checking for GNUC varargs macros... yes
checking for GNUC visibility attribute... yes
checking whether using Sun Studio C compiler... no
checking whether byte ordering is bigendian... no
checking dirent.h usability... yes
checking dirent.h presence... yes
checking for dirent.h... yes
checking float.h usability... yes
checking float.h presence... yes
checking for float.h... yes
checking limits.h usability... yes
checking limits.h presence... yes
checking for limits.h... yes
checking pwd.h usability... yes
checking pwd.h presence... yes
checking for pwd.h... yes
checking grp.h usability... yes
checking grp.h presence... yes
checking for grp.h... yes
checking sys/param.h usability... yes
checking sys/param.h presence... yes
checking for sys/param.h... yes
checking sys/poll.h usability... yes
checking sys/poll.h presence... yes
checking for sys/poll.h... yes
checking sys/resource.h usability... yes
checking sys/resource.h presence... yes
checking for sys/resource.h... yes
checking sys/time.h usability... yes
checking sys/time.h presence... yes
checking for sys/time.h... yes
checking sys/times.h usability... yes
checking sys/times.h presence... yes
checking for sys/times.h... yes
checking sys/wait.h usability... yes
checking sys/wait.h presence... yes
checking for sys/wait.h... yes
checking for unistd.h... (cached) yes
checking values.h usability... yes
checking values.h presence... yes
checking for values.h... yes
checking sys/select.h usability... yes
checking sys/select.h presence... yes
checking for sys/select.h... yes
checking for sys/types.h... (cached) yes
checking for stdint.h... (cached) yes
checking for inttypes.h... (cached) yes
checking sched.h usability... yes
checking sched.h presence... yes
checking for sched.h... yes
checking malloc.h usability... yes
checking malloc.h presence... yes
checking for malloc.h... yes
checking sys/vfs.h usability... yes
checking sys/vfs.h presence... yes
checking for sys/vfs.h... yes
checking sys/vmount.h usability... no
checking sys/vmount.h presence... no
checking for sys/vmount.h... no
checking sys/statfs.h usability... yes
checking sys/statfs.h presence... yes
checking for sys/statfs.h... yes
checking sys/statvfs.h usability... yes
checking sys/statvfs.h presence... yes
checking for sys/statvfs.h... yes
checking sys/filio.h usability... no
checking sys/filio.h presence... no
checking for sys/filio.h... no
checking mntent.h usability... yes
checking mntent.h presence... yes
checking for mntent.h... yes
checking sys/mnttab.h usability... no
checking sys/mnttab.h presence... no
checking for sys/mnttab.h... no
checking sys/vfstab.h usability... no
checking sys/vfstab.h presence... no
checking for sys/vfstab.h... no
checking sys/mntctl.h usability... no
checking sys/mntctl.h presence... no
checking for sys/mntctl.h... no
checking fstab.h usability... yes
checking fstab.h presence... yes
checking for fstab.h... yes
checking sys/uio.h usability... yes
checking sys/uio.h presence... yes
checking for sys/uio.h... yes
checking sys/mkdev.h usability... no
checking sys/mkdev.h presence... no
checking for sys/mkdev.h... no
checking linux/magic.h usability... yes
checking linux/magic.h presence... yes
checking for linux/magic.h... yes
checking sys/prctl.h usability... yes
checking sys/prctl.h presence... yes
checking for sys/prctl.h... yes
checking for sys/mount.h... yes
checking for sys/sysctl.h... no
checking for sysctlbyname... no
checking xlocale.h usability... no
checking xlocale.h presence... no
checking for xlocale.h... no
checking for struct stat.st_mtimensec... no
checking for struct stat.st_mtim.tv_nsec... yes
checking for struct stat.st_atimensec... no
checking for struct stat.st_atim.tv_nsec... yes
checking for struct stat.st_ctimensec... no
checking for struct stat.st_ctim.tv_nsec... yes
checking for struct stat.st_blksize... yes
checking for struct stat.st_blocks... yes
checking for struct statfs.f_fstypename... no
checking for struct statfs.f_bavail... yes
checking for struct statvfs.f_basetype... no
checking for struct statvfs.f_fstypename... no
checking for struct tm.tm_gmtoff... yes
checking for struct tm.__tm_gmtoff... no
checking for dirent.h that defines DIR... yes
checking for library containing opendir... none required
checking for struct dirent.d_type... yes
checking for nl_langinfo and CODESET... yes
checking stddef.h usability... yes
checking stddef.h presence... yes
checking for stddef.h... yes
checking for stdlib.h... (cached) yes
checking for string.h... (cached) yes
checking for setlocale... yes
checking whether we are using the GNU C Library 2.1 or newer... yes
checking size of size_t... 8
checking for the appropriate definition for size_t... unsigned long
checking size of ssize_t... 8
checking for the appropriate definition for ssize_t... long
checking for lstat... yes
checking for strerror... yes
checking for strsignal... yes
checking for memmove... yes
checking for vsnprintf... yes
checking for stpcpy... yes
checking for strcasecmp... yes
checking for strncasecmp... yes
checking for poll... yes
checking for getcwd... yes
checking for vasprintf... yes
checking for setenv... yes
checking for unsetenv... yes
checking for getc_unlocked... yes
checking for readlink... yes
checking for symlink... yes
checking for fdwalk... no
checking for memmem... yes
checking for chown... yes
checking for lchmod... yes
checking for lchown... yes
checking for fchmod... yes
checking for fchown... yes
checking for link... yes
checking for utimes... yes
checking for getgrgid... yes
checking for getpwuid... yes
checking for getresuid... yes
checking for getmntent_r... yes
checking for setmntent... yes
checking for endmntent... yes
checking for hasmntopt... yes
checking for getfsstat... no
checking for getvfsstat... no
checking for fallocate... yes
checking for splice... yes
checking for prlimit... yes
checking for statvfs... yes
checking for statfs... yes
checking whether to use statfs or statvfs... statfs
checking crt_externs.h usability... no
checking crt_externs.h presence... no
checking for crt_externs.h... no
checking for _NSGetEnviron... no
checking for newlocale... yes
checking for uselocale... yes
checking for strtod_l... yes
checking for strtoll_l... yes
checking for strtoull_l... yes
checking for C99 vsnprintf... yes
checking whether printf supports positional parameters... yes
checking value of AF_INET... 2
checking value of AF_INET6... 10
checking value of AF_UNIX... 1
checking value of MSG_PEEK... 2
checking value of MSG_OOB... 1
checking value of MSG_DONTROUTE... 4
checking for getprotobyname_r... yes
checking for endservent... yes
checking for if_nametoindex... yes
checking for if_indextoname... yes
checking if arpa/nameser_compat.h is needed... no
checking for res_query... in -lresolv
checking for socket... yes
checking for res_init... yes
checking for linux/netlink.h... yes
checking for struct ip_mreqn... yes
checking number of arguments to statfs()... 2
checking for signed... yes
checking for long long... yes
checking for long double... yes
checking for wchar_t... yes
checking for wint_t... yes
checking for size_t... (cached) yes
checking for ptrdiff_t... yes
checking for inttypes.h... yes
checking for stdint.h... yes
checking for snprintf... yes
checking for wcslen... yes
checking for C99 snprintf... yes
checking for fd_set... yes, found in sys/types.h
checking for nl_langinfo (CODESET)... yes
checking for nl_langinfo (PM_STR)... yes
checking for nl_langinfo (_NL_CTYPE_OUTDIGITn_MB)... yes
checking for a compliant posix_memalign() implementation... yes
checking for OpenBSD strlcpy/strlcat... no
checking for an implementation of va_copy()... yes
checking for an implementation of __va_copy()... yes
checking whether va_lists can be copied by value... no
checking for dlopen... no
checking for NSLinkModule... no
checking for dlopen in -ldl... yes
checking for dlsym in -ldl... yes
checking for RTLD_GLOBAL brokenness... no
checking for preceeding underscore in symbols... no
checking for dlerror... yes
checking for the suffix of module shared libraries... .so
checking for gspawn implementation... gspawn.lo
checking for GIOChannel implementation... giounix.lo
checking sys/inotify.h usability... yes
checking sys/inotify.h presence... yes
checking for sys/inotify.h... yes
checking for inotify_init1... yes
checking sys/event.h usability... no
checking sys/event.h presence... no
checking for sys/event.h... no
checking for platform-dependent source... 
checking whether to compile timeloop... yes
checking if building for some Win32 platform... no
checking for thread implementation... posix
checking thread related cflags... -pthread
checking thread related libraries... -pthread
checking for localtime_r... yes
checking for gmtime_r... (cached) yes
checking for posix getpwuid_r... yes
checking for posix getgrgid_r... yes
checking for pthread_attr_setstacksize... yes
checking for pthread_condattr_setclock... yes
checking for pthread_cond_timedwait_monotonic... no
checking for pthread_cond_timedwait_monotonic_np... no
checking for clock_gettime... yes
checking for lock-free atomic intrinsics... yes
checking for futex(2) system call... yes
checking for eventfd(2) system call... yes
checking value of POLLIN... 1
checking value of POLLOUT... 4
checking value of POLLPRI... 2
checking value of POLLERR... 8
checking value of POLLHUP... 16
checking value of POLLNVAL... 32
checking for broken poll... no
checking for EILSEQ... yes
checking for guint32... yes
checking alignment of guint32... 4
checking for guint64... yes
checking alignment of guint64... 8
checking for unsigned long... yes
checking alignment of unsigned long... 8
checking for -Bsymbolic-functions linker flag... yes
checking for -fvisibility=hidden compiler flag... yes
checking if gcc supports flag -Wall in envvar CFLAGS... yes
checking if gcc supports flag -Wstrict-prototypes in envvar CFLAGS... yes
checking if gcc supports flag -Werror=declaration-after-statement in envvar CFLAGS... yes
checking if gcc supports flag -Werror=missing-prototypes in envvar CFLAGS... yes
checking if gcc supports flag -Werror=implicit-function-declaration in envvar CFLAGS... yes
checking if gcc supports flag -Werror=pointer-arith in envvar CFLAGS... yes
checking if gcc supports flag -Werror=init-self in envvar CFLAGS... yes
checking if gcc supports flag -Werror=format-security in envvar CFLAGS... no
checking if gcc supports flag -Werror=format=2 in envvar CFLAGS... yes
checking if gcc supports flag -Werror=missing-include-dirs in envvar CFLAGS... yes
checking that generated files are newer than configure... done
configure: creating ./config.status
config.status: creating Makefile
config.status: creating glib/Makefile
config.status: creating glib/libcharset/Makefile
config.status: creating glib/gnulib/Makefile
config.status: creating m4macros/Makefile
config.status: creating config.h
config.status: executing depfiles commands
config.status: executing libtool commands
config.status: executing glib/glibconfig.h commands
make  all-recursive
make[1]: Entering directory '/tmp/tmp.QXp8RhzIfa/pkg-config-0.29.2'
Making all in glib
make[2]: Entering directory '/tmp/tmp.QXp8RhzIfa/pkg-config-0.29.2/glib'
make  all-recursive
make[3]: Entering directory '/tmp/tmp.QXp8RhzIfa/pkg-config-0.29.2/glib'
Making all in .
make[4]: Entering directory '/tmp/tmp.QXp8RhzIfa/pkg-config-0.29.2/glib'
make[4]: Leaving directory '/tmp/tmp.QXp8RhzIfa/pkg-config-0.29.2/glib'
Making all in m4macros
make[4]: Entering directory '/tmp/tmp.QXp8RhzIfa/pkg-config-0.29.2/glib/m4macros'
make  all-am
make[5]: Entering directory '/tmp/tmp.QXp8RhzIfa/pkg-config-0.29.2/glib/m4macros'
make[5]: Nothing to be done for 'all-am'.
make[5]: Leaving directory '/tmp/tmp.QXp8RhzIfa/pkg-config-0.29.2/glib/m4macros'
make[4]: Leaving directory '/tmp/tmp.QXp8RhzIfa/pkg-config-0.29.2/glib/m4macros'
Making all in glib
make[4]: Entering directory '/tmp/tmp.QXp8RhzIfa/pkg-config-0.29.2/glib/glib'
  GEN      glibconfig-stamp
config.status: executing glib/glibconfig.h commands
config.status: glib/glibconfig.h is unchanged
make  all-recursive
make[5]: Entering directory '/tmp/tmp.QXp8RhzIfa/pkg-config-0.29.2/glib/glib'
Making all in libcharset
make[6]: Entering directory '/tmp/tmp.QXp8RhzIfa/pkg-config-0.29.2/glib/glib/libcharset'
make  all-am
make[7]: Entering directory '/tmp/tmp.QXp8RhzIfa/pkg-config-0.29.2/glib/glib/libcharset'
  CC       libcharset_la-localcharset.lo
  GEN      ref-add.sed
  GEN      ref-del.sed
  GEN      charset.alias
  CCLD     libcharset.la
make[7]: Leaving directory '/tmp/tmp.QXp8RhzIfa/pkg-config-0.29.2/glib/glib/libcharset'
make[6]: Leaving directory '/tmp/tmp.QXp8RhzIfa/pkg-config-0.29.2/glib/glib/libcharset'
Making all in .
make[6]: Entering directory '/tmp/tmp.QXp8RhzIfa/pkg-config-0.29.2/glib/glib'
  CC       libglib_2_0_la-gallocator.lo
  CC       libglib_2_0_la-gcache.lo
  CC       libglib_2_0_la-gcompletion.lo
  CC       libglib_2_0_la-grel.lo
  CC       libglib_2_0_la-gthread-deprecated.lo
  CC       libglib_2_0_la-garray.lo
  CC       libglib_2_0_la-gasyncqueue.lo
  CC       libglib_2_0_la-gatomic.lo
  CC       libglib_2_0_la-gbacktrace.lo
  CC       libglib_2_0_la-gbase64.lo
  CC       libglib_2_0_la-gbitlock.lo
  CC       libglib_2_0_la-gbookmarkfile.lo
  CC       libglib_2_0_la-gbytes.lo
  CC       libglib_2_0_la-gcharset.lo
  CC       libglib_2_0_la-gchecksum.lo
  CC       libglib_2_0_la-gconvert.lo
  CC       libglib_2_0_la-gdataset.lo
  CC       libglib_2_0_la-gdate.lo
  CC       libglib_2_0_la-gdatetime.lo
  CC       libglib_2_0_la-gdir.lo
  CC       libglib_2_0_la-genviron.lo
  CC       libglib_2_0_la-gerror.lo
  CC       libglib_2_0_la-gfileutils.lo
  CC       libglib_2_0_la-ggettext.lo
  CC       libglib_2_0_la-ghash.lo
  CC       libglib_2_0_la-ghmac.lo
In file included from ggettext.c:30:
ggettext.c: In function 'ensure_gettext_initialized':
glibintl.h:37:42: warning: statement with no effect [-Wunused-value]
   37 | #define bindtextdomain(Domain,Directory) (Domain)
      |                                          ^
ggettext.c:109:7: note: in expansion of macro 'bindtextdomain'
  109 |       bindtextdomain (GETTEXT_PACKAGE, GLIB_LOCALE_DIR);
      |       ^~~~~~~~~~~~~~
  CC       libglib_2_0_la-ghook.lo
  CC       libglib_2_0_la-ghostutils.lo
  CC       libglib_2_0_la-giochannel.lo
  CC       libglib_2_0_la-gkeyfile.lo
  CC       libglib_2_0_la-glib-init.lo
  CC       libglib_2_0_la-glib-private.lo
  CC       libglib_2_0_la-glist.lo
  CC       libglib_2_0_la-gmain.lo
  CC       libglib_2_0_la-gmappedfile.lo
  CC       libglib_2_0_la-gmarkup.lo
  CC       libglib_2_0_la-gmem.lo
  CC       libglib_2_0_la-gmessages.lo
  CC       libglib_2_0_la-gnode.lo
  CC       libglib_2_0_la-goption.lo
  CC       libglib_2_0_la-gpattern.lo
  CC       libglib_2_0_la-gpoll.lo
  CC       libglib_2_0_la-gprimes.lo
  CC       libglib_2_0_la-gqsort.lo
  CC       libglib_2_0_la-gquark.lo
  CC       libglib_2_0_la-gqueue.lo
  CC       libglib_2_0_la-grand.lo
  CC       libglib_2_0_la-gscanner.lo
  CC       libglib_2_0_la-gsequence.lo
  CC       libglib_2_0_la-gshell.lo
  CC       libglib_2_0_la-gslice.lo
  CC       libglib_2_0_la-gslist.lo
  CC       libglib_2_0_la-gstdio.lo
  CC       libglib_2_0_la-gstrfuncs.lo
  CC       libglib_2_0_la-gstring.lo
  CC       libglib_2_0_la-gstringchunk.lo
  CC       libglib_2_0_la-gtestutils.lo
  CC       libglib_2_0_la-gthread.lo
  CC       libglib_2_0_la-gthreadpool.lo
  CC       libglib_2_0_la-gtimer.lo
  CC       libglib_2_0_la-gtimezone.lo
  CC       libglib_2_0_la-gtrashstack.lo
  CC       libglib_2_0_la-gtree.lo
  CC       libglib_2_0_la-guniprop.lo
  CC       libglib_2_0_la-gutf8.lo
  CC       libglib_2_0_la-gunibreak.lo
  CC       libglib_2_0_la-gunicollate.lo
  CC       libglib_2_0_la-gunidecomp.lo
  CC       libglib_2_0_la-gurifuncs.lo
  CC       libglib_2_0_la-gutils.lo
  CC       libglib_2_0_la-gvariant.lo
  CC       libglib_2_0_la-gvariant-core.lo
  CC       libglib_2_0_la-gvariant-parser.lo
  CC       libglib_2_0_la-gvariant-serialiser.lo
  CC       libglib_2_0_la-gvarianttypeinfo.lo
  CC       libglib_2_0_la-gvarianttype.lo
  CC       libglib_2_0_la-gversion.lo
  CC       libglib_2_0_la-gwakeup.lo
  CC       libglib_2_0_la-gprintf.lo
  CC       libglib_2_0_la-glib-unix.lo
  CC       libglib_2_0_la-gthread-posix.lo
  CC       giounix.lo
  CC       gspawn.lo
echo   > glib-public-headers.txt.tmp && mv glib-public-headers.txt.tmp glib-public-headers.txt
  CCLD     libglib-2.0.la
make[6]: Leaving directory '/tmp/tmp.QXp8RhzIfa/pkg-config-0.29.2/glib/glib'
make[5]: Leaving directory '/tmp/tmp.QXp8RhzIfa/pkg-config-0.29.2/glib/glib'
make[4]: Leaving directory '/tmp/tmp.QXp8RhzIfa/pkg-config-0.29.2/glib/glib'
make[3]: Leaving directory '/tmp/tmp.QXp8RhzIfa/pkg-config-0.29.2/glib'
make[2]: Leaving directory '/tmp/tmp.QXp8RhzIfa/pkg-config-0.29.2/glib'
Making all in .
make[2]: Entering directory '/tmp/tmp.QXp8RhzIfa/pkg-config-0.29.2'
  CC       pkg.o
  CC       parse.o
  CC       rpmvercmp.o
  CC       main.o
  CCLD     pkg-config
make[2]: Leaving directory '/tmp/tmp.QXp8RhzIfa/pkg-config-0.29.2'
Making all in check
make[2]: Entering directory '/tmp/tmp.QXp8RhzIfa/pkg-config-0.29.2/check'
make[2]: Nothing to be done for 'all'.
make[2]: Leaving directory '/tmp/tmp.QXp8RhzIfa/pkg-config-0.29.2/check'
make[1]: Leaving directory '/tmp/tmp.QXp8RhzIfa/pkg-config-0.29.2'
Making install in glib
make[1]: Entering directory '/tmp/tmp.QXp8RhzIfa/pkg-config-0.29.2/glib'
make  install-recursive
make[2]: Entering directory '/tmp/tmp.QXp8RhzIfa/pkg-config-0.29.2/glib'
Making install in .
make[3]: Entering directory '/tmp/tmp.QXp8RhzIfa/pkg-config-0.29.2/glib'
make[4]: Entering directory '/tmp/tmp.QXp8RhzIfa/pkg-config-0.29.2/glib'
make[4]: Nothing to be done for 'install-exec-am'.
make[4]: Leaving directory '/tmp/tmp.QXp8RhzIfa/pkg-config-0.29.2/glib'
make[3]: Leaving directory '/tmp/tmp.QXp8RhzIfa/pkg-config-0.29.2/glib'
Making install in m4macros
make[3]: Entering directory '/tmp/tmp.QXp8RhzIfa/pkg-config-0.29.2/glib/m4macros'
make  install-am
make[4]: Entering directory '/tmp/tmp.QXp8RhzIfa/pkg-config-0.29.2/glib/m4macros'
make[5]: Entering directory '/tmp/tmp.QXp8RhzIfa/pkg-config-0.29.2/glib/m4macros'
make[5]: Nothing to be done for 'install-exec-am'.
make[5]: Leaving directory '/tmp/tmp.QXp8RhzIfa/pkg-config-0.29.2/glib/m4macros'
make[4]: Leaving directory '/tmp/tmp.QXp8RhzIfa/pkg-config-0.29.2/glib/m4macros'
make[3]: Leaving directory '/tmp/tmp.QXp8RhzIfa/pkg-config-0.29.2/glib/m4macros'
Making install in glib
make[3]: Entering directory '/tmp/tmp.QXp8RhzIfa/pkg-config-0.29.2/glib/glib'
make  install-recursive
make[4]: Entering directory '/tmp/tmp.QXp8RhzIfa/pkg-config-0.29.2/glib/glib'
Making install in libcharset
make[5]: Entering directory '/tmp/tmp.QXp8RhzIfa/pkg-config-0.29.2/glib/glib/libcharset'
make  install-am
make[6]: Entering directory '/tmp/tmp.QXp8RhzIfa/pkg-config-0.29.2/glib/glib/libcharset'
make[7]: Entering directory '/tmp/tmp.QXp8RhzIfa/pkg-config-0.29.2/glib/glib/libcharset'
make[7]: Nothing to be done for 'install-exec-am'.
make[7]: Leaving directory '/tmp/tmp.QXp8RhzIfa/pkg-config-0.29.2/glib/glib/libcharset'
make[6]: Leaving directory '/tmp/tmp.QXp8RhzIfa/pkg-config-0.29.2/glib/glib/libcharset'
make[5]: Leaving directory '/tmp/tmp.QXp8RhzIfa/pkg-config-0.29.2/glib/glib/libcharset'
Making install in .
make[5]: Entering directory '/tmp/tmp.QXp8RhzIfa/pkg-config-0.29.2/glib/glib'
make[6]: Entering directory '/tmp/tmp.QXp8RhzIfa/pkg-config-0.29.2/glib/glib'
make[6]: Nothing to be done for 'install-exec-am'.
make[6]: Leaving directory '/tmp/tmp.QXp8RhzIfa/pkg-config-0.29.2/glib/glib'
make[5]: Leaving directory '/tmp/tmp.QXp8RhzIfa/pkg-config-0.29.2/glib/glib'
make[4]: Leaving directory '/tmp/tmp.QXp8RhzIfa/pkg-config-0.29.2/glib/glib'
make[3]: Leaving directory '/tmp/tmp.QXp8RhzIfa/pkg-config-0.29.2/glib/glib'
make[2]: Leaving directory '/tmp/tmp.QXp8RhzIfa/pkg-config-0.29.2/glib'
make[1]: Leaving directory '/tmp/tmp.QXp8RhzIfa/pkg-config-0.29.2/glib'
Making install in .
make[1]: Entering directory '/tmp/tmp.QXp8RhzIfa/pkg-config-0.29.2'
make[2]: Entering directory '/tmp/tmp.QXp8RhzIfa/pkg-config-0.29.2'
 /bin/mkdir -p '/usr/share/doc/pkg-config-0.29.2'
 /bin/mkdir -p '/usr/share/aclocal'
 /bin/mkdir -p '/usr/bin'
 /bin/mkdir -p '/usr/share/man/man1'
 /usr/bin/install -c -m 644 pkg.m4 '/usr/share/aclocal'
 /usr/bin/install -c -m 644 pkg-config-guide.html '/usr/share/doc/pkg-config-0.29.2'
  /bin/sh ./libtool   --mode=install /usr/bin/install -c pkg-config '/usr/bin'
 /usr/bin/install -c -m 644 pkg-config.1 '/usr/share/man/man1'
libtool: install: /usr/bin/install -c pkg-config /usr/bin/pkg-config
make  install-exec-hook
make[3]: Entering directory '/tmp/tmp.QXp8RhzIfa/pkg-config-0.29.2'
make[3]: Nothing to be done for 'install-exec-hook'.
make[3]: Leaving directory '/tmp/tmp.QXp8RhzIfa/pkg-config-0.29.2'
make[2]: Leaving directory '/tmp/tmp.QXp8RhzIfa/pkg-config-0.29.2'
make[1]: Leaving directory '/tmp/tmp.QXp8RhzIfa/pkg-config-0.29.2'
Making install in check
make[1]: Entering directory '/tmp/tmp.QXp8RhzIfa/pkg-config-0.29.2/check'
make[2]: Entering directory '/tmp/tmp.QXp8RhzIfa/pkg-config-0.29.2/check'
make[2]: Nothing to be done for 'install-exec-am'.
make[2]: Nothing to be done for 'install-data-am'.
make[2]: Leaving directory '/tmp/tmp.QXp8RhzIfa/pkg-config-0.29.2/check'
make[1]: Leaving directory '/tmp/tmp.QXp8RhzIfa/pkg-config-0.29.2/check'

real	0m30.934s
user	1m2.987s
sys	0m11.313s
