checking for a BSD-compatible install... /usr/bin/install -c
checking whether build environment is sane... yes
checking for a thread-safe mkdir -p... /bin/mkdir -p
checking for gawk... gawk
checking whether make sets $(MAKE)... yes
checking whether make supports nested variables... yes
checking whether make supports nested variables... (cached) yes
checking whether make supports the include directive... yes (GNU style)
checking for gcc... gcc
checking whether the C compiler works... yes
checking for C compiler default output file name... a.out
checking for suffix of executables... 
checking whether we are cross compiling... no
checking for suffix of object files... o
checking whether we are using the GNU C compiler... yes
checking whether gcc accepts -g... yes
checking for gcc option to accept ISO C89... none needed
checking whether gcc understands -c and -o together... yes
checking dependency style of gcc... gcc3
checking how to run the C preprocessor... gcc -E
checking for grep that handles long lines and -e... /bin/grep
checking for egrep... /bin/grep -E
checking for ANSI C header files... yes
checking for sys/types.h... yes
checking for sys/stat.h... yes
checking for stdlib.h... yes
checking for string.h... yes
checking for memory.h... yes
checking for strings.h... yes
checking for inttypes.h... yes
checking for stdint.h... yes
checking for unistd.h... yes
checking minix/config.h usability... no
checking minix/config.h presence... no
checking for minix/config.h... no
checking whether it is safe to define __EXTENSIONS__... yes
checking whether to enable maintainer-specific portions of Makefiles... no
checking for gcc... (cached) gcc
checking whether we are using the GNU C compiler... (cached) yes
checking whether gcc accepts -g... (cached) yes
checking for gcc option to accept ISO C89... (cached) none needed
checking whether gcc understands -c and -o together... (cached) yes
checking dependency style of gcc... (cached) gcc3
checking for library containing strerror... none required
checking whether ln -s works... yes
checking for bison... bison -y
checking build system type... x86_64-pc-linux-gnu
checking host system type... x86_64-pc-linux-gnu
checking how to print strings... printf
checking for a sed that does not truncate output... /bin/sed
checking for fgrep... /bin/grep -F
checking for ld used by gcc... /usr/x86_64-lfs-linux-gnu/bin/ld
checking if the linker (/usr/x86_64-lfs-linux-gnu/bin/ld) is GNU ld... yes
checking for BSD- or MS-compatible name lister (nm)... /usr/bin/nm -B
checking the name lister (/usr/bin/nm -B) interface... BSD nm
checking the maximum length of command line arguments... 1572864
checking how to convert x86_64-pc-linux-gnu file names to x86_64-pc-linux-gnu format... func_convert_file_noop
checking how to convert x86_64-pc-linux-gnu file names to toolchain format... func_convert_file_noop
checking for /usr/x86_64-lfs-linux-gnu/bin/ld option to reload object files... -r
checking for objdump... objdump
checking how to recognize dependent libraries... pass_all
checking for dlltool... no
checking how to associate runtime and link libraries... printf %s\n
checking for ar... ar
checking for archiver @FILE support... @
checking for strip... strip
checking for ranlib... ranlib
checking command to parse /usr/bin/nm -B output from gcc object... ok
checking for sysroot... no
checking for a working dd... /bin/dd
checking how to truncate binary pipes... /bin/dd bs=4096 count=1
checking for mt... no
checking if : is a manifest tool... no
checking for dlfcn.h... yes
checking for objdir... .libs
checking if gcc supports -fno-rtti -fno-exceptions... no
checking for gcc option to produce PIC... -fPIC -DPIC
checking if gcc PIC flag -fPIC -DPIC works... yes
checking if gcc static flag -static works... yes
checking if gcc supports -c -o file.o... yes
checking if gcc supports -c -o file.o... (cached) yes
checking whether the gcc linker (/usr/x86_64-lfs-linux-gnu/bin/ld -m elf_x86_64) supports shared libraries... yes
checking dynamic linker characteristics... GNU/Linux ld.so
checking how to hardcode library paths into programs... immediate
checking whether stripping libraries is possible... yes
checking if libtool supports shared libraries... yes
checking whether to build shared libraries... no
checking whether to build static libraries... yes
checking for dirent.h that defines DIR... yes
checking for library containing opendir... none required
checking for ANSI C header files... (cached) yes
checking for sys/wait.h that is POSIX.1 compatible... yes
checking for stdbool.h that conforms to C99... yes
checking for _Bool... yes
checking errno.h usability... yes
checking errno.h presence... yes
checking for errno.h... yes
checking fcntl.h usability... yes
checking fcntl.h presence... yes
checking for fcntl.h... yes
checking limits.h usability... yes
checking limits.h presence... yes
checking for limits.h... yes
checking for unistd.h... (cached) yes
checking sys/time.h usability... yes
checking sys/time.h presence... yes
checking for sys/time.h... yes
checking utmp.h usability... yes
checking utmp.h presence... yes
checking for utmp.h... yes
checking utmpx.h usability... yes
checking utmpx.h presence... yes
checking for utmpx.h... yes
checking termios.h usability... yes
checking termios.h presence... yes
checking for termios.h... yes
checking termio.h usability... yes
checking termio.h presence... yes
checking for termio.h... yes
checking sgtty.h usability... yes
checking sgtty.h presence... yes
checking for sgtty.h... yes
checking sys/ioctl.h usability... yes
checking sys/ioctl.h presence... yes
checking for sys/ioctl.h... yes
checking syslog.h usability... yes
checking syslog.h presence... yes
checking for syslog.h... yes
checking paths.h usability... yes
checking paths.h presence... yes
checking for paths.h... yes
checking utime.h usability... yes
checking utime.h presence... yes
checking for utime.h... yes
checking ulimit.h usability... yes
checking ulimit.h presence... yes
checking for ulimit.h... yes
checking sys/capability.h usability... yes
checking sys/capability.h presence... yes
checking for sys/capability.h... yes
checking sys/resource.h usability... yes
checking sys/resource.h presence... yes
checking for sys/resource.h... yes
checking gshadow.h usability... yes
checking gshadow.h presence... yes
checking for gshadow.h... yes
checking lastlog.h usability... yes
checking lastlog.h presence... yes
checking for lastlog.h... yes
checking locale.h usability... yes
checking locale.h presence... yes
checking for locale.h... yes
checking rpc/key_prot.h usability... no
checking rpc/key_prot.h presence... no
checking for rpc/key_prot.h... no
checking netdb.h usability... yes
checking netdb.h presence... yes
checking for netdb.h... yes
checking acl/libacl.h usability... yes
checking acl/libacl.h presence... yes
checking for acl/libacl.h... yes
checking attr/libattr.h usability... yes
checking attr/libattr.h presence... yes
checking for attr/libattr.h... yes
checking attr/error_context.h usability... yes
checking attr/error_context.h presence... yes
checking for attr/error_context.h... yes
checking shadow.h usability... yes
checking shadow.h presence... yes
checking for shadow.h... yes
checking for l64a... yes
checking for fchmod... yes
checking for fchown... yes
checking for fsync... yes
checking for futimes... yes
checking for getgroups... yes
checking for gethostname... yes
checking for getspnam... yes
checking for gettimeofday... yes
checking for getusershell... yes
checking for getutent... yes
checking for initgroups... yes
checking for lchown... yes
checking for lckpwdf... yes
checking for lstat... yes
checking for lutimes... yes
checking for memcpy... yes
checking for memset... yes
checking for setgroups... yes
checking for sigaction... yes
checking for strchr... yes
checking for updwtmp... yes
checking for updwtmpx... yes
checking for innetgr... yes
checking for getpwnam_r... yes
checking for getpwuid_r... yes
checking for getgrnam_r... yes
checking for getgrgid_r... yes
checking for getspnam_r... yes
checking for getaddrinfo... yes
checking for ruserok... yes
checking for special C compiler options needed for large files... no
checking for _FILE_OFFSET_BITS value needed for large files... no
checking for an ANSI C-conforming const... yes
checking for uid_t in sys/types.h... yes
checking for off_t... yes
checking for pid_t... yes
checking for mode_t... yes
checking whether stat file-mode macros are broken... no
checking for struct stat.st_rdev... yes
checking for struct stat.st_atim... yes
checking for struct stat.st_atimensec... no
checking for struct stat.st_mtim... yes
checking for struct stat.st_mtimensec... no
checking whether time.h and sys/time.h may both be included... yes
checking whether struct tm is in sys/time.h or time.h... time.h
checking for struct utmp.ut_type... yes
checking for struct utmp.ut_id... yes
checking for struct utmp.ut_name... yes
checking for struct utmp.ut_user... yes
checking for struct utmp.ut_host... yes
checking for struct utmp.ut_syslen... no
checking for struct utmp.ut_addr... yes
checking for struct utmp.ut_addr_v6... yes
checking for struct utmp.ut_time... yes
checking for struct utmp.ut_xtime... yes
checking for struct utmp.ut_tv... yes
checking for struct utmpx.ut_name... no
checking for struct utmpx.ut_host... yes
checking for struct utmpx.ut_syslen... no
checking for struct utmpx.ut_addr... no
checking for struct utmpx.ut_addr_v6... yes
checking for struct utmpx.ut_time... no
checking for struct utmpx.ut_xtime... no
checking for ll_host in struct lastlog... yes
checking type of array argument to getgroups... gid_t
checking return type of signal handlers... void
checking for utime.h... (cached) yes
checking whether utime accepts a null argument... yes
checking for strftime... yes
checking for mkdir... yes
checking for putgrent... yes
checking for putpwent... yes
checking for putspent... yes
checking for rename... yes
checking for rmdir... yes
checking for sgetgrent... no
checking for sgetpwent... no
checking for sgetspent... yes
checking for snprintf... yes
checking for strcasecmp... yes
checking for strdup... yes
checking for strerror... yes
checking for strstr... yes
checking for setpgrp... yes
checking for secure_getenv... yes
checking for working shadow group support... no
checking location of shared mail directory... /var/mail
checking location of user mail file... none
checking location of utmp... none
configure: WARNING: utmp file not found
checking location of faillog/lastlog/wtmp... /var/log
checking location of the passwd program... /usr/bin
checking for posix_spawn... yes
checking for posix_spawn... (cached) yes
./configure: line 12152: ]: command not found
checking for library containing inet_ntoa... none required
checking for library containing socket... none required
checking for library containing gethostbyname... none required
checking for econf_readDirs in -leconf... no
checking size of uid_t... 4
checking size of gid_t... 4
checking for crypt in -lcrypt... yes
checking for acl/libacl.h... (cached) yes
checking for attr/error_context.h... (cached) yes
checking for perm_copy_file in -lacl... yes
checking for perm_copy_fd in -lacl... yes
checking for attr/libattr.h... (cached) yes
checking for attr/error_context.h... (cached) yes
checking for attr_copy_file in -lattr... yes
checking for attr_copy_fd in -lattr... yes
checking libaudit.h usability... no
checking libaudit.h presence... no
checking for libaudit.h... no
checking sys/statfs.h usability... yes
checking sys/statfs.h presence... yes
checking for sys/statfs.h... yes
checking linux/magic.h usability... yes
checking linux/magic.h presence... yes
checking for linux/magic.h... yes
checking linux/btrfs_tree.h usability... yes
checking linux/btrfs_tree.h presence... yes
checking for linux/btrfs_tree.h... yes
checking selinux/selinux.h usability... no
checking selinux/selinux.h presence... no
checking for selinux/selinux.h... no
checking semanage/semanage.h usability... no
checking semanage/semanage.h presence... no
checking for semanage/semanage.h... no
checking tcb.h usability... no
checking tcb.h presence... no
checking for tcb.h... no
checking for pam_start in -lpam... no
checking for openpam_ttyconv in -lpam... no
checking for misc_conv in -lpam_misc... no
checking for security/openpam.h... no
checking for security/pam_misc.h... no
checking use login and su access checking if PAM not used... yes
checking whether NLS is requested... yes
checking for msgfmt... /usr/bin/msgfmt
checking for gmsgfmt... /usr/bin/msgfmt
checking for xgettext... /usr/bin/xgettext
checking for msgmerge... /usr/bin/msgmerge
checking for ld used by gcc... /usr/x86_64-lfs-linux-gnu/bin/ld -m elf_x86_64
checking if the linker (/usr/x86_64-lfs-linux-gnu/bin/ld -m elf_x86_64) is GNU ld... yes
checking for shared library run path origin... done
checking for CFPreferencesCopyAppValue... no
checking for CFLocaleCopyCurrent... no
checking for GNU gettext in libc... yes
checking whether to use NLS... yes
checking where the gettext function comes from... libc
checking that generated files are newer than configure... done
configure: creating ./config.status
config.status: creating Makefile
config.status: creating po/Makefile.in
config.status: creating doc/Makefile
config.status: creating man/Makefile
config.status: creating man/config.xml
config.status: creating man/po/Makefile
config.status: creating man/cs/Makefile
config.status: creating man/da/Makefile
config.status: creating man/de/Makefile
config.status: creating man/es/Makefile
config.status: creating man/fi/Makefile
config.status: creating man/fr/Makefile
config.status: creating man/hu/Makefile
config.status: creating man/id/Makefile
config.status: creating man/it/Makefile
config.status: creating man/ja/Makefile
config.status: creating man/ko/Makefile
config.status: creating man/pl/Makefile
config.status: creating man/pt_BR/Makefile
config.status: creating man/ru/Makefile
config.status: creating man/sv/Makefile
config.status: creating man/tr/Makefile
config.status: creating man/zh_CN/Makefile
config.status: creating man/zh_TW/Makefile
config.status: creating libmisc/Makefile
config.status: creating lib/Makefile
config.status: creating src/Makefile
config.status: creating contrib/Makefile
config.status: creating etc/Makefile
config.status: creating etc/pam.d/Makefile
config.status: creating shadow.spec
config.status: creating config.h
config.status: executing depfiles commands
config.status: executing libtool commands
config.status: executing po-directories commands
config.status: creating po/POTFILES
config.status: creating po/Makefile

shadow will be compiled with the following features:

	auditing support:		no
	CrackLib support:		no
	PAM support:			no
	SELinux support:		no
	BtrFS support:			yes
	ACL support:			yes
	Extended Attributes support:	yes
	tcb support (incomplete):	no
	shadow group support:		yes
	S/Key support:			no
	SHA passwords encryption:	yes
	bcrypt passwords encryption:	no
	nscd support:			yes
	sssd support:			yes
	subordinate IDs support:	yes
	use file caps:			no
	install su:			yes

make  all-recursive
make[1]: Entering directory '/tmp/tmp.GLTiV8MRXV/shadow-4.8.1'
Making all in po
make[2]: Entering directory '/tmp/tmp.GLTiV8MRXV/shadow-4.8.1/po'
make[2]: Nothing to be done for 'all'.
make[2]: Leaving directory '/tmp/tmp.GLTiV8MRXV/shadow-4.8.1/po'
Making all in man
make[2]: Entering directory '/tmp/tmp.GLTiV8MRXV/shadow-4.8.1/man'
Making all in po
make[3]: Entering directory '/tmp/tmp.GLTiV8MRXV/shadow-4.8.1/man/po'
make[3]: Nothing to be done for 'all'.
make[3]: Leaving directory '/tmp/tmp.GLTiV8MRXV/shadow-4.8.1/man/po'
Making all in cs
make[3]: Entering directory '/tmp/tmp.GLTiV8MRXV/shadow-4.8.1/man/cs'
make[3]: Nothing to be done for 'all'.
make[3]: Leaving directory '/tmp/tmp.GLTiV8MRXV/shadow-4.8.1/man/cs'
Making all in da
make[3]: Entering directory '/tmp/tmp.GLTiV8MRXV/shadow-4.8.1/man/da'
make[3]: Nothing to be done for 'all'.
make[3]: Leaving directory '/tmp/tmp.GLTiV8MRXV/shadow-4.8.1/man/da'
Making all in de
make[3]: Entering directory '/tmp/tmp.GLTiV8MRXV/shadow-4.8.1/man/de'
make[3]: Nothing to be done for 'all'.
make[3]: Leaving directory '/tmp/tmp.GLTiV8MRXV/shadow-4.8.1/man/de'
Making all in es
make[3]: Entering directory '/tmp/tmp.GLTiV8MRXV/shadow-4.8.1/man/es'
make[3]: Nothing to be done for 'all'.
make[3]: Leaving directory '/tmp/tmp.GLTiV8MRXV/shadow-4.8.1/man/es'
Making all in fi
make[3]: Entering directory '/tmp/tmp.GLTiV8MRXV/shadow-4.8.1/man/fi'
make[3]: Nothing to be done for 'all'.
make[3]: Leaving directory '/tmp/tmp.GLTiV8MRXV/shadow-4.8.1/man/fi'
Making all in fr
make[3]: Entering directory '/tmp/tmp.GLTiV8MRXV/shadow-4.8.1/man/fr'
make[3]: Nothing to be done for 'all'.
make[3]: Leaving directory '/tmp/tmp.GLTiV8MRXV/shadow-4.8.1/man/fr'
Making all in hu
make[3]: Entering directory '/tmp/tmp.GLTiV8MRXV/shadow-4.8.1/man/hu'
make[3]: Nothing to be done for 'all'.
make[3]: Leaving directory '/tmp/tmp.GLTiV8MRXV/shadow-4.8.1/man/hu'
Making all in id
make[3]: Entering directory '/tmp/tmp.GLTiV8MRXV/shadow-4.8.1/man/id'
make[3]: Nothing to be done for 'all'.
make[3]: Leaving directory '/tmp/tmp.GLTiV8MRXV/shadow-4.8.1/man/id'
Making all in it
make[3]: Entering directory '/tmp/tmp.GLTiV8MRXV/shadow-4.8.1/man/it'
make[3]: Nothing to be done for 'all'.
make[3]: Leaving directory '/tmp/tmp.GLTiV8MRXV/shadow-4.8.1/man/it'
Making all in ja
make[3]: Entering directory '/tmp/tmp.GLTiV8MRXV/shadow-4.8.1/man/ja'
make[3]: Nothing to be done for 'all'.
make[3]: Leaving directory '/tmp/tmp.GLTiV8MRXV/shadow-4.8.1/man/ja'
Making all in ko
make[3]: Entering directory '/tmp/tmp.GLTiV8MRXV/shadow-4.8.1/man/ko'
make[3]: Nothing to be done for 'all'.
make[3]: Leaving directory '/tmp/tmp.GLTiV8MRXV/shadow-4.8.1/man/ko'
Making all in pl
make[3]: Entering directory '/tmp/tmp.GLTiV8MRXV/shadow-4.8.1/man/pl'
make[3]: Nothing to be done for 'all'.
make[3]: Leaving directory '/tmp/tmp.GLTiV8MRXV/shadow-4.8.1/man/pl'
Making all in pt_BR
make[3]: Entering directory '/tmp/tmp.GLTiV8MRXV/shadow-4.8.1/man/pt_BR'
make[3]: Nothing to be done for 'all'.
make[3]: Leaving directory '/tmp/tmp.GLTiV8MRXV/shadow-4.8.1/man/pt_BR'
Making all in ru
make[3]: Entering directory '/tmp/tmp.GLTiV8MRXV/shadow-4.8.1/man/ru'
make[3]: Nothing to be done for 'all'.
make[3]: Leaving directory '/tmp/tmp.GLTiV8MRXV/shadow-4.8.1/man/ru'
Making all in sv
make[3]: Entering directory '/tmp/tmp.GLTiV8MRXV/shadow-4.8.1/man/sv'
make[3]: Nothing to be done for 'all'.
make[3]: Leaving directory '/tmp/tmp.GLTiV8MRXV/shadow-4.8.1/man/sv'
Making all in tr
make[3]: Entering directory '/tmp/tmp.GLTiV8MRXV/shadow-4.8.1/man/tr'
make[3]: Nothing to be done for 'all'.
make[3]: Leaving directory '/tmp/tmp.GLTiV8MRXV/shadow-4.8.1/man/tr'
Making all in zh_CN
make[3]: Entering directory '/tmp/tmp.GLTiV8MRXV/shadow-4.8.1/man/zh_CN'
make[3]: Nothing to be done for 'all'.
make[3]: Leaving directory '/tmp/tmp.GLTiV8MRXV/shadow-4.8.1/man/zh_CN'
Making all in zh_TW
make[3]: Entering directory '/tmp/tmp.GLTiV8MRXV/shadow-4.8.1/man/zh_TW'
make[3]: Nothing to be done for 'all'.
make[3]: Leaving directory '/tmp/tmp.GLTiV8MRXV/shadow-4.8.1/man/zh_TW'
make[3]: Entering directory '/tmp/tmp.GLTiV8MRXV/shadow-4.8.1/man'
make[3]: Nothing to be done for 'all-am'.
make[3]: Leaving directory '/tmp/tmp.GLTiV8MRXV/shadow-4.8.1/man'
make[2]: Leaving directory '/tmp/tmp.GLTiV8MRXV/shadow-4.8.1/man'
Making all in libmisc
make[2]: Entering directory '/tmp/tmp.GLTiV8MRXV/shadow-4.8.1/libmisc'
  CC       addgrps.o
  CC       age.o
  CC       audit_help.o
  CC       basename.o
  CC       chkname.o
  CC       chowndir.o
  CC       chowntty.o
  CC       cleanup.o
  CC       cleanup_group.o
  CC       cleanup_user.o
  CC       console.o
  CC       copydir.o
  CC       entry.o
  CC       env.o
  CC       failure.o
  CC       find_new_gid.o
  CC       find_new_uid.o
  CC       find_new_sub_gids.o
  CC       find_new_sub_uids.o
  CC       getdate.o
  CC       getgr_nam_gid.o
  CC       getrange.o
  CC       gettime.o
  CC       hushed.o
  CC       idmapping.o
  CC       isexpired.o
  CC       limits.o
  CC       list.o
  CC       log.o
  CC       loginprompt.o
  CC       mail.o
  CC       motd.o
  CC       myname.o
  CC       obscure.o
  CC       pam_pass.o
  CC       pam_pass_non_interactive.o
  CC       prefix_flag.o
  CC       pwd2spwd.o
  CC       pwdcheck.o
  CC       pwd_init.o
  CC       remove_tree.o
  CC       rlogin.o
  CC       root_flag.o
  CC       salt.o
  CC       setugid.o
  CC       setupenv.o
  CC       shell.o
  CC       strtoday.o
  CC       sub.o
  CC       sulog.o
  CC       ttytype.o
  CC       tz.o
  CC       ulimit.o
  CC       user_busy.o
  CC       utmp.o
  CC       valid.o
  CC       xgetpwnam.o
  CC       xgetpwuid.o
  CC       xgetgrnam.o
  CC       xgetgrgid.o
  CC       xgetspnam.o
  CC       xmalloc.o
  CC       yesno.o
  CC       btrfs.o
  AR       libmisc.a
make[2]: Leaving directory '/tmp/tmp.GLTiV8MRXV/shadow-4.8.1/libmisc'
Making all in lib
make[2]: Entering directory '/tmp/tmp.GLTiV8MRXV/shadow-4.8.1/lib'
  CC       libshadow_la-commonio.lo
  CC       libshadow_la-encrypt.lo
  CC       libshadow_la-fields.lo
  CC       libshadow_la-fputsx.lo
  CC       libshadow_la-get_gid.lo
  CC       libshadow_la-getdef.lo
  CC       libshadow_la-getlong.lo
  CC       libshadow_la-get_pid.lo
  CC       libshadow_la-get_uid.lo
  CC       libshadow_la-getulong.lo
  CC       libshadow_la-groupio.lo
  CC       libshadow_la-groupmem.lo
  CC       libshadow_la-gshadow.lo
  CC       libshadow_la-lockpw.lo
  CC       libshadow_la-nscd.lo
  CC       libshadow_la-sssd.lo
  CC       libshadow_la-port.lo
  CC       libshadow_la-pwauth.lo
  CC       libshadow_la-pwio.lo
  CC       libshadow_la-pwmem.lo
  CC       libshadow_la-subordinateio.lo
  CC       libshadow_la-selinux.lo
  CC       libshadow_la-semanage.lo
  CC       libshadow_la-sgetgrent.lo
  CC       libshadow_la-sgetpwent.lo
  CC       libshadow_la-sgetspent.lo
  CC       libshadow_la-sgroupio.lo
  CC       libshadow_la-shadow.lo
  CC       libshadow_la-shadowio.lo
  CC       libshadow_la-shadowmem.lo
  CC       libshadow_la-spawn.lo
  CC       libshadow_la-utent.lo
  CCLD     libshadow.la
libtool: warning: '-version-info/-version-number' is ignored for convenience libraries
make[2]: Leaving directory '/tmp/tmp.GLTiV8MRXV/shadow-4.8.1/lib'
Making all in src
make[2]: Entering directory '/tmp/tmp.GLTiV8MRXV/shadow-4.8.1/src'
  CC       login.o
  CC       login_nopam.o
  CC       su.o
  CC       suauth.o
  CC       id.o
  CC       sulogin.o
  CC       nologin.o
  CC       faillog.o
su.c: In function 'main':
su.c:1191:12: warning: assignment discards 'const' qualifier from pointer target type [-Wdiscarded-qualifiers]
 1191 |   argv[-1] = cp;
      |            ^
  CC       lastlog.o
  CC       chage.o
  CC       chfn.o
  CC       chsh.o
  CC       expiry.o
  CC       gpasswd.o
  CC       newgrp.o
  CC       passwd.o
  CC       newgidmap.o
  CC       newuidmap.o
  CC       chgpasswd.o
  CC       chpasswd.o
  CC       groupadd.o
  CC       groupdel.o
  CC       groupmems.o
  CC       groupmod.o
  CC       grpck.o
  CC       grpconv.o
  CC       grpunconv.o
  CC       logoutd.o
  CC       newusers.o
logoutd.c: In function 'main':
logoutd.c:251:4: warning: 'strcat' argument 2 declared attribute 'nonstring' [-Wstringop-overflow=]
  251 |    strcat (tty_name, ut->ut_line);
      |    ^~~~~~~~~~~~~~~~~~~~~~~~~~~~~~
In file included from /usr/include/utmp.h:29,
                 from ../lib/prototypes.h:51,
                 from logoutd.c:42:
/usr/include/bits/utmp.h:62:8: note: argument 'ut_line' declared here
   62 |   char ut_line[UT_LINESIZE]
      |        ^~~~~~~
  CC       pwck.o
  CC       pwconv.o
  CC       pwunconv.o
  CC       useradd.o
  CC       userdel.o
  CC       usermod.o
  CC       vipw.o
  CCLD     login
  CCLD     su
  CCLD     id
  CCLD     sulogin
  CCLD     nologin
  CCLD     faillog
  CCLD     chage
  CCLD     lastlog
  CCLD     chfn
  CCLD     chsh
  CCLD     expiry
  CCLD     gpasswd
  CCLD     newgrp
  CCLD     passwd
  CCLD     newgidmap
  CCLD     newuidmap
  CCLD     chgpasswd
  CCLD     chpasswd
  CCLD     groupadd
  CCLD     groupdel
  CCLD     groupmems
  CCLD     groupmod
  CCLD     grpck
  CCLD     grpconv
  CCLD     grpunconv
  CCLD     logoutd
  CCLD     newusers
  CCLD     pwck
  CCLD     pwconv
  CCLD     pwunconv
  CCLD     userdel
  CCLD     useradd
  CCLD     usermod
  CCLD     vipw
make[2]: Leaving directory '/tmp/tmp.GLTiV8MRXV/shadow-4.8.1/src'
Making all in contrib
make[2]: Entering directory '/tmp/tmp.GLTiV8MRXV/shadow-4.8.1/contrib'
make[2]: Nothing to be done for 'all'.
make[2]: Leaving directory '/tmp/tmp.GLTiV8MRXV/shadow-4.8.1/contrib'
Making all in doc
make[2]: Entering directory '/tmp/tmp.GLTiV8MRXV/shadow-4.8.1/doc'
make[2]: Nothing to be done for 'all'.
make[2]: Leaving directory '/tmp/tmp.GLTiV8MRXV/shadow-4.8.1/doc'
Making all in etc
make[2]: Entering directory '/tmp/tmp.GLTiV8MRXV/shadow-4.8.1/etc'
Making all in pam.d
make[3]: Entering directory '/tmp/tmp.GLTiV8MRXV/shadow-4.8.1/etc/pam.d'
make[3]: Nothing to be done for 'all'.
make[3]: Leaving directory '/tmp/tmp.GLTiV8MRXV/shadow-4.8.1/etc/pam.d'
make[3]: Entering directory '/tmp/tmp.GLTiV8MRXV/shadow-4.8.1/etc'
make[3]: Nothing to be done for 'all-am'.
make[3]: Leaving directory '/tmp/tmp.GLTiV8MRXV/shadow-4.8.1/etc'
make[2]: Leaving directory '/tmp/tmp.GLTiV8MRXV/shadow-4.8.1/etc'
make[2]: Entering directory '/tmp/tmp.GLTiV8MRXV/shadow-4.8.1'
make[2]: Leaving directory '/tmp/tmp.GLTiV8MRXV/shadow-4.8.1'
make[1]: Leaving directory '/tmp/tmp.GLTiV8MRXV/shadow-4.8.1'
Making install in po
make[1]: Entering directory '/tmp/tmp.GLTiV8MRXV/shadow-4.8.1/po'
/bin/mkdir -p /usr/share
installing bs.gmo as /usr/share/locale/bs/LC_MESSAGES/shadow.mo
installing ca.gmo as /usr/share/locale/ca/LC_MESSAGES/shadow.mo
installing cs.gmo as /usr/share/locale/cs/LC_MESSAGES/shadow.mo
installing da.gmo as /usr/share/locale/da/LC_MESSAGES/shadow.mo
installing de.gmo as /usr/share/locale/de/LC_MESSAGES/shadow.mo
installing dz.gmo as /usr/share/locale/dz/LC_MESSAGES/shadow.mo
installing el.gmo as /usr/share/locale/el/LC_MESSAGES/shadow.mo
installing es.gmo as /usr/share/locale/es/LC_MESSAGES/shadow.mo
installing eu.gmo as /usr/share/locale/eu/LC_MESSAGES/shadow.mo
installing fi.gmo as /usr/share/locale/fi/LC_MESSAGES/shadow.mo
installing fr.gmo as /usr/share/locale/fr/LC_MESSAGES/shadow.mo
installing gl.gmo as /usr/share/locale/gl/LC_MESSAGES/shadow.mo
installing he.gmo as /usr/share/locale/he/LC_MESSAGES/shadow.mo
installing hu.gmo as /usr/share/locale/hu/LC_MESSAGES/shadow.mo
installing id.gmo as /usr/share/locale/id/LC_MESSAGES/shadow.mo
installing it.gmo as /usr/share/locale/it/LC_MESSAGES/shadow.mo
installing ja.gmo as /usr/share/locale/ja/LC_MESSAGES/shadow.mo
installing kk.gmo as /usr/share/locale/kk/LC_MESSAGES/shadow.mo
installing km.gmo as /usr/share/locale/km/LC_MESSAGES/shadow.mo
installing ko.gmo as /usr/share/locale/ko/LC_MESSAGES/shadow.mo
installing nb.gmo as /usr/share/locale/nb/LC_MESSAGES/shadow.mo
installing ne.gmo as /usr/share/locale/ne/LC_MESSAGES/shadow.mo
installing nl.gmo as /usr/share/locale/nl/LC_MESSAGES/shadow.mo
installing nn.gmo as /usr/share/locale/nn/LC_MESSAGES/shadow.mo
installing pl.gmo as /usr/share/locale/pl/LC_MESSAGES/shadow.mo
installing pt.gmo as /usr/share/locale/pt/LC_MESSAGES/shadow.mo
installing pt_BR.gmo as /usr/share/locale/pt_BR/LC_MESSAGES/shadow.mo
installing ro.gmo as /usr/share/locale/ro/LC_MESSAGES/shadow.mo
installing ru.gmo as /usr/share/locale/ru/LC_MESSAGES/shadow.mo
installing sk.gmo as /usr/share/locale/sk/LC_MESSAGES/shadow.mo
installing sq.gmo as /usr/share/locale/sq/LC_MESSAGES/shadow.mo
installing sv.gmo as /usr/share/locale/sv/LC_MESSAGES/shadow.mo
installing tl.gmo as /usr/share/locale/tl/LC_MESSAGES/shadow.mo
installing tr.gmo as /usr/share/locale/tr/LC_MESSAGES/shadow.mo
installing uk.gmo as /usr/share/locale/uk/LC_MESSAGES/shadow.mo
installing vi.gmo as /usr/share/locale/vi/LC_MESSAGES/shadow.mo
installing zh_CN.gmo as /usr/share/locale/zh_CN/LC_MESSAGES/shadow.mo
installing zh_TW.gmo as /usr/share/locale/zh_TW/LC_MESSAGES/shadow.mo
if test "shadow" = "gettext-tools"; then \
  /bin/mkdir -p /usr/share/gettext/po; \
  for file in Makefile.in.in remove-potcdate.sin quot.sed boldquot.sed en@quot.header en@boldquot.header insert-header.sin Rules-quot   Makevars.template; do \
    /usr/bin/install -c -m 644 ./$file \
		    /usr/share/gettext/po/$file; \
  done; \
  for file in Makevars; do \
    rm -f /usr/share/gettext/po/$file; \
  done; \
else \
  : ; \
fi
make[1]: Leaving directory '/tmp/tmp.GLTiV8MRXV/shadow-4.8.1/po'
Making install in man
make[1]: Entering directory '/tmp/tmp.GLTiV8MRXV/shadow-4.8.1/man'
Making install in po
make[2]: Entering directory '/tmp/tmp.GLTiV8MRXV/shadow-4.8.1/man/po'
make[2]: Nothing to be done for 'install'.
make[2]: Leaving directory '/tmp/tmp.GLTiV8MRXV/shadow-4.8.1/man/po'
Making install in cs
make[2]: Entering directory '/tmp/tmp.GLTiV8MRXV/shadow-4.8.1/man/cs'
make[3]: Entering directory '/tmp/tmp.GLTiV8MRXV/shadow-4.8.1/man/cs'
make[3]: Nothing to be done for 'install-exec-am'.
 /bin/mkdir -p '/usr/share/man/cs/man1'
 /bin/mkdir -p '/usr/share/man/cs/man5'
 /bin/mkdir -p '/usr/share/man/cs/man8'
 /usr/bin/install -c -m 644 man5/faillog.5 man5/gshadow.5 man5/shadow.5 '/usr/share/man/cs/man5'
 /usr/bin/install -c -m 644 man1/expiry.1 man1/gpasswd.1 man1/su.1 '/usr/share/man/cs/man1'
 /usr/bin/install -c -m 644 man8/faillog.8 man8/groupadd.8 man8/groupdel.8 man8/groupmod.8 man8/grpck.8 man8/lastlog.8 man8/nologin.8 man8/vipw.8 '/usr/share/man/cs/man8'
make[3]: Leaving directory '/tmp/tmp.GLTiV8MRXV/shadow-4.8.1/man/cs'
make[2]: Leaving directory '/tmp/tmp.GLTiV8MRXV/shadow-4.8.1/man/cs'
Making install in da
make[2]: Entering directory '/tmp/tmp.GLTiV8MRXV/shadow-4.8.1/man/da'
make[3]: Entering directory '/tmp/tmp.GLTiV8MRXV/shadow-4.8.1/man/da'
make[3]: Nothing to be done for 'install-exec-am'.
 /bin/mkdir -p '/usr/share/man/da/man1'
 /bin/mkdir -p '/usr/share/man/da/man5'
 /bin/mkdir -p '/usr/share/man/da/man8'
 /usr/bin/install -c -m 644 man1/chfn.1 man1/newgrp.1 man1/sg.1 '/usr/share/man/da/man1'
 /usr/bin/install -c -m 644 man5/gshadow.5 '/usr/share/man/da/man5'
 /usr/bin/install -c -m 644 man8/groupdel.8 man8/logoutd.8 man8/nologin.8 man8/vigr.8 man8/vipw.8 '/usr/share/man/da/man8'
make[3]: Leaving directory '/tmp/tmp.GLTiV8MRXV/shadow-4.8.1/man/da'
make[2]: Leaving directory '/tmp/tmp.GLTiV8MRXV/shadow-4.8.1/man/da'
Making install in de
make[2]: Entering directory '/tmp/tmp.GLTiV8MRXV/shadow-4.8.1/man/de'
make[3]: Entering directory '/tmp/tmp.GLTiV8MRXV/shadow-4.8.1/man/de'
make[3]: Nothing to be done for 'install-exec-am'.
 /bin/mkdir -p '/usr/share/man/de/man3'
 /bin/mkdir -p '/usr/share/man/de/man1'
 /bin/mkdir -p '/usr/share/man/de/man5'
 /bin/mkdir -p '/usr/share/man/de/man8'
 /usr/bin/install -c -m 644 man3/shadow.3 '/usr/share/man/de/man3'
 /usr/bin/install -c -m 644 man1/chage.1 man1/chfn.1 man1/chsh.1 man1/expiry.1 man1/gpasswd.1 man1/login.1 man1/newgrp.1 man1/passwd.1 man1/sg.1 man1/su.1 '/usr/share/man/de/man1'
 /usr/bin/install -c -m 644 man8/chgpasswd.8 man8/chpasswd.8 man8/faillog.8 man8/groupadd.8 man8/groupdel.8 man8/groupmems.8 man8/groupmod.8 man8/grpck.8 man8/grpconv.8 man8/grpunconv.8 man8/lastlog.8 man8/logoutd.8 man8/newusers.8 man8/nologin.8 man8/pwck.8 man8/pwconv.8 man8/pwunconv.8 man8/useradd.8 man8/userdel.8 man8/usermod.8 man8/vigr.8 man8/vipw.8 '/usr/share/man/de/man8'
 /usr/bin/install -c -m 644 man5/faillog.5 man5/gshadow.5 man5/login.defs.5 man5/shadow.5 man5/suauth.5 man5/limits.5 man5/login.access.5 man5/porttime.5 '/usr/share/man/de/man5'
make[3]: Leaving directory '/tmp/tmp.GLTiV8MRXV/shadow-4.8.1/man/de'
make[2]: Leaving directory '/tmp/tmp.GLTiV8MRXV/shadow-4.8.1/man/de'
Making install in es
make[2]: Entering directory '/tmp/tmp.GLTiV8MRXV/shadow-4.8.1/man/es'
make[3]: Entering directory '/tmp/tmp.GLTiV8MRXV/shadow-4.8.1/man/es'
make[3]: Nothing to be done for 'install-exec-am'.
make[3]: Nothing to be done for 'install-data-am'.
make[3]: Leaving directory '/tmp/tmp.GLTiV8MRXV/shadow-4.8.1/man/es'
make[2]: Leaving directory '/tmp/tmp.GLTiV8MRXV/shadow-4.8.1/man/es'
Making install in fi
make[2]: Entering directory '/tmp/tmp.GLTiV8MRXV/shadow-4.8.1/man/fi'
make[3]: Entering directory '/tmp/tmp.GLTiV8MRXV/shadow-4.8.1/man/fi'
make[3]: Nothing to be done for 'install-exec-am'.
 /bin/mkdir -p '/usr/share/man/fi/man1'
 /usr/bin/install -c -m 644 man1/chfn.1 man1/chsh.1 man1/su.1 '/usr/share/man/fi/man1'
make[3]: Leaving directory '/tmp/tmp.GLTiV8MRXV/shadow-4.8.1/man/fi'
make[2]: Leaving directory '/tmp/tmp.GLTiV8MRXV/shadow-4.8.1/man/fi'
Making install in fr
make[2]: Entering directory '/tmp/tmp.GLTiV8MRXV/shadow-4.8.1/man/fr'
make[3]: Entering directory '/tmp/tmp.GLTiV8MRXV/shadow-4.8.1/man/fr'
make[3]: Nothing to be done for 'install-exec-am'.
 /bin/mkdir -p '/usr/share/man/fr/man3'
 /bin/mkdir -p '/usr/share/man/fr/man1'
 /bin/mkdir -p '/usr/share/man/fr/man5'
 /bin/mkdir -p '/usr/share/man/fr/man8'
 /usr/bin/install -c -m 644 man5/faillog.5 man5/gshadow.5 man5/login.defs.5 man5/shadow.5 man5/suauth.5 man5/limits.5 man5/login.access.5 man5/porttime.5 man5/subgid.5 man5/subuid.5 '/usr/share/man/fr/man5'
 /usr/bin/install -c -m 644 man3/shadow.3 '/usr/share/man/fr/man3'
 /usr/bin/install -c -m 644 man1/chage.1 man1/chfn.1 man1/chsh.1 man1/expiry.1 man1/gpasswd.1 man1/login.1 man1/newgrp.1 man1/passwd.1 man1/sg.1 man1/su.1 man1/newgidmap.1 man1/newuidmap.1 '/usr/share/man/fr/man1'
 /usr/bin/install -c -m 644 man8/chgpasswd.8 man8/chpasswd.8 man8/faillog.8 man8/groupadd.8 man8/groupdel.8 man8/groupmems.8 man8/groupmod.8 man8/grpck.8 man8/grpconv.8 man8/grpunconv.8 man8/lastlog.8 man8/logoutd.8 man8/newusers.8 man8/nologin.8 man8/pwck.8 man8/pwconv.8 man8/pwunconv.8 man8/useradd.8 man8/userdel.8 man8/usermod.8 man8/vigr.8 man8/vipw.8 '/usr/share/man/fr/man8'
make[3]: Leaving directory '/tmp/tmp.GLTiV8MRXV/shadow-4.8.1/man/fr'
make[2]: Leaving directory '/tmp/tmp.GLTiV8MRXV/shadow-4.8.1/man/fr'
Making install in hu
make[2]: Entering directory '/tmp/tmp.GLTiV8MRXV/shadow-4.8.1/man/hu'
make[3]: Entering directory '/tmp/tmp.GLTiV8MRXV/shadow-4.8.1/man/hu'
make[3]: Nothing to be done for 'install-exec-am'.
 /bin/mkdir -p '/usr/share/man/hu/man1'
 /bin/mkdir -p '/usr/share/man/hu/man5'
 /bin/mkdir -p '/usr/share/man/hu/man8'
 /usr/bin/install -c -m 644 man1/chsh.1 man1/gpasswd.1 man1/login.1 man1/newgrp.1 man1/passwd.1 man1/sg.1 man1/su.1 '/usr/share/man/hu/man1'
 /usr/bin/install -c -m 644 man8/lastlog.8 '/usr/share/man/hu/man8'
make[3]: Leaving directory '/tmp/tmp.GLTiV8MRXV/shadow-4.8.1/man/hu'
make[2]: Leaving directory '/tmp/tmp.GLTiV8MRXV/shadow-4.8.1/man/hu'
Making install in id
make[2]: Entering directory '/tmp/tmp.GLTiV8MRXV/shadow-4.8.1/man/id'
make[3]: Entering directory '/tmp/tmp.GLTiV8MRXV/shadow-4.8.1/man/id'
make[3]: Nothing to be done for 'install-exec-am'.
 /bin/mkdir -p '/usr/share/man/id/man1'
 /bin/mkdir -p '/usr/share/man/id/man8'
 /usr/bin/install -c -m 644 man1/chsh.1 man1/login.1 '/usr/share/man/id/man1'
 /usr/bin/install -c -m 644 man8/useradd.8 '/usr/share/man/id/man8'
make[3]: Leaving directory '/tmp/tmp.GLTiV8MRXV/shadow-4.8.1/man/id'
make[2]: Leaving directory '/tmp/tmp.GLTiV8MRXV/shadow-4.8.1/man/id'
Making install in it
make[2]: Entering directory '/tmp/tmp.GLTiV8MRXV/shadow-4.8.1/man/it'
make[3]: Entering directory '/tmp/tmp.GLTiV8MRXV/shadow-4.8.1/man/it'
make[3]: Nothing to be done for 'install-exec-am'.
 /bin/mkdir -p '/usr/share/man/it/man3'
 /bin/mkdir -p '/usr/share/man/it/man1'
 /bin/mkdir -p '/usr/share/man/it/man5'
 /bin/mkdir -p '/usr/share/man/it/man8'
 /usr/bin/install -c -m 644 man3/shadow.3 '/usr/share/man/it/man3'
 /usr/bin/install -c -m 644 man1/chage.1 man1/chfn.1 man1/chsh.1 man1/expiry.1 man1/gpasswd.1 man1/login.1 man1/newgrp.1 man1/passwd.1 man1/sg.1 man1/su.1 '/usr/share/man/it/man1'
 /usr/bin/install -c -m 644 man5/faillog.5 man5/gshadow.5 man5/login.defs.5 man5/shadow.5 man5/suauth.5 man5/limits.5 man5/login.access.5 man5/porttime.5 '/usr/share/man/it/man5'
 /usr/bin/install -c -m 644 man8/chgpasswd.8 man8/chpasswd.8 man8/faillog.8 man8/groupadd.8 man8/groupdel.8 man8/groupmems.8 man8/groupmod.8 man8/grpck.8 man8/grpconv.8 man8/grpunconv.8 man8/lastlog.8 man8/logoutd.8 man8/newusers.8 man8/nologin.8 man8/pwck.8 man8/pwconv.8 man8/pwunconv.8 man8/useradd.8 man8/userdel.8 man8/usermod.8 man8/vigr.8 man8/vipw.8 '/usr/share/man/it/man8'
make[3]: Leaving directory '/tmp/tmp.GLTiV8MRXV/shadow-4.8.1/man/it'
make[2]: Leaving directory '/tmp/tmp.GLTiV8MRXV/shadow-4.8.1/man/it'
Making install in ja
make[2]: Entering directory '/tmp/tmp.GLTiV8MRXV/shadow-4.8.1/man/ja'
make[3]: Entering directory '/tmp/tmp.GLTiV8MRXV/shadow-4.8.1/man/ja'
make[3]: Nothing to be done for 'install-exec-am'.
 /bin/mkdir -p '/usr/share/man/ja/man1'
 /bin/mkdir -p '/usr/share/man/ja/man5'
 /bin/mkdir -p '/usr/share/man/ja/man8'
 /usr/bin/install -c -m 644 man5/faillog.5 man5/login.defs.5 man5/shadow.5 man5/suauth.5 man5/limits.5 man5/login.access.5 man5/porttime.5 '/usr/share/man/ja/man5'
 /usr/bin/install -c -m 644 man1/chage.1 man1/chfn.1 man1/chsh.1 man1/expiry.1 man1/gpasswd.1 man1/login.1 man1/newgrp.1 man1/passwd.1 man1/sg.1 man1/su.1 '/usr/share/man/ja/man1'
 /usr/bin/install -c -m 644 man8/chpasswd.8 man8/faillog.8 man8/groupadd.8 man8/groupdel.8 man8/groupmod.8 man8/grpck.8 man8/grpconv.8 man8/grpunconv.8 man8/lastlog.8 man8/logoutd.8 man8/newusers.8 man8/pwck.8 man8/pwconv.8 man8/pwunconv.8 man8/useradd.8 man8/userdel.8 man8/usermod.8 man8/vigr.8 man8/vipw.8 '/usr/share/man/ja/man8'
make[3]: Leaving directory '/tmp/tmp.GLTiV8MRXV/shadow-4.8.1/man/ja'
make[2]: Leaving directory '/tmp/tmp.GLTiV8MRXV/shadow-4.8.1/man/ja'
Making install in ko
make[2]: Entering directory '/tmp/tmp.GLTiV8MRXV/shadow-4.8.1/man/ko'
make[3]: Entering directory '/tmp/tmp.GLTiV8MRXV/shadow-4.8.1/man/ko'
make[3]: Nothing to be done for 'install-exec-am'.
 /bin/mkdir -p '/usr/share/man/ko/man1'
 /bin/mkdir -p '/usr/share/man/ko/man5'
 /bin/mkdir -p '/usr/share/man/ko/man8'
 /usr/bin/install -c -m 644 man1/chfn.1 man1/chsh.1 man1/login.1 man1/su.1 '/usr/share/man/ko/man1'
 /usr/bin/install -c -m 644 man8/vigr.8 man8/vipw.8 '/usr/share/man/ko/man8'
make[3]: Leaving directory '/tmp/tmp.GLTiV8MRXV/shadow-4.8.1/man/ko'
make[2]: Leaving directory '/tmp/tmp.GLTiV8MRXV/shadow-4.8.1/man/ko'
Making install in pl
make[2]: Entering directory '/tmp/tmp.GLTiV8MRXV/shadow-4.8.1/man/pl'
make[3]: Entering directory '/tmp/tmp.GLTiV8MRXV/shadow-4.8.1/man/pl'
make[3]: Nothing to be done for 'install-exec-am'.
 /bin/mkdir -p '/usr/share/man/pl/man1'
 /bin/mkdir -p '/usr/share/man/pl/man3'
 /bin/mkdir -p '/usr/share/man/pl/man5'
 /bin/mkdir -p '/usr/share/man/pl/man8'
 /usr/bin/install -c -m 644 man1/chage.1 man1/chsh.1 man1/expiry.1 man1/newgrp.1 man1/sg.1 '/usr/share/man/pl/man1'
 /usr/bin/install -c -m 644 man3/shadow.3 '/usr/share/man/pl/man3'
 /usr/bin/install -c -m 644 man5/faillog.5 man5/porttime.5 '/usr/share/man/pl/man5'
 /usr/bin/install -c -m 644 man8/faillog.8 man8/groupadd.8 man8/groupdel.8 man8/groupmems.8 man8/groupmod.8 man8/grpck.8 man8/lastlog.8 man8/logoutd.8 man8/userdel.8 man8/usermod.8 man8/vigr.8 man8/vipw.8 '/usr/share/man/pl/man8'
make[3]: Leaving directory '/tmp/tmp.GLTiV8MRXV/shadow-4.8.1/man/pl'
make[2]: Leaving directory '/tmp/tmp.GLTiV8MRXV/shadow-4.8.1/man/pl'
Making install in pt_BR
make[2]: Entering directory '/tmp/tmp.GLTiV8MRXV/shadow-4.8.1/man/pt_BR'
make[3]: Entering directory '/tmp/tmp.GLTiV8MRXV/shadow-4.8.1/man/pt_BR'
make[3]: Nothing to be done for 'install-exec-am'.
 /bin/mkdir -p '/usr/share/man/pt_BR/man5'
 /bin/mkdir -p '/usr/share/man/pt_BR/man1'
 /bin/mkdir -p '/usr/share/man/pt_BR/man8'
 /usr/bin/install -c -m 644 man1/gpasswd.1 '/usr/share/man/pt_BR/man1'
 /usr/bin/install -c -m 644 man5/shadow.5 '/usr/share/man/pt_BR/man5'
 /usr/bin/install -c -m 644 man8/groupadd.8 man8/groupdel.8 man8/groupmod.8 '/usr/share/man/pt_BR/man8'
make[3]: Leaving directory '/tmp/tmp.GLTiV8MRXV/shadow-4.8.1/man/pt_BR'
make[2]: Leaving directory '/tmp/tmp.GLTiV8MRXV/shadow-4.8.1/man/pt_BR'
Making install in ru
make[2]: Entering directory '/tmp/tmp.GLTiV8MRXV/shadow-4.8.1/man/ru'
make[3]: Entering directory '/tmp/tmp.GLTiV8MRXV/shadow-4.8.1/man/ru'
make[3]: Nothing to be done for 'install-exec-am'.
 /bin/mkdir -p '/usr/share/man/ru/man3'
 /bin/mkdir -p '/usr/share/man/ru/man1'
 /bin/mkdir -p '/usr/share/man/ru/man5'
 /bin/mkdir -p '/usr/share/man/ru/man8'
 /usr/bin/install -c -m 644 man1/chage.1 man1/chfn.1 man1/chsh.1 man1/expiry.1 man1/gpasswd.1 man1/login.1 man1/newgrp.1 man1/passwd.1 man1/sg.1 man1/su.1 '/usr/share/man/ru/man1'
 /usr/bin/install -c -m 644 man3/shadow.3 '/usr/share/man/ru/man3'
 /usr/bin/install -c -m 644 man5/faillog.5 man5/gshadow.5 man5/login.defs.5 man5/shadow.5 man5/suauth.5 man5/limits.5 man5/login.access.5 man5/porttime.5 '/usr/share/man/ru/man5'
 /usr/bin/install -c -m 644 man8/chgpasswd.8 man8/chpasswd.8 man8/faillog.8 man8/groupadd.8 man8/groupdel.8 man8/groupmems.8 man8/groupmod.8 man8/grpck.8 man8/grpconv.8 man8/grpunconv.8 man8/lastlog.8 man8/logoutd.8 man8/newusers.8 man8/nologin.8 man8/pwck.8 man8/pwconv.8 man8/pwunconv.8 man8/useradd.8 man8/userdel.8 man8/usermod.8 man8/vigr.8 man8/vipw.8 '/usr/share/man/ru/man8'
make[3]: Leaving directory '/tmp/tmp.GLTiV8MRXV/shadow-4.8.1/man/ru'
make[2]: Leaving directory '/tmp/tmp.GLTiV8MRXV/shadow-4.8.1/man/ru'
Making install in sv
make[2]: Entering directory '/tmp/tmp.GLTiV8MRXV/shadow-4.8.1/man/sv'
make[3]: Entering directory '/tmp/tmp.GLTiV8MRXV/shadow-4.8.1/man/sv'
make[3]: Nothing to be done for 'install-exec-am'.
 /bin/mkdir -p '/usr/share/man/sv/man5'
 /bin/mkdir -p '/usr/share/man/sv/man1'
 /bin/mkdir -p '/usr/share/man/sv/man3'
 /bin/mkdir -p '/usr/share/man/sv/man8'
 /usr/bin/install -c -m 644 man1/chage.1 man1/chsh.1 man1/expiry.1 man1/newgrp.1 man1/passwd.1 man1/sg.1 '/usr/share/man/sv/man1'
 /usr/bin/install -c -m 644 man3/shadow.3 '/usr/share/man/sv/man3'
 /usr/bin/install -c -m 644 man5/faillog.5 man5/gshadow.5 man5/suauth.5 man5/limits.5 man5/porttime.5 '/usr/share/man/sv/man5'
 /usr/bin/install -c -m 644 man8/faillog.8 man8/groupadd.8 man8/groupdel.8 man8/groupmems.8 man8/groupmod.8 man8/grpck.8 man8/lastlog.8 man8/logoutd.8 man8/nologin.8 man8/pwck.8 man8/userdel.8 man8/vigr.8 man8/vipw.8 '/usr/share/man/sv/man8'
make[3]: Leaving directory '/tmp/tmp.GLTiV8MRXV/shadow-4.8.1/man/sv'
make[2]: Leaving directory '/tmp/tmp.GLTiV8MRXV/shadow-4.8.1/man/sv'
Making install in tr
make[2]: Entering directory '/tmp/tmp.GLTiV8MRXV/shadow-4.8.1/man/tr'
make[3]: Entering directory '/tmp/tmp.GLTiV8MRXV/shadow-4.8.1/man/tr'
make[3]: Nothing to be done for 'install-exec-am'.
 /bin/mkdir -p '/usr/share/man/tr/man1'
 /bin/mkdir -p '/usr/share/man/tr/man8'
 /bin/mkdir -p '/usr/share/man/tr/man5'
 /usr/bin/install -c -m 644 man1/chage.1 man1/chfn.1 man1/login.1 man1/passwd.1 man1/su.1 '/usr/share/man/tr/man1'
 /usr/bin/install -c -m 644 man5/shadow.5 '/usr/share/man/tr/man5'
 /usr/bin/install -c -m 644 man8/groupadd.8 man8/groupdel.8 man8/groupmod.8 man8/useradd.8 man8/userdel.8 man8/usermod.8 '/usr/share/man/tr/man8'
make[3]: Leaving directory '/tmp/tmp.GLTiV8MRXV/shadow-4.8.1/man/tr'
make[2]: Leaving directory '/tmp/tmp.GLTiV8MRXV/shadow-4.8.1/man/tr'
Making install in zh_CN
make[2]: Entering directory '/tmp/tmp.GLTiV8MRXV/shadow-4.8.1/man/zh_CN'
make[3]: Entering directory '/tmp/tmp.GLTiV8MRXV/shadow-4.8.1/man/zh_CN'
make[3]: Nothing to be done for 'install-exec-am'.
 /bin/mkdir -p '/usr/share/man/zh_CN/man1'
 /bin/mkdir -p '/usr/share/man/zh_CN/man3'
 /bin/mkdir -p '/usr/share/man/zh_CN/man5'
 /bin/mkdir -p '/usr/share/man/zh_CN/man8'
 /usr/bin/install -c -m 644 man5/faillog.5 man5/gshadow.5 man5/login.defs.5 man5/shadow.5 man5/suauth.5 man5/limits.5 man5/login.access.5 man5/porttime.5 '/usr/share/man/zh_CN/man5'
 /usr/bin/install -c -m 644 man3/shadow.3 '/usr/share/man/zh_CN/man3'
 /usr/bin/install -c -m 644 man1/chage.1 man1/chfn.1 man1/chsh.1 man1/expiry.1 man1/gpasswd.1 man1/login.1 man1/newgrp.1 man1/passwd.1 man1/sg.1 man1/su.1 '/usr/share/man/zh_CN/man1'
 /usr/bin/install -c -m 644 man8/chgpasswd.8 man8/chpasswd.8 man8/faillog.8 man8/groupadd.8 man8/groupdel.8 man8/groupmems.8 man8/groupmod.8 man8/grpck.8 man8/grpconv.8 man8/grpunconv.8 man8/lastlog.8 man8/logoutd.8 man8/newusers.8 man8/nologin.8 man8/pwck.8 man8/pwconv.8 man8/pwunconv.8 man8/useradd.8 man8/userdel.8 man8/usermod.8 man8/vigr.8 man8/vipw.8 '/usr/share/man/zh_CN/man8'
make[3]: Leaving directory '/tmp/tmp.GLTiV8MRXV/shadow-4.8.1/man/zh_CN'
make[2]: Leaving directory '/tmp/tmp.GLTiV8MRXV/shadow-4.8.1/man/zh_CN'
Making install in zh_TW
make[2]: Entering directory '/tmp/tmp.GLTiV8MRXV/shadow-4.8.1/man/zh_TW'
make[3]: Entering directory '/tmp/tmp.GLTiV8MRXV/shadow-4.8.1/man/zh_TW'
make[3]: Nothing to be done for 'install-exec-am'.
 /bin/mkdir -p '/usr/share/man/zh_TW/man1'
 /bin/mkdir -p '/usr/share/man/zh_TW/man5'
 /bin/mkdir -p '/usr/share/man/zh_TW/man8'
 /usr/bin/install -c -m 644 man1/chfn.1 man1/chsh.1 man1/newgrp.1 man1/su.1 '/usr/share/man/zh_TW/man1'
 /usr/bin/install -c -m 644 man8/chpasswd.8 man8/groupadd.8 man8/groupdel.8 man8/groupmod.8 man8/useradd.8 man8/userdel.8 man8/usermod.8 '/usr/share/man/zh_TW/man8'
make[3]: Leaving directory '/tmp/tmp.GLTiV8MRXV/shadow-4.8.1/man/zh_TW'
make[2]: Leaving directory '/tmp/tmp.GLTiV8MRXV/shadow-4.8.1/man/zh_TW'
make[2]: Entering directory '/tmp/tmp.GLTiV8MRXV/shadow-4.8.1/man'
make[3]: Entering directory '/tmp/tmp.GLTiV8MRXV/shadow-4.8.1/man'
make[3]: Nothing to be done for 'install-exec-am'.
 /bin/mkdir -p '/usr/share/man/man1'
 /bin/mkdir -p '/usr/share/man/man5'
 /bin/mkdir -p '/usr/share/man/man3'
 /bin/mkdir -p '/usr/share/man/man8'
 /usr/bin/install -c -m 644 man1/chage.1 man1/chfn.1 man1/chsh.1 man1/expiry.1 man1/gpasswd.1 man1/login.1 man1/newgrp.1 man1/passwd.1 man1/sg.1 man1/su.1 man1/newgidmap.1 man1/newuidmap.1 '/usr/share/man/man1'
 /usr/bin/install -c -m 644 man5/faillog.5 man5/gshadow.5 man5/login.defs.5 man5/shadow.5 man5/suauth.5 man5/limits.5 man5/login.access.5 man5/porttime.5 man5/subgid.5 man5/subuid.5 '/usr/share/man/man5'
 /usr/bin/install -c -m 644 man3/shadow.3 '/usr/share/man/man3'
 /usr/bin/install -c -m 644 man8/chgpasswd.8 man8/chpasswd.8 man8/faillog.8 man8/groupadd.8 man8/groupdel.8 man8/groupmems.8 man8/groupmod.8 man8/grpck.8 man8/grpconv.8 man8/grpunconv.8 man8/lastlog.8 man8/logoutd.8 man8/newusers.8 man8/nologin.8 man8/pwck.8 man8/pwconv.8 man8/pwunconv.8 man8/useradd.8 man8/userdel.8 man8/usermod.8 man8/vigr.8 man8/vipw.8 '/usr/share/man/man8'
make[3]: Leaving directory '/tmp/tmp.GLTiV8MRXV/shadow-4.8.1/man'
make[2]: Leaving directory '/tmp/tmp.GLTiV8MRXV/shadow-4.8.1/man'
make[1]: Leaving directory '/tmp/tmp.GLTiV8MRXV/shadow-4.8.1/man'
Making install in libmisc
make[1]: Entering directory '/tmp/tmp.GLTiV8MRXV/shadow-4.8.1/libmisc'
make[2]: Entering directory '/tmp/tmp.GLTiV8MRXV/shadow-4.8.1/libmisc'
make[2]: Nothing to be done for 'install-exec-am'.
make[2]: Nothing to be done for 'install-data-am'.
make[2]: Leaving directory '/tmp/tmp.GLTiV8MRXV/shadow-4.8.1/libmisc'
make[1]: Leaving directory '/tmp/tmp.GLTiV8MRXV/shadow-4.8.1/libmisc'
Making install in lib
make[1]: Entering directory '/tmp/tmp.GLTiV8MRXV/shadow-4.8.1/lib'
make[2]: Entering directory '/tmp/tmp.GLTiV8MRXV/shadow-4.8.1/lib'
make[2]: Nothing to be done for 'install-exec-am'.
make[2]: Nothing to be done for 'install-data-am'.
make[2]: Leaving directory '/tmp/tmp.GLTiV8MRXV/shadow-4.8.1/lib'
make[1]: Leaving directory '/tmp/tmp.GLTiV8MRXV/shadow-4.8.1/lib'
Making install in src
make[1]: Entering directory '/tmp/tmp.GLTiV8MRXV/shadow-4.8.1/src'
make  install-exec-am install-data-am
make[2]: Entering directory '/tmp/tmp.GLTiV8MRXV/shadow-4.8.1/src'
 /bin/mkdir -p '/bin'
 /bin/mkdir -p '/sbin'
 /bin/mkdir -p '/usr/bin'
  /bin/sh ../libtool   --mode=install /usr/bin/install -c nologin '/sbin'
  /bin/sh ../libtool   --mode=install /usr/bin/install -c login su '/bin'
 /bin/mkdir -p '/usr/sbin'
  /bin/sh ../libtool   --mode=install /usr/bin/install -c faillog lastlog chage chfn chsh expiry gpasswd newgrp passwd newgidmap newuidmap '/usr/bin'
  /bin/sh ../libtool   --mode=install /usr/bin/install -c chgpasswd chpasswd groupadd groupdel groupmems groupmod grpck grpconv grpunconv logoutd newusers pwck pwconv pwunconv useradd userdel usermod vipw '/usr/sbin'
libtool: install: /usr/bin/install -c nologin /sbin/nologin
libtool: install: /usr/bin/install -c login /bin/login
libtool: install: /usr/bin/install -c su /bin/su
libtool: install: /usr/bin/install -c faillog /usr/bin/faillog
libtool: install: /usr/bin/install -c lastlog /usr/bin/lastlog
libtool: install: /usr/bin/install -c chgpasswd /usr/sbin/chgpasswd
libtool: install: /usr/bin/install -c chage /usr/bin/chage
libtool: install: /usr/bin/install -c chpasswd /usr/sbin/chpasswd
libtool: install: /usr/bin/install -c chfn /usr/bin/chfn
libtool: install: /usr/bin/install -c groupadd /usr/sbin/groupadd
libtool: install: /usr/bin/install -c chsh /usr/bin/chsh
libtool: install: /usr/bin/install -c groupdel /usr/sbin/groupdel
libtool: install: /usr/bin/install -c expiry /usr/bin/expiry
libtool: install: /usr/bin/install -c groupmems /usr/sbin/groupmems
libtool: install: /usr/bin/install -c gpasswd /usr/bin/gpasswd
libtool: install: /usr/bin/install -c groupmod /usr/sbin/groupmod
libtool: install: /usr/bin/install -c newgrp /usr/bin/newgrp
libtool: install: /usr/bin/install -c grpck /usr/sbin/grpck
libtool: install: /usr/bin/install -c passwd /usr/bin/passwd
libtool: install: /usr/bin/install -c grpconv /usr/sbin/grpconv
libtool: install: /usr/bin/install -c newgidmap /usr/bin/newgidmap
libtool: install: /usr/bin/install -c grpunconv /usr/sbin/grpunconv
libtool: install: /usr/bin/install -c newuidmap /usr/bin/newuidmap
libtool: install: /usr/bin/install -c logoutd /usr/sbin/logoutd
libtool: install: /usr/bin/install -c newusers /usr/sbin/newusers
libtool: install: /usr/bin/install -c pwck /usr/sbin/pwck
libtool: install: /usr/bin/install -c pwconv /usr/sbin/pwconv
libtool: install: /usr/bin/install -c pwunconv /usr/sbin/pwunconv
libtool: install: /usr/bin/install -c useradd /usr/sbin/useradd
libtool: install: /usr/bin/install -c userdel /usr/sbin/userdel
libtool: install: /usr/bin/install -c usermod /usr/sbin/usermod
libtool: install: /usr/bin/install -c vipw /usr/sbin/vipw
make[2]: Leaving directory '/tmp/tmp.GLTiV8MRXV/shadow-4.8.1/src'
ln -sf newgrp	/usr/bin/sg
ln -sf vipw	/usr/sbin/vigr
set -e; for i in su; do \
	chmod 4755 /bin/$i; \
done
set -e; for i in chage chfn chsh expiry gpasswd newgrp passwd newgidmap newuidmap; do \
	chmod 4755 /usr/bin/$i; \
done
set -e; for i in ; do \
	chmod 4755 /usr/sbin/$i; \
done
make[1]: Leaving directory '/tmp/tmp.GLTiV8MRXV/shadow-4.8.1/src'
Making install in contrib
make[1]: Entering directory '/tmp/tmp.GLTiV8MRXV/shadow-4.8.1/contrib'
make[2]: Entering directory '/tmp/tmp.GLTiV8MRXV/shadow-4.8.1/contrib'
make[2]: Nothing to be done for 'install-exec-am'.
make[2]: Nothing to be done for 'install-data-am'.
make[2]: Leaving directory '/tmp/tmp.GLTiV8MRXV/shadow-4.8.1/contrib'
make[1]: Leaving directory '/tmp/tmp.GLTiV8MRXV/shadow-4.8.1/contrib'
Making install in doc
make[1]: Entering directory '/tmp/tmp.GLTiV8MRXV/shadow-4.8.1/doc'
make[2]: Entering directory '/tmp/tmp.GLTiV8MRXV/shadow-4.8.1/doc'
make[2]: Nothing to be done for 'install-exec-am'.
make[2]: Nothing to be done for 'install-data-am'.
make[2]: Leaving directory '/tmp/tmp.GLTiV8MRXV/shadow-4.8.1/doc'
make[1]: Leaving directory '/tmp/tmp.GLTiV8MRXV/shadow-4.8.1/doc'
Making install in etc
make[1]: Entering directory '/tmp/tmp.GLTiV8MRXV/shadow-4.8.1/etc'
Making install in pam.d
make[2]: Entering directory '/tmp/tmp.GLTiV8MRXV/shadow-4.8.1/etc/pam.d'
make[3]: Entering directory '/tmp/tmp.GLTiV8MRXV/shadow-4.8.1/etc/pam.d'
make[3]: Nothing to be done for 'install-exec-am'.
make[3]: Leaving directory '/tmp/tmp.GLTiV8MRXV/shadow-4.8.1/etc/pam.d'
make[2]: Leaving directory '/tmp/tmp.GLTiV8MRXV/shadow-4.8.1/etc/pam.d'
make[2]: Entering directory '/tmp/tmp.GLTiV8MRXV/shadow-4.8.1/etc'
make[3]: Entering directory '/tmp/tmp.GLTiV8MRXV/shadow-4.8.1/etc'
 /bin/mkdir -p '/etc'
 /bin/mkdir -p '/etc/default'
 /bin/mkdir -p '/etc'
 /usr/bin/install -c -m 644 login.defs '/etc'
 /usr/bin/install -c -m 644 useradd '/etc/default'
 /usr/bin/install -c -m 644 limits login.access '/etc'
make[3]: Leaving directory '/tmp/tmp.GLTiV8MRXV/shadow-4.8.1/etc'
make[2]: Leaving directory '/tmp/tmp.GLTiV8MRXV/shadow-4.8.1/etc'
make[1]: Leaving directory '/tmp/tmp.GLTiV8MRXV/shadow-4.8.1/etc'
make[1]: Entering directory '/tmp/tmp.GLTiV8MRXV/shadow-4.8.1'
make[2]: Entering directory '/tmp/tmp.GLTiV8MRXV/shadow-4.8.1'
make[2]: Nothing to be done for 'install-exec-am'.
make[2]: Nothing to be done for 'install-data-am'.
make[2]: Leaving directory '/tmp/tmp.GLTiV8MRXV/shadow-4.8.1'
make[1]: Leaving directory '/tmp/tmp.GLTiV8MRXV/shadow-4.8.1'

real	0m16.317s
user	0m35.443s
sys	0m8.308s
