checking for a BSD-compatible install... /usr/bin/install -c
checking whether build environment is sane... yes
checking for a thread-safe mkdir -p... /bin/mkdir -p
checking for gawk... gawk
checking whether make sets $(MAKE)... yes
checking whether make supports nested variables... yes
checking whether UID '0' is supported by ustar format... yes
checking whether GID '0' is supported by ustar format... yes
checking how to create a ustar tar archive... gnutar
checking whether make supports nested variables... (cached) yes
checking for style of include used by make... GNU
checking for gcc... gcc
checking whether the C compiler works... yes
checking for C compiler default output file name... a.out
checking for suffix of executables... 
checking whether we are cross compiling... no
checking for suffix of object files... o
checking whether we are using the GNU C compiler... yes
checking whether gcc accepts -g... yes
checking for gcc option to accept ISO C89... none needed
checking whether gcc understands -c and -o together... yes
checking dependency style of gcc... gcc3
checking for gcc option to accept ISO C99... none needed
checking for gcc option to accept ISO Standard C... (cached) none needed
checking for ranlib... ranlib
checking for bison... bison -y
checking how to run the C preprocessor... gcc -E
checking for grep that handles long lines and -e... /bin/grep
checking for egrep... /bin/grep -E
checking for ANSI C header files... yes
checking for sys/types.h... yes
checking for sys/stat.h... yes
checking for stdlib.h... yes
checking for string.h... yes
checking for memory.h... yes
checking for strings.h... yes
checking for inttypes.h... yes
checking for stdint.h... yes
checking for unistd.h... yes
checking minix/config.h usability... no
checking minix/config.h presence... no
checking for minix/config.h... no
checking whether it is safe to define __EXTENSIONS__... yes
checking whether _XOPEN_SOURCE should be defined... no
checking for Minix Amsterdam compiler... no
checking for ar... ar
checking for _LARGEFILE_SOURCE value needed for large files... no
checking for special C compiler options needed for large files... no
checking for _FILE_OFFSET_BITS value needed for large files... no
checking for special C compiler options needed for large files... (cached) no
checking for _FILE_OFFSET_BITS value needed for large files... (cached) no
checking for inline... inline
checking for fcntl.h... yes
checking for linux/fd.h... yes
checking for memory.h... (cached) yes
checking for net/errno.h... no
checking for sgtty.h... yes
checking for string.h... (cached) yes
checking for sys/param.h... yes
checking for sys/device.h... no
checking for sys/gentape.h... no
checking for sys/inet.h... no
checking for sys/io/trioctl.h... no
checking for sys/mtio.h... yes
checking for sys/time.h... yes
checking for sys/tprintf.h... no
checking for sys/tape.h... no
checking for unistd.h... (cached) yes
checking for locale.h... yes
checking for sys/types.h... (cached) yes
checking for features.h... yes
checking for linewrap.h... no
checking for sys/socket.h... yes
checking for dirent.h... yes
checking for fnmatch.h... yes
checking for wctype.h... yes
checking for stdio_ext.h... yes
checking for sys/stat.h... (cached) yes
checking for getopt.h... yes
checking for sys/cdefs.h... yes
checking for limits.h... yes
checking for wchar.h... yes
checking for stdint.h... (cached) yes
checking for inttypes.h... (cached) yes
checking for crtdefs.h... no
checking for langinfo.h... yes
checking for xlocale.h... no
checking for sys/mman.h... yes
checking for priv.h... no
checking for malloc.h... yes
checking for selinux/selinux.h... no
checking for strings.h... (cached) yes
checking for sysexits.h... yes
checking for utime.h... yes
checking for netdb.h... yes
checking for sys/wait.h... yes
checking for pwd.h... yes
checking for grp.h... yes
checking for sys/buf.h... no
checking sys/mkdev.h usability... no
checking sys/mkdev.h presence... no
checking for sys/mkdev.h... no
checking sys/sysmacros.h usability... yes
checking sys/sysmacros.h presence... yes
checking for sys/sysmacros.h... yes
checking for st_fstype string in struct stat... no
checking sys/acl.h usability... yes
checking sys/acl.h presence... yes
checking for sys/acl.h... yes
checking for library containing acl_get_file... -lacl
checking for library containing acl_get_fd... none required
checking for library containing acl_set_file... none required
checking for library containing acl_set_fd... none required
checking for library containing acl_to_text... none required
checking for library containing acl_from_text... none required
checking for library containing acl_delete_def_file... none required
checking for library containing acl_free... none required
checking for mode_t... yes
checking for pid_t... yes
checking for off_t... yes
checking for uid_t in sys/types.h... yes
checking for major_t... no
checking for minor_t... no
checking for dev_t... yes
checking for ino_t... yes
checking for ssize_t... yes
checking for fchmod... yes
checking for flockfile... yes
checking for funlockfile... yes
checking for pathconf... yes
checking for btowc... yes
checking for canonicalize_file_name... yes
checking for getcwd... yes
checking for readlink... yes
checking for realpath... yes
checking for readlinkat... yes
checking for chown... yes
checking for fchown... yes
checking for _set_invalid_parameter_handler... no
checking for fchdir... yes
checking for fdopendir... yes
checking for faccessat... yes
checking for fchmodat... yes
checking for lchmod... yes
checking for fcntl... yes
checking for symlink... yes
checking for mempcpy... yes
checking for fnmatch... yes
checking for isblank... yes
checking for iswctype... yes
checking for mbsrtowcs... yes
checking for wmemchr... yes
checking for wmemcpy... yes
checking for wmempcpy... yes
checking for fstatat... yes
checking for futimens... yes
checking for getdelim... yes
checking for getdtablesize... yes
checking for getprogname... no
checking for getexecname... no
checking for gettimeofday... yes
checking for iswcntrl... yes
checking for iswblank... yes
checking for link... yes
checking for openat... yes
checking for linkat... yes
checking for lstat... yes
checking for mbsinit... yes
checking for mbrtowc... yes
checking for mprotect... yes
checking for mkdirat... yes
checking for mkfifoat... yes
checking for mknodat... yes
checking for mknod... yes
checking for tzset... yes
checking for nl_langinfo... yes
checking for renameat... yes
checking for renameat2... yes
checking for setenv... yes
checking for sleep... yes
checking for snprintf... yes
checking for strdup... yes
checking for strndup... yes
checking for strtoimax... yes
checking for strtoumax... yes
checking for symlinkat... yes
checking for localtime_r... yes
checking for timegm... yes
checking for pipe... yes
checking for unlinkat... yes
checking for utime... yes
checking for futimes... yes
checking for futimesat... yes
checking for utimensat... yes
checking for lutimes... yes
checking for vasnprintf... no
checking for wcrtomb... yes
checking for wcwidth... yes
checking for mkfifo... yes
checking for setlocale... yes
checking for fsync... yes
checking for size_t... yes
checking for working alloca.h... yes
checking for alloca... yes
checking for C/C++ restrict keyword... __restrict
checking whether clearerr_unlocked is declared... yes
checking whether feof_unlocked is declared... yes
checking whether ferror_unlocked is declared... yes
checking whether fflush_unlocked is declared... yes
checking whether fgets_unlocked is declared... yes
checking whether fputc_unlocked is declared... yes
checking whether fputs_unlocked is declared... yes
checking whether fread_unlocked is declared... yes
checking whether fwrite_unlocked is declared... yes
checking whether getc_unlocked is declared... yes
checking whether getchar_unlocked is declared... yes
checking whether putc_unlocked is declared... yes
checking whether putchar_unlocked is declared... yes
checking whether strerror_r is declared... yes
checking for strerror_r... yes
checking whether strerror_r returns char *... yes
checking build system type... x86_64-pc-linux-gnu
checking host system type... x86_64-pc-linux-gnu
checking for d_ino member in directory struct... yes
checking for long file names... yes
checking whether <wchar.h> uses 'inline' correctly... yes
checking for nl_langinfo and CODESET... yes
checking for a traditional french locale... fr_FR
checking whether // is distinct from /... no
checking whether realpath works... yes
checking for unistd.h... (cached) yes
checking for working chown... yes
checking whether chown dereferences symlinks... yes
checking whether chown honors trailing slash... yes
checking whether chown always updates ctime... yes
checking whether the preprocessor supports include_next... yes
checking whether system header files limit the line length... no
checking if environ is properly declared... yes
checking for complete errno.h... yes
checking type of array argument to getgroups... gid_t
checking whether lstat correctly handles trailing slash... yes
checking whether fchdir is declared... yes
checking for working fcntl.h... yes
checking for promoted mode_t type... mode_t
checking for mbstate_t... yes
checking whether stdin defaults to large file offsets... yes
checking whether fseeko is declared... yes
checking for fseeko... yes
checking whether stat file-mode macros are broken... no
checking for nlink_t... yes
checking whether getcwd (NULL, 0) allocates memory for result... yes
checking for getcwd with POSIX signature... yes
checking whether getcwd is declared... yes
checking whether getdelim is declared... yes
checking whether getdtablesize is declared... yes
checking whether getline is declared... yes
checking for getopt.h... (cached) yes
checking for getopt_long_only... yes
checking whether getopt is POSIX compatible... yes
checking for working GNU getopt function... yes
checking for working GNU getopt_long function... yes
checking for struct timeval... yes
checking for wide-enough struct timeval.tv_sec member... yes
checking whether limits.h has LLONG_MAX, WORD_BIT, ULLONG_WIDTH etc.... yes
checking for wint_t... yes
checking whether wint_t is too small... no
checking for unsigned long long int... yes
checking for long long int... yes
checking whether stdint.h conforms to C99... yes
checking whether stdint.h predates C++11... no
checking whether stdint.h has UINTMAX_WIDTH etc.... yes
checking for inttypes.h... (cached) yes
checking whether the inttypes.h PRIxNN macros are broken... no
checking whether iswcntrl works... yes
checking for towlower... yes
checking for wctype_t... yes
checking for wctrans_t... yes
checking for O_CLOEXEC... yes
checking for wchar_t... yes
checking for good max_align_t... yes
checking whether NULL can be used in arbitrary expressions... yes
checking whether malloc, realloc, calloc are POSIX compliant... yes
checking for stdlib.h... (cached) yes
checking for GNU libc compatible malloc... yes
checking for a traditional japanese locale... ja_JP
checking for a transitional chinese locale... zh_CN.GB18030
checking for a french Unicode locale... fr_FR.UTF-8
checking for mmap... yes
checking for MAP_ANONYMOUS... yes
checking whether memchr works... yes
checking whether memrchr is declared... yes
checking whether <limits.h> defines MIN and MAX... no
checking whether <sys/param.h> defines MIN and MAX... yes
checking whether time_t is signed... yes
checking whether alarm is declared... yes
checking for working mktime... yes
checking whether struct tm is in sys/time.h or time.h... time.h
checking for struct tm.tm_zone... yes
checking for struct tm.tm_gmtoff... yes
checking for stdbool.h that conforms to C99... yes
checking for _Bool... yes
checking for compound literals... yes
checking whether we are using the GNU C Library >= 2.1 or uClibc... yes
checking for library containing setfilecon... no
checking whether setenv is declared... yes
checking search.h usability... yes
checking search.h presence... yes
checking for search.h... yes
checking for tsearch... yes
checking for sigset_t... yes
checking whether snprintf returns a byte count as in C99... yes
checking whether snprintf is declared... yes
checking whether strdup is declared... yes
checking whether strerror(0) succeeds... yes
checking whether strndup is declared... yes
checking whether strnlen is declared... yes
checking whether strtoimax is declared... yes
checking whether strtoumax is declared... yes
checking for struct timespec in <time.h>... yes
checking whether unsetenv is declared... yes
checking whether the utimes function works... yes
checking for inttypes.h... yes
checking for stdint.h... yes
checking for intmax_t... yes
checking where to find the exponent in a 'double'... word 1 bit 20
checking for snprintf... (cached) yes
checking for strnlen... yes
checking for wcslen... yes
checking for wcsnlen... yes
checking for mbrtowc... (cached) yes
checking for wcrtomb... (cached) yes
checking whether _snprintf is declared... no
checking whether vsnprintf is declared... yes
checking for sys/acl.h... (cached) yes
checking for library containing acl_get_file... (cached) -lacl
checking for acl_get_file... yes
checking for acl_get_fd... yes
checking for acl_set_file... yes
checking for acl_set_fd... yes
checking for acl_free... yes
checking for acl_from_mode... yes
checking for acl_from_text... yes
checking for acl_delete_def_file... yes
checking for acl_extended_file... yes
checking for acl_delete_fd_np... no
checking for acl_delete_file_np... no
checking for acl_copy_ext_native... no
checking for acl_create_entry_np... no
checking for acl_to_short_text... no
checking for acl_free_text... no
checking for working acl_get_file... yes
checking acl/libacl.h usability... yes
checking acl/libacl.h presence... yes
checking for acl/libacl.h... yes
checking for acl_entries... yes
checking for ACL_FIRST_ENTRY... yes
checking for ACL_TYPE_EXTENDED... no
checking for alloca as a compiler built-in... yes
checking whether program_invocation_name is declared... yes
checking whether program_invocation_short_name is declared... yes
checking whether program_invocation_name is defined... yes
checking whether program_invocation_short_name is defined... yes
checking whether btowc(0) is correct... yes
checking whether btowc(EOF) is correct... yes
checking for __builtin_expect... yes
checking whether this system has an arbitrary file name length limit... yes
checking for library containing clock_gettime... none required
checking for clock_gettime... yes
checking for clock_settime... yes
checking for closedir... yes
checking for d_ino member in directory struct... (cached) yes
checking for dirfd... yes
checking whether dirfd is declared... yes
checking whether dirfd is a macro... no
checking whether // is distinct from /... (cached) no
checking whether dup works... yes
checking whether dup2 works... yes
checking for error_at_line... yes
checking for euidaccess... yes
checking for fchownat... yes
checking whether fchownat works with AT_SYMLINK_NOFOLLOW... yes
checking whether fchownat works with an empty file name... yes
checking whether fcntl handles F_DUPFD correctly... yes
checking whether fcntl understands F_DUPFD_CLOEXEC... needs runtime check
checking whether fdopendir is declared... yes
checking whether fdopendir works... yes
checking for getxattr with XATTR_NAME_POSIX_ACL macros... yes
checking for struct stat.st_blocks... yes
checking for flexible array member... yes
checking whether conversion from 'int' to 'long double' works... yes
checking for working GNU fnmatch... yes
checking for __fpending... yes
checking whether __fpending is declared... yes
checking for fseeko... (cached) yes
checking whether fstatat (..., 0) works... yes
checking whether futimens works... yes
checking whether getcwd handles long file names properly... yes
checking for getpagesize... yes
checking whether getcwd aborts when 4k < cwd_length < 16k... no
checking for working getdelim function... yes
checking whether getdtablesize works... yes
checking for getgroups... yes
checking for working getgroups... yes
checking whether getgroups handles negative values... yes
checking for getline... yes
checking for working getline function... yes
checking for getpagesize... (cached) yes
checking whether getpagesize is declared... yes
checking whether program_invocation_name is declared... (cached) yes
checking whether program_invocation_short_name is declared... (cached) yes
checking whether __argv is declared... no
checking whether gettimeofday clobbers localtime buffer... no
checking for gettimeofday with POSIX signature... yes
checking for group_member... yes
checking whether INT32_MAX < INTMAX_MAX... yes
checking whether INT64_MAX == LONG_MAX... yes
checking whether UINT32_MAX < UINTMAX_MAX... yes
checking whether UINT64_MAX == ULONG_MAX... yes
checking whether iswblank is declared... yes
checking whether langinfo.h defines CODESET... yes
checking whether langinfo.h defines T_FMT_AMPM... yes
checking whether langinfo.h defines ALTMON_1... yes
checking whether langinfo.h defines ERA... yes
checking whether langinfo.h defines YESEXPR... yes
checking for lchown... yes
checking whether the compiler supports the __inline keyword... yes
checking whether link obeys POSIX... yes
checking for __xpg4... no
checking whether link(2) dereferences a symlink... no
checking whether linkat() can link symlinks... yes
checking whether linkat handles trailing slash correctly... yes
checking whether locale.h conforms to POSIX:2001... yes
checking whether struct lconv is properly defined... yes
checking whether lseek detects pipes... yes
checking for stdlib.h... (cached) yes
checking for GNU libc compatible malloc... (cached) yes
checking whether mbrtowc handles incomplete characters... yes
checking whether mbrtowc works as well as mbtowc... yes
checking whether mbrtowc handles a NULL pwc argument... yes
checking whether mbrtowc handles a NULL string argument... yes
checking whether mbrtowc has a correct return value... yes
checking whether mbrtowc returns 0 when parsing a NUL character... yes
checking whether mbrtowc works on empty input... yes
checking whether the C locale is free of encoding errors... no
checking whether mbrtowc handles incomplete characters... (cached) yes
checking whether mbrtowc works as well as mbtowc... (cached) yes
checking whether mbrtowc handles incomplete characters... (cached) yes
checking whether mbrtowc works as well as mbtowc... (cached) yes
checking whether mbsrtowcs works... yes
checking for mempcpy... (cached) yes
checking for memrchr... yes
checking whether mkdir handles trailing slash... yes
checking whether mkdir handles trailing dot... yes
checking for mkdtemp... yes
checking for mkfifo... yes
checking whether mkfifo rejects trailing slashes... yes
checking whether mknod can create fifo without root privileges... no
checking for __mktime_internal... no
checking whether YESEXPR works... yes
checking for obstacks that work with any size object... no
checking whether open recognizes a trailing slash... yes
checking for opendir... yes
checking for struct tm.tm_zone... (cached) yes
checking for getppriv... no
checking whether program_invocation_name is declared... (cached) yes
checking whether program_invocation_short_name is declared... (cached) yes
checking for raise... yes
checking for rawmemchr... yes
checking for readdir... yes
checking whether readlink signature is correct... yes
checking whether readlink handles trailing slash correctly... yes
checking whether readlinkat signature is correct... yes
checking for working re_compile_pattern... no
checking libintl.h usability... yes
checking libintl.h presence... yes
checking for libintl.h... yes
checking whether isblank is declared... yes
checking whether rename honors trailing slash on destination... yes
checking whether rename honors trailing slash on source... yes
checking whether rename manages hard links correctly... yes
checking whether rename manages existing destinations correctly... yes
checking linux/fs.h usability... yes
checking linux/fs.h presence... yes
checking for linux/fs.h... yes
checking for linux/fs.h... (cached) yes
checking for rewinddir... yes
checking whether rmdir works... yes
checking for rpmatch... yes
checking selinux/flask.h usability... no
checking selinux/flask.h presence... no
checking for selinux/flask.h... no
checking whether setenv validates arguments... yes
checking for volatile sig_atomic_t... yes
checking for sighandler_t... yes
checking for stdint.h... (cached) yes
checking for SIZE_MAX... yes
checking whether sleep is declared... yes
checking for working sleep... yes
checking for snprintf... (cached) yes
checking whether snprintf respects a size of 1... yes
checking whether printf supports POSIX/XSI format strings with positions... yes
checking for ssize_t... (cached) yes
checking whether stat handles trailing slashes on files... yes
checking for struct stat.st_atim.tv_nsec... yes
checking whether struct stat.st_atim is of type struct timespec... yes
checking for struct stat.st_birthtimespec.tv_nsec... no
checking for struct stat.st_birthtimensec... no
checking for struct stat.st_birthtim.tv_nsec... no
checking for working stdalign.h... yes
checking for va_copy... yes
checking for good max_align_t... (cached) yes
checking whether NULL can be used in arbitrary expressions... (cached) yes
checking which flavor of printf attribute matches inttypes macros... system
checking for stpcpy... yes
checking for strcasecmp... yes
checking for strncasecmp... yes
checking whether strncasecmp is declared... yes
checking for strchrnul... yes
checking whether strchrnul works... yes
checking for working strerror function... yes
checking for working strndup... yes
checking for working strnlen... yes
checking whether strtoimax works... yes
checking for strtol... yes
checking for strtoll... yes
checking for strtoul... yes
checking for strtoull... yes
checking whether symlink handles trailing slash correctly... yes
checking whether symlinkat handles trailing slash correctly... yes
checking for nlink_t... (cached) yes
checking whether localtime_r is declared... yes
checking whether localtime_r is compatible with its POSIX signature... yes
checking whether localtime loops forever near extrema... no
checking for timezone_t... no
checking whether tzset clobbers localtime buffer... no
checking whether unlink honors trailing slashes... yes
checking whether unlink of a parent directory fails as it should... guessing yes
checking for unsetenv... yes
checking for unsetenv() return type... int
checking whether unsetenv obeys POSIX... yes
checking whether utimensat works... yes
checking for ptrdiff_t... yes
checking for vasprintf... yes
checking for vsnprintf... yes
checking whether snprintf respects a size of 1... (cached) yes
checking whether printf supports POSIX/XSI format strings with positions... (cached) yes
checking whether mbrtowc handles incomplete characters... (cached) yes
checking whether mbrtowc works as well as mbtowc... (cached) yes
checking whether wcrtomb return value is correct... yes
checking whether iswcntrl works... (cached) yes
checking for towlower... (cached) yes
checking for wctype_t... (cached) yes
checking for wctrans_t... (cached) yes
checking whether wcwidth is declared... yes
checking whether wcwidth works reasonably in UTF-8 locales... yes
checking for stdint.h... (cached) yes
checking whether time.h and sys/time.h may both be included... yes
checking for struct stat.st_blksize... yes
checking for library containing setsockopt... none required
checking for library containing setsockopt... (cached) none required
checking for sys/mtio.h... (cached) yes
checking which ioctl field to test for reversed bytes... mt_type
checking whether to build rmt... yes
checking for remote tape header files... yes
checking for sys/buf.h... (cached) no
checking for struct stat.st_blksize... (cached) yes
checking for library containing gethostbyname... none required
checking sys/xattr.h usability... yes
checking sys/xattr.h presence... yes
checking for sys/xattr.h... yes
checking for library containing getxattr... none required
checking for library containing fgetxattr... none required
checking for library containing lgetxattr... none required
checking for library containing setxattr... none required
checking for library containing fsetxattr... none required
checking for library containing lsetxattr... none required
checking for library containing listxattr... none required
checking for library containing flistxattr... none required
checking for library containing llistxattr... none required
checking whether getgrgid is declared... yes
checking whether getpwuid is declared... yes
checking whether time is declared... yes
checking for waitpid... yes
checking for remote shell... no
checking for netdb.h... (cached) yes
checking for default archive format... GNU
checking for default archive... -
checking for default blocking... 20
checking for default quoting style... escape
checking for ld used by gcc... /usr/bin/ld
checking if the linker (/usr/bin/ld) is GNU ld... yes
checking for shared library run path origin... done
checking 32-bit host C ABI... no
checking for the common suffixes of directories in the library search path... lib,lib
checking for iconv... yes
checking for working iconv... yes
checking for iconv declaration... 
         extern size_t iconv (iconv_t cd, char * *inbuf, size_t *inbytesleft, char * *outbuf, size_t *outbytesleft);
checking iconv.h usability... yes
checking iconv.h presence... yes
checking for iconv.h... yes
checking for iconv_t... yes
checking for a sed that does not truncate output... /bin/sed
checking whether NLS is requested... yes
checking for msgfmt... /usr/bin/msgfmt
checking for gmsgfmt... /usr/bin/msgfmt
checking for xgettext... /usr/bin/xgettext
checking for msgmerge... /usr/bin/msgmerge
checking for CFPreferencesCopyAppValue... no
checking for CFLocaleCopyCurrent... no
checking for CFLocaleCopyPreferredLanguages... no
checking for GNU gettext in libc... yes
checking whether to use NLS... yes
checking where the gettext function comes from... libc
checking that generated files are newer than configure... done
configure: creating ./config.status
config.status: creating tests/Makefile
config.status: creating tests/atlocal
config.status: creating Makefile
config.status: creating doc/Makefile
config.status: creating gnu/Makefile
config.status: creating lib/Makefile
config.status: creating po/Makefile.in
config.status: creating scripts/Makefile
config.status: creating rmt/Makefile
config.status: creating src/Makefile
config.status: creating config.h
config.status: executing depfiles commands
config.status: executing po-directories commands
config.status: creating po/POTFILES
config.status: creating po/Makefile
config.status: executing tests/atconfig commands
make  all-recursive
make[1]: Entering directory '/tmp/tmp.fmSh3BGVSH/tar-1.32'
Making all in doc
make[2]: Entering directory '/tmp/tmp.fmSh3BGVSH/tar-1.32/doc'
make[2]: Nothing to be done for 'all'.
make[2]: Leaving directory '/tmp/tmp.fmSh3BGVSH/tar-1.32/doc'
Making all in gnu
make[2]: Entering directory '/tmp/tmp.fmSh3BGVSH/tar-1.32/gnu'
  GEN      alloca.h
  GEN      configmake.h
  GEN      dirent.h
  GEN      fcntl.h
  GEN      getopt.h
  GEN      getopt-cdefs.h
  GEN      inttypes.h
  GEN      langinfo.h
  GEN      limits.h
  GEN      locale.h
  GEN      selinux/selinux.h
  GEN      selinux/context.h
  GEN      signal.h
  GEN      stdio.h
  GEN      stdlib.h
  GEN      string.h
  GEN      strings.h
  GEN      sys/stat.h
  GEN      sys/types.h
  GEN      sys/time.h
  GEN      time.h
  GEN      unistd.h
  GEN      unitypes.h
  GEN      uniwidth.h
  GEN      wchar.h
  GEN      wctype.h
make  all-recursive
make[3]: Entering directory '/tmp/tmp.fmSh3BGVSH/tar-1.32/gnu'
make[4]: Entering directory '/tmp/tmp.fmSh3BGVSH/tar-1.32/gnu'
  CC       acl-errno-valid.o
  CC       acl-internal.o
  CC       get-permissions.o
  CC       set-permissions.o
  CC       allocator.o
  CC       areadlink.o
  CC       areadlink-with-size.o
  CC       areadlinkat.o
  CC       areadlinkat-with-size.o
  CC       argmatch.o
  CC       argp-ba.o
  CC       argp-eexst.o
  CC       argp-fmtstream.o
  CC       argp-fs-xinl.o
  CC       argp-help.o
  CC       argp-parse.o
  CC       argp-pin.o
  CC       argp-pv.o
  CC       argp-pvh.o
  CC       argp-xinl.o
  CC       argp-version-etc.o
  CC       backup-find.o
  CC       backupfile.o
  CC       bitrotate.o
  CC       c-ctype.o
  CC       c-strcasecmp.o
  CC       c-strncasecmp.o
  CC       careadlinkat.o
  CC       cloexec.o
  CC       close-stream.o
careadlinkat.c: In function 'careadlinkat':
cc1: warning: function may return address of local variable [-Wreturn-local-addr]
careadlinkat.c:73:8: note: declared here
   73 |   char stack_buf[1024];
      |        ^~~~~~~~~
  CC       closeout.o
  CC       opendir-safer.o
  CC       dirname.o
  CC       basename.o
  CC       dirname-lgpl.o
  CC       basename-lgpl.o
  CC       stripslash.o
  CC       exclude.o
  CC       exitfail.o
  CC       chmodat.o
  CC       chownat.o
  CC       creat-safer.o
  CC       open-safer.o
  CC       fd-hook.o
  CC       fd-safer-flag.o
  CC       dup-safer-flag.o
  CC       fdutimensat.o
  CC       file-has-acl.o
  CC       filenamecat-lgpl.o
  CC       fprintftime.o
  CC       full-write.o
  CC       getprogname.o
  CC       gettime.o
  CC       hard-locale.o
  CC       hash.o
  CC       human.o
  CC       imaxtostr.o
  CC       inttostr.o
  CC       offtostr.o
  CC       uinttostr.o
  CC       umaxtostr.o
  CC       localcharset.o
  CC       malloca.o
  CC       mbchar.o
  CC       mbscasecmp.o
  CC       mbuiter.o
  CC       modechange.o
  CC       nstrftime.o
  CC       openat-die.o
  CC       openat-safer.o
  CC       opendirat.o
  CC       parse-datetime.o
  CC       priv-set.o
  CC       progname.o
  CC       quotearg.o
  CC       renameatu.o
  CC       safe-read.o
  CC       safe-write.o
  CC       save-cwd.o
  CC       savedir.o
  CC       se-context.o
  CC       se-selinux.o
  CC       stat-time.o
  CC       statat.o
  CC       strnlen1.o
  CC       tempname.o
  CC       timespec.o
  CC       timespec-sub.o
  CC       unistd.o
  CC       dup-safer.o
  CC       fd-safer.o
  CC       pipe-safer.o
  CC       unlinkdir.o
  CC       utimens.o
  CC       version-etc.o
  CC       version-etc-fsf.o
  CC       wctype-h.o
  CC       xmalloc.o
  CC       xgetcwd.o
  CC       xalloc-die.o
  CC       xsize.o
  CC       xstrndup.o
  CC       xstrtol.o
  CC       xstrtoul.o
  CC       xstrtol-error.o
  CC       xstrtoumax.o
  CC       xvasprintf.o
  CC       xasprintf.o
  CC       chdir-long.o
  CC       asnprintf.o
  CC       fcntl.o
  CC       getopt.o
  CC       getopt1.o
  CC       localtime-buffer.o
  CC       mbrtowc.o
  CC       mknod.o
  CC       mktime.o
  CC       obstack.o
  CC       openat-proc.o
  CC       printf-args.o
  CC       printf-parse.o
  CC       regex.o
  CC       selinux-at.o
  CC       time_rz.o
  CC       vasnprintf.o
  CC       uniwidth/width.o
  AR       libgnu.a
make[4]: Leaving directory '/tmp/tmp.fmSh3BGVSH/tar-1.32/gnu'
make[3]: Leaving directory '/tmp/tmp.fmSh3BGVSH/tar-1.32/gnu'
make[2]: Leaving directory '/tmp/tmp.fmSh3BGVSH/tar-1.32/gnu'
Making all in lib
make[2]: Entering directory '/tmp/tmp.fmSh3BGVSH/tar-1.32/lib'
  GEN      rmt-command.h
make  all-am
make[3]: Entering directory '/tmp/tmp.fmSh3BGVSH/tar-1.32/lib'
  CC       paxerror.o
  CC       paxexit-status.o
  CC       paxnames.o
  CC       rtapelib.o
  CC       stdopen.o
  CC       wordsplit.o
  CC       xattr-at.o
  AR       libtar.a
make[3]: Leaving directory '/tmp/tmp.fmSh3BGVSH/tar-1.32/lib'
make[2]: Leaving directory '/tmp/tmp.fmSh3BGVSH/tar-1.32/lib'
Making all in rmt
make[2]: Entering directory '/tmp/tmp.fmSh3BGVSH/tar-1.32/rmt'
  CC       rmt.o
  CCLD     rmt
make[2]: Leaving directory '/tmp/tmp.fmSh3BGVSH/tar-1.32/rmt'
Making all in src
make[2]: Entering directory '/tmp/tmp.fmSh3BGVSH/tar-1.32/src'
  CC       buffer.o
  CC       checkpoint.o
  CC       compare.o
  CC       create.o
  CC       delete.o
  CC       exit.o
  CC       exclist.o
  CC       extract.o
  CC       xheader.o
  CC       incremen.o
  CC       list.o
  CC       map.o
  CC       misc.o
  CC       names.o
  CC       sparse.o
  CC       suffix.o
  CC       system.o
  CC       tar.o
  CC       transform.o
  CC       unlink.o
  CC       update.o
  CC       utf8.o
  CC       warning.o
  CC       xattrs.o
  CCLD     tar
make[2]: Leaving directory '/tmp/tmp.fmSh3BGVSH/tar-1.32/src'
Making all in scripts
make[2]: Entering directory '/tmp/tmp.fmSh3BGVSH/tar-1.32/scripts'
make[2]: Nothing to be done for 'all'.
make[2]: Leaving directory '/tmp/tmp.fmSh3BGVSH/tar-1.32/scripts'
Making all in po
make[2]: Entering directory '/tmp/tmp.fmSh3BGVSH/tar-1.32/po'
make[2]: Nothing to be done for 'all'.
make[2]: Leaving directory '/tmp/tmp.fmSh3BGVSH/tar-1.32/po'
Making all in tests
make[2]: Entering directory '/tmp/tmp.fmSh3BGVSH/tar-1.32/tests'
make[2]: Nothing to be done for 'all'.
make[2]: Leaving directory '/tmp/tmp.fmSh3BGVSH/tar-1.32/tests'
make[2]: Entering directory '/tmp/tmp.fmSh3BGVSH/tar-1.32'
make[2]: Leaving directory '/tmp/tmp.fmSh3BGVSH/tar-1.32'
make[1]: Leaving directory '/tmp/tmp.fmSh3BGVSH/tar-1.32'
Making install in doc
make[1]: Entering directory '/tmp/tmp.fmSh3BGVSH/tar-1.32/doc'
make[2]: Entering directory '/tmp/tmp.fmSh3BGVSH/tar-1.32/doc'
make[2]: Nothing to be done for 'install-exec-am'.
 /bin/mkdir -p '/usr/share/man/man1'
 /bin/mkdir -p '/usr/share/man/man8'
 /bin/mkdir -p '/usr/share/info'
 /usr/bin/install -c -m 644 rmt.8 '/usr/share/man/man8'
 /usr/bin/install -c -m 644 tar.1 '/usr/share/man/man1'
 /usr/bin/install -c -m 644 ./tar.info ./tar.info-1 ./tar.info-2 '/usr/share/info'
 install-info --info-dir='/usr/share/info' '/usr/share/info/tar.info'
make[2]: Leaving directory '/tmp/tmp.fmSh3BGVSH/tar-1.32/doc'
make[1]: Leaving directory '/tmp/tmp.fmSh3BGVSH/tar-1.32/doc'
Making install in gnu
make[1]: Entering directory '/tmp/tmp.fmSh3BGVSH/tar-1.32/gnu'
make  install-recursive
make[2]: Entering directory '/tmp/tmp.fmSh3BGVSH/tar-1.32/gnu'
make[3]: Entering directory '/tmp/tmp.fmSh3BGVSH/tar-1.32/gnu'
make[4]: Entering directory '/tmp/tmp.fmSh3BGVSH/tar-1.32/gnu'
make[4]: Nothing to be done for 'install-exec-am'.
make[4]: Nothing to be done for 'install-data-am'.
make[4]: Leaving directory '/tmp/tmp.fmSh3BGVSH/tar-1.32/gnu'
make[3]: Leaving directory '/tmp/tmp.fmSh3BGVSH/tar-1.32/gnu'
make[2]: Leaving directory '/tmp/tmp.fmSh3BGVSH/tar-1.32/gnu'
make[1]: Leaving directory '/tmp/tmp.fmSh3BGVSH/tar-1.32/gnu'
Making install in lib
make[1]: Entering directory '/tmp/tmp.fmSh3BGVSH/tar-1.32/lib'
make  install-am
make[2]: Entering directory '/tmp/tmp.fmSh3BGVSH/tar-1.32/lib'
make[3]: Entering directory '/tmp/tmp.fmSh3BGVSH/tar-1.32/lib'
make[3]: Nothing to be done for 'install-exec-am'.
make[3]: Nothing to be done for 'install-data-am'.
make[3]: Leaving directory '/tmp/tmp.fmSh3BGVSH/tar-1.32/lib'
make[2]: Leaving directory '/tmp/tmp.fmSh3BGVSH/tar-1.32/lib'
make[1]: Leaving directory '/tmp/tmp.fmSh3BGVSH/tar-1.32/lib'
Making install in rmt
make[1]: Entering directory '/tmp/tmp.fmSh3BGVSH/tar-1.32/rmt'
make[2]: Entering directory '/tmp/tmp.fmSh3BGVSH/tar-1.32/rmt'
make[2]: Nothing to be done for 'install-exec-am'.
 /bin/mkdir -p '/usr/libexec'
  /usr/bin/install -c rmt '/usr/libexec'
make[2]: Leaving directory '/tmp/tmp.fmSh3BGVSH/tar-1.32/rmt'
make[1]: Leaving directory '/tmp/tmp.fmSh3BGVSH/tar-1.32/rmt'
Making install in src
make[1]: Entering directory '/tmp/tmp.fmSh3BGVSH/tar-1.32/src'
make[2]: Entering directory '/tmp/tmp.fmSh3BGVSH/tar-1.32/src'
make[2]: Nothing to be done for 'install-data-am'.
 /bin/mkdir -p '/bin'
  /usr/bin/install -c tar '/bin'
make[2]: Leaving directory '/tmp/tmp.fmSh3BGVSH/tar-1.32/src'
make[1]: Leaving directory '/tmp/tmp.fmSh3BGVSH/tar-1.32/src'
Making install in scripts
make[1]: Entering directory '/tmp/tmp.fmSh3BGVSH/tar-1.32/scripts'
make[2]: Entering directory '/tmp/tmp.fmSh3BGVSH/tar-1.32/scripts'
make[2]: Nothing to be done for 'install-data-am'.
make[2]: Leaving directory '/tmp/tmp.fmSh3BGVSH/tar-1.32/scripts'
make[1]: Leaving directory '/tmp/tmp.fmSh3BGVSH/tar-1.32/scripts'
Making install in po
make[1]: Entering directory '/tmp/tmp.fmSh3BGVSH/tar-1.32/po'
installing bg.gmo as /usr/share/locale/bg/LC_MESSAGES/tar.mo
installing ca.gmo as /usr/share/locale/ca/LC_MESSAGES/tar.mo
installing cs.gmo as /usr/share/locale/cs/LC_MESSAGES/tar.mo
installing da.gmo as /usr/share/locale/da/LC_MESSAGES/tar.mo
installing de.gmo as /usr/share/locale/de/LC_MESSAGES/tar.mo
installing el.gmo as /usr/share/locale/el/LC_MESSAGES/tar.mo
installing eo.gmo as /usr/share/locale/eo/LC_MESSAGES/tar.mo
installing es.gmo as /usr/share/locale/es/LC_MESSAGES/tar.mo
installing et.gmo as /usr/share/locale/et/LC_MESSAGES/tar.mo
installing eu.gmo as /usr/share/locale/eu/LC_MESSAGES/tar.mo
installing fi.gmo as /usr/share/locale/fi/LC_MESSAGES/tar.mo
installing fr.gmo as /usr/share/locale/fr/LC_MESSAGES/tar.mo
installing ga.gmo as /usr/share/locale/ga/LC_MESSAGES/tar.mo
installing gl.gmo as /usr/share/locale/gl/LC_MESSAGES/tar.mo
installing hr.gmo as /usr/share/locale/hr/LC_MESSAGES/tar.mo
installing hu.gmo as /usr/share/locale/hu/LC_MESSAGES/tar.mo
installing id.gmo as /usr/share/locale/id/LC_MESSAGES/tar.mo
installing it.gmo as /usr/share/locale/it/LC_MESSAGES/tar.mo
installing ja.gmo as /usr/share/locale/ja/LC_MESSAGES/tar.mo
installing ko.gmo as /usr/share/locale/ko/LC_MESSAGES/tar.mo
installing ky.gmo as /usr/share/locale/ky/LC_MESSAGES/tar.mo
installing ms.gmo as /usr/share/locale/ms/LC_MESSAGES/tar.mo
installing nb.gmo as /usr/share/locale/nb/LC_MESSAGES/tar.mo
installing nl.gmo as /usr/share/locale/nl/LC_MESSAGES/tar.mo
installing pl.gmo as /usr/share/locale/pl/LC_MESSAGES/tar.mo
installing pt.gmo as /usr/share/locale/pt/LC_MESSAGES/tar.mo
installing pt_BR.gmo as /usr/share/locale/pt_BR/LC_MESSAGES/tar.mo
installing ro.gmo as /usr/share/locale/ro/LC_MESSAGES/tar.mo
installing ru.gmo as /usr/share/locale/ru/LC_MESSAGES/tar.mo
installing sk.gmo as /usr/share/locale/sk/LC_MESSAGES/tar.mo
installing sl.gmo as /usr/share/locale/sl/LC_MESSAGES/tar.mo
installing sr.gmo as /usr/share/locale/sr/LC_MESSAGES/tar.mo
installing sv.gmo as /usr/share/locale/sv/LC_MESSAGES/tar.mo
installing tr.gmo as /usr/share/locale/tr/LC_MESSAGES/tar.mo
installing uk.gmo as /usr/share/locale/uk/LC_MESSAGES/tar.mo
installing vi.gmo as /usr/share/locale/vi/LC_MESSAGES/tar.mo
installing zh_CN.gmo as /usr/share/locale/zh_CN/LC_MESSAGES/tar.mo
installing zh_TW.gmo as /usr/share/locale/zh_TW/LC_MESSAGES/tar.mo
if test "tar" = "gettext-tools"; then \
  /bin/mkdir -p /usr/share/gettext/po; \
  for file in Makefile.in.in remove-potcdate.sin quot.sed boldquot.sed en@quot.header en@boldquot.header insert-header.sin Rules-quot   Makevars.template; do \
    /usr/bin/install -c -m 644 ./$file \
		    /usr/share/gettext/po/$file; \
  done; \
  for file in Makevars; do \
    rm -f /usr/share/gettext/po/$file; \
  done; \
else \
  : ; \
fi
make[1]: Leaving directory '/tmp/tmp.fmSh3BGVSH/tar-1.32/po'
Making install in tests
make[1]: Entering directory '/tmp/tmp.fmSh3BGVSH/tar-1.32/tests'
make[2]: Entering directory '/tmp/tmp.fmSh3BGVSH/tar-1.32/tests'
make[2]: Nothing to be done for 'install-exec-am'.
make[2]: Nothing to be done for 'install-data-am'.
make[2]: Leaving directory '/tmp/tmp.fmSh3BGVSH/tar-1.32/tests'
make[1]: Leaving directory '/tmp/tmp.fmSh3BGVSH/tar-1.32/tests'
make[1]: Entering directory '/tmp/tmp.fmSh3BGVSH/tar-1.32'
make[2]: Entering directory '/tmp/tmp.fmSh3BGVSH/tar-1.32'
make[2]: Nothing to be done for 'install-exec-am'.
make[2]: Nothing to be done for 'install-data-am'.
make[2]: Leaving directory '/tmp/tmp.fmSh3BGVSH/tar-1.32'
make[1]: Leaving directory '/tmp/tmp.fmSh3BGVSH/tar-1.32'
make: Entering directory '/tmp/tmp.fmSh3BGVSH/tar-1.32/doc'
  MAKEINFO tar.html
 /bin/mkdir -p '/usr/share/doc/tar-1.32'
 /bin/mkdir -p '/usr/share/doc/tar-1.32/tar.html'
 /usr/bin/install -c -m 644 'tar.html'/* '/usr/share/doc/tar-1.32/tar.html'
make: Leaving directory '/tmp/tmp.fmSh3BGVSH/tar-1.32/doc'

real	0m37.191s
user	0m47.437s
sys	0m10.726s
