make[1]: Entering directory '/tmp/tmp.sbCp8r2ldU/zstd-1.4.5/lib'
make[1]: Entering directory '/tmp/tmp.sbCp8r2ldU/zstd-1.4.5/programs'
make[1]: Nothing to be done for 'lib-release'.
make[1]: Leaving directory '/tmp/tmp.sbCp8r2ldU/zstd-1.4.5/lib'
cc -O3 -DBACKTRACE_ENABLE=0  -DXXH_NAMESPACE=ZSTD_ -DZSTD_MULTITHREAD -DZSTD_GZCOMPRESS -DZSTD_GZDECOMPRESS -DZSTD_LZMACOMPRESS -DZSTD_LZMADECOMPRESS  -DZSTD_LEGACY_SUPPORT=5  -c -o benchfn.o benchfn.c
cc -O3 -DBACKTRACE_ENABLE=0  -DXXH_NAMESPACE=ZSTD_ -DZSTD_MULTITHREAD -DZSTD_GZCOMPRESS -DZSTD_GZDECOMPRESS -DZSTD_LZMACOMPRESS -DZSTD_LZMADECOMPRESS  -DZSTD_LEGACY_SUPPORT=5  -c -o benchzstd.o benchzstd.c
cc -O3 -DBACKTRACE_ENABLE=0  -DXXH_NAMESPACE=ZSTD_ -DZSTD_MULTITHREAD -DZSTD_GZCOMPRESS -DZSTD_GZDECOMPRESS -DZSTD_LZMACOMPRESS -DZSTD_LZMADECOMPRESS  -DZSTD_LEGACY_SUPPORT=5  -c -o datagen.o datagen.c
cc -O3 -DBACKTRACE_ENABLE=0  -DXXH_NAMESPACE=ZSTD_ -DZSTD_MULTITHREAD -DZSTD_GZCOMPRESS -DZSTD_GZDECOMPRESS -DZSTD_LZMACOMPRESS -DZSTD_LZMADECOMPRESS  -DZSTD_LEGACY_SUPPORT=5  -c -o dibio.o dibio.c
cc -O3 -DBACKTRACE_ENABLE=0  -DXXH_NAMESPACE=ZSTD_ -DZSTD_MULTITHREAD -DZSTD_GZCOMPRESS -DZSTD_GZDECOMPRESS -DZSTD_LZMACOMPRESS -DZSTD_LZMADECOMPRESS  -DZSTD_LEGACY_SUPPORT=5  -c -o fileio.o fileio.c
cc -O3 -DBACKTRACE_ENABLE=0  -DXXH_NAMESPACE=ZSTD_ -DZSTD_MULTITHREAD -DZSTD_GZCOMPRESS -DZSTD_GZDECOMPRESS -DZSTD_LZMACOMPRESS -DZSTD_LZMADECOMPRESS  -DZSTD_LEGACY_SUPPORT=5  -c -o timefn.o timefn.c
cc -O3 -DBACKTRACE_ENABLE=0  -DXXH_NAMESPACE=ZSTD_ -DZSTD_MULTITHREAD -DZSTD_GZCOMPRESS -DZSTD_GZDECOMPRESS -DZSTD_LZMACOMPRESS -DZSTD_LZMADECOMPRESS  -DZSTD_LEGACY_SUPPORT=5  -c -o util.o util.c
cc -O3 -DBACKTRACE_ENABLE=0  -DXXH_NAMESPACE=ZSTD_ -DZSTD_MULTITHREAD -DZSTD_GZCOMPRESS -DZSTD_GZDECOMPRESS -DZSTD_LZMACOMPRESS -DZSTD_LZMADECOMPRESS  -DZSTD_LEGACY_SUPPORT=5  -c -o zstdcli.o zstdcli.c
==> building with threading support
==> building zstd with .gz compression support
==> building zstd with .xz/.lzma compression support
==> no liblz4, building zstd without .lz4 support
cc -DXXH_NAMESPACE=ZSTD_ -DZSTD_MULTITHREAD -DZSTD_GZCOMPRESS -DZSTD_GZDECOMPRESS -DZSTD_LZMACOMPRESS -DZSTD_LZMADECOMPRESS  -DZSTD_LEGACY_SUPPORT=5 -O3 -DBACKTRACE_ENABLE=0  -pthread -lz -llzma   ../lib/common/debug.c ../lib/common/entropy_common.c ../lib/common/error_private.c ../lib/common/fse_decompress.c ../lib/common/pool.c ../lib/common/threading.c ../lib/common/xxhash.c ../lib/common/zstd_common.c ../lib/compress/fse_compress.c ../lib/compress/hist.c ../lib/compress/huf_compress.c ../lib/compress/zstd_compress.c ../lib/compress/zstd_compress_literals.c ../lib/compress/zstd_compress_sequences.c ../lib/compress/zstd_compress_superblock.c ../lib/compress/zstd_double_fast.c ../lib/compress/zstd_fast.c ../lib/compress/zstd_lazy.c ../lib/compress/zstd_ldm.c ../lib/compress/zstd_opt.c ../lib/compress/zstdmt_compress.c ../lib/decompress/huf_decompress.c ../lib/decompress/zstd_ddict.c ../lib/decompress/zstd_decompress.c ../lib/decompress/zstd_decompress_block.c ../lib/dictBuilder/cover.c ../lib/dictBuilder/divsufsort.c ../lib/dictBuilder/fastcover.c ../lib/dictBuilder/zdict.c ../lib/legacy/zstd_v05.c ../lib/legacy/zstd_v06.c ../lib/legacy/zstd_v07.c benchfn.o benchzstd.o datagen.o dibio.o fileio.o timefn.o util.o zstdcli.o -o zstd -pthread -lz -llzma  
make[1]: Leaving directory '/tmp/tmp.sbCp8r2ldU/zstd-1.4.5/programs'
cp programs/zstd .
make[1]: Entering directory '/tmp/tmp.sbCp8r2ldU/zstd-1.4.5/lib'
cc -Wall -Wextra -Wcast-qual -Wcast-align -Wshadow -Wstrict-aliasing=1 -Wswitch-enum -Wdeclaration-after-statement -Wstrict-prototypes -Wundef -Wpointer-arith -Wvla -Wformat=2 -Winit-self -Wfloat-equal -Wwrite-strings -Wredundant-decls -Wmissing-prototypes -Wc++-compat  -O3 -DXXH_NAMESPACE=ZSTD_ -DZSTD_LEGACY_SUPPORT=5  -c -o common/debug.o common/debug.c
creating pkgconfig
cc -Wall -Wextra -Wcast-qual -Wcast-align -Wshadow -Wstrict-aliasing=1 -Wswitch-enum -Wdeclaration-after-statement -Wstrict-prototypes -Wundef -Wpointer-arith -Wvla -Wformat=2 -Winit-self -Wfloat-equal -Wwrite-strings -Wredundant-decls -Wmissing-prototypes -Wc++-compat  -O3 -DXXH_NAMESPACE=ZSTD_ -DZSTD_LEGACY_SUPPORT=5  -c -o common/entropy_common.o common/entropy_common.c
cc -Wall -Wextra -Wcast-qual -Wcast-align -Wshadow -Wstrict-aliasing=1 -Wswitch-enum -Wdeclaration-after-statement -Wstrict-prototypes -Wundef -Wpointer-arith -Wvla -Wformat=2 -Winit-self -Wfloat-equal -Wwrite-strings -Wredundant-decls -Wmissing-prototypes -Wc++-compat  -O3 -DXXH_NAMESPACE=ZSTD_ -DZSTD_LEGACY_SUPPORT=5  -c -o common/error_private.o common/error_private.c
cc -Wall -Wextra -Wcast-qual -Wcast-align -Wshadow -Wstrict-aliasing=1 -Wswitch-enum -Wdeclaration-after-statement -Wstrict-prototypes -Wundef -Wpointer-arith -Wvla -Wformat=2 -Winit-self -Wfloat-equal -Wwrite-strings -Wredundant-decls -Wmissing-prototypes -Wc++-compat  -O3 -DXXH_NAMESPACE=ZSTD_ -DZSTD_LEGACY_SUPPORT=5  -c -o common/fse_decompress.o common/fse_decompress.c
cc -Wall -Wextra -Wcast-qual -Wcast-align -Wshadow -Wstrict-aliasing=1 -Wswitch-enum -Wdeclaration-after-statement -Wstrict-prototypes -Wundef -Wpointer-arith -Wvla -Wformat=2 -Winit-self -Wfloat-equal -Wwrite-strings -Wredundant-decls -Wmissing-prototypes -Wc++-compat  -O3 -DXXH_NAMESPACE=ZSTD_ -DZSTD_LEGACY_SUPPORT=5  -c -o common/pool.o common/pool.c
cc -Wall -Wextra -Wcast-qual -Wcast-align -Wshadow -Wstrict-aliasing=1 -Wswitch-enum -Wdeclaration-after-statement -Wstrict-prototypes -Wundef -Wpointer-arith -Wvla -Wformat=2 -Winit-self -Wfloat-equal -Wwrite-strings -Wredundant-decls -Wmissing-prototypes -Wc++-compat  -O3 -DXXH_NAMESPACE=ZSTD_ -DZSTD_LEGACY_SUPPORT=5  -c -o common/threading.o common/threading.c
cc -Wall -Wextra -Wcast-qual -Wcast-align -Wshadow -Wstrict-aliasing=1 -Wswitch-enum -Wdeclaration-after-statement -Wstrict-prototypes -Wundef -Wpointer-arith -Wvla -Wformat=2 -Winit-self -Wfloat-equal -Wwrite-strings -Wredundant-decls -Wmissing-prototypes -Wc++-compat  -O3 -DXXH_NAMESPACE=ZSTD_ -DZSTD_LEGACY_SUPPORT=5  -c -o common/xxhash.o common/xxhash.c
cc -Wall -Wextra -Wcast-qual -Wcast-align -Wshadow -Wstrict-aliasing=1 -Wswitch-enum -Wdeclaration-after-statement -Wstrict-prototypes -Wundef -Wpointer-arith -Wvla -Wformat=2 -Winit-self -Wfloat-equal -Wwrite-strings -Wredundant-decls -Wmissing-prototypes -Wc++-compat  -O3 -DXXH_NAMESPACE=ZSTD_ -DZSTD_LEGACY_SUPPORT=5  -c -o common/zstd_common.o common/zstd_common.c
cc -Wall -Wextra -Wcast-qual -Wcast-align -Wshadow -Wstrict-aliasing=1 -Wswitch-enum -Wdeclaration-after-statement -Wstrict-prototypes -Wundef -Wpointer-arith -Wvla -Wformat=2 -Winit-self -Wfloat-equal -Wwrite-strings -Wredundant-decls -Wmissing-prototypes -Wc++-compat  -O3 -DXXH_NAMESPACE=ZSTD_ -DZSTD_LEGACY_SUPPORT=5  -c -o compress/fse_compress.o compress/fse_compress.c
cc -Wall -Wextra -Wcast-qual -Wcast-align -Wshadow -Wstrict-aliasing=1 -Wswitch-enum -Wdeclaration-after-statement -Wstrict-prototypes -Wundef -Wpointer-arith -Wvla -Wformat=2 -Winit-self -Wfloat-equal -Wwrite-strings -Wredundant-decls -Wmissing-prototypes -Wc++-compat  -O3 -DXXH_NAMESPACE=ZSTD_ -DZSTD_LEGACY_SUPPORT=5  -c -o compress/hist.o compress/hist.c
cc -Wall -Wextra -Wcast-qual -Wcast-align -Wshadow -Wstrict-aliasing=1 -Wswitch-enum -Wdeclaration-after-statement -Wstrict-prototypes -Wundef -Wpointer-arith -Wvla -Wformat=2 -Winit-self -Wfloat-equal -Wwrite-strings -Wredundant-decls -Wmissing-prototypes -Wc++-compat  -O3 -DXXH_NAMESPACE=ZSTD_ -DZSTD_LEGACY_SUPPORT=5  -c -o compress/huf_compress.o compress/huf_compress.c
cc -Wall -Wextra -Wcast-qual -Wcast-align -Wshadow -Wstrict-aliasing=1 -Wswitch-enum -Wdeclaration-after-statement -Wstrict-prototypes -Wundef -Wpointer-arith -Wvla -Wformat=2 -Winit-self -Wfloat-equal -Wwrite-strings -Wredundant-decls -Wmissing-prototypes -Wc++-compat  -O3 -DXXH_NAMESPACE=ZSTD_ -DZSTD_LEGACY_SUPPORT=5  -c -o compress/zstd_compress.o compress/zstd_compress.c
cc -Wall -Wextra -Wcast-qual -Wcast-align -Wshadow -Wstrict-aliasing=1 -Wswitch-enum -Wdeclaration-after-statement -Wstrict-prototypes -Wundef -Wpointer-arith -Wvla -Wformat=2 -Winit-self -Wfloat-equal -Wwrite-strings -Wredundant-decls -Wmissing-prototypes -Wc++-compat  -O3 -DXXH_NAMESPACE=ZSTD_ -DZSTD_LEGACY_SUPPORT=5  -c -o compress/zstd_compress_literals.o compress/zstd_compress_literals.c
cc -Wall -Wextra -Wcast-qual -Wcast-align -Wshadow -Wstrict-aliasing=1 -Wswitch-enum -Wdeclaration-after-statement -Wstrict-prototypes -Wundef -Wpointer-arith -Wvla -Wformat=2 -Winit-self -Wfloat-equal -Wwrite-strings -Wredundant-decls -Wmissing-prototypes -Wc++-compat  -O3 -DXXH_NAMESPACE=ZSTD_ -DZSTD_LEGACY_SUPPORT=5  -c -o compress/zstd_compress_sequences.o compress/zstd_compress_sequences.c
compress/zstd_compress.c: In function 'ZSTD_loadCEntropy':
compress/zstd_compress.c:2913:64: warning: dereferencing type-punned pointer might break strict-aliasing rules [-Wstrict-aliasing]
 2913 |         size_t const hufHeaderSize = HUF_readCTable((HUF_CElt*)bs->entropy.huf.CTable, &maxSymbolValue, dictPtr,
      |                                                                ^~
compress/zstd_compress_literals.c: In function 'ZSTD_compressLiterals':
compress/zstd_compress_literals.c:108:28: warning: dereferencing type-punned pointer might break strict-aliasing rules [-Wstrict-aliasing]
  108 |                 (HUF_CElt*)nextHuf->CTable, &repeat, preferRepeat, bmi2) :
      |                            ^~~~~~~
compress/zstd_compress_literals.c:112:28: warning: dereferencing type-punned pointer might break strict-aliasing rules [-Wstrict-aliasing]
  112 |                 (HUF_CElt*)nextHuf->CTable, &repeat, preferRepeat, bmi2);
      |                            ^~~~~~~
cc -Wall -Wextra -Wcast-qual -Wcast-align -Wshadow -Wstrict-aliasing=1 -Wswitch-enum -Wdeclaration-after-statement -Wstrict-prototypes -Wundef -Wpointer-arith -Wvla -Wformat=2 -Winit-self -Wfloat-equal -Wwrite-strings -Wredundant-decls -Wmissing-prototypes -Wc++-compat  -O3 -DXXH_NAMESPACE=ZSTD_ -DZSTD_LEGACY_SUPPORT=5  -c -o compress/zstd_compress_superblock.o compress/zstd_compress_superblock.c
cc -Wall -Wextra -Wcast-qual -Wcast-align -Wshadow -Wstrict-aliasing=1 -Wswitch-enum -Wdeclaration-after-statement -Wstrict-prototypes -Wundef -Wpointer-arith -Wvla -Wformat=2 -Winit-self -Wfloat-equal -Wwrite-strings -Wredundant-decls -Wmissing-prototypes -Wc++-compat  -O3 -DXXH_NAMESPACE=ZSTD_ -DZSTD_LEGACY_SUPPORT=5  -c -o compress/zstd_double_fast.o compress/zstd_double_fast.c
compress/zstd_compress_superblock.c: In function 'ZSTD_buildSuperBlockEntropy_literal':
compress/zstd_compress_superblock.c:116:76: warning: dereferencing type-punned pointer might break strict-aliasing rules [-Wstrict-aliasing]
  116 |     if (repeat == HUF_repeat_check && !HUF_validateCTable((HUF_CElt const*)prevHuf->CTable, countWksp, maxSymbolValue)) {
      |                                                                            ^~~~~~~
compress/zstd_compress_superblock.c:123:64: warning: dereferencing type-punned pointer might break strict-aliasing rules [-Wstrict-aliasing]
  123 |     {   size_t const maxBits = HUF_buildCTable_wksp((HUF_CElt*)nextHuf->CTable, countWksp,
      |                                                                ^~~~~~~
compress/zstd_compress_superblock.c:130:32: warning: dereferencing type-punned pointer might break strict-aliasing rules [-Wstrict-aliasing]
  130 |                     (HUF_CElt*)nextHuf->CTable, countWksp, maxSymbolValue);
      |                                ^~~~~~~
compress/zstd_compress_superblock.c:133:32: warning: dereferencing type-punned pointer might break strict-aliasing rules [-Wstrict-aliasing]
  133 |                     (HUF_CElt*)nextHuf->CTable, maxSymbolValue, huffLog);
      |                                ^~~~~~~
compress/zstd_compress_superblock.c:137:42: warning: dereferencing type-punned pointer might break strict-aliasing rules [-Wstrict-aliasing]
  137 |                         (HUF_CElt const*)prevHuf->CTable, countWksp, maxSymbolValue);
      |                                          ^~~~~~~
compress/zstd_compress_superblock.c: In function 'ZSTD_compressSubBlock':
compress/zstd_compress_superblock.c:553:74: warning: dereferencing type-punned pointer might break strict-aliasing rules [-Wstrict-aliasing]
  553 |     {   size_t cLitSize = ZSTD_compressSubBlock_literal((const HUF_CElt*)entropy->huf.CTable,
      |                                                                          ^~~~~~~
compress/zstd_compress_superblock.c: In function 'ZSTD_estimateSubBlockSize_literal':
compress/zstd_compress_superblock.c:594:83: warning: dereferencing type-punned pointer might break strict-aliasing rules [-Wstrict-aliasing]
  594 |         {   size_t cLitSizeEstimate = HUF_estimateCompressedSize((const HUF_CElt*)huf->CTable, countWksp, maxSymbolValue);
      |                                                                                   ^~~
cc -Wall -Wextra -Wcast-qual -Wcast-align -Wshadow -Wstrict-aliasing=1 -Wswitch-enum -Wdeclaration-after-statement -Wstrict-prototypes -Wundef -Wpointer-arith -Wvla -Wformat=2 -Winit-self -Wfloat-equal -Wwrite-strings -Wredundant-decls -Wmissing-prototypes -Wc++-compat  -O3 -DXXH_NAMESPACE=ZSTD_ -DZSTD_LEGACY_SUPPORT=5  -c -o compress/zstd_fast.o compress/zstd_fast.c
cc -Wall -Wextra -Wcast-qual -Wcast-align -Wshadow -Wstrict-aliasing=1 -Wswitch-enum -Wdeclaration-after-statement -Wstrict-prototypes -Wundef -Wpointer-arith -Wvla -Wformat=2 -Winit-self -Wfloat-equal -Wwrite-strings -Wredundant-decls -Wmissing-prototypes -Wc++-compat  -O3 -DXXH_NAMESPACE=ZSTD_ -DZSTD_LEGACY_SUPPORT=5  -c -o compress/zstd_lazy.o compress/zstd_lazy.c
cc -Wall -Wextra -Wcast-qual -Wcast-align -Wshadow -Wstrict-aliasing=1 -Wswitch-enum -Wdeclaration-after-statement -Wstrict-prototypes -Wundef -Wpointer-arith -Wvla -Wformat=2 -Winit-self -Wfloat-equal -Wwrite-strings -Wredundant-decls -Wmissing-prototypes -Wc++-compat  -O3 -DXXH_NAMESPACE=ZSTD_ -DZSTD_LEGACY_SUPPORT=5  -c -o compress/zstd_ldm.o compress/zstd_ldm.c
cc -Wall -Wextra -Wcast-qual -Wcast-align -Wshadow -Wstrict-aliasing=1 -Wswitch-enum -Wdeclaration-after-statement -Wstrict-prototypes -Wundef -Wpointer-arith -Wvla -Wformat=2 -Winit-self -Wfloat-equal -Wwrite-strings -Wredundant-decls -Wmissing-prototypes -Wc++-compat  -O3 -DXXH_NAMESPACE=ZSTD_ -DZSTD_LEGACY_SUPPORT=5  -c -o compress/zstd_opt.o compress/zstd_opt.c
cc -Wall -Wextra -Wcast-qual -Wcast-align -Wshadow -Wstrict-aliasing=1 -Wswitch-enum -Wdeclaration-after-statement -Wstrict-prototypes -Wundef -Wpointer-arith -Wvla -Wformat=2 -Winit-self -Wfloat-equal -Wwrite-strings -Wredundant-decls -Wmissing-prototypes -Wc++-compat  -O3 -DXXH_NAMESPACE=ZSTD_ -DZSTD_LEGACY_SUPPORT=5  -c -o compress/zstdmt_compress.o compress/zstdmt_compress.c
cc -Wall -Wextra -Wcast-qual -Wcast-align -Wshadow -Wstrict-aliasing=1 -Wswitch-enum -Wdeclaration-after-statement -Wstrict-prototypes -Wundef -Wpointer-arith -Wvla -Wformat=2 -Winit-self -Wfloat-equal -Wwrite-strings -Wredundant-decls -Wmissing-prototypes -Wc++-compat  -O3 -DXXH_NAMESPACE=ZSTD_ -DZSTD_LEGACY_SUPPORT=5  -c -o decompress/huf_decompress.o decompress/huf_decompress.c
cc -Wall -Wextra -Wcast-qual -Wcast-align -Wshadow -Wstrict-aliasing=1 -Wswitch-enum -Wdeclaration-after-statement -Wstrict-prototypes -Wundef -Wpointer-arith -Wvla -Wformat=2 -Winit-self -Wfloat-equal -Wwrite-strings -Wredundant-decls -Wmissing-prototypes -Wc++-compat  -O3 -DXXH_NAMESPACE=ZSTD_ -DZSTD_LEGACY_SUPPORT=5  -c -o decompress/zstd_ddict.o decompress/zstd_ddict.c
cc -Wall -Wextra -Wcast-qual -Wcast-align -Wshadow -Wstrict-aliasing=1 -Wswitch-enum -Wdeclaration-after-statement -Wstrict-prototypes -Wundef -Wpointer-arith -Wvla -Wformat=2 -Winit-self -Wfloat-equal -Wwrite-strings -Wredundant-decls -Wmissing-prototypes -Wc++-compat  -O3 -DXXH_NAMESPACE=ZSTD_ -DZSTD_LEGACY_SUPPORT=5  -c -o decompress/zstd_decompress.o decompress/zstd_decompress.c
cc -Wall -Wextra -Wcast-qual -Wcast-align -Wshadow -Wstrict-aliasing=1 -Wswitch-enum -Wdeclaration-after-statement -Wstrict-prototypes -Wundef -Wpointer-arith -Wvla -Wformat=2 -Winit-self -Wfloat-equal -Wwrite-strings -Wredundant-decls -Wmissing-prototypes -Wc++-compat  -O3 -fno-tree-vectorize -DXXH_NAMESPACE=ZSTD_ -DZSTD_LEGACY_SUPPORT=5  -c -o decompress/zstd_decompress_block.o decompress/zstd_decompress_block.c
cc -Wall -Wextra -Wcast-qual -Wcast-align -Wshadow -Wstrict-aliasing=1 -Wswitch-enum -Wdeclaration-after-statement -Wstrict-prototypes -Wundef -Wpointer-arith -Wvla -Wformat=2 -Winit-self -Wfloat-equal -Wwrite-strings -Wredundant-decls -Wmissing-prototypes -Wc++-compat  -O3 -DXXH_NAMESPACE=ZSTD_ -DZSTD_LEGACY_SUPPORT=5  -c -o deprecated/zbuff_common.o deprecated/zbuff_common.c
cc -Wall -Wextra -Wcast-qual -Wcast-align -Wshadow -Wstrict-aliasing=1 -Wswitch-enum -Wdeclaration-after-statement -Wstrict-prototypes -Wundef -Wpointer-arith -Wvla -Wformat=2 -Winit-self -Wfloat-equal -Wwrite-strings -Wredundant-decls -Wmissing-prototypes -Wc++-compat  -O3 -DXXH_NAMESPACE=ZSTD_ -DZSTD_LEGACY_SUPPORT=5  -c -o deprecated/zbuff_compress.o deprecated/zbuff_compress.c
cc -Wall -Wextra -Wcast-qual -Wcast-align -Wshadow -Wstrict-aliasing=1 -Wswitch-enum -Wdeclaration-after-statement -Wstrict-prototypes -Wundef -Wpointer-arith -Wvla -Wformat=2 -Winit-self -Wfloat-equal -Wwrite-strings -Wredundant-decls -Wmissing-prototypes -Wc++-compat  -O3 -DXXH_NAMESPACE=ZSTD_ -DZSTD_LEGACY_SUPPORT=5  -c -o deprecated/zbuff_decompress.o deprecated/zbuff_decompress.c
cc -Wall -Wextra -Wcast-qual -Wcast-align -Wshadow -Wstrict-aliasing=1 -Wswitch-enum -Wdeclaration-after-statement -Wstrict-prototypes -Wundef -Wpointer-arith -Wvla -Wformat=2 -Winit-self -Wfloat-equal -Wwrite-strings -Wredundant-decls -Wmissing-prototypes -Wc++-compat  -O3 -DXXH_NAMESPACE=ZSTD_ -DZSTD_LEGACY_SUPPORT=5  -c -o dictBuilder/cover.o dictBuilder/cover.c
cc -Wall -Wextra -Wcast-qual -Wcast-align -Wshadow -Wstrict-aliasing=1 -Wswitch-enum -Wdeclaration-after-statement -Wstrict-prototypes -Wundef -Wpointer-arith -Wvla -Wformat=2 -Winit-self -Wfloat-equal -Wwrite-strings -Wredundant-decls -Wmissing-prototypes -Wc++-compat  -O3 -DXXH_NAMESPACE=ZSTD_ -DZSTD_LEGACY_SUPPORT=5  -c -o dictBuilder/divsufsort.o dictBuilder/divsufsort.c
cc -Wall -Wextra -Wcast-qual -Wcast-align -Wshadow -Wstrict-aliasing=1 -Wswitch-enum -Wdeclaration-after-statement -Wstrict-prototypes -Wundef -Wpointer-arith -Wvla -Wformat=2 -Winit-self -Wfloat-equal -Wwrite-strings -Wredundant-decls -Wmissing-prototypes -Wc++-compat  -O3 -DXXH_NAMESPACE=ZSTD_ -DZSTD_LEGACY_SUPPORT=5  -c -o dictBuilder/fastcover.o dictBuilder/fastcover.c
cc -Wall -Wextra -Wcast-qual -Wcast-align -Wshadow -Wstrict-aliasing=1 -Wswitch-enum -Wdeclaration-after-statement -Wstrict-prototypes -Wundef -Wpointer-arith -Wvla -Wformat=2 -Winit-self -Wfloat-equal -Wwrite-strings -Wredundant-decls -Wmissing-prototypes -Wc++-compat  -O3 -DXXH_NAMESPACE=ZSTD_ -DZSTD_LEGACY_SUPPORT=5  -c -o dictBuilder/zdict.o dictBuilder/zdict.c
cc -Wall -Wextra -Wcast-qual -Wcast-align -Wshadow -Wstrict-aliasing=1 -Wswitch-enum -Wdeclaration-after-statement -Wstrict-prototypes -Wundef -Wpointer-arith -Wvla -Wformat=2 -Winit-self -Wfloat-equal -Wwrite-strings -Wredundant-decls -Wmissing-prototypes -Wc++-compat  -O3 -DXXH_NAMESPACE=ZSTD_ -DZSTD_LEGACY_SUPPORT=5  -c -o legacy/zstd_v05.o legacy/zstd_v05.c
cc -Wall -Wextra -Wcast-qual -Wcast-align -Wshadow -Wstrict-aliasing=1 -Wswitch-enum -Wdeclaration-after-statement -Wstrict-prototypes -Wundef -Wpointer-arith -Wvla -Wformat=2 -Winit-self -Wfloat-equal -Wwrite-strings -Wredundant-decls -Wmissing-prototypes -Wc++-compat  -O3 -DXXH_NAMESPACE=ZSTD_ -DZSTD_LEGACY_SUPPORT=5  -c -o legacy/zstd_v06.o legacy/zstd_v06.c
cc -Wall -Wextra -Wcast-qual -Wcast-align -Wshadow -Wstrict-aliasing=1 -Wswitch-enum -Wdeclaration-after-statement -Wstrict-prototypes -Wundef -Wpointer-arith -Wvla -Wformat=2 -Winit-self -Wfloat-equal -Wwrite-strings -Wredundant-decls -Wmissing-prototypes -Wc++-compat  -O3 -DXXH_NAMESPACE=ZSTD_ -DZSTD_LEGACY_SUPPORT=5  -c -o legacy/zstd_v07.o legacy/zstd_v07.c
compiling dynamic library 1.4.5
Installing includes
compress/zstd_compress.c: In function 'ZSTD_loadCEntropy':
compress/zstd_compress.c:2913:64: warning: dereferencing type-punned pointer might break strict-aliasing rules [-Wstrict-aliasing]
 2913 |         size_t const hufHeaderSize = HUF_readCTable((HUF_CElt*)bs->entropy.huf.CTable, &maxSymbolValue, dictPtr,
      |                                                                ^~
compress/zstd_compress_literals.c: In function 'ZSTD_compressLiterals':
compress/zstd_compress_literals.c:108:28: warning: dereferencing type-punned pointer might break strict-aliasing rules [-Wstrict-aliasing]
  108 |                 (HUF_CElt*)nextHuf->CTable, &repeat, preferRepeat, bmi2) :
      |                            ^~~~~~~
compress/zstd_compress_literals.c:112:28: warning: dereferencing type-punned pointer might break strict-aliasing rules [-Wstrict-aliasing]
  112 |                 (HUF_CElt*)nextHuf->CTable, &repeat, preferRepeat, bmi2);
      |                            ^~~~~~~
compress/zstd_compress_superblock.c: In function 'ZSTD_buildSuperBlockEntropy_literal':
compress/zstd_compress_superblock.c:116:76: warning: dereferencing type-punned pointer might break strict-aliasing rules [-Wstrict-aliasing]
  116 |     if (repeat == HUF_repeat_check && !HUF_validateCTable((HUF_CElt const*)prevHuf->CTable, countWksp, maxSymbolValue)) {
      |                                                                            ^~~~~~~
compress/zstd_compress_superblock.c:123:64: warning: dereferencing type-punned pointer might break strict-aliasing rules [-Wstrict-aliasing]
  123 |     {   size_t const maxBits = HUF_buildCTable_wksp((HUF_CElt*)nextHuf->CTable, countWksp,
      |                                                                ^~~~~~~
compress/zstd_compress_superblock.c:130:32: warning: dereferencing type-punned pointer might break strict-aliasing rules [-Wstrict-aliasing]
  130 |                     (HUF_CElt*)nextHuf->CTable, countWksp, maxSymbolValue);
      |                                ^~~~~~~
compress/zstd_compress_superblock.c:133:32: warning: dereferencing type-punned pointer might break strict-aliasing rules [-Wstrict-aliasing]
  133 |                     (HUF_CElt*)nextHuf->CTable, maxSymbolValue, huffLog);
      |                                ^~~~~~~
compress/zstd_compress_superblock.c:137:42: warning: dereferencing type-punned pointer might break strict-aliasing rules [-Wstrict-aliasing]
  137 |                         (HUF_CElt const*)prevHuf->CTable, countWksp, maxSymbolValue);
      |                                          ^~~~~~~
compress/zstd_compress_superblock.c: In function 'ZSTD_compressSubBlock':
compress/zstd_compress_superblock.c:553:74: warning: dereferencing type-punned pointer might break strict-aliasing rules [-Wstrict-aliasing]
  553 |     {   size_t cLitSize = ZSTD_compressSubBlock_literal((const HUF_CElt*)entropy->huf.CTable,
      |                                                                          ^~~~~~~
compress/zstd_compress_superblock.c: In function 'ZSTD_estimateSubBlockSize_literal':
compress/zstd_compress_superblock.c:594:83: warning: dereferencing type-punned pointer might break strict-aliasing rules [-Wstrict-aliasing]
  594 |         {   size_t cLitSizeEstimate = HUF_estimateCompressedSize((const HUF_CElt*)huf->CTable, countWksp, maxSymbolValue);
      |                                                                                   ^~~
compiling static library
Installing static library
creating versioned links
Installing shared library
zstd static and shared library installed
make[1]: Leaving directory '/tmp/tmp.sbCp8r2ldU/zstd-1.4.5/lib'
make[1]: Entering directory '/tmp/tmp.sbCp8r2ldU/zstd-1.4.5/programs'
Installing binaries
Installing man pages
zstd installation completed
make[1]: Leaving directory '/tmp/tmp.sbCp8r2ldU/zstd-1.4.5/programs'
removed '/usr/lib/libzstd.a'
renamed '/usr/lib/libzstd.so.1' -> '/lib/libzstd.so.1'
renamed '/usr/lib/libzstd.so.1.4.5' -> '/lib/libzstd.so.1.4.5'
'/usr/lib/libzstd.so' -> '../../lib/libzstd.so.1.4.5'

real	1m8.144s
user	1m54.865s
sys	0m2.839s
