checking build system type... x86_64-pc-linux-gnu
checking host system type... x86_64-lfs-linux-gnu

Beginning configuration for bash-5.0-release for x86_64-lfs-linux-gnu

checking for x86_64-lfs-linux-gnu-gcc... x86_64-lfs-linux-gnu-gcc
checking whether the C compiler works... yes
checking for C compiler default output file name... a.out
checking for suffix of executables... 
checking whether we are cross compiling... yes
checking for suffix of object files... o
checking whether we are using the GNU C compiler... yes
checking whether x86_64-lfs-linux-gnu-gcc accepts -g... yes
checking for x86_64-lfs-linux-gnu-gcc option to accept ISO C89... none needed
checking for strerror in -lcposix... no
checking how to run the C preprocessor... x86_64-lfs-linux-gnu-gcc -E
checking for grep that handles long lines and -e... /usr/bin/grep
checking for egrep... /usr/bin/grep -E
checking for ANSI C header files... yes
checking for sys/types.h... yes
checking for sys/stat.h... yes
checking for stdlib.h... yes
checking for string.h... yes
checking for memory.h... yes
checking for strings.h... yes
checking for inttypes.h... yes
checking for stdint.h... yes
checking for unistd.h... yes
checking minix/config.h usability... no
checking minix/config.h presence... no
checking for minix/config.h... no
checking whether it is safe to define __EXTENSIONS__... yes
checking for special C compiler options needed for large files... no
checking for _FILE_OFFSET_BITS value needed for large files... no
configure: cross-compiling for x86_64-lfs-linux-gnu is not supported
checking whether x86_64-lfs-linux-gnu-gcc needs -traditional... no
checking for a BSD-compatible install... /usr/bin/install -c
checking for x86_64-lfs-linux-gnu-ar... x86_64-lfs-linux-gnu-ar
checking for x86_64-lfs-linux-gnu-ranlib... x86_64-lfs-linux-gnu-ranlib
checking for bison... bison -y
checking whether make sets $(MAKE)... yes
checking for an ANSI C-conforming const... yes
checking for inline... inline
checking whether byte ordering is bigendian... no
checking for preprocessor stringizing operator... yes
checking for long double with more range or precision than double... yes
checking for function prototypes... yes
checking whether char is unsigned... no
checking for working volatile... yes
checking for C/C++ restrict keyword... __restrict
checking whether NLS is requested... yes
checking for msgfmt... /usr/bin/msgfmt
checking for gmsgfmt... /usr/bin/msgfmt
checking for xgettext... /usr/bin/xgettext
checking for msgmerge... /usr/bin/msgmerge
checking for off_t... yes
checking for size_t... yes
checking for working alloca.h... yes
checking for alloca... yes
checking for stdlib.h... (cached) yes
checking for unistd.h... (cached) yes
checking for sys/param.h... yes
checking for sys/time.h... yes
checking for getpagesize... yes
checking for working mmap... no
checking whether we are using the GNU C Library 2.1 or newer... yes
checking whether integer division by zero raises SIGFPE... guessing no
checking for inttypes.h... yes
checking for stdint.h... yes
checking for unsigned long long... yes
checking for inttypes.h... yes
checking whether the inttypes.h PRIxNN macros are broken... no
checking for ld used by GCC... /mnt/lfs/tools/x86_64-lfs-linux-gnu/bin/ld
checking if the linker (/mnt/lfs/tools/x86_64-lfs-linux-gnu/bin/ld) is GNU ld... yes
checking for shared library run path origin... done
checking argz.h usability... yes
checking argz.h presence... yes
checking for argz.h... yes
checking limits.h usability... yes
checking limits.h presence... yes
checking for limits.h... yes
checking locale.h usability... yes
checking locale.h presence... yes
checking for locale.h... yes
checking nl_types.h usability... yes
checking nl_types.h presence... yes
checking for nl_types.h... yes
checking malloc.h usability... yes
checking malloc.h presence... yes
checking for malloc.h... yes
checking stddef.h usability... yes
checking stddef.h presence... yes
checking for stddef.h... yes
checking for stdlib.h... (cached) yes
checking for string.h... (cached) yes
checking for unistd.h... (cached) yes
checking for sys/param.h... (cached) yes
checking for feof_unlocked... yes
checking for fgets_unlocked... yes
checking for getc_unlocked... yes
checking for getcwd... yes
checking for getegid... yes
checking for geteuid... yes
checking for getgid... yes
checking for getuid... yes
checking for mempcpy... yes
checking for munmap... yes
checking for putenv... yes
checking for setenv... yes
checking for setlocale... yes
checking for localeconv... yes
checking for stpcpy... yes
checking for strcasecmp... yes
checking for strdup... yes
checking for strtoul... yes
checking for tsearch... yes
checking for __argz_count... yes
checking for __argz_stringify... yes
checking for __argz_next... yes
checking for __fsetlocking... yes
checking for iconv... yes
checking for iconv declaration... 
         extern size_t iconv (iconv_t cd, char * *inbuf, size_t *inbytesleft, char * *outbuf, size_t *outbytesleft);
checking for nl_langinfo and CODESET... yes
checking for LC_MESSAGES... yes
checking for bison... bison
checking version of bison... 3.7.2, ok
checking whether NLS is requested... yes
checking whether included gettext is requested... no
checking for GNU gettext in libc... yes
checking whether to use NLS... yes
checking where the gettext function comes from... libc
checking for dirent.h that defines DIR... yes
checking for library containing opendir... none required
checking whether time.h and sys/time.h may both be included... yes
checking for inttypes.h... (cached) yes
checking for unistd.h... (cached) yes
checking for stdlib.h... (cached) yes
checking stdarg.h usability... yes
checking stdarg.h presence... yes
checking for stdarg.h... yes
checking varargs.h usability... no
checking varargs.h presence... no
checking for varargs.h... no
checking for limits.h... (cached) yes
checking for string.h... (cached) yes
checking for memory.h... (cached) yes
checking for locale.h... (cached) yes
checking termcap.h usability... yes
checking termcap.h presence... yes
checking for termcap.h... yes
checking termio.h usability... yes
checking termio.h presence... yes
checking for termio.h... yes
checking termios.h usability... yes
checking termios.h presence... yes
checking for termios.h... yes
checking dlfcn.h usability... yes
checking dlfcn.h presence... yes
checking for dlfcn.h... yes
checking stdbool.h usability... yes
checking stdbool.h presence... yes
checking for stdbool.h... yes
checking for stddef.h... (cached) yes
checking for stdint.h... (cached) yes
checking netdb.h usability... yes
checking netdb.h presence... yes
checking for netdb.h... yes
checking pwd.h usability... yes
checking pwd.h presence... yes
checking for pwd.h... yes
checking grp.h usability... yes
checking grp.h presence... yes
checking for grp.h... yes
checking for strings.h... (cached) yes
checking regex.h usability... yes
checking regex.h presence... yes
checking for regex.h... yes
checking syslog.h usability... yes
checking syslog.h presence... yes
checking for syslog.h... yes
checking ulimit.h usability... yes
checking ulimit.h presence... yes
checking for ulimit.h... yes
checking sys/pte.h usability... no
checking sys/pte.h presence... no
checking for sys/pte.h... no
checking sys/stream.h usability... no
checking sys/stream.h presence... no
checking for sys/stream.h... no
checking sys/select.h usability... yes
checking sys/select.h presence... yes
checking for sys/select.h... yes
checking sys/file.h usability... yes
checking sys/file.h presence... yes
checking for sys/file.h... yes
checking sys/ioctl.h usability... yes
checking sys/ioctl.h presence... yes
checking for sys/ioctl.h... yes
checking sys/mman.h usability... yes
checking sys/mman.h presence... yes
checking for sys/mman.h... yes
checking for sys/param.h... (cached) yes
checking sys/socket.h usability... yes
checking sys/socket.h presence... yes
checking for sys/socket.h... yes
checking for sys/stat.h... (cached) yes
checking for sys/time.h... (cached) yes
checking sys/times.h usability... yes
checking sys/times.h presence... yes
checking for sys/times.h... yes
checking for sys/types.h... (cached) yes
checking sys/wait.h usability... yes
checking sys/wait.h presence... yes
checking for sys/wait.h... yes
checking netinet/in.h usability... yes
checking netinet/in.h presence... yes
checking for netinet/in.h... yes
checking arpa/inet.h usability... yes
checking arpa/inet.h presence... yes
checking for arpa/inet.h... yes
checking for sys/ptem.h... no
checking for sys/resource.h... yes
checking for working alloca.h... (cached) yes
checking for alloca... (cached) yes
checking for uid_t in sys/types.h... yes
checking for unistd.h... (cached) yes
checking for working chown... no
checking whether getpgrp requires zero arguments... yes
checking for vprintf... yes
checking for _doprnt... no
checking for working strcoll... no
checking return type of signal handlers... void
checking for __setostype... no
checking for wait3... yes
checking for mkfifo... yes
checking for dup2... yes
checking for eaccess... yes
checking for fcntl... yes
checking for getdtablesize... yes
checking for getgroups... yes
checking for gethostname... yes
checking for getpagesize... (cached) yes
checking for getpeername... yes
checking for getrlimit... yes
checking for getrusage... yes
checking for gettimeofday... yes
checking for kill... yes
checking for killpg... yes
checking for lstat... yes
checking for pselect... yes
checking for readlink... yes
checking for select... yes
checking for setdtablesize... no
checking for setitimer... yes
checking for tcgetpgrp... yes
checking for uname... yes
checking for ulimit... yes
checking for waitpid... yes
checking for rename... yes
checking for bcopy... yes
checking for bzero... yes
checking for confstr... yes
checking for faccessat... yes
checking for fnmatch... yes
checking for getaddrinfo... yes
checking for gethostbyname... yes
checking for getservbyname... yes
checking for getservent... yes
checking for inet_aton... yes
checking for imaxdiv... yes
checking for memmove... yes
checking for pathconf... yes
checking for putenv... (cached) yes
checking for raise... yes
checking for random... yes
checking for regcomp... yes
checking for regexec... yes
checking for setenv... (cached) yes
checking for setlinebuf... yes
checking for setlocale... (cached) yes
checking for setvbuf... yes
checking for siginterrupt... yes
checking for strchr... yes
checking for sysconf... yes
checking for syslog... yes
checking for tcgetattr... yes
checking for times... yes
checking for ttyname... yes
checking for tzset... yes
checking for unsetenv... yes
checking for vasprintf... yes
checking for asprintf... yes
checking for isascii... yes
checking for isblank... yes
checking for isgraph... yes
checking for isprint... yes
checking for isspace... yes
checking for isxdigit... yes
checking for getpwent... yes
checking for getpwnam... yes
checking for getpwuid... yes
checking for mkstemp... yes
checking for getcwd... (cached) yes
checking for memset... yes
checking for strcasecmp... (cached) yes
checking for strcasestr... yes
checking for strerror... yes
checking for strftime... yes
checking for strnlen... yes
checking for strpbrk... yes
checking for strstr... yes
checking for strtod... yes
checking for strtol... yes
checking for strtoul... (cached) yes
checking for strtoll... yes
checking for strtoull... yes
checking for strtoimax... yes
checking for strtoumax... yes
checking for dprintf... yes
checking for strchrnul... yes
checking for strdup... (cached) yes
checking libaudit.h usability... no
checking libaudit.h presence... no
checking for libaudit.h... no
checking whether AUDIT_USER_TTY is declared... yes
checking whether confstr is declared... yes
checking whether printf is declared... yes
checking whether sbrk is declared... yes
checking whether setregid is declared... yes
checking whether strcpy is declared... yes
checking whether strsignal is declared... yes
checking whether strtold is declared... yes
checking for broken strtold... no
checking for declaration of strtoimax... yes
checking for declaration of strtol... yes
checking for declaration of strtoll... yes
checking for declaration of strtoul... yes
checking for declaration of strtoull... yes
checking for declaration of strtoumax... yes
checking for alarm... yes
checking for sbrk... yes
checking for fpurge... no
checking for __fpurge... yes
checking for snprintf... yes
checking for vsnprintf... yes
checking for working mktime... no
checking for argz.h... (cached) yes
checking errno.h usability... yes
checking errno.h presence... yes
checking for errno.h... yes
checking fcntl.h usability... yes
checking fcntl.h presence... yes
checking for fcntl.h... yes
checking for malloc.h... (cached) yes
checking stdio_ext.h usability... yes
checking stdio_ext.h presence... yes
checking for stdio_ext.h... yes
checking for getpagesize... (cached) yes
checking for working mmap... (cached) no
checking for __argz_count... (cached) yes
checking for __argz_next... (cached) yes
checking for __argz_stringify... (cached) yes
checking for dcgettext... yes
checking for mempcpy... (cached) yes
checking for munmap... (cached) yes
checking for mremap... yes
checking for stpcpy... (cached) yes
checking for strcspn... yes
checking wctype.h usability... yes
checking wctype.h presence... yes
checking for wctype.h... yes
checking wchar.h usability... yes
checking wchar.h presence... yes
checking for wchar.h... yes
checking langinfo.h usability... yes
checking langinfo.h presence... yes
checking for langinfo.h... yes
checking mbstr.h usability... no
checking mbstr.h presence... no
checking for mbstr.h... no
checking for mbrlen... yes
checking for mbscasecmp... no
checking for mbscmp... no
checking for mbsnrtowcs... yes
checking for mbsrtowcs... yes
checking for mbschr... no
checking for wcrtomb... yes
checking for wcscoll... yes
checking for wcsdup... yes
checking for wcwidth... yes
checking for wctype... yes
checking for wcswidth... yes
checking whether mbrtowc and mbstate_t are properly declared... yes
checking for iswlower... yes
checking for iswupper... yes
checking for towlower... yes
checking for towupper... yes
checking for iswctype... yes
checking for nl_langinfo and CODESET... yes
checking for wchar_t in wchar.h... yes
checking for wctype_t in wctype.h... yes
checking for wint_t in wctype.h... yes
checking for wcwidth broken with unicode combining characters... no
checking for locale_charset... no
checking size of wchar_t... 4
checking for dlopen in -ldl... yes
checking for dlopen... yes
checking for dlclose... yes
checking for dlsym... yes
checking whether sys_siglist is declared... no
checking type of array argument to getgroups... gid_t
checking for off_t... (cached) yes
checking for mode_t... yes
checking for uid_t in sys/types.h... (cached) yes
checking for pid_t... yes
checking for size_t... (cached) yes
checking for uintptr_t... yes
checking for ssize_t... yes
checking for time_t... yes
checking for long long... long long
checking for unsigned long long... unsigned long long
checking return type of signal handlers... (cached) void
checking for sig_atomic_t in signal.h... yes
checking size of char... 1
checking size of short... 2
checking size of int... 4
checking size of long... 8
checking size of char *... 8
checking size of double... 8
checking size of long long... 8
checking for u_int... yes
checking for u_long... yes
checking for bits16_t... no
checking for u_bits16_t... no
checking for bits32_t... no
checking for u_bits32_t... no
checking for bits64_t... no
checking for ptrdiff_t... yes
checking whether stat file-mode macros are broken... no
checking whether #! works in shell scripts... yes
checking whether the ctype macros accept non-ascii characters... configure: WARNING: cannot check ctype macros if cross compiling -- defaulting to no
no
checking if dup2 fails to clear the close-on-exec flag... configure: WARNING: cannot check dup2 if cross compiling -- defaulting to no
no
checking whether pgrps need synchronization... configure: WARNING: cannot check pgrp synchronization if cross compiling -- defaulting to no
no
checking for type of signal functions... posix
checking for sys_errlist and sys_nerr... yes
checking for sys_siglist in system C library... configure: WARNING: cannot check for sys_siglist if cross compiling -- defaulting to no
no
checking for _sys_siglist in signal.h or unistd.h... no
checking for _sys_siglist in system C library... configure: WARNING: cannot check for _sys_siglist if cross compiling -- defaulting to no
no
checking whether signal handlers are of type void... yes
checking for clock_t... yes
checking for sigset_t... yes
checking for sig_atomic_t... yes
checking for quad_t... yes
checking for intmax_t... yes
checking for uintmax_t... yes
checking for socklen_t... yes
checking for size and type of struct rlimit fields... rlim_t
checking size of intmax_t... 8
checking for struct termios.c_line... yes
checking for struct termio.c_line... yes
checking for struct dirent.d_ino... yes
checking for struct dirent.d_fileno... yes
checking for struct dirent.d_namlen... no
checking for struct winsize in sys/ioctl.h and termios.h... sys/ioctl.h
checking for struct timeval in sys/time.h and time.h... yes
checking for struct stat.st_blocks... yes
checking whether struct tm is in sys/time.h or time.h... time.h
checking for struct tm.tm_zone... yes
checking for struct timezone in sys/time.h and time.h... yes
checking for offset of exit status in return status from wait... configure: WARNING: cannot check WEXITSTATUS offset if cross compiling -- defaulting to 0
0
checking for struct timespec in <time.h>... yes
checking for struct stat.st_atim.tv_nsec... yes
checking whether struct stat.st_atim is of type struct timespec... yes
checking for working sbrk... configure: WARNING: cannot check working sbrk if cross-compiling
yes
checking for the existence of strsignal... yes
checking if opendir() opens non-directories... configure: WARNING: cannot check opendir if cross compiling -- defaulting to no
no
checking whether ulimit can substitute for getdtablesize... configure: WARNING: cannot check ulimit if cross compiling -- defaulting to no
no
checking whether fpurge is declared... no
checking to see if getenv can be redefined... configure: WARNING: cannot check getenv redefinition if cross compiling -- defaulting to yes
yes
checking if getcwd() will dynamically allocate memory with 0 size... configure: WARNING: cannot check whether getcwd allocates memory when cross-compiling -- defaulting to no
no
checking for presence of POSIX-style sigsetjmp/siglongjmp... configure: WARNING: cannot check for sigsetjmp/siglongjmp if cross-compiling -- defaulting to missing
missing
checking whether or not strcoll and strcmp differ... configure: WARNING: cannot check strcoll if cross compiling -- defaulting to no
no
checking for standard-conformant snprintf... configure: WARNING: cannot check standard snprintf if cross-compiling
yes
checking for standard-conformant vsnprintf... configure: WARNING: cannot check standard vsnprintf if cross-compiling
yes
checking for standard-conformant putenv declaration... yes
checking for standard-conformant unsetenv declaration... yes
checking for printf floating point output in hex notation... configure: WARNING: cannot check printf if cross compiling -- defaulting to no
no
checking whether fnmatch can be used to check bracket equivalence classes... configure: WARNING: cannot check fnmatch if cross compiling -- defaulting to no
no
checking if signal handlers must be reinstalled when invoked... configure: WARNING: cannot check signal handling if cross compiling -- defaulting to no
no
checking for presence of necessary job control definitions... present
checking for presence of named pipes... configure: WARNING: cannot check for named pipes if cross-compiling -- defaulting to missing
missing
checking whether termios.h defines TIOCGWINSZ... no
checking whether sys/ioctl.h defines TIOCGWINSZ... yes
checking for TIOCSTAT in sys/ioctl.h... no
checking for FIONREAD in sys/ioctl.h... yes
checking whether WCONTINUED flag to waitpid is unavailable or available but broken... configure: WARNING: cannot check WCONTINUED if cross compiling -- defaulting to no
no
checking for speed_t in sys/types.h... no
checking whether getpw functions are declared in pwd.h... yes
checking for unusable real-time signals due to large values... configure: WARNING: cannot check real-time signals if cross compiling -- defaulting to yes
yes
checking for tgetent... no
checking for tgetent in -ltermcap... no
checking for tgetent in -ltinfo... no
checking for tgetent in -lcurses... no
checking for tgetent in -lncurses... yes
checking which library has the termcap functions... using libncurses
checking whether /dev/fd is available... standard
checking whether /dev/stdin stdout stderr are available... present
checking for default mail directory... /var/mail
checking shared object configuration for loadable builtins... supported
configure: creating ./config.status
config.status: creating Makefile
config.status: creating builtins/Makefile
config.status: creating lib/readline/Makefile
config.status: creating lib/glob/Makefile
config.status: creating lib/intl/Makefile
config.status: creating lib/malloc/Makefile
config.status: creating lib/sh/Makefile
config.status: creating lib/termcap/Makefile
config.status: creating lib/tilde/Makefile
config.status: creating doc/Makefile
config.status: creating support/Makefile
config.status: creating po/Makefile.in
config.status: creating examples/loadables/Makefile
config.status: creating examples/loadables/Makefile.inc
config.status: creating examples/loadables/perl/Makefile
config.status: creating support/bash.pc
config.status: creating support/bashbug.sh
config.status: creating config.h
config.status: executing default-1 commands
config.status: creating po/POTFILES
config.status: creating po/Makefile
config.status: executing default commands
rm -f mksyntax
gcc -DPROGRAM='"bash"' -DCONF_HOSTTYPE='"x86_64"' -DCONF_OSTYPE='"linux-gnu"' -DCONF_MACHTYPE='"x86_64-lfs-linux-gnu"' -DCONF_VENDOR='"lfs"' -DLOCALEDIR='"/usr/share/locale"' -DPACKAGE='"bash"' -DSHELL -DHAVE_CONFIG_H   -I.  -I. -I./include -I./lib   -g -DCROSS_COMPILING -rdynamic -g -DCROSS_COMPILING -o mksyntax ./mksyntax.c 
rm -f mksignames.o
rm -f buildsignames.o
rm -f unwind_prot.o
gcc -DPROGRAM='"bash"' -DCONF_HOSTTYPE='"x86_64"' -DCONF_OSTYPE='"linux-gnu"' -DCONF_MACHTYPE='"x86_64-lfs-linux-gnu"' -DCONF_VENDOR='"lfs"' -DLOCALEDIR='"/usr/share/locale"' -DPACKAGE='"bash"' -DSHELL -DHAVE_CONFIG_H   -I.  -I. -I./include -I./lib   -g -DCROSS_COMPILING -DBUILDTOOL -c ./support/mksignames.c
gcc -DPROGRAM='"bash"' -DCONF_HOSTTYPE='"x86_64"' -DCONF_OSTYPE='"linux-gnu"' -DCONF_MACHTYPE='"x86_64-lfs-linux-gnu"' -DCONF_VENDOR='"lfs"' -DLOCALEDIR='"/usr/share/locale"' -DPACKAGE='"bash"' -DSHELL -DHAVE_CONFIG_H   -I.  -I. -I./include -I./lib   -g -DCROSS_COMPILING -DBUILDTOOL -o buildsignames.o -c ./support/signames.c
x86_64-lfs-linux-gnu-gcc  -DPROGRAM='"bash"' -DCONF_HOSTTYPE='"x86_64"' -DCONF_OSTYPE='"linux-gnu"' -DCONF_MACHTYPE='"x86_64-lfs-linux-gnu"' -DCONF_VENDOR='"lfs"' -DLOCALEDIR='"/usr/share/locale"' -DPACKAGE='"bash"' -DSHELL -DHAVE_CONFIG_H   -I.  -I. -I./include -I./lib    -g -O2 -Wno-parentheses -Wno-format-security -c unwind_prot.c
rm -f alias.o
rm -f xmalloc.o
x86_64-lfs-linux-gnu-gcc  -DPROGRAM='"bash"' -DCONF_HOSTTYPE='"x86_64"' -DCONF_OSTYPE='"linux-gnu"' -DCONF_MACHTYPE='"x86_64-lfs-linux-gnu"' -DCONF_VENDOR='"lfs"' -DLOCALEDIR='"/usr/share/locale"' -DPACKAGE='"bash"' -DSHELL -DHAVE_CONFIG_H   -I.  -I. -I./include -I./lib    -g -O2 -Wno-parentheses -Wno-format-security -c alias.c
x86_64-lfs-linux-gnu-gcc  -DPROGRAM='"bash"' -DCONF_HOSTTYPE='"x86_64"' -DCONF_OSTYPE='"linux-gnu"' -DCONF_MACHTYPE='"x86_64-lfs-linux-gnu"' -DCONF_VENDOR='"lfs"' -DLOCALEDIR='"/usr/share/locale"' -DPACKAGE='"bash"' -DSHELL -DHAVE_CONFIG_H   -I.  -I. -I./include -I./lib    -g -O2 -Wno-parentheses -Wno-format-security -c xmalloc.c
make[1]: warning: -j8 forced in submake: resetting jobserver mode.
rm -f signames.o
make[1]: Entering directory '/tmp/tmp.pH2Xn19xa1/bash-5.0/builtins'
rm -f mkbuiltins.o
gcc -c  -DHAVE_CONFIG_H -DSHELL  -I. -I..  -I.. -I../include -I../lib -I.    -g -DCROSS_COMPILING mkbuiltins.c
x86_64-lfs-linux-gnu-gcc  -DPROGRAM='"bash"' -DCONF_HOSTTYPE='"x86_64"' -DCONF_OSTYPE='"linux-gnu"' -DCONF_MACHTYPE='"x86_64-lfs-linux-gnu"' -DCONF_VENDOR='"lfs"' -DLOCALEDIR='"/usr/share/locale"' -DPACKAGE='"bash"' -DSHELL -DHAVE_CONFIG_H   -I.  -I. -I./include -I./lib    -g -O2 -Wno-parentheses -Wno-format-security -c ./support/signames.c
rm -f shell.o
x86_64-lfs-linux-gnu-gcc  -DPROGRAM='"bash"' -DCONF_HOSTTYPE='"x86_64"' -DCONF_OSTYPE='"linux-gnu"' -DCONF_MACHTYPE='"x86_64-lfs-linux-gnu"' -DCONF_VENDOR='"lfs"' -DLOCALEDIR='"/usr/share/locale"' -DPACKAGE='"bash"' -DSHELL -DHAVE_CONFIG_H   -I.  -I. -I./include -I./lib    -g -O2 -Wno-parentheses -Wno-format-security -c shell.c
make[1]: warning: -j8 forced in submake: resetting jobserver mode.
rm -f eval.o
make[1]: Entering directory '/tmp/tmp.pH2Xn19xa1/bash-5.0/support'
rm -f man2html.o
gcc -c  -DHAVE_CONFIG_H -DSHELL  -I/tmp/tmp.pH2Xn19xa1/bash-5.0 -I..   -g man2html.c
x86_64-lfs-linux-gnu-gcc  -DPROGRAM='"bash"' -DCONF_HOSTTYPE='"x86_64"' -DCONF_OSTYPE='"linux-gnu"' -DCONF_MACHTYPE='"x86_64-lfs-linux-gnu"' -DCONF_VENDOR='"lfs"' -DLOCALEDIR='"/usr/share/locale"' -DPACKAGE='"bash"' -DSHELL -DHAVE_CONFIG_H   -I.  -I. -I./include -I./lib    -g -O2 -Wno-parentheses -Wno-format-security -c eval.c
rm -f general.o
x86_64-lfs-linux-gnu-gcc  -DPROGRAM='"bash"' -DCONF_HOSTTYPE='"x86_64"' -DCONF_OSTYPE='"linux-gnu"' -DCONF_MACHTYPE='"x86_64-lfs-linux-gnu"' -DCONF_VENDOR='"lfs"' -DLOCALEDIR='"/usr/share/locale"' -DPACKAGE='"bash"' -DSHELL -DHAVE_CONFIG_H   -I.  -I. -I./include -I./lib    -g -O2 -Wno-parentheses -Wno-format-security -c general.c
rm -f make_cmd.o
x86_64-lfs-linux-gnu-gcc  -DPROGRAM='"bash"' -DCONF_HOSTTYPE='"x86_64"' -DCONF_OSTYPE='"linux-gnu"' -DCONF_MACHTYPE='"x86_64-lfs-linux-gnu"' -DCONF_VENDOR='"lfs"' -DLOCALEDIR='"/usr/share/locale"' -DPACKAGE='"bash"' -DSHELL -DHAVE_CONFIG_H   -I.  -I. -I./include -I./lib    -g -O2 -Wno-parentheses -Wno-format-security -c make_cmd.c
gcc -rdynamic -g -DCROSS_COMPILING -o mkbuiltins mkbuiltins.o 
rm -f print_cmd.o
x86_64-lfs-linux-gnu-gcc  -DPROGRAM='"bash"' -DCONF_HOSTTYPE='"x86_64"' -DCONF_OSTYPE='"linux-gnu"' -DCONF_MACHTYPE='"x86_64-lfs-linux-gnu"' -DCONF_VENDOR='"lfs"' -DLOCALEDIR='"/usr/share/locale"' -DPACKAGE='"bash"' -DSHELL -DHAVE_CONFIG_H   -I.  -I. -I./include -I./lib    -g -O2 -Wno-parentheses -Wno-format-security -c print_cmd.c
./mkbuiltins -externfile builtext.h -structfile builtins.c \
    -noproduction -D .   ./alias.def ./bind.def ./break.def ./builtin.def ./caller.def ./cd.def ./colon.def ./command.def ./declare.def ./echo.def ./enable.def ./eval.def ./getopts.def ./exec.def ./exit.def ./fc.def ./fg_bg.def ./hash.def ./help.def ./history.def ./jobs.def ./kill.def ./let.def ./read.def ./return.def ./set.def ./setattr.def ./shift.def ./source.def ./suspend.def ./test.def ./times.def ./trap.def ./type.def ./ulimit.def ./umask.def ./wait.def ./reserved.def ./pushd.def ./shopt.def ./printf.def ./complete.def ./mapfile.def
make[1]: Leaving directory '/tmp/tmp.pH2Xn19xa1/bash-5.0/builtins'
rm -f dispose_cmd.o
rm -f copy_cmd.o
x86_64-lfs-linux-gnu-gcc  -DPROGRAM='"bash"' -DCONF_HOSTTYPE='"x86_64"' -DCONF_OSTYPE='"linux-gnu"' -DCONF_MACHTYPE='"x86_64-lfs-linux-gnu"' -DCONF_VENDOR='"lfs"' -DLOCALEDIR='"/usr/share/locale"' -DPACKAGE='"bash"' -DSHELL -DHAVE_CONFIG_H   -I.  -I. -I./include -I./lib    -g -O2 -Wno-parentheses -Wno-format-security -c dispose_cmd.c
x86_64-lfs-linux-gnu-gcc  -DPROGRAM='"bash"' -DCONF_HOSTTYPE='"x86_64"' -DCONF_OSTYPE='"linux-gnu"' -DCONF_MACHTYPE='"x86_64-lfs-linux-gnu"' -DCONF_VENDOR='"lfs"' -DLOCALEDIR='"/usr/share/locale"' -DPACKAGE='"bash"' -DSHELL -DHAVE_CONFIG_H   -I.  -I. -I./include -I./lib    -g -O2 -Wno-parentheses -Wno-format-security -c copy_cmd.c
rm -f error.o
x86_64-lfs-linux-gnu-gcc  -DPROGRAM='"bash"' -DCONF_HOSTTYPE='"x86_64"' -DCONF_OSTYPE='"linux-gnu"' -DCONF_MACHTYPE='"x86_64-lfs-linux-gnu"' -DCONF_VENDOR='"lfs"' -DLOCALEDIR='"/usr/share/locale"' -DPACKAGE='"bash"' -DSHELL -DHAVE_CONFIG_H   -I.  -I. -I./include -I./lib    -g -O2 -Wno-parentheses -Wno-format-security -c error.c
rm -f expr.o
x86_64-lfs-linux-gnu-gcc  -DPROGRAM='"bash"' -DCONF_HOSTTYPE='"x86_64"' -DCONF_OSTYPE='"linux-gnu"' -DCONF_MACHTYPE='"x86_64-lfs-linux-gnu"' -DCONF_VENDOR='"lfs"' -DLOCALEDIR='"/usr/share/locale"' -DPACKAGE='"bash"' -DSHELL -DHAVE_CONFIG_H   -I.  -I. -I./include -I./lib    -g -O2 -Wno-parentheses -Wno-format-security -c expr.c
rm -f flags.o
x86_64-lfs-linux-gnu-gcc  -DPROGRAM='"bash"' -DCONF_HOSTTYPE='"x86_64"' -DCONF_OSTYPE='"linux-gnu"' -DCONF_MACHTYPE='"x86_64-lfs-linux-gnu"' -DCONF_VENDOR='"lfs"' -DLOCALEDIR='"/usr/share/locale"' -DPACKAGE='"bash"' -DSHELL -DHAVE_CONFIG_H   -I.  -I. -I./include -I./lib    -g -O2 -Wno-parentheses -Wno-format-security -c flags.c
rm -f jobs.o
x86_64-lfs-linux-gnu-gcc  -DPROGRAM='"bash"' -DCONF_HOSTTYPE='"x86_64"' -DCONF_OSTYPE='"linux-gnu"' -DCONF_MACHTYPE='"x86_64-lfs-linux-gnu"' -DCONF_VENDOR='"lfs"' -DLOCALEDIR='"/usr/share/locale"' -DPACKAGE='"bash"' -DSHELL -DHAVE_CONFIG_H   -I.  -I. -I./include -I./lib    -g -O2 -Wno-parentheses -Wno-format-security -c jobs.c
rm -f subst.o
x86_64-lfs-linux-gnu-gcc  -DPROGRAM='"bash"' -DCONF_HOSTTYPE='"x86_64"' -DCONF_OSTYPE='"linux-gnu"' -DCONF_MACHTYPE='"x86_64-lfs-linux-gnu"' -DCONF_VENDOR='"lfs"' -DLOCALEDIR='"/usr/share/locale"' -DPACKAGE='"bash"' -DSHELL -DHAVE_CONFIG_H   -I.  -I. -I./include -I./lib    -g -O2 -Wno-parentheses -Wno-format-security -c subst.c
gcc  -DHAVE_CONFIG_H -DSHELL  -I/tmp/tmp.pH2Xn19xa1/bash-5.0 -I..   -g man2html.o -o man2html -ldl 		
make[1]: Leaving directory '/tmp/tmp.pH2Xn19xa1/bash-5.0/support'
rm -f hashcmd.o
x86_64-lfs-linux-gnu-gcc  -DPROGRAM='"bash"' -DCONF_HOSTTYPE='"x86_64"' -DCONF_OSTYPE='"linux-gnu"' -DCONF_MACHTYPE='"x86_64-lfs-linux-gnu"' -DCONF_VENDOR='"lfs"' -DLOCALEDIR='"/usr/share/locale"' -DPACKAGE='"bash"' -DSHELL -DHAVE_CONFIG_H   -I.  -I. -I./include -I./lib    -g -O2 -Wno-parentheses -Wno-format-security -c hashcmd.c
rm -f hashlib.o
x86_64-lfs-linux-gnu-gcc  -DPROGRAM='"bash"' -DCONF_HOSTTYPE='"x86_64"' -DCONF_OSTYPE='"linux-gnu"' -DCONF_MACHTYPE='"x86_64-lfs-linux-gnu"' -DCONF_VENDOR='"lfs"' -DLOCALEDIR='"/usr/share/locale"' -DPACKAGE='"bash"' -DSHELL -DHAVE_CONFIG_H   -I.  -I. -I./include -I./lib    -g -O2 -Wno-parentheses -Wno-format-security -c hashlib.c
rm -f mailcheck.o
x86_64-lfs-linux-gnu-gcc  -DPROGRAM='"bash"' -DCONF_HOSTTYPE='"x86_64"' -DCONF_OSTYPE='"linux-gnu"' -DCONF_MACHTYPE='"x86_64-lfs-linux-gnu"' -DCONF_VENDOR='"lfs"' -DLOCALEDIR='"/usr/share/locale"' -DPACKAGE='"bash"' -DSHELL -DHAVE_CONFIG_H   -I.  -I. -I./include -I./lib    -g -O2 -Wno-parentheses -Wno-format-security -c mailcheck.c
rm -f mksignames
gcc -DPROGRAM='"bash"' -DCONF_HOSTTYPE='"x86_64"' -DCONF_OSTYPE='"linux-gnu"' -DCONF_MACHTYPE='"x86_64-lfs-linux-gnu"' -DCONF_VENDOR='"lfs"' -DLOCALEDIR='"/usr/share/locale"' -DPACKAGE='"bash"' -DSHELL -DHAVE_CONFIG_H   -I.  -I. -I./include -I./lib   -g -DCROSS_COMPILING -rdynamic -g -DCROSS_COMPILING -o mksignames mksignames.o buildsignames.o 
rm -f input.o
x86_64-lfs-linux-gnu-gcc  -DPROGRAM='"bash"' -DCONF_HOSTTYPE='"x86_64"' -DCONF_OSTYPE='"linux-gnu"' -DCONF_MACHTYPE='"x86_64-lfs-linux-gnu"' -DCONF_VENDOR='"lfs"' -DLOCALEDIR='"/usr/share/locale"' -DPACKAGE='"bash"' -DSHELL -DHAVE_CONFIG_H   -I.  -I. -I./include -I./lib    -g -O2 -Wno-parentheses -Wno-format-security -c input.c
rm -f pathexp.o
x86_64-lfs-linux-gnu-gcc  -DPROGRAM='"bash"' -DCONF_HOSTTYPE='"x86_64"' -DCONF_OSTYPE='"linux-gnu"' -DCONF_MACHTYPE='"x86_64-lfs-linux-gnu"' -DCONF_VENDOR='"lfs"' -DLOCALEDIR='"/usr/share/locale"' -DPACKAGE='"bash"' -DSHELL -DHAVE_CONFIG_H   -I.  -I. -I./include -I./lib    -g -O2 -Wno-parentheses -Wno-format-security -c pathexp.c
rm -f sig.o
x86_64-lfs-linux-gnu-gcc  -DPROGRAM='"bash"' -DCONF_HOSTTYPE='"x86_64"' -DCONF_OSTYPE='"linux-gnu"' -DCONF_MACHTYPE='"x86_64-lfs-linux-gnu"' -DCONF_VENDOR='"lfs"' -DLOCALEDIR='"/usr/share/locale"' -DPACKAGE='"bash"' -DSHELL -DHAVE_CONFIG_H   -I.  -I. -I./include -I./lib    -g -O2 -Wno-parentheses -Wno-format-security -c sig.c
rm -f test.o
x86_64-lfs-linux-gnu-gcc  -DPROGRAM='"bash"' -DCONF_HOSTTYPE='"x86_64"' -DCONF_OSTYPE='"linux-gnu"' -DCONF_MACHTYPE='"x86_64-lfs-linux-gnu"' -DCONF_VENDOR='"lfs"' -DLOCALEDIR='"/usr/share/locale"' -DPACKAGE='"bash"' -DSHELL -DHAVE_CONFIG_H   -I.  -I. -I./include -I./lib    -g -O2 -Wno-parentheses -Wno-format-security -c test.c
rm -f array.o
x86_64-lfs-linux-gnu-gcc  -DPROGRAM='"bash"' -DCONF_HOSTTYPE='"x86_64"' -DCONF_OSTYPE='"linux-gnu"' -DCONF_MACHTYPE='"x86_64-lfs-linux-gnu"' -DCONF_VENDOR='"lfs"' -DLOCALEDIR='"/usr/share/locale"' -DPACKAGE='"bash"' -DSHELL -DHAVE_CONFIG_H   -I.  -I. -I./include -I./lib    -g -O2 -Wno-parentheses -Wno-format-security -c array.c
rm -f arrayfunc.o
x86_64-lfs-linux-gnu-gcc  -DPROGRAM='"bash"' -DCONF_HOSTTYPE='"x86_64"' -DCONF_OSTYPE='"linux-gnu"' -DCONF_MACHTYPE='"x86_64-lfs-linux-gnu"' -DCONF_VENDOR='"lfs"' -DLOCALEDIR='"/usr/share/locale"' -DPACKAGE='"bash"' -DSHELL -DHAVE_CONFIG_H   -I.  -I. -I./include -I./lib    -g -O2 -Wno-parentheses -Wno-format-security -c arrayfunc.c
rm -f assoc.o
x86_64-lfs-linux-gnu-gcc  -DPROGRAM='"bash"' -DCONF_HOSTTYPE='"x86_64"' -DCONF_OSTYPE='"linux-gnu"' -DCONF_MACHTYPE='"x86_64-lfs-linux-gnu"' -DCONF_VENDOR='"lfs"' -DLOCALEDIR='"/usr/share/locale"' -DPACKAGE='"bash"' -DSHELL -DHAVE_CONFIG_H   -I.  -I. -I./include -I./lib    -g -O2 -Wno-parentheses -Wno-format-security -c assoc.c
rm -f braces.o
x86_64-lfs-linux-gnu-gcc  -DPROGRAM='"bash"' -DCONF_HOSTTYPE='"x86_64"' -DCONF_OSTYPE='"linux-gnu"' -DCONF_MACHTYPE='"x86_64-lfs-linux-gnu"' -DCONF_VENDOR='"lfs"' -DLOCALEDIR='"/usr/share/locale"' -DPACKAGE='"bash"' -DSHELL -DHAVE_CONFIG_H   -I.  -I. -I./include -I./lib    -g -O2 -Wno-parentheses -Wno-format-security -c braces.c
rm -f bracecomp.o
x86_64-lfs-linux-gnu-gcc  -DPROGRAM='"bash"' -DCONF_HOSTTYPE='"x86_64"' -DCONF_OSTYPE='"linux-gnu"' -DCONF_MACHTYPE='"x86_64-lfs-linux-gnu"' -DCONF_VENDOR='"lfs"' -DLOCALEDIR='"/usr/share/locale"' -DPACKAGE='"bash"' -DSHELL -DHAVE_CONFIG_H   -I.  -I. -I./include -I./lib    -g -O2 -Wno-parentheses -Wno-format-security -c bracecomp.c
rm -f bashhist.o
x86_64-lfs-linux-gnu-gcc  -DPROGRAM='"bash"' -DCONF_HOSTTYPE='"x86_64"' -DCONF_OSTYPE='"linux-gnu"' -DCONF_MACHTYPE='"x86_64-lfs-linux-gnu"' -DCONF_VENDOR='"lfs"' -DLOCALEDIR='"/usr/share/locale"' -DPACKAGE='"bash"' -DSHELL -DHAVE_CONFIG_H   -I.  -I. -I./include -I./lib    -g -O2 -Wno-parentheses -Wno-format-security -c bashhist.c
rm -f bashline.o
x86_64-lfs-linux-gnu-gcc  -DPROGRAM='"bash"' -DCONF_HOSTTYPE='"x86_64"' -DCONF_OSTYPE='"linux-gnu"' -DCONF_MACHTYPE='"x86_64-lfs-linux-gnu"' -DCONF_VENDOR='"lfs"' -DLOCALEDIR='"/usr/share/locale"' -DPACKAGE='"bash"' -DSHELL -DHAVE_CONFIG_H   -I.  -I. -I./include -I./lib    -g -O2 -Wno-parentheses -Wno-format-security -c bashline.c
rm -f list.o
x86_64-lfs-linux-gnu-gcc  -DPROGRAM='"bash"' -DCONF_HOSTTYPE='"x86_64"' -DCONF_OSTYPE='"linux-gnu"' -DCONF_MACHTYPE='"x86_64-lfs-linux-gnu"' -DCONF_VENDOR='"lfs"' -DLOCALEDIR='"/usr/share/locale"' -DPACKAGE='"bash"' -DSHELL -DHAVE_CONFIG_H   -I.  -I. -I./include -I./lib    -g -O2 -Wno-parentheses -Wno-format-security -c list.c
rm -f stringlib.o
x86_64-lfs-linux-gnu-gcc  -DPROGRAM='"bash"' -DCONF_HOSTTYPE='"x86_64"' -DCONF_OSTYPE='"linux-gnu"' -DCONF_MACHTYPE='"x86_64-lfs-linux-gnu"' -DCONF_VENDOR='"lfs"' -DLOCALEDIR='"/usr/share/locale"' -DPACKAGE='"bash"' -DSHELL -DHAVE_CONFIG_H   -I.  -I. -I./include -I./lib    -g -O2 -Wno-parentheses -Wno-format-security -c stringlib.c
rm -f locale.o
x86_64-lfs-linux-gnu-gcc  -DPROGRAM='"bash"' -DCONF_HOSTTYPE='"x86_64"' -DCONF_OSTYPE='"linux-gnu"' -DCONF_MACHTYPE='"x86_64-lfs-linux-gnu"' -DCONF_VENDOR='"lfs"' -DLOCALEDIR='"/usr/share/locale"' -DPACKAGE='"bash"' -DSHELL -DHAVE_CONFIG_H   -I.  -I. -I./include -I./lib    -g -O2 -Wno-parentheses -Wno-format-security -c locale.c
rm -f findcmd.o
x86_64-lfs-linux-gnu-gcc  -DPROGRAM='"bash"' -DCONF_HOSTTYPE='"x86_64"' -DCONF_OSTYPE='"linux-gnu"' -DCONF_MACHTYPE='"x86_64-lfs-linux-gnu"' -DCONF_VENDOR='"lfs"' -DLOCALEDIR='"/usr/share/locale"' -DPACKAGE='"bash"' -DSHELL -DHAVE_CONFIG_H   -I.  -I. -I./include -I./lib    -g -O2 -Wno-parentheses -Wno-format-security -c findcmd.c
rm -f redir.o
x86_64-lfs-linux-gnu-gcc  -DPROGRAM='"bash"' -DCONF_HOSTTYPE='"x86_64"' -DCONF_OSTYPE='"linux-gnu"' -DCONF_MACHTYPE='"x86_64-lfs-linux-gnu"' -DCONF_VENDOR='"lfs"' -DLOCALEDIR='"/usr/share/locale"' -DPACKAGE='"bash"' -DSHELL -DHAVE_CONFIG_H   -I.  -I. -I./include -I./lib    -g -O2 -Wno-parentheses -Wno-format-security -c redir.c
rm -f pcomplete.o
x86_64-lfs-linux-gnu-gcc  -DPROGRAM='"bash"' -DCONF_HOSTTYPE='"x86_64"' -DCONF_OSTYPE='"linux-gnu"' -DCONF_MACHTYPE='"x86_64-lfs-linux-gnu"' -DCONF_VENDOR='"lfs"' -DLOCALEDIR='"/usr/share/locale"' -DPACKAGE='"bash"' -DSHELL -DHAVE_CONFIG_H   -I.  -I. -I./include -I./lib    -g -O2 -Wno-parentheses -Wno-format-security -c pcomplete.c
rm -f pcomplib.o
x86_64-lfs-linux-gnu-gcc  -DPROGRAM='"bash"' -DCONF_HOSTTYPE='"x86_64"' -DCONF_OSTYPE='"linux-gnu"' -DCONF_MACHTYPE='"x86_64-lfs-linux-gnu"' -DCONF_VENDOR='"lfs"' -DLOCALEDIR='"/usr/share/locale"' -DPACKAGE='"bash"' -DSHELL -DHAVE_CONFIG_H   -I.  -I. -I./include -I./lib    -g -O2 -Wno-parentheses -Wno-format-security -c pcomplib.c
rm -f syntax.c
./mksyntax -o syntax.c
rm -f execute_cmd.o
x86_64-lfs-linux-gnu-gcc  -DPROGRAM='"bash"' -DCONF_HOSTTYPE='"x86_64"' -DCONF_OSTYPE='"linux-gnu"' -DCONF_MACHTYPE='"x86_64-lfs-linux-gnu"' -DCONF_VENDOR='"lfs"' -DLOCALEDIR='"/usr/share/locale"' -DPACKAGE='"bash"' -DSHELL -DHAVE_CONFIG_H   -I.  -I. -I./include -I./lib    -g -O2 -Wno-parentheses -Wno-format-security -c execute_cmd.c
rm -f lsignames.h
./mksignames lsignames.h
rm -f syntax.o
x86_64-lfs-linux-gnu-gcc  -DPROGRAM='"bash"' -DCONF_HOSTTYPE='"x86_64"' -DCONF_OSTYPE='"linux-gnu"' -DCONF_MACHTYPE='"x86_64-lfs-linux-gnu"' -DCONF_VENDOR='"lfs"' -DLOCALEDIR='"/usr/share/locale"' -DPACKAGE='"bash"' -DSHELL -DHAVE_CONFIG_H   -I.  -I. -I./include -I./lib    -g -O2 -Wno-parentheses -Wno-format-security -c syntax.c
/bin/sh ./support/mkversion.sh -b -S . -s release -d 5.0 -o newversion.h \
	&& mv newversion.h version.h
if cmp -s lsignames.h signames.h ; then :; else rm -f signames.h ; cp lsignames.h signames.h ; fi
rm -f trap.o
x86_64-lfs-linux-gnu-gcc  -DPROGRAM='"bash"' -DCONF_HOSTTYPE='"x86_64"' -DCONF_OSTYPE='"linux-gnu"' -DCONF_MACHTYPE='"x86_64-lfs-linux-gnu"' -DCONF_VENDOR='"lfs"' -DLOCALEDIR='"/usr/share/locale"' -DPACKAGE='"bash"' -DSHELL -DHAVE_CONFIG_H   -I.  -I. -I./include -I./lib    -g -O2 -Wno-parentheses -Wno-format-security -c trap.c
gcc -DPROGRAM='"bash"' -DCONF_HOSTTYPE='"x86_64"' -DCONF_OSTYPE='"linux-gnu"' -DCONF_MACHTYPE='"x86_64-lfs-linux-gnu"' -DCONF_VENDOR='"lfs"' -DLOCALEDIR='"/usr/share/locale"' -DPACKAGE='"bash"' -DSHELL -DHAVE_CONFIG_H   -I.  -I. -I./include -I./lib   -g -DCROSS_COMPILING -DBUILDTOOL -c -o buildversion.o ./version.c
rm -f variables.o
x86_64-lfs-linux-gnu-gcc  -DPROGRAM='"bash"' -DCONF_HOSTTYPE='"x86_64"' -DCONF_OSTYPE='"linux-gnu"' -DCONF_MACHTYPE='"x86_64-lfs-linux-gnu"' -DCONF_VENDOR='"lfs"' -DLOCALEDIR='"/usr/share/locale"' -DPACKAGE='"bash"' -DSHELL -DHAVE_CONFIG_H   -I.  -I. -I./include -I./lib    -g -O2 -Wno-parentheses -Wno-format-security -c variables.c
rm -f version.o
x86_64-lfs-linux-gnu-gcc  -DPROGRAM='"bash"' -DCONF_HOSTTYPE='"x86_64"' -DCONF_OSTYPE='"linux-gnu"' -DCONF_MACHTYPE='"x86_64-lfs-linux-gnu"' -DCONF_VENDOR='"lfs"' -DLOCALEDIR='"/usr/share/locale"' -DPACKAGE='"bash"' -DSHELL -DHAVE_CONFIG_H   -I.  -I. -I./include -I./lib    -g -O2 -Wno-parentheses -Wno-format-security -c version.c
make[1]: warning: -j8 forced in submake: resetting jobserver mode.
make[1]: Entering directory '/tmp/tmp.pH2Xn19xa1/bash-5.0/builtins'
rm -f builtins.o
rm -f alias.o
x86_64-lfs-linux-gnu-gcc -c   -DHAVE_CONFIG_H -DSHELL  -I. -I..  -I.. -I../include -I../lib -I.    -g -O2 -Wno-parentheses -Wno-format-security builtins.c
./mkbuiltins -D . alias.def
rm -f bind.o
x86_64-lfs-linux-gnu-gcc -c   -DHAVE_CONFIG_H -DSHELL  -I. -I..  -I.. -I../include -I../lib -I.    -g -O2 -Wno-parentheses -Wno-format-security alias.c || ( rm -f alias.c ; exit 1 )
./mkbuiltins -D . bind.def
rm -f break.o
x86_64-lfs-linux-gnu-gcc -c   -DHAVE_CONFIG_H -DSHELL  -I. -I..  -I.. -I../include -I../lib -I.    -g -O2 -Wno-parentheses -Wno-format-security bind.c || ( rm -f bind.c ; exit 1 )
./mkbuiltins -D . break.def
rm -f builtin.o
x86_64-lfs-linux-gnu-gcc -c   -DHAVE_CONFIG_H -DSHELL  -I. -I..  -I.. -I../include -I../lib -I.    -g -O2 -Wno-parentheses -Wno-format-security break.c || ( rm -f break.c ; exit 1 )
gcc -DPROGRAM='"bash"' -DCONF_HOSTTYPE='"x86_64"' -DCONF_OSTYPE='"linux-gnu"' -DCONF_MACHTYPE='"x86_64-lfs-linux-gnu"' -DCONF_VENDOR='"lfs"' -DLOCALEDIR='"/usr/share/locale"' -DPACKAGE='"bash"' -DSHELL -DHAVE_CONFIG_H   -I.  -I. -I./include -I./lib   -g -DCROSS_COMPILING -rdynamic -g -DCROSS_COMPILING -o bashversion ./support/bashversion.c buildversion.o 
./mkbuiltins -D . builtin.def
rm -f caller.o
x86_64-lfs-linux-gnu-gcc -c   -DHAVE_CONFIG_H -DSHELL  -I. -I..  -I.. -I../include -I../lib -I.    -g -O2 -Wno-parentheses -Wno-format-security builtin.c || ( rm -f builtin.c ; exit 1 )
./mkbuiltins -D . caller.def
rm -f cd.o
rm -f colon.o
x86_64-lfs-linux-gnu-gcc -c   -DHAVE_CONFIG_H -DSHELL  -I. -I..  -I.. -I../include -I../lib -I.    -g -O2 -Wno-parentheses -Wno-format-security caller.c || ( rm -f caller.c ; exit 1 )
./mkbuiltins -D . cd.def
./mkbuiltins -D . colon.def
rm -f alias.c
x86_64-lfs-linux-gnu-gcc -c   -DHAVE_CONFIG_H -DSHELL  -I. -I..  -I.. -I../include -I../lib -I.    -g -O2 -Wno-parentheses -Wno-format-security cd.c || ( rm -f cd.c ; exit 1 )
x86_64-lfs-linux-gnu-gcc -c   -DHAVE_CONFIG_H -DSHELL  -I. -I..  -I.. -I../include -I../lib -I.    -g -O2 -Wno-parentheses -Wno-format-security colon.c || ( rm -f colon.c ; exit 1 )
rm -f command.o
rm -f common.o
./mkbuiltins -D . command.def
x86_64-lfs-linux-gnu-gcc -c   -DHAVE_CONFIG_H -DSHELL  -I. -I..  -I.. -I../include -I../lib -I.    -g -O2 -Wno-parentheses -Wno-format-security common.c
x86_64-lfs-linux-gnu-gcc -c   -DHAVE_CONFIG_H -DSHELL  -I. -I..  -I.. -I../include -I../lib -I.    -g -O2 -Wno-parentheses -Wno-format-security command.c || ( rm -f command.c ; exit 1 )
rm -f break.c
rm -f declare.o
rm -f colon.c
./mkbuiltins -D . declare.def
rm -f echo.o
x86_64-lfs-linux-gnu-gcc -c   -DHAVE_CONFIG_H -DSHELL  -I. -I..  -I.. -I../include -I../lib -I.    -g -O2 -Wno-parentheses -Wno-format-security declare.c || ( rm -f declare.c ; exit 1 )

./mkbuiltins -D . echo.def
	  ***********************************************************
	  *                                                         *
rm -f builtin.c
	  * GNU bash, version 5.0.0(1)-release (x86_64-lfs-linux-gnu)
	  *                                                         *
	  ***********************************************************

x86_64-lfs-linux-gnu-gcc -c   -DHAVE_CONFIG_H -DSHELL  -I. -I..  -I.. -I../include -I../lib -I.    -g -O2 -Wno-parentheses -Wno-format-security echo.c || ( rm -f echo.c ; exit 1 )
making lib/glob/libglob.a in ./lib/glob
making lib/sh/libsh.a in ./lib/sh
making lib/readline/libreadline.a in ./lib/readline
rm -f caller.c
make[1]: warning: -j8 forced in submake: resetting jobserver mode.
make[1]: Entering directory '/tmp/tmp.pH2Xn19xa1/bash-5.0/lib/glob'
rm -f glob.o
rm -f strmatch.o
rm -f enable.o
make[1]: warning: -j8 forced in submake: resetting jobserver mode.
x86_64-lfs-linux-gnu-gcc -c  -DHAVE_CONFIG_H -DSHELL -I. -I../.. -I../.. -I../../include -I../../lib   -g -O2 -Wno-parentheses -Wno-format-security  glob.c
make[1]: warning: -j8 forced in submake: resetting jobserver mode.
make[1]: Entering directory '/tmp/tmp.pH2Xn19xa1/bash-5.0/lib/readline'
rm -f readline.o
make[1]: Entering directory '/tmp/tmp.pH2Xn19xa1/bash-5.0/lib/sh'
x86_64-lfs-linux-gnu-gcc -c  -DHAVE_CONFIG_H -DSHELL -I. -I../.. -I../.. -I../../include -I../../lib   -g -O2 -Wno-parentheses -Wno-format-security  strmatch.c
x86_64-lfs-linux-gnu-gcc -c   -I. -I../.. -I../.. -I../../lib -I../../include -I.  -DHAVE_CONFIG_H -DSHELL  -g -O2 -Wno-parentheses -Wno-format-security   clktck.c
rm -f smatch.o
rm -f eval.o
rm -f vi_mode.o
rm -f xmbsrtowcs.o
x86_64-lfs-linux-gnu-gcc -c   -I. -I../.. -I../.. -I../../lib -I../../include -I.  -DHAVE_CONFIG_H -DSHELL  -g -O2 -Wno-parentheses -Wno-format-security   clock.c
x86_64-lfs-linux-gnu-gcc -c -DHAVE_CONFIG_H -DSHELL   -I. -I/tmp/tmp.pH2Xn19xa1/bash-5.0 -I../.. -I../../lib  -g -O2 -Wno-parentheses -Wno-format-security  readline.c
rm -f gmisc.o
x86_64-lfs-linux-gnu-gcc -c   -I. -I../.. -I../.. -I../../lib -I../../include -I.  -DHAVE_CONFIG_H -DSHELL  -g -O2 -Wno-parentheses -Wno-format-security   getenv.c
x86_64-lfs-linux-gnu-gcc -c -DHAVE_CONFIG_H -DSHELL   -I. -I/tmp/tmp.pH2Xn19xa1/bash-5.0 -I../.. -I../../lib  -g -O2 -Wno-parentheses -Wno-format-security  vi_mode.c
./mkbuiltins -D . enable.def
rm -f funmap.o
x86_64-lfs-linux-gnu-gcc -c  -DHAVE_CONFIG_H -DSHELL -I. -I../.. -I../.. -I../../include -I../../lib   -g -O2 -Wno-parentheses -Wno-format-security  smatch.c
x86_64-lfs-linux-gnu-gcc -c   -I. -I../.. -I../.. -I../../lib -I../../include -I.  -DHAVE_CONFIG_H -DSHELL  -g -O2 -Wno-parentheses -Wno-format-security   oslib.c
./mkbuiltins -D . eval.def
x86_64-lfs-linux-gnu-gcc -c  -DHAVE_CONFIG_H -DSHELL -I. -I../.. -I../.. -I../../include -I../../lib   -g -O2 -Wno-parentheses -Wno-format-security  xmbsrtowcs.c
rm -f keymaps.o
x86_64-lfs-linux-gnu-gcc -c   -I. -I../.. -I../.. -I../../lib -I../../include -I.  -DHAVE_CONFIG_H -DSHELL  -g -O2 -Wno-parentheses -Wno-format-security   setlinebuf.c
x86_64-lfs-linux-gnu-gcc -c -DHAVE_CONFIG_H -DSHELL   -I. -I/tmp/tmp.pH2Xn19xa1/bash-5.0 -I../.. -I../../lib  -g -O2 -Wno-parentheses -Wno-format-security  funmap.c
x86_64-lfs-linux-gnu-gcc -c  -DHAVE_CONFIG_H -DSHELL -I. -I../.. -I../.. -I../../include -I../../lib   -g -O2 -Wno-parentheses -Wno-format-security  gmisc.c
x86_64-lfs-linux-gnu-gcc -c   -I. -I../.. -I../.. -I../../lib -I../../include -I.  -DHAVE_CONFIG_H -DSHELL  -g -O2 -Wno-parentheses -Wno-format-security   strnlen.c
x86_64-lfs-linux-gnu-gcc -c -DHAVE_CONFIG_H -DSHELL   -I. -I/tmp/tmp.pH2Xn19xa1/bash-5.0 -I../.. -I../../lib  -g -O2 -Wno-parentheses -Wno-format-security  keymaps.c
x86_64-lfs-linux-gnu-gcc -c   -DHAVE_CONFIG_H -DSHELL  -I. -I..  -I.. -I../include -I../lib -I.    -g -O2 -Wno-parentheses -Wno-format-security enable.c || ( rm -f enable.c ; exit 1 )
x86_64-lfs-linux-gnu-gcc -c   -I. -I../.. -I../.. -I../../lib -I../../include -I.  -DHAVE_CONFIG_H -DSHELL  -g -O2 -Wno-parentheses -Wno-format-security   itos.c
rm -f parens.o
x86_64-lfs-linux-gnu-gcc -c   -DHAVE_CONFIG_H -DSHELL  -I. -I..  -I.. -I../include -I../lib -I.    -g -O2 -Wno-parentheses -Wno-format-security eval.c || ( rm -f eval.c ; exit 1 )
rm -f search.o
x86_64-lfs-linux-gnu-gcc -c   -I. -I../.. -I../.. -I../../lib -I../../include -I.  -DHAVE_CONFIG_H -DSHELL  -g -O2 -Wno-parentheses -Wno-format-security   zread.c
x86_64-lfs-linux-gnu-gcc -c -DHAVE_CONFIG_H -DSHELL   -I. -I/tmp/tmp.pH2Xn19xa1/bash-5.0 -I../.. -I../../lib  -g -O2 -Wno-parentheses -Wno-format-security  parens.c
x86_64-lfs-linux-gnu-gcc -c -DHAVE_CONFIG_H -DSHELL   -I. -I/tmp/tmp.pH2Xn19xa1/bash-5.0 -I../.. -I../../lib  -g -O2 -Wno-parentheses -Wno-format-security  search.c
rm -f rltty.o
x86_64-lfs-linux-gnu-gcc -c   -I. -I../.. -I../.. -I../../lib -I../../include -I.  -DHAVE_CONFIG_H -DSHELL  -g -O2 -Wno-parentheses -Wno-format-security   zwrite.c
rm -f complete.o
x86_64-lfs-linux-gnu-gcc -c -DHAVE_CONFIG_H -DSHELL   -I. -I/tmp/tmp.pH2Xn19xa1/bash-5.0 -I../.. -I../../lib  -g -O2 -Wno-parentheses -Wno-format-security  rltty.c
x86_64-lfs-linux-gnu-gcc -c -DHAVE_CONFIG_H -DSHELL   -I. -I/tmp/tmp.pH2Xn19xa1/bash-5.0 -I../.. -I../../lib  -g -O2 -Wno-parentheses -Wno-format-security  complete.c
x86_64-lfs-linux-gnu-gcc -c   -I. -I../.. -I../.. -I../../lib -I../../include -I.  -DHAVE_CONFIG_H -DSHELL  -g -O2 -Wno-parentheses -Wno-format-security   shtty.c
x86_64-lfs-linux-gnu-gcc -c   -I. -I../.. -I../.. -I../../lib -I../../include -I.  -DHAVE_CONFIG_H -DSHELL  -g -O2 -Wno-parentheses -Wno-format-security   shmatch.c
rm -f bind.c
x86_64-lfs-linux-gnu-gcc -c   -I. -I../.. -I../.. -I../../lib -I../../include -I.  -DHAVE_CONFIG_H -DSHELL  -g -O2 -Wno-parentheses -Wno-format-security   eaccess.c
rm -f echo.c
rm -f evalfile.o
rm -f evalstring.o
x86_64-lfs-linux-gnu-gcc -c   -DHAVE_CONFIG_H -DSHELL  -I. -I..  -I.. -I../include -I../lib -I.    -g -O2 -Wno-parentheses -Wno-format-security evalfile.c
x86_64-lfs-linux-gnu-gcc -c   -DHAVE_CONFIG_H -DSHELL  -I. -I..  -I.. -I../include -I../lib -I.    -g -O2 -Wno-parentheses -Wno-format-security evalstring.c
rm -f command.c
x86_64-lfs-linux-gnu-gcc -c   -I. -I../.. -I../.. -I../../lib -I../../include -I.  -DHAVE_CONFIG_H -DSHELL  -g -O2 -Wno-parentheses -Wno-format-security   netconn.c
x86_64-lfs-linux-gnu-gcc -c   -I. -I../.. -I../.. -I../../lib -I../../include -I.  -DHAVE_CONFIG_H -DSHELL  -g -O2 -Wno-parentheses -Wno-format-security   netopen.c
rm -f exec.o
./mkbuiltins -D . exec.def
x86_64-lfs-linux-gnu-gcc -c   -DHAVE_CONFIG_H -DSHELL  -I. -I..  -I.. -I../include -I../lib -I.    -g -O2 -Wno-parentheses -Wno-format-security exec.c || ( rm -f exec.c ; exit 1 )
x86_64-lfs-linux-gnu-gcc -c   -I. -I../.. -I../.. -I../../lib -I../../include -I.  -DHAVE_CONFIG_H -DSHELL  -g -O2 -Wno-parentheses -Wno-format-security   timeval.c
rm -f bind.o
x86_64-lfs-linux-gnu-gcc -c -DHAVE_CONFIG_H -DSHELL   -I. -I/tmp/tmp.pH2Xn19xa1/bash-5.0 -I../.. -I../../lib  -g -O2 -Wno-parentheses -Wno-format-security  bind.c
x86_64-lfs-linux-gnu-gcc -c   -I. -I../.. -I../.. -I../../lib -I../../include -I.  -DHAVE_CONFIG_H -DSHELL  -g -O2 -Wno-parentheses -Wno-format-security   makepath.c
rm -f eval.c
rm -f exit.o
./mkbuiltins -D . exit.def
x86_64-lfs-linux-gnu-gcc -c   -DHAVE_CONFIG_H -DSHELL  -I. -I..  -I.. -I../include -I../lib -I.    -g -O2 -Wno-parentheses -Wno-format-security exit.c || ( rm -f exit.c ; exit 1 )
x86_64-lfs-linux-gnu-gcc -c   -I. -I../.. -I../.. -I../../lib -I../../include -I.  -DHAVE_CONFIG_H -DSHELL  -g -O2 -Wno-parentheses -Wno-format-security   pathcanon.c
rm -f isearch.o
x86_64-lfs-linux-gnu-gcc -c -DHAVE_CONFIG_H -DSHELL   -I. -I/tmp/tmp.pH2Xn19xa1/bash-5.0 -I../.. -I../../lib  -g -O2 -Wno-parentheses -Wno-format-security  isearch.c
x86_64-lfs-linux-gnu-gcc -c   -I. -I../.. -I../.. -I../../lib -I../../include -I.  -DHAVE_CONFIG_H -DSHELL  -g -O2 -Wno-parentheses -Wno-format-security   pathphys.c
rm -f cd.c
rm -f fc.o
./mkbuiltins -D . fc.def
rm -f display.o
x86_64-lfs-linux-gnu-gcc -c   -I. -I../.. -I../.. -I../../lib -I../../include -I.  -DHAVE_CONFIG_H -DSHELL  -g -O2 -Wno-parentheses -Wno-format-security   tmpfile.c
x86_64-lfs-linux-gnu-gcc -c   -DHAVE_CONFIG_H -DSHELL  -I. -I..  -I.. -I../include -I../lib -I.    -g -O2 -Wno-parentheses -Wno-format-security fc.c || ( rm -f fc.c ; exit 1 )
x86_64-lfs-linux-gnu-gcc -c -DHAVE_CONFIG_H -DSHELL   -I. -I/tmp/tmp.pH2Xn19xa1/bash-5.0 -I../.. -I../../lib  -g -O2 -Wno-parentheses -Wno-format-security  display.c
x86_64-lfs-linux-gnu-gcc -c   -I. -I../.. -I../.. -I../../lib -I../../include -I.  -DHAVE_CONFIG_H -DSHELL  -g -O2 -Wno-parentheses -Wno-format-security   stringlist.c
x86_64-lfs-linux-gnu-gcc -c   -I. -I../.. -I../.. -I../../lib -I../../include -I.  -DHAVE_CONFIG_H -DSHELL  -g -O2 -Wno-parentheses -Wno-format-security   stringvec.c
x86_64-lfs-linux-gnu-gcc -c   -I. -I../.. -I../.. -I../../lib -I../../include -I.  -DHAVE_CONFIG_H -DSHELL  -g -O2 -Wno-parentheses -Wno-format-security   spell.c
x86_64-lfs-linux-gnu-gcc -c   -I. -I../.. -I../.. -I../../lib -I../../include -I.  -DHAVE_CONFIG_H -DSHELL  -g -O2 -Wno-parentheses -Wno-format-security   shquote.c
rm -f exec.c
rm -f fg_bg.o
x86_64-lfs-linux-gnu-gcc -c   -I. -I../.. -I../.. -I../../lib -I../../include -I.  -DHAVE_CONFIG_H -DSHELL  -g -O2 -Wno-parentheses -Wno-format-security   strtrans.c
./mkbuiltins -D . fg_bg.def
x86_64-lfs-linux-gnu-gcc -c   -DHAVE_CONFIG_H -DSHELL  -I. -I..  -I.. -I../include -I../lib -I.    -g -O2 -Wno-parentheses -Wno-format-security fg_bg.c || ( rm -f fg_bg.c ; exit 1 )
x86_64-lfs-linux-gnu-gcc -c   -I. -I../.. -I../.. -I../../lib -I../../include -I.  -DHAVE_CONFIG_H -DSHELL  -g -O2 -Wno-parentheses -Wno-format-security   snprintf.c
x86_64-lfs-linux-gnu-gcc -c   -I. -I../.. -I../.. -I../../lib -I../../include -I.  -DHAVE_CONFIG_H -DSHELL  -g -O2 -Wno-parentheses -Wno-format-security   mailstat.c
rm -f hash.o
./mkbuiltins -D . hash.def
rm -f help.o
x86_64-lfs-linux-gnu-gcc -c   -DHAVE_CONFIG_H -DSHELL  -I. -I..  -I.. -I../include -I../lib -I.    -g -O2 -Wno-parentheses -Wno-format-security hash.c || ( rm -f hash.c ; exit 1 )
rm -f signals.o
./mkbuiltins -D . help.def
x86_64-lfs-linux-gnu-gcc -c -DHAVE_CONFIG_H -DSHELL   -I. -I/tmp/tmp.pH2Xn19xa1/bash-5.0 -I../.. -I../../lib  -g -O2 -Wno-parentheses -Wno-format-security  signals.c
x86_64-lfs-linux-gnu-gcc -c   -DHAVE_CONFIG_H -DSHELL  -I. -I..  -I.. -I../include -I../lib -I.    -g -O2 -Wno-parentheses -Wno-format-security help.c || ( rm -f help.c ; exit 1 )
rm -f exit.c
rm -f history.o
./mkbuiltins -D . history.def
x86_64-lfs-linux-gnu-gcc -c   -DHAVE_CONFIG_H -DSHELL  -I. -I..  -I.. -I../include -I../lib -I.    -g -O2 -Wno-parentheses -Wno-format-security history.c || ( rm -f history.c ; exit 1 )
x86_64-lfs-linux-gnu-gcc -c   -I. -I../.. -I../.. -I../../lib -I../../include -I.  -DHAVE_CONFIG_H -DSHELL  -g -O2 -Wno-parentheses -Wno-format-security   fmtulong.c
rm -f declare.c
x86_64-lfs-linux-gnu-gcc -c   -I. -I../.. -I../.. -I../../lib -I../../include -I.  -DHAVE_CONFIG_H -DSHELL  -g -O2 -Wno-parentheses -Wno-format-security   fmtullong.c
rm -f enable.c
x86_64-lfs-linux-gnu-gcc -c   -I. -I../.. -I../.. -I../../lib -I../../include -I.  -DHAVE_CONFIG_H -DSHELL  -g -O2 -Wno-parentheses -Wno-format-security   fmtumax.c
rm -f util.o
x86_64-lfs-linux-gnu-gcc -c -DHAVE_CONFIG_H -DSHELL   -I. -I/tmp/tmp.pH2Xn19xa1/bash-5.0 -I../.. -I../../lib  -g -O2 -Wno-parentheses -Wno-format-security  util.c
rm -f jobs.o
rm -f kill.o
./mkbuiltins -D . jobs.def
x86_64-lfs-linux-gnu-gcc -c   -I. -I../.. -I../.. -I../../lib -I../../include -I.  -DHAVE_CONFIG_H -DSHELL  -g -O2 -Wno-parentheses -Wno-format-security   zcatfd.c
./mkbuiltins -D . kill.def
x86_64-lfs-linux-gnu-gcc -c   -DHAVE_CONFIG_H -DSHELL  -I. -I..  -I.. -I../include -I../lib -I.    -g -O2 -Wno-parentheses -Wno-format-security jobs.c || ( rm -f jobs.c ; exit 1 )
x86_64-lfs-linux-gnu-gcc -c   -DHAVE_CONFIG_H -DSHELL  -I. -I..  -I.. -I../include -I../lib -I.    -g -O2 -Wno-parentheses -Wno-format-security kill.c || ( rm -f kill.c ; exit 1 )
rm -f let.o
rm -f kill.o
./mkbuiltins -D . let.def
x86_64-lfs-linux-gnu-gcc -c -DHAVE_CONFIG_H -DSHELL   -I. -I/tmp/tmp.pH2Xn19xa1/bash-5.0 -I../.. -I../../lib  -g -O2 -Wno-parentheses -Wno-format-security  kill.c
x86_64-lfs-linux-gnu-gcc -c   -DHAVE_CONFIG_H -DSHELL  -I. -I..  -I.. -I../include -I../lib -I.    -g -O2 -Wno-parentheses -Wno-format-security let.c || ( rm -f let.c ; exit 1 )
rm -f fg_bg.c
rm -f mapfile.o
./mkbuiltins -D . mapfile.def
x86_64-lfs-linux-gnu-gcc -c   -I. -I../.. -I../.. -I../../lib -I../../include -I.  -DHAVE_CONFIG_H -DSHELL  -g -O2 -Wno-parentheses -Wno-format-security   zmapfd.c
x86_64-lfs-linux-gnu-gcc -c   -I. -I../.. -I../.. -I../../lib -I../../include -I.  -DHAVE_CONFIG_H -DSHELL  -g -O2 -Wno-parentheses -Wno-format-security   winsize.c
rm -f fc.c
x86_64-lfs-linux-gnu-gcc -c   -I. -I../.. -I../.. -I../../lib -I../../include -I.  -DHAVE_CONFIG_H -DSHELL  -g -O2 -Wno-parentheses -Wno-format-security   wcsdup.c
x86_64-lfs-linux-gnu-gcc -c   -DHAVE_CONFIG_H -DSHELL  -I. -I..  -I.. -I../include -I../lib -I.    -g -O2 -Wno-parentheses -Wno-format-security mapfile.c || ( rm -f mapfile.c ; exit 1 )
rm -f pushd.o
x86_64-lfs-linux-gnu-gcc -c   -I. -I../.. -I../.. -I../../lib -I../../include -I.  -DHAVE_CONFIG_H -DSHELL  -g -O2 -Wno-parentheses -Wno-format-security   fpurge.c
./mkbuiltins -D . pushd.def
rm -f kill.c
x86_64-lfs-linux-gnu-gcc -c   -DHAVE_CONFIG_H -DSHELL  -I. -I..  -I.. -I../include -I../lib -I.    -g -O2 -Wno-parentheses -Wno-format-security pushd.c || ( rm -f pushd.c ; exit 1 )
x86_64-lfs-linux-gnu-gcc -c   -I. -I../.. -I../.. -I../../lib -I../../include -I.  -DHAVE_CONFIG_H -DSHELL  -g -O2 -Wno-parentheses -Wno-format-security   zgetline.c
rm -f read.o
./mkbuiltins -D . read.def
x86_64-lfs-linux-gnu-gcc -c   -DHAVE_CONFIG_H -DSHELL  -I. -I..  -I.. -I../include -I../lib -I.    -g -O2 -Wno-parentheses -Wno-format-security read.c || ( rm -f read.c ; exit 1 )
x86_64-lfs-linux-gnu-gcc -c   -I. -I../.. -I../.. -I../../lib -I../../include -I.  -DHAVE_CONFIG_H -DSHELL  -g -O2 -Wno-parentheses -Wno-format-security   mbscmp.c
x86_64-lfs-linux-gnu-gcc -c   -I. -I../.. -I../.. -I../../lib -I../../include -I.  -DHAVE_CONFIG_H -DSHELL  -g -O2 -Wno-parentheses -Wno-format-security   uconvert.c
x86_64-lfs-linux-gnu-gcc -c   -I. -I../.. -I../.. -I../../lib -I../../include -I.  -DHAVE_CONFIG_H -DSHELL  -g -O2 -Wno-parentheses -Wno-format-security   ufuncs.c
rm -f let.c
x86_64-lfs-linux-gnu-gcc -c   -I. -I../.. -I../.. -I../../lib -I../../include -I.  -DHAVE_CONFIG_H -DSHELL  -g -O2 -Wno-parentheses -Wno-format-security   casemod.c
rm -f return.o
./mkbuiltins -D . return.def
x86_64-lfs-linux-gnu-gcc -c   -DHAVE_CONFIG_H -DSHELL  -I. -I..  -I.. -I../include -I../lib -I.    -g -O2 -Wno-parentheses -Wno-format-security return.c || ( rm -f return.c ; exit 1 )
x86_64-lfs-linux-gnu-gcc -c   -I. -I../.. -I../.. -I../../lib -I../../include -I.  -DHAVE_CONFIG_H -DSHELL  -g -O2 -Wno-parentheses -Wno-format-security   input_avail.c
x86_64-lfs-linux-gnu-gcc -c   -I. -I../.. -I../.. -I../../lib -I../../include -I.  -DHAVE_CONFIG_H -DSHELL  -g -O2 -Wno-parentheses -Wno-format-security   mbscasecmp.c
rm -f hash.c
rm -f set.o
./mkbuiltins -D . set.def
x86_64-lfs-linux-gnu-gcc -c   -DHAVE_CONFIG_H -DSHELL  -I. -I..  -I.. -I../include -I../lib -I.    -g -O2 -Wno-parentheses -Wno-format-security set.c || ( rm -f set.c ; exit 1 )
rm -f undo.o
x86_64-lfs-linux-gnu-gcc -c   -I. -I../.. -I../.. -I../../lib -I../../include -I.  -DHAVE_CONFIG_H -DSHELL  -g -O2 -Wno-parentheses -Wno-format-security   fnxform.c
x86_64-lfs-linux-gnu-gcc -c -DHAVE_CONFIG_H -DSHELL   -I. -I/tmp/tmp.pH2Xn19xa1/bash-5.0 -I../.. -I../../lib  -g -O2 -Wno-parentheses -Wno-format-security  undo.c
rm -f mapfile.c
rm -f setattr.o
rm -f jobs.c
x86_64-lfs-linux-gnu-gcc -c   -I. -I../.. -I../.. -I../../lib -I../../include -I.  -DHAVE_CONFIG_H -DSHELL  -g -O2 -Wno-parentheses -Wno-format-security   unicode.c
./mkbuiltins -D . setattr.def
x86_64-lfs-linux-gnu-gcc -c   -DHAVE_CONFIG_H -DSHELL  -I. -I..  -I.. -I../include -I../lib -I.    -g -O2 -Wno-parentheses -Wno-format-security setattr.c || ( rm -f setattr.c ; exit 1 )
rm -f shift.o
./mkbuiltins -D . shift.def
x86_64-lfs-linux-gnu-gcc -c   -DHAVE_CONFIG_H -DSHELL  -I. -I..  -I.. -I../include -I../lib -I.    -g -O2 -Wno-parentheses -Wno-format-security shift.c || ( rm -f shift.c ; exit 1 )
x86_64-lfs-linux-gnu-gcc -c   -I. -I../.. -I../.. -I../../lib -I../../include -I.  -DHAVE_CONFIG_H -DSHELL  -g -O2 -Wno-parentheses -Wno-format-security   shmbchar.c
x86_64-lfs-linux-gnu-gcc -c   -I. -I../.. -I../.. -I../../lib -I../../include -I.  -DHAVE_CONFIG_H -DSHELL  -g -O2 -Wno-parentheses -Wno-format-security   utf8.c
making lib/tilde/libtilde.a in ./lib/tilde
x86_64-lfs-linux-gnu-gcc -c   -I. -I../.. -I../.. -I../../lib -I../../include -I.  -DHAVE_CONFIG_H -DSHELL  -g -O2 -Wno-parentheses -Wno-format-security   wcsnwidth.c
make[1]: warning: -j8 forced in submake: resetting jobserver mode.
make[1]: Entering directory '/tmp/tmp.pH2Xn19xa1/bash-5.0/lib/tilde'
x86_64-lfs-linux-gnu-gcc -c   -DHAVE_CONFIG_H -DSHELL  -I. -I../.. -I../.. -I../../include -I../../lib  -g -O2 -Wno-parentheses -Wno-format-security tilde.c
x86_64-lfs-linux-gnu-gcc -c   -I. -I../.. -I../.. -I../../lib -I../../include -I.  -DHAVE_CONFIG_H -DSHELL  -g -O2 -Wno-parentheses -Wno-format-security   mktime.c
rm -f macro.o
x86_64-lfs-linux-gnu-gcc -c -DHAVE_CONFIG_H -DSHELL   -I. -I/tmp/tmp.pH2Xn19xa1/bash-5.0 -I../.. -I../../lib  -g -O2 -Wno-parentheses -Wno-format-security  macro.c
rm -f pushd.c
rm -f return.c
x86_64-lfs-linux-gnu-gcc -c   -I. -I../.. -I../.. -I../../lib -I../../include -I.  -DHAVE_CONFIG_H -DSHELL  -g -O2 -Wno-parentheses -Wno-format-security   mbschr.c
rm -f source.o
rm -f suspend.o
x86_64-lfs-linux-gnu-gcc -c   -I. -I../.. -I../.. -I../../lib -I../../include -I.  -DHAVE_CONFIG_H -DSHELL  -g -O2 -Wno-parentheses -Wno-format-security   getcwd.c
rm -f input.o
x86_64-lfs-linux-gnu-gcc -c -DHAVE_CONFIG_H -DSHELL   -I. -I/tmp/tmp.pH2Xn19xa1/bash-5.0 -I../.. -I../../lib  -g -O2 -Wno-parentheses -Wno-format-security  input.c
./mkbuiltins -D . source.def
./mkbuiltins -D . suspend.def
rm -f shift.c
x86_64-lfs-linux-gnu-gcc -c   -DHAVE_CONFIG_H -DSHELL  -I. -I..  -I.. -I../include -I../lib -I.    -g -O2 -Wno-parentheses -Wno-format-security source.c || ( rm -f source.c ; exit 1 )
x86_64-lfs-linux-gnu-gcc -c   -DHAVE_CONFIG_H -DSHELL  -I. -I..  -I.. -I../include -I../lib -I.    -g -O2 -Wno-parentheses -Wno-format-security suspend.c || ( rm -f suspend.c ; exit 1 )
rm -f test.o
./mkbuiltins -D . test.def
x86_64-lfs-linux-gnu-gcc -c   -DHAVE_CONFIG_H -DSHELL  -I. -I..  -I.. -I../include -I../lib -I.    -g -O2 -Wno-parentheses -Wno-format-security test.c || ( rm -f test.c ; exit 1 )
rm -f history.c
rm -f callback.o
x86_64-lfs-linux-gnu-gcc -c -DHAVE_CONFIG_H -DSHELL   -I. -I/tmp/tmp.pH2Xn19xa1/bash-5.0 -I../.. -I../../lib  -g -O2 -Wno-parentheses -Wno-format-security  callback.c
rm -f times.o
./mkbuiltins -D . times.def
x86_64-lfs-linux-gnu-gcc -c   -DHAVE_CONFIG_H -DSHELL  -I. -I..  -I.. -I../include -I../lib -I.    -g -O2 -Wno-parentheses -Wno-format-security times.c || ( rm -f times.c ; exit 1 )
rm -f libtilde.a
x86_64-lfs-linux-gnu-ar cr libtilde.a tilde.o
test -n "x86_64-lfs-linux-gnu-ranlib" && x86_64-lfs-linux-gnu-ranlib libtilde.a
rm -f test.c
make[1]: Leaving directory '/tmp/tmp.pH2Xn19xa1/bash-5.0/lib/tilde'
rm -f suspend.c
rm -f trap.o
rm -f type.o
./mkbuiltins -D . trap.def
rm -f terminal.o
./mkbuiltins -D . type.def
x86_64-lfs-linux-gnu-gcc -c -DHAVE_CONFIG_H -DSHELL   -I. -I/tmp/tmp.pH2Xn19xa1/bash-5.0 -I../.. -I../../lib  -g -O2 -Wno-parentheses -Wno-format-security  terminal.c
x86_64-lfs-linux-gnu-gcc -c   -DHAVE_CONFIG_H -DSHELL  -I. -I..  -I.. -I../include -I../lib -I.    -g -O2 -Wno-parentheses -Wno-format-security trap.c || ( rm -f trap.c ; exit 1 )
x86_64-lfs-linux-gnu-gcc -c   -DHAVE_CONFIG_H -DSHELL  -I. -I..  -I.. -I../include -I../lib -I.    -g -O2 -Wno-parentheses -Wno-format-security type.c || ( rm -f type.c ; exit 1 )
rm -f times.c
gcc  -DHAVE_CONFIG_H -DSHELL  -I. -I..  -I.. -I../include -I../lib -I.    -g -DCROSS_COMPILING -rdynamic -g -DCROSS_COMPILING -o psize.aux ./psize.c
rm -f libsh.a
x86_64-lfs-linux-gnu-ar cr libsh.a clktck.o clock.o getenv.o oslib.o setlinebuf.o strnlen.o itos.o zread.o zwrite.o shtty.o shmatch.o eaccess.o netconn.o netopen.o timeval.o makepath.o pathcanon.o pathphys.o tmpfile.o stringlist.o stringvec.o spell.o shquote.o strtrans.o snprintf.o mailstat.o fmtulong.o fmtullong.o fmtumax.o zcatfd.o zmapfd.o winsize.o wcsdup.o fpurge.o zgetline.o mbscmp.o uconvert.o ufuncs.o casemod.o input_avail.o mbscasecmp.o fnxform.o unicode.o shmbchar.o utf8.o wcsnwidth.o mktime.o mbschr.o getcwd.o
test -n "x86_64-lfs-linux-gnu-ranlib" && x86_64-lfs-linux-gnu-ranlib libsh.a
make[1]: Leaving directory '/tmp/tmp.pH2Xn19xa1/bash-5.0/lib/sh'
rm -f text.o
rm -f source.c
rm -f umask.o
x86_64-lfs-linux-gnu-gcc -c -DHAVE_CONFIG_H -DSHELL   -I. -I/tmp/tmp.pH2Xn19xa1/bash-5.0 -I../.. -I../../lib  -g -O2 -Wno-parentheses -Wno-format-security  text.c
./mkbuiltins -D . umask.def
x86_64-lfs-linux-gnu-gcc -c   -DHAVE_CONFIG_H -DSHELL  -I. -I..  -I.. -I../include -I../lib -I.    -g -O2 -Wno-parentheses -Wno-format-security umask.c || ( rm -f umask.c ; exit 1 )
rm -f nls.o
x86_64-lfs-linux-gnu-gcc -c -DHAVE_CONFIG_H -DSHELL   -I. -I/tmp/tmp.pH2Xn19xa1/bash-5.0 -I../.. -I../../lib  -g -O2 -Wno-parentheses -Wno-format-security  nls.c
rm -f setattr.c
rm -f wait.o
./mkbuiltins -D . wait.def
x86_64-lfs-linux-gnu-gcc -c   -DHAVE_CONFIG_H -DSHELL  -I. -I..  -I.. -I../include -I../lib -I.    -g -O2 -Wno-parentheses -Wno-format-security wait.c || ( rm -f wait.c ; exit 1 )
rm -f misc.o
x86_64-lfs-linux-gnu-gcc -c -DHAVE_CONFIG_H -DSHELL   -I. -I/tmp/tmp.pH2Xn19xa1/bash-5.0 -I../.. -I../../lib  -g -O2 -Wno-parentheses -Wno-format-security  misc.c
rm -f help.c
rm -f getopts.o
./mkbuiltins -D . getopts.def
rm -f history.o
rm -f shopt.o
x86_64-lfs-linux-gnu-gcc -c   -DHAVE_CONFIG_H -DSHELL  -I. -I..  -I.. -I../include -I../lib -I.    -g -O2 -Wno-parentheses -Wno-format-security getopts.c || ( rm -f getopts.c ; exit 1 )
./mkbuiltins -D . shopt.def
x86_64-lfs-linux-gnu-gcc -c -DHAVE_CONFIG_H -DSHELL   -I. -I/tmp/tmp.pH2Xn19xa1/bash-5.0 -I../.. -I../../lib  -g -O2 -Wno-parentheses -Wno-format-security  history.c
rm -f trap.c
x86_64-lfs-linux-gnu-gcc -c   -DHAVE_CONFIG_H -DSHELL  -I. -I..  -I.. -I../include -I../lib -I.    -g -O2 -Wno-parentheses -Wno-format-security shopt.c || ( rm -f shopt.c ; exit 1 )
rm -f printf.o
rm -f read.c
rm -f set.c
rm -f umask.c
./mkbuiltins -D . printf.def
rm -f getopt.o
x86_64-lfs-linux-gnu-gcc -c   -DHAVE_CONFIG_H -DSHELL  -I. -I..  -I.. -I../include -I../lib -I.    -g -O2 -Wno-parentheses -Wno-format-security printf.c || ( rm -f printf.c ; exit 1 )
x86_64-lfs-linux-gnu-gcc -c   -DHAVE_CONFIG_H -DSHELL  -I. -I..  -I.. -I../include -I../lib -I.    -g -O2 -Wno-parentheses -Wno-format-security getopt.c
rm -f bashgetopt.o
rm -f complete.o
x86_64-lfs-linux-gnu-gcc -c   -DHAVE_CONFIG_H -DSHELL  -I. -I..  -I.. -I../include -I../lib -I.    -g -O2 -Wno-parentheses -Wno-format-security bashgetopt.c
./mkbuiltins -D . complete.def
x86_64-lfs-linux-gnu-gcc -c   -DHAVE_CONFIG_H -DSHELL  -I. -I..  -I.. -I../include -I../lib -I.    -g -O2 -Wno-parentheses -Wno-format-security complete.c || ( rm -f complete.c ; exit 1 )
rm -f type.c
/bin/sh ./psize.sh > pipesize.h
rm -f histexpand.o
x86_64-lfs-linux-gnu-gcc -c -DHAVE_CONFIG_H -DSHELL   -I. -I/tmp/tmp.pH2Xn19xa1/bash-5.0 -I../.. -I../../lib  -g -O2 -Wno-parentheses -Wno-format-security  histexpand.c
rm -f getopts.c
rm -f histfile.o
x86_64-lfs-linux-gnu-gcc -c -DHAVE_CONFIG_H -DSHELL   -I. -I/tmp/tmp.pH2Xn19xa1/bash-5.0 -I../.. -I../../lib  -g -O2 -Wno-parentheses -Wno-format-security  histfile.c
rm -f wait.c
rm -f histsearch.o
x86_64-lfs-linux-gnu-gcc -c -DHAVE_CONFIG_H -DSHELL   -I. -I/tmp/tmp.pH2Xn19xa1/bash-5.0 -I../.. -I../../lib  -g -O2 -Wno-parentheses -Wno-format-security  histsearch.c
rm -f y.tab.o
rm -f shell.o
x86_64-lfs-linux-gnu-gcc -c -DHAVE_CONFIG_H -DSHELL   -I. -I/tmp/tmp.pH2Xn19xa1/bash-5.0 -I../.. -I../../lib  -g -O2 -Wno-parentheses -Wno-format-security  shell.c
x86_64-lfs-linux-gnu-gcc  -DPROGRAM='"bash"' -DCONF_HOSTTYPE='"x86_64"' -DCONF_OSTYPE='"linux-gnu"' -DCONF_MACHTYPE='"x86_64-lfs-linux-gnu"' -DCONF_VENDOR='"lfs"' -DLOCALEDIR='"/usr/share/locale"' -DPACKAGE='"bash"' -DSHELL -DHAVE_CONFIG_H   -I.  -I. -I./include -I./lib    -g -O2 -Wno-parentheses -Wno-format-security -c y.tab.c
rm -f savestring.o
x86_64-lfs-linux-gnu-gcc -c -DHAVE_CONFIG_H -DSHELL   -I. -I/tmp/tmp.pH2Xn19xa1/bash-5.0 -I../.. -I../../lib  -g -O2 -Wno-parentheses -Wno-format-security  savestring.c
rm -f shopt.c
rm -f mbutil.o
rm -f tilde.o
x86_64-lfs-linux-gnu-gcc -c -DHAVE_CONFIG_H -DSHELL   -I. -I/tmp/tmp.pH2Xn19xa1/bash-5.0 -I../.. -I../../lib  -g -O2 -Wno-parentheses -Wno-format-security  mbutil.c
rm -f complete.c
rm -f colors.o
x86_64-lfs-linux-gnu-gcc -DHAVE_CONFIG_H -DSHELL   -I. -I/tmp/tmp.pH2Xn19xa1/bash-5.0 -I../.. -I../../lib  -g -O2 -Wno-parentheses -Wno-format-security  -DREADLINE_LIBRARY -c ./tilde.c
x86_64-lfs-linux-gnu-gcc -c -DHAVE_CONFIG_H -DSHELL   -I. -I/tmp/tmp.pH2Xn19xa1/bash-5.0 -I../.. -I../../lib  -g -O2 -Wno-parentheses -Wno-format-security  colors.c
rm -f parse-colors.o
x86_64-lfs-linux-gnu-gcc -c -DHAVE_CONFIG_H -DSHELL   -I. -I/tmp/tmp.pH2Xn19xa1/bash-5.0 -I../.. -I../../lib  -g -O2 -Wno-parentheses -Wno-format-security  parse-colors.c
rm -f xmalloc.o
rm -f xfree.o
x86_64-lfs-linux-gnu-gcc -c -DHAVE_CONFIG_H -DSHELL   -I. -I/tmp/tmp.pH2Xn19xa1/bash-5.0 -I../.. -I../../lib  -g -O2 -Wno-parentheses -Wno-format-security  xmalloc.c
x86_64-lfs-linux-gnu-gcc -c -DHAVE_CONFIG_H -DSHELL   -I. -I/tmp/tmp.pH2Xn19xa1/bash-5.0 -I../.. -I../../lib  -g -O2 -Wno-parentheses -Wno-format-security  xfree.c
rm -f compat.o
x86_64-lfs-linux-gnu-gcc -c -DHAVE_CONFIG_H -DSHELL   -I. -I/tmp/tmp.pH2Xn19xa1/bash-5.0 -I../.. -I../../lib  -g -O2 -Wno-parentheses -Wno-format-security  compat.c
rm -f -f libglob.a
x86_64-lfs-linux-gnu-ar cr libglob.a glob.o strmatch.o smatch.o xmbsrtowcs.o gmisc.o
test -n "x86_64-lfs-linux-gnu-ranlib" && x86_64-lfs-linux-gnu-ranlib libglob.a
make[1]: Leaving directory '/tmp/tmp.pH2Xn19xa1/bash-5.0/lib/glob'
rm -f printf.c
rm -f libreadline.a
x86_64-lfs-linux-gnu-ar cr libreadline.a readline.o vi_mode.o funmap.o keymaps.o parens.o search.o rltty.o complete.o bind.o isearch.o display.o signals.o util.o kill.o undo.o macro.o input.o callback.o terminal.o text.o nls.o misc.o history.o histexpand.o histfile.o histsearch.o shell.o savestring.o mbutil.o tilde.o colors.o parse-colors.o xmalloc.o xfree.o compat.o 
test -n "x86_64-lfs-linux-gnu-ranlib" && x86_64-lfs-linux-gnu-ranlib libreadline.a
make[1]: Leaving directory '/tmp/tmp.pH2Xn19xa1/bash-5.0/lib/readline'
making lib/readline/libhistory.a in ./lib/readline
make[1]: warning: -j8 forced in submake: resetting jobserver mode.
make[1]: Entering directory '/tmp/tmp.pH2Xn19xa1/bash-5.0/lib/readline'
rm -f libhistory.a
x86_64-lfs-linux-gnu-ar cr libhistory.a history.o histexpand.o histfile.o histsearch.o shell.o savestring.o mbutil.o xmalloc.o xfree.o
test -n "x86_64-lfs-linux-gnu-ranlib" && x86_64-lfs-linux-gnu-ranlib libhistory.a
make[1]: Leaving directory '/tmp/tmp.pH2Xn19xa1/bash-5.0/lib/readline'
rm -f ulimit.o
./mkbuiltins -D . ulimit.def
x86_64-lfs-linux-gnu-gcc -c   -DHAVE_CONFIG_H -DSHELL  -I. -I..  -I.. -I../include -I../lib -I.    -g -O2 -Wno-parentheses -Wno-format-security ulimit.c || ( rm -f ulimit.c ; exit 1 )
rm -f ulimit.c
rm -f libbuiltins.a
x86_64-lfs-linux-gnu-ar cr libbuiltins.a builtins.o alias.o bind.o break.o builtin.o caller.o cd.o colon.o command.o common.o declare.o echo.o enable.o eval.o evalfile.o evalstring.o exec.o exit.o fc.o fg_bg.o hash.o help.o history.o jobs.o kill.o let.o mapfile.o pushd.o read.o return.o set.o setattr.o shift.o source.o suspend.o test.o times.o trap.o type.o ulimit.o umask.o wait.o getopts.o shopt.o printf.o getopt.o bashgetopt.o complete.o
x86_64-lfs-linux-gnu-ranlib libbuiltins.a
make[1]: Leaving directory '/tmp/tmp.pH2Xn19xa1/bash-5.0/builtins'
rm -f bash
x86_64-lfs-linux-gnu-gcc -L./builtins -L./lib/readline -L./lib/readline -L./lib/glob -L./lib/tilde  -L./lib/sh  -rdynamic -g -O2 -Wno-parentheses -Wno-format-security   -o bash shell.o eval.o y.tab.o general.o make_cmd.o print_cmd.o  dispose_cmd.o execute_cmd.o variables.o copy_cmd.o error.o expr.o flags.o jobs.o subst.o hashcmd.o hashlib.o mailcheck.o trap.o input.o unwind_prot.o pathexp.o sig.o test.o version.o alias.o array.o arrayfunc.o assoc.o braces.o bracecomp.o bashhist.o bashline.o  list.o stringlib.o locale.o findcmd.o redir.o pcomplete.o pcomplib.o syntax.o xmalloc.o signames.o -lbuiltins -lglob -lsh -lreadline -lhistory -lncurses -ltilde     -ldl 
/mnt/lfs/tools/lib/gcc/x86_64-lfs-linux-gnu/10.2.0/../../../../x86_64-lfs-linux-gnu/bin/ld: ./lib/sh/libsh.a(tmpfile.o): in function `sh_mktmpname':
/tmp/tmp.pH2Xn19xa1/bash-5.0/lib/sh/tmpfile.c:152: warning: the use of `mktemp' is dangerous, better use `mkstemp' or `mkdtemp'
ls -l bash
-rwxr-xr-x 1 lfs lfs 4825728 Dec  8 23:10 bash
x86_64-lfs-linux-gnu-size bash
   text	   data	    bss	    dec	    hex	filename
1096426	  36180	  41184	1173790	 11e91e	bash

	  ***********************************************************
	  *                                                         *
	  * GNU bash, version 5.0.0(1)-release (x86_64-lfs-linux-gnu)
	  *                                                         *
mkdir -p -- /mnt/lfs/usr/share/doc/bash
	  ***********************************************************
( cd ./po/ ; make -j8 --jobserver-auth=3,4 DESTDIR=/mnt/lfs installdirs )

make[1]: warning: -j8 forced in submake: resetting jobserver mode.
make[1]: Entering directory '/tmp/tmp.pH2Xn19xa1/bash-5.0/po'
/bin/sh /tmp/tmp.pH2Xn19xa1/bash-5.0/./support/mkinstalldirs /mnt/lfs/usr/share
mkdir -p -- /mnt/lfs/usr/share/locale/en@quot/LC_MESSAGES
mkdir -p -- /mnt/lfs/usr/share/locale/en@boldquot/LC_MESSAGES
mkdir -p -- /mnt/lfs/usr/share/locale/af/LC_MESSAGES
mkdir -p -- /mnt/lfs/usr/share/locale/et/LC_MESSAGES
mkdir -p -- /mnt/lfs/usr/share/locale/ga/LC_MESSAGES
mkdir -p -- /mnt/lfs/usr/share/locale/ro/LC_MESSAGES
mkdir -p -- /mnt/lfs/usr/share/locale/sr/LC_MESSAGES
if test "bash" = "gettext-tools"; then \
  /bin/sh /tmp/tmp.pH2Xn19xa1/bash-5.0/./support/mkinstalldirs /mnt/lfs/usr/share/gettext/po; \
else \
  : ; \
fi
make[1]: Leaving directory '/tmp/tmp.pH2Xn19xa1/bash-5.0/po'
/usr/bin/install -c -m 0755 bash /mnt/lfs/usr/bin/bash
/usr/bin/install -c -m 0555 bashbug /mnt/lfs/usr/bin/bashbug
/usr/bin/install -c -m 644 ./CHANGES ./COMPAT ./NEWS ./POSIX ./RBASH ./README /mnt/lfs/usr/share/doc/bash
( cd ./doc ; make -j8 --jobserver-auth=3,4 \
	man1dir=/usr/share/man/man1 man1ext=.1 \
	man3dir=/usr/share/man/man3 man3ext=.3 \
	infodir=/usr/share/info htmldir=/usr/share/doc/bash DESTDIR=/mnt/lfs install )
make[1]: warning: -j8 forced in submake: resetting jobserver mode.
make[1]: Entering directory '/tmp/tmp.pH2Xn19xa1/bash-5.0/doc'
/bin/sh ../support/mkinstalldirs /mnt/lfs/usr/share/man/man1
/bin/sh ../support/mkinstalldirs /mnt/lfs/usr/share/info
/bin/sh ../support/mkinstalldirs /mnt/lfs/usr/share/doc/bash
if test -n "/usr/share/doc/bash" ; then \
	/bin/sh ../support/mkinstalldirs /mnt/lfs/usr/share/doc/bash ; \
fi
/usr/bin/install -c -m 644 ./bash.1 /mnt/lfs/usr/share/man/man1/bash.1
/usr/bin/install -c -m 644 ./bashbug.1 /mnt/lfs/usr/share/man/man1/bashbug.1
/usr/bin/install -c -m 644 ./FAQ ./INTRO /mnt/lfs/usr/share/doc/bash
if test -f bash.info; then d=.; else d=.; fi; \
  /usr/bin/install -c -m 644 $d/bash.info /mnt/lfs/usr/share/info/bash.info
if /bin/sh -c 'install-info --version' >/dev/null 2>&1; then \
	install-info --dir-file=/mnt/lfs/usr/share/info/dir /mnt/lfs/usr/share/info/bash.info; \
else true; fi
if test -n "/usr/share/doc/bash" ; then \
	/usr/bin/install -c -m 644 ./bash.html /mnt/lfs/usr/share/doc/bash ; \
	/usr/bin/install -c -m 644 ./bashref.html /mnt/lfs/usr/share/doc/bash ; \
fi
make[1]: Leaving directory '/tmp/tmp.pH2Xn19xa1/bash-5.0/doc'
( cd ./builtins ; make -j8 --jobserver-auth=3,4 DESTDIR=/mnt/lfs install )
make[1]: warning: -j8 forced in submake: resetting jobserver mode.
make[1]: Entering directory '/tmp/tmp.pH2Xn19xa1/bash-5.0/builtins'
make[1]: Nothing to be done for 'install'.
make[1]: Leaving directory '/tmp/tmp.pH2Xn19xa1/bash-5.0/builtins'
( cd ./po/ ; make -j8 --jobserver-auth=3,4 DESTDIR=/mnt/lfs install )
make[1]: warning: -j8 forced in submake: resetting jobserver mode.
make[1]: Entering directory '/tmp/tmp.pH2Xn19xa1/bash-5.0/po'
test -z "en@quot.gmo en@boldquot.gmo af.gmo bg.gmo ca.gmo cs.gmo da.gmo de.gmo el.gmo eo.gmo es.gmo et.gmo fi.gmo fr.gmo ga.gmo gl.gmo hr.gmo hu.gmo id.gmo it.gmo ja.gmo lt.gmo nb.gmo nl.gmo pl.gmo pt.gmo pt_BR.gmo ro.gmo ru.gmo sk.gmo sl.gmo sr.gmo sv.gmo tr.gmo uk.gmo vi.gmo zh_CN.gmo zh_TW.gmo" || make en@quot.gmo en@boldquot.gmo af.gmo bg.gmo ca.gmo cs.gmo da.gmo de.gmo el.gmo eo.gmo es.gmo et.gmo fi.gmo fr.gmo ga.gmo gl.gmo hr.gmo hu.gmo id.gmo it.gmo ja.gmo lt.gmo nb.gmo nl.gmo pl.gmo pt.gmo pt_BR.gmo ro.gmo ru.gmo sk.gmo sl.gmo sr.gmo sv.gmo tr.gmo uk.gmo vi.gmo zh_CN.gmo zh_TW.gmo
make[2]: Entering directory '/tmp/tmp.pH2Xn19xa1/bash-5.0/po'
make[2]: 'en@quot.gmo' is up to date.
make[2]: 'en@boldquot.gmo' is up to date.
make[2]: 'af.gmo' is up to date.
make[2]: 'bg.gmo' is up to date.
make[2]: 'ca.gmo' is up to date.
make[2]: 'cs.gmo' is up to date.
make[2]: 'da.gmo' is up to date.
make[2]: 'de.gmo' is up to date.
make[2]: 'el.gmo' is up to date.
make[2]: 'eo.gmo' is up to date.
make[2]: 'es.gmo' is up to date.
make[2]: 'et.gmo' is up to date.
make[2]: 'fi.gmo' is up to date.
make[2]: 'fr.gmo' is up to date.
make[2]: 'ga.gmo' is up to date.
make[2]: 'gl.gmo' is up to date.
make[2]: 'hr.gmo' is up to date.
make[2]: 'hu.gmo' is up to date.
make[2]: 'id.gmo' is up to date.
make[2]: 'it.gmo' is up to date.
make[2]: 'ja.gmo' is up to date.
make[2]: 'lt.gmo' is up to date.
make[2]: 'nb.gmo' is up to date.
make[2]: 'nl.gmo' is up to date.
make[2]: 'pl.gmo' is up to date.
make[2]: 'pt.gmo' is up to date.
make[2]: 'pt_BR.gmo' is up to date.
make[2]: 'ro.gmo' is up to date.
make[2]: 'ru.gmo' is up to date.
make[2]: 'sk.gmo' is up to date.
make[2]: 'sl.gmo' is up to date.
make[2]: 'sr.gmo' is up to date.
make[2]: 'sv.gmo' is up to date.
make[2]: 'tr.gmo' is up to date.
make[2]: 'uk.gmo' is up to date.
make[2]: 'vi.gmo' is up to date.
make[2]: 'zh_CN.gmo' is up to date.
make[2]: 'zh_TW.gmo' is up to date.
make[2]: Leaving directory '/tmp/tmp.pH2Xn19xa1/bash-5.0/po'
touch stamp-po
/bin/sh /tmp/tmp.pH2Xn19xa1/bash-5.0/./support/mkinstalldirs /mnt/lfs/usr/share
installing en@quot.gmo as /mnt/lfs/usr/share/locale/en@quot/LC_MESSAGES/bash.mo
installing en@boldquot.gmo as /mnt/lfs/usr/share/locale/en@boldquot/LC_MESSAGES/bash.mo
installing af.gmo as /mnt/lfs/usr/share/locale/af/LC_MESSAGES/bash.mo
installing bg.gmo as /mnt/lfs/usr/share/locale/bg/LC_MESSAGES/bash.mo
installing ca.gmo as /mnt/lfs/usr/share/locale/ca/LC_MESSAGES/bash.mo
installing cs.gmo as /mnt/lfs/usr/share/locale/cs/LC_MESSAGES/bash.mo
installing da.gmo as /mnt/lfs/usr/share/locale/da/LC_MESSAGES/bash.mo
installing de.gmo as /mnt/lfs/usr/share/locale/de/LC_MESSAGES/bash.mo
installing el.gmo as /mnt/lfs/usr/share/locale/el/LC_MESSAGES/bash.mo
installing eo.gmo as /mnt/lfs/usr/share/locale/eo/LC_MESSAGES/bash.mo
installing es.gmo as /mnt/lfs/usr/share/locale/es/LC_MESSAGES/bash.mo
installing et.gmo as /mnt/lfs/usr/share/locale/et/LC_MESSAGES/bash.mo
installing fi.gmo as /mnt/lfs/usr/share/locale/fi/LC_MESSAGES/bash.mo
installing fr.gmo as /mnt/lfs/usr/share/locale/fr/LC_MESSAGES/bash.mo
installing ga.gmo as /mnt/lfs/usr/share/locale/ga/LC_MESSAGES/bash.mo
installing gl.gmo as /mnt/lfs/usr/share/locale/gl/LC_MESSAGES/bash.mo
installing hr.gmo as /mnt/lfs/usr/share/locale/hr/LC_MESSAGES/bash.mo
installing hu.gmo as /mnt/lfs/usr/share/locale/hu/LC_MESSAGES/bash.mo
installing id.gmo as /mnt/lfs/usr/share/locale/id/LC_MESSAGES/bash.mo
installing it.gmo as /mnt/lfs/usr/share/locale/it/LC_MESSAGES/bash.mo
installing ja.gmo as /mnt/lfs/usr/share/locale/ja/LC_MESSAGES/bash.mo
installing lt.gmo as /mnt/lfs/usr/share/locale/lt/LC_MESSAGES/bash.mo
installing nb.gmo as /mnt/lfs/usr/share/locale/nb/LC_MESSAGES/bash.mo
installing nl.gmo as /mnt/lfs/usr/share/locale/nl/LC_MESSAGES/bash.mo
installing pl.gmo as /mnt/lfs/usr/share/locale/pl/LC_MESSAGES/bash.mo
installing pt.gmo as /mnt/lfs/usr/share/locale/pt/LC_MESSAGES/bash.mo
installing pt_BR.gmo as /mnt/lfs/usr/share/locale/pt_BR/LC_MESSAGES/bash.mo
installing ro.gmo as /mnt/lfs/usr/share/locale/ro/LC_MESSAGES/bash.mo
installing ru.gmo as /mnt/lfs/usr/share/locale/ru/LC_MESSAGES/bash.mo
installing sk.gmo as /mnt/lfs/usr/share/locale/sk/LC_MESSAGES/bash.mo
installing sl.gmo as /mnt/lfs/usr/share/locale/sl/LC_MESSAGES/bash.mo
installing sr.gmo as /mnt/lfs/usr/share/locale/sr/LC_MESSAGES/bash.mo
installing sv.gmo as /mnt/lfs/usr/share/locale/sv/LC_MESSAGES/bash.mo
installing tr.gmo as /mnt/lfs/usr/share/locale/tr/LC_MESSAGES/bash.mo
installing uk.gmo as /mnt/lfs/usr/share/locale/uk/LC_MESSAGES/bash.mo
installing vi.gmo as /mnt/lfs/usr/share/locale/vi/LC_MESSAGES/bash.mo
installing zh_CN.gmo as /mnt/lfs/usr/share/locale/zh_CN/LC_MESSAGES/bash.mo
installing zh_TW.gmo as /mnt/lfs/usr/share/locale/zh_TW/LC_MESSAGES/bash.mo
if test "bash" = "gettext-tools"; then \
  /bin/sh /tmp/tmp.pH2Xn19xa1/bash-5.0/./support/mkinstalldirs /mnt/lfs/usr/share/gettext/po; \
  for file in Makefile.in.in remove-potcdate.sin quot.sed boldquot.sed en@quot.header en@boldquot.header insert-header.sin Rules-quot   Makevars.template; do \
    /usr/bin/install -c -m 644 ./$file \
		    /mnt/lfs/usr/share/gettext/po/$file; \
  done; \
  for file in Makevars; do \
    rm -f /mnt/lfs/usr/share/gettext/po/$file; \
  done; \
else \
  : ; \
fi
make[1]: Leaving directory '/tmp/tmp.pH2Xn19xa1/bash-5.0/po'
( cd /tmp/tmp.pH2Xn19xa1/bash-5.0/examples/loadables && make -j8 --jobserver-auth=3,4 DESTDIR=/mnt/lfs install )
make[1]: warning: -j8 forced in submake: resetting jobserver mode.
make[1]: Entering directory '/tmp/tmp.pH2Xn19xa1/bash-5.0/examples/loadables'
x86_64-lfs-linux-gnu-gcc -fPIC -DHAVE_CONFIG_H -DSHELL  -g -O2 -Wno-parentheses -Wno-format-security -I. -I.. -I../.. -I../../lib -I../../builtins -I. -I../../include -I/tmp/tmp.pH2Xn19xa1/bash-5.0 -I/tmp/tmp.pH2Xn19xa1/bash-5.0/lib -I/tmp/tmp.pH2Xn19xa1/bash-5.0/builtins  -c -o print.o print.c
x86_64-lfs-linux-gnu-gcc -fPIC -DHAVE_CONFIG_H -DSHELL  -g -O2 -Wno-parentheses -Wno-format-security -I. -I.. -I../.. -I../../lib -I../../builtins -I. -I../../include -I/tmp/tmp.pH2Xn19xa1/bash-5.0 -I/tmp/tmp.pH2Xn19xa1/bash-5.0/lib -I/tmp/tmp.pH2Xn19xa1/bash-5.0/builtins  -c -o truefalse.o truefalse.c
x86_64-lfs-linux-gnu-gcc -fPIC -DHAVE_CONFIG_H -DSHELL  -g -O2 -Wno-parentheses -Wno-format-security -I. -I.. -I../.. -I../../lib -I../../builtins -I. -I../../include -I/tmp/tmp.pH2Xn19xa1/bash-5.0 -I/tmp/tmp.pH2Xn19xa1/bash-5.0/lib -I/tmp/tmp.pH2Xn19xa1/bash-5.0/builtins  -c -o sleep.o sleep.c
x86_64-lfs-linux-gnu-gcc -fPIC -DHAVE_CONFIG_H -DSHELL  -g -O2 -Wno-parentheses -Wno-format-security -I. -I.. -I../.. -I../../lib -I../../builtins -I. -I../../include -I/tmp/tmp.pH2Xn19xa1/bash-5.0 -I/tmp/tmp.pH2Xn19xa1/bash-5.0/lib -I/tmp/tmp.pH2Xn19xa1/bash-5.0/builtins  -c -o finfo.o finfo.c
x86_64-lfs-linux-gnu-gcc -fPIC -DHAVE_CONFIG_H -DSHELL  -g -O2 -Wno-parentheses -Wno-format-security -I. -I.. -I../.. -I../../lib -I../../builtins -I. -I../../include -I/tmp/tmp.pH2Xn19xa1/bash-5.0 -I/tmp/tmp.pH2Xn19xa1/bash-5.0/lib -I/tmp/tmp.pH2Xn19xa1/bash-5.0/builtins  -c -o logname.o logname.c
x86_64-lfs-linux-gnu-gcc -fPIC -DHAVE_CONFIG_H -DSHELL  -g -O2 -Wno-parentheses -Wno-format-security -I. -I.. -I../.. -I../../lib -I../../builtins -I. -I../../include -I/tmp/tmp.pH2Xn19xa1/bash-5.0 -I/tmp/tmp.pH2Xn19xa1/bash-5.0/lib -I/tmp/tmp.pH2Xn19xa1/bash-5.0/builtins  -c -o basename.o basename.c
x86_64-lfs-linux-gnu-gcc -fPIC -DHAVE_CONFIG_H -DSHELL  -g -O2 -Wno-parentheses -Wno-format-security -I. -I.. -I../.. -I../../lib -I../../builtins -I. -I../../include -I/tmp/tmp.pH2Xn19xa1/bash-5.0 -I/tmp/tmp.pH2Xn19xa1/bash-5.0/lib -I/tmp/tmp.pH2Xn19xa1/bash-5.0/builtins  -c -o dirname.o dirname.c
x86_64-lfs-linux-gnu-gcc -fPIC -DHAVE_CONFIG_H -DSHELL  -g -O2 -Wno-parentheses -Wno-format-security -I. -I.. -I../.. -I../../lib -I../../builtins -I. -I../../include -I/tmp/tmp.pH2Xn19xa1/bash-5.0 -I/tmp/tmp.pH2Xn19xa1/bash-5.0/lib -I/tmp/tmp.pH2Xn19xa1/bash-5.0/builtins  -c -o fdflags.o fdflags.c
finfo.c: In function 'printst':
finfo.c:277:7: warning: implicit declaration of function 'major' [-Wimplicit-function-declaration]
  277 |  ma = major (st->st_rdev);
      |       ^~~~~
finfo.c:278:7: warning: implicit declaration of function 'minor' [-Wimplicit-function-declaration]
  278 |  mi = minor (st->st_rdev);
      |       ^~~~~
x86_64-lfs-linux-gnu-gcc -fPIC -DHAVE_CONFIG_H -DSHELL  -g -O2 -Wno-parentheses -Wno-format-security -I. -I.. -I../.. -I../../lib -I../../builtins -I. -I../../include -I/tmp/tmp.pH2Xn19xa1/bash-5.0 -I/tmp/tmp.pH2Xn19xa1/bash-5.0/lib -I/tmp/tmp.pH2Xn19xa1/bash-5.0/builtins  -c -o tty.o tty.c
x86_64-lfs-linux-gnu-gcc -fPIC -DHAVE_CONFIG_H -DSHELL  -g -O2 -Wno-parentheses -Wno-format-security -I. -I.. -I../.. -I../../lib -I../../builtins -I. -I../../include -I/tmp/tmp.pH2Xn19xa1/bash-5.0 -I/tmp/tmp.pH2Xn19xa1/bash-5.0/lib -I/tmp/tmp.pH2Xn19xa1/bash-5.0/builtins  -c -o pathchk.o pathchk.c
x86_64-lfs-linux-gnu-gcc -fPIC -DHAVE_CONFIG_H -DSHELL  -g -O2 -Wno-parentheses -Wno-format-security -I. -I.. -I../.. -I../../lib -I../../builtins -I. -I../../include -I/tmp/tmp.pH2Xn19xa1/bash-5.0 -I/tmp/tmp.pH2Xn19xa1/bash-5.0/lib -I/tmp/tmp.pH2Xn19xa1/bash-5.0/builtins  -c -o tee.o tee.c
x86_64-lfs-linux-gnu-gcc -fPIC -DHAVE_CONFIG_H -DSHELL  -g -O2 -Wno-parentheses -Wno-format-security -I. -I.. -I../.. -I../../lib -I../../builtins -I. -I../../include -I/tmp/tmp.pH2Xn19xa1/bash-5.0 -I/tmp/tmp.pH2Xn19xa1/bash-5.0/lib -I/tmp/tmp.pH2Xn19xa1/bash-5.0/builtins  -c -o head.o head.c
x86_64-lfs-linux-gnu-gcc -fPIC -DHAVE_CONFIG_H -DSHELL  -g -O2 -Wno-parentheses -Wno-format-security -I. -I.. -I../.. -I../../lib -I../../builtins -I. -I../../include -I/tmp/tmp.pH2Xn19xa1/bash-5.0 -I/tmp/tmp.pH2Xn19xa1/bash-5.0/lib -I/tmp/tmp.pH2Xn19xa1/bash-5.0/builtins  -c -o mkdir.o mkdir.c
x86_64-lfs-linux-gnu-gcc -fPIC -DHAVE_CONFIG_H -DSHELL  -g -O2 -Wno-parentheses -Wno-format-security -I. -I.. -I../.. -I../../lib -I../../builtins -I. -I../../include -I/tmp/tmp.pH2Xn19xa1/bash-5.0 -I/tmp/tmp.pH2Xn19xa1/bash-5.0/lib -I/tmp/tmp.pH2Xn19xa1/bash-5.0/builtins  -c -o rmdir.o rmdir.c
x86_64-lfs-linux-gnu-gcc -fPIC -DHAVE_CONFIG_H -DSHELL  -g -O2 -Wno-parentheses -Wno-format-security -I. -I.. -I../.. -I../../lib -I../../builtins -I. -I../../include -I/tmp/tmp.pH2Xn19xa1/bash-5.0 -I/tmp/tmp.pH2Xn19xa1/bash-5.0/lib -I/tmp/tmp.pH2Xn19xa1/bash-5.0/builtins  -c -o printenv.o printenv.c
x86_64-lfs-linux-gnu-gcc -fPIC -DHAVE_CONFIG_H -DSHELL  -g -O2 -Wno-parentheses -Wno-format-security -I. -I.. -I../.. -I../../lib -I../../builtins -I. -I../../include -I/tmp/tmp.pH2Xn19xa1/bash-5.0 -I/tmp/tmp.pH2Xn19xa1/bash-5.0/lib -I/tmp/tmp.pH2Xn19xa1/bash-5.0/builtins  -c -o id.o id.c
x86_64-lfs-linux-gnu-gcc -fPIC -DHAVE_CONFIG_H -DSHELL  -g -O2 -Wno-parentheses -Wno-format-security -I. -I.. -I../.. -I../../lib -I../../builtins -I. -I../../include -I/tmp/tmp.pH2Xn19xa1/bash-5.0 -I/tmp/tmp.pH2Xn19xa1/bash-5.0/lib -I/tmp/tmp.pH2Xn19xa1/bash-5.0/builtins  -c -o whoami.o whoami.c
x86_64-lfs-linux-gnu-gcc -fPIC -DHAVE_CONFIG_H -DSHELL  -g -O2 -Wno-parentheses -Wno-format-security -I. -I.. -I../.. -I../../lib -I../../builtins -I. -I../../include -I/tmp/tmp.pH2Xn19xa1/bash-5.0 -I/tmp/tmp.pH2Xn19xa1/bash-5.0/lib -I/tmp/tmp.pH2Xn19xa1/bash-5.0/builtins  -c -o uname.o uname.c
x86_64-lfs-linux-gnu-gcc -fPIC -DHAVE_CONFIG_H -DSHELL  -g -O2 -Wno-parentheses -Wno-format-security -I. -I.. -I../.. -I../../lib -I../../builtins -I. -I../../include -I/tmp/tmp.pH2Xn19xa1/bash-5.0 -I/tmp/tmp.pH2Xn19xa1/bash-5.0/lib -I/tmp/tmp.pH2Xn19xa1/bash-5.0/builtins  -c -o sync.o sync.c
x86_64-lfs-linux-gnu-gcc -fPIC -DHAVE_CONFIG_H -DSHELL  -g -O2 -Wno-parentheses -Wno-format-security -I. -I.. -I../.. -I../../lib -I../../builtins -I. -I../../include -I/tmp/tmp.pH2Xn19xa1/bash-5.0 -I/tmp/tmp.pH2Xn19xa1/bash-5.0/lib -I/tmp/tmp.pH2Xn19xa1/bash-5.0/builtins  -c -o push.o push.c
x86_64-lfs-linux-gnu-gcc -fPIC -DHAVE_CONFIG_H -DSHELL  -g -O2 -Wno-parentheses -Wno-format-security -I. -I.. -I../.. -I../../lib -I../../builtins -I. -I../../include -I/tmp/tmp.pH2Xn19xa1/bash-5.0 -I/tmp/tmp.pH2Xn19xa1/bash-5.0/lib -I/tmp/tmp.pH2Xn19xa1/bash-5.0/builtins  -c -o ln.o ln.c
x86_64-lfs-linux-gnu-gcc -fPIC -DHAVE_CONFIG_H -DSHELL  -g -O2 -Wno-parentheses -Wno-format-security -I. -I.. -I../.. -I../../lib -I../../builtins -I. -I../../include -I/tmp/tmp.pH2Xn19xa1/bash-5.0 -I/tmp/tmp.pH2Xn19xa1/bash-5.0/lib -I/tmp/tmp.pH2Xn19xa1/bash-5.0/builtins  -c -o unlink.o unlink.c
x86_64-lfs-linux-gnu-gcc -fPIC -DHAVE_CONFIG_H -DSHELL  -g -O2 -Wno-parentheses -Wno-format-security -I. -I.. -I../.. -I../../lib -I../../builtins -I. -I../../include -I/tmp/tmp.pH2Xn19xa1/bash-5.0 -I/tmp/tmp.pH2Xn19xa1/bash-5.0/lib -I/tmp/tmp.pH2Xn19xa1/bash-5.0/builtins  -c -o realpath.o realpath.c
x86_64-lfs-linux-gnu-gcc -fPIC -DHAVE_CONFIG_H -DSHELL  -g -O2 -Wno-parentheses -Wno-format-security -I. -I.. -I../.. -I../../lib -I../../builtins -I. -I../../include -I/tmp/tmp.pH2Xn19xa1/bash-5.0 -I/tmp/tmp.pH2Xn19xa1/bash-5.0/lib -I/tmp/tmp.pH2Xn19xa1/bash-5.0/builtins  -c -o strftime.o strftime.c
x86_64-lfs-linux-gnu-gcc -fPIC -DHAVE_CONFIG_H -DSHELL  -g -O2 -Wno-parentheses -Wno-format-security -I. -I.. -I../.. -I../../lib -I../../builtins -I. -I../../include -I/tmp/tmp.pH2Xn19xa1/bash-5.0 -I/tmp/tmp.pH2Xn19xa1/bash-5.0/lib -I/tmp/tmp.pH2Xn19xa1/bash-5.0/builtins  -c -o mypid.o mypid.c
x86_64-lfs-linux-gnu-gcc -fPIC -DHAVE_CONFIG_H -DSHELL  -g -O2 -Wno-parentheses -Wno-format-security -I. -I.. -I../.. -I../../lib -I../../builtins -I. -I../../include -I/tmp/tmp.pH2Xn19xa1/bash-5.0 -I/tmp/tmp.pH2Xn19xa1/bash-5.0/lib -I/tmp/tmp.pH2Xn19xa1/bash-5.0/builtins  -c -o setpgid.o setpgid.c
x86_64-lfs-linux-gnu-gcc -fPIC -DHAVE_CONFIG_H -DSHELL  -g -O2 -Wno-parentheses -Wno-format-security -I. -I.. -I../.. -I../../lib -I../../builtins -I. -I../../include -I/tmp/tmp.pH2Xn19xa1/bash-5.0 -I/tmp/tmp.pH2Xn19xa1/bash-5.0/lib -I/tmp/tmp.pH2Xn19xa1/bash-5.0/builtins  -c -o seq.o seq.c
mkdir -p -- /mnt/lfs/usr/lib/bash
x86_64-lfs-linux-gnu-gcc -shared -Wl,-soname,print   -o print print.o 
x86_64-lfs-linux-gnu-gcc -shared -Wl,-soname,truefalse   -o truefalse truefalse.o 
x86_64-lfs-linux-gnu-gcc -shared -Wl,-soname,sleep   -o sleep sleep.o 
x86_64-lfs-linux-gnu-gcc -shared -Wl,-soname,finfo   -o finfo finfo.o 
x86_64-lfs-linux-gnu-gcc -shared -Wl,-soname,logname   -o logname logname.o 
x86_64-lfs-linux-gnu-gcc -shared -Wl,-soname,basename   -o basename basename.o 
x86_64-lfs-linux-gnu-gcc -shared -Wl,-soname,dirname   -o dirname dirname.o 
x86_64-lfs-linux-gnu-gcc -shared -Wl,-soname,fdflags   -o fdflags fdflags.o 
x86_64-lfs-linux-gnu-gcc -shared -Wl,-soname,tty   -o tty tty.o 
x86_64-lfs-linux-gnu-gcc -shared -Wl,-soname,pathchk   -o pathchk pathchk.o 
x86_64-lfs-linux-gnu-gcc -shared -Wl,-soname,tee   -o tee tee.o 
x86_64-lfs-linux-gnu-gcc -shared -Wl,-soname,head   -o head head.o 
x86_64-lfs-linux-gnu-gcc -shared -Wl,-soname,mkdir   -o mkdir mkdir.o 
x86_64-lfs-linux-gnu-gcc -shared -Wl,-soname,rmdir   -o rmdir rmdir.o 
x86_64-lfs-linux-gnu-gcc -shared -Wl,-soname,printenv   -o printenv printenv.o 
x86_64-lfs-linux-gnu-gcc -shared -Wl,-soname,id   -o id id.o 
x86_64-lfs-linux-gnu-gcc -shared -Wl,-soname,whoami   -o whoami whoami.o 
x86_64-lfs-linux-gnu-gcc -shared -Wl,-soname,uname   -o uname uname.o 
x86_64-lfs-linux-gnu-gcc -shared -Wl,-soname,sync   -o sync sync.o 
x86_64-lfs-linux-gnu-gcc -shared -Wl,-soname,push   -o push push.o 
x86_64-lfs-linux-gnu-gcc -shared -Wl,-soname,ln   -o ln ln.o 
x86_64-lfs-linux-gnu-gcc -shared -Wl,-soname,unlink   -o unlink unlink.o 
x86_64-lfs-linux-gnu-gcc -shared -Wl,-soname,realpath   -o realpath realpath.o 
x86_64-lfs-linux-gnu-gcc -shared -Wl,-soname,strftime   -o strftime strftime.o 
x86_64-lfs-linux-gnu-gcc -shared -Wl,-soname,mypid   -o mypid mypid.o 
x86_64-lfs-linux-gnu-gcc -shared -Wl,-soname,setpgid   -o setpgid setpgid.o 
make[2]: Entering directory '/tmp/tmp.pH2Xn19xa1/bash-5.0'
make[2]: warning: -j8 forced in submake: resetting jobserver mode.
mkdir -p -- /mnt/lfs/usr/include/bash
mkdir -p -- /mnt/lfs/usr/include/bash/builtins
mkdir -p -- /mnt/lfs/usr/include/bash/include
mkdir -p -- /mnt/lfs/usr/lib/pkgconfig
x86_64-lfs-linux-gnu-gcc -shared -Wl,-soname,seq   -o seq seq.o 
/usr/bin/install -c -m 644 ./support/bash.pc /mnt/lfs/usr/lib/pkgconfig/bash.pc
make[2]: Leaving directory '/tmp/tmp.pH2Xn19xa1/bash-5.0'
installing example loadable builtins in /mnt/lfs/usr/lib/bash
print
truefalse
sleep
finfo
logname
basename
dirname
fdflags
tty
pathchk
tee
head
mkdir
rmdir
printenv
id
whoami
uname
sync
push
ln
unlink
realpath
strftime
mypid
setpgid
seq
make[1]: Leaving directory '/tmp/tmp.pH2Xn19xa1/bash-5.0/examples/loadables'
'/mnt/lfs/bin/sh' -> 'bash'

real	0m27.540s
user	1m15.713s
sys	0m11.566s
