checking for a BSD-compatible install... /usr/bin/install -c
checking whether build environment is sane... yes
checking for x86_64-lfs-linux-gnu-strip... x86_64-lfs-linux-gnu-strip
checking for a thread-safe mkdir -p... /usr/bin/mkdir -p
checking for gawk... gawk
checking whether make sets $(MAKE)... yes
checking whether make supports nested variables... yes
checking whether make supports nested variables... (cached) yes
checking build system type... x86_64-pc-linux-gnu
checking host system type... x86_64-lfs-linux-gnu
checking for leaf optimisation... yes
checking for x86_64-lfs-linux-gnu-gcc... x86_64-lfs-linux-gnu-gcc
checking whether the C compiler works... yes
checking for C compiler default output file name... a.out
checking for suffix of executables... 
checking whether we are cross compiling... yes
checking for suffix of object files... o
checking whether we are using the GNU C compiler... yes
checking whether x86_64-lfs-linux-gnu-gcc accepts -g... yes
checking for x86_64-lfs-linux-gnu-gcc option to accept ISO C89... none needed
checking whether x86_64-lfs-linux-gnu-gcc understands -c and -o together... yes
checking whether make supports the include directive... yes (GNU style)
checking dependency style of x86_64-lfs-linux-gnu-gcc... gcc3
checking how to run the C preprocessor... x86_64-lfs-linux-gnu-gcc -E
checking for grep that handles long lines and -e... /usr/bin/grep
checking for egrep... /usr/bin/grep -E
checking for ANSI C header files... yes
checking for sys/types.h... yes
checking for sys/stat.h... yes
checking for stdlib.h... yes
checking for string.h... yes
checking for memory.h... yes
checking for strings.h... yes
checking for inttypes.h... yes
checking for stdint.h... yes
checking for unistd.h... yes
checking minix/config.h usability... no
checking minix/config.h presence... no
checking for minix/config.h... no
checking whether it is safe to define __EXTENSIONS__... yes
checking whether _XOPEN_SOURCE should be defined... no
checking for Minix Amsterdam compiler... no
checking for x86_64-lfs-linux-gnu-ar... x86_64-lfs-linux-gnu-ar
checking for x86_64-lfs-linux-gnu-ranlib... x86_64-lfs-linux-gnu-ranlib
checking for _LARGEFILE_SOURCE value needed for large files... no
checking for special C compiler options needed for large files... no
checking for _FILE_OFFSET_BITS value needed for large files... no
checking for x86_64-lfs-linux-gnu-gcc option to accept ISO C99... none needed
checking for x86_64-lfs-linux-gnu-gcc option to accept ISO Standard C... (cached) none needed
checking whether ln -s works... yes
checking for x86_64-lfs-linux-gnu-ar... (cached) x86_64-lfs-linux-gnu-ar
checking for x86_64-lfs-linux-gnu-ranlib... (cached) x86_64-lfs-linux-gnu-ranlib
checking whether make sets $(MAKE)... (cached) yes
checking for special C compiler options needed for large files... (cached) no
checking for _FILE_OFFSET_BITS value needed for large files... (cached) no
checking for size_t... yes
checking for working alloca.h... yes
checking for alloca... yes
checking whether <wchar.h> uses 'inline' correctly... yes
checking for btowc... yes
checking for canonicalize_file_name... yes
checking for realpath... yes
checking for readlinkat... yes
checking for _set_invalid_parameter_handler... no
checking for fchdir... yes
checking for fdopendir... yes
checking for faccessat... yes
checking for fcntl... yes
checking for symlink... yes
checking for mempcpy... yes
checking for fnmatch... yes
checking for isblank... yes
checking for iswctype... yes
checking for mbsrtowcs... yes
checking for wmemchr... yes
checking for wmemcpy... yes
checking for wmempcpy... yes
checking for fpurge... no
checking for __fpurge... yes
checking for __freadahead... no
checking for __freading... yes
checking for fstatat... yes
checking for openat... yes
checking for fstatfs... yes
checking for getdelim... yes
checking for getdtablesize... yes
checking for getprogname... no
checking for getexecname... no
checking for gettimeofday... yes
checking for iswcntrl... yes
checking for iswblank... yes
checking for lstat... yes
checking for mbsinit... yes
checking for mbrtowc... yes
checking for mbslen... no
checking for isascii... yes
checking for mprotect... yes
checking for tzset... yes
checking for nl_langinfo... yes
checking for strerror_r... yes
checking for __xpg_strerror_r... yes
checking for readlink... yes
checking for fpathconf... yes
checking for setenv... yes
checking for snprintf... yes
checking for strdup... yes
checking for catgets... yes
checking for strndup... yes
checking for strtoumax... yes
checking for localtime_r... yes
checking for timegm... yes
checking for pipe... yes
checking for unlinkat... yes
checking for vasnprintf... no
checking for wcrtomb... yes
checking for wcwidth... yes
checking for ftruncate... yes
checking for newlocale... yes
checking for uselocale... yes
checking for duplocale... yes
checking for freelocale... yes
checking for pthread_sigmask... yes
checking for sigaction... yes
checking for sigaltstack... yes
checking for siginterrupt... yes
checking for sleep... yes
checking for symlinkat... yes
checking for shutdown... yes
checking for usleep... yes
checking for wctob... yes
checking for nl_langinfo and CODESET... yes
checking for a traditional french locale... none
checking whether // is distinct from /... unknown, assuming no
checking whether realpath works... guessing yes
checking for unistd.h... (cached) yes
checking for sys/param.h... yes
checking for sys/socket.h... yes
checking for dirent.h... yes
checking for fnmatch.h... yes
checking for wctype.h... yes
checking for stdio_ext.h... yes
checking for sys/stat.h... (cached) yes
checking for sys/vfs.h... yes
checking for netdb.h... yes
checking for getopt.h... yes
checking for sys/cdefs.h... yes
checking for sys/time.h... yes
checking for limits.h... yes
checking for wchar.h... yes
checking for stdint.h... (cached) yes
checking for inttypes.h... (cached) yes
checking for crtdefs.h... no
checking for langinfo.h... yes
checking for xlocale.h... no
checking for math.h... yes
checking for sys/mman.h... yes
checking for sys/statvfs.h... yes
checking for sys/types.h... (cached) yes
checking for malloc.h... yes
checking for selinux/selinux.h... no
checking for strings.h... (cached) yes
checking for sys/uio.h... yes
checking for sys/utsname.h... yes
checking for sys/wait.h... yes
checking for features.h... yes
checking for arpa/inet.h... yes
checking for netinet/in.h... yes
checking for semaphore.h... yes
checking for sys/select.h... yes
checking for priv.h... no
checking for sys/ioctl.h... yes
checking whether the preprocessor supports include_next... yes
checking whether system header files limit the line length... no
checking if environ is properly declared... yes
checking for complete errno.h... yes
checking whether strerror_r is declared... yes
checking for strerror_r... (cached) yes
checking whether strerror_r returns char *... yes
checking for uid_t in sys/types.h... yes
checking type of array argument to getgroups... gid_t
checking whether lstat correctly handles trailing slash... guessing yes
checking whether fchdir is declared... yes
checking for working fcntl.h... cross-compiling
checking for pid_t... yes
checking for mode_t... yes
checking for promoted mode_t type... mode_t
checking for st_dm_mode in struct stat... no
checking whether strmode is declared... no
checking for mbstate_t... yes
checking whether stdin defaults to large file offsets... yes
checking whether fseeko is declared... yes
checking for fseeko... yes
checking whether fflush works on input streams... cross
checking whether stat file-mode macros are broken... no
checking for nlink_t... yes
checking whether ftello is declared... yes
checking for ftello... yes
checking whether ftello works... guessing yes
checking for O_CLOEXEC... yes
checking whether getcwd (NULL, 0) allocates memory for result... guessing yes
checking for getcwd with POSIX signature... yes
checking whether getcwd is declared... yes
checking whether getdelim is declared... yes
checking whether getdtablesize is declared... yes
checking whether getline is declared... yes
checking for getopt.h... (cached) yes
checking for getopt_long_only... yes
checking whether getopt is POSIX compatible... guessing yes
checking for working GNU getopt function... guessing no
checking for C/C++ restrict keyword... __restrict
checking for struct timeval... yes
checking for wide-enough struct timeval.tv_sec member... yes
checking for inline... inline
checking whether limits.h has LLONG_MAX, WORD_BIT, ULLONG_WIDTH etc.... yes
checking for wint_t... yes
checking whether wint_t is too small... no
checking for unsigned long long int... yes
checking for long long int... yes
checking whether stdint.h conforms to C99... guessing yes
checking whether stdint.h predates C++11... no
checking whether stdint.h has UINTMAX_WIDTH etc.... yes
checking for inttypes.h... (cached) yes
checking whether the inttypes.h PRIxNN macros are broken... no
checking whether byte ordering is bigendian... no
checking whether long double and double are the same... no
checking where to find the exponent in a 'double'... (cached) word 1 bit 20
checking where to find the exponent in a 'float'... word 0 bit 23
checking whether iswcntrl works... guessing yes
checking for towlower... yes
checking for wctype_t... yes
checking for wctrans_t... yes
checking for wchar_t... yes
checking for good max_align_t... yes
checking whether NULL can be used in arbitrary expressions... yes
checking for ld used by x86_64-lfs-linux-gnu-gcc... /mnt/lfs/tools/x86_64-lfs-linux-gnu/bin/ld
checking if the linker (/mnt/lfs/tools/x86_64-lfs-linux-gnu/bin/ld) is GNU ld... yes
checking for shared library run path origin... done
checking 32-bit host C ABI... no
checking for the common suffixes of directories in the library search path... lib,lib
checking whether imported symbols can be declared weak... guessing yes
checking pthread.h usability... yes
checking pthread.h presence... yes
checking for pthread.h... yes
checking for multithread API to use... posix
checking for a sed that does not truncate output... /usr/bin/sed
checking whether malloc, realloc, calloc are POSIX compliant... yes
checking for stdlib.h... (cached) yes
checking for GNU libc compatible malloc... guessing yes
checking for a traditional japanese locale... none
checking for a transitional chinese locale... none
checking for a french Unicode locale... none
checking for mmap... yes
checking for MAP_ANONYMOUS... yes
checking whether memchr works... guessing no
checking whether memrchr is declared... yes
checking whether <limits.h> defines MIN and MAX... no
checking whether <sys/param.h> defines MIN and MAX... yes
checking whether time_t is signed... yes
checking whether alarm is declared... yes
checking for working mktime... guessing no
checking whether trunc is declared... yes
checking whether struct tm is in sys/time.h or time.h... time.h
checking for struct tm.tm_zone... yes
checking for struct tm.tm_gmtoff... yes
checking for stdbool.h that conforms to C99... yes
checking for _Bool... yes
checking for compound literals... yes
checking whether strerror(0) succeeds... guessing yes
checking for strerror_r with POSIX signature... no
checking whether __xpg_strerror_r works... guessing no
checking whether strerror_r is declared... (cached) yes
checking whether we are using the GNU C Library >= 2.1 or uClibc... yes
checking for ssize_t... yes
checking for long file names... yes
checking for library containing setfilecon... no
checking whether setenv is declared... yes
checking search.h usability... yes
checking search.h presence... yes
checking for search.h... yes
checking for tsearch... yes
checking whether snprintf returns a byte count as in C99... guessing yes
checking whether snprintf is declared... yes
checking for library containing setsockopt... none needed
checking for strcasestr... yes
checking whether strdup is declared... yes
checking whether strndup is declared... yes
checking whether strnlen is declared... yes
checking whether strtoumax is declared... yes
checking whether <sys/socket.h> is self-contained... yes
checking for shutdown... (cached) yes
checking whether <sys/socket.h> defines the SHUT_* macros... yes
checking for struct sockaddr_storage... yes
checking for sa_family_t... yes
checking for struct sockaddr_storage.ss_family... yes
checking for struct timespec in <time.h>... yes
checking whether unsetenv is declared... yes
checking for inttypes.h... yes
checking for stdint.h... yes
checking for intmax_t... yes
checking for snprintf... (cached) yes
checking for strnlen... yes
checking for wcslen... yes
checking for wcsnlen... yes
checking for mbrtowc... (cached) yes
checking for wcrtomb... (cached) yes
checking whether _snprintf is declared... no
checking for 64-bit time_t... yes
checking whether ungetc works on arbitrary bytes... guessing yes
checking for IPv4 sockets... yes
checking for IPv6 sockets... yes
checking for off_t... yes
checking for LC_MESSAGES... yes
checking whether uselocale works... guessing yes
checking for fake locale system (OpenBSD)... guessing no
checking for Solaris 11.4 locale system... no
checking for getlocalename_l... no
checking for CFPreferencesCopyAppValue... no
checking for CFLocaleCopyCurrent... no
checking for CFLocaleCopyPreferredLanguages... no
checking whether <sys/select.h> is self-contained... yes
checking whether select supports a 0 argument... guessing yes
checking whether select detects invalid fds... guessing yes
checking for sigset_t... yes
checking for alloca as a compiler built-in... yes
checking whether to enable assertions... yes
checking whether btowc(0) is correct... guessing yes
checking whether btowc(EOF) is correct... guessing yes
checking for __builtin_expect... yes
checking byteswap.h usability... yes
checking byteswap.h presence... yes
checking for byteswap.h... yes
checking whether this system has an arbitrary file name length limit... yes
checking for library containing clock_gettime... none required
checking for clock_gettime... yes
checking for clock_settime... yes
checking for closedir... yes
checking for d_ino member in directory struct... guessing yes
checking for d_type member in directory struct... yes
checking for dirfd... yes
checking whether dirfd is declared... yes
checking whether dirfd is a macro... no
checking whether // is distinct from /... (cached) unknown, assuming no
checking whether dup works... guessing yes
checking whether dup2 works... guessing yes
checking for error_at_line... yes
checking for euidaccess... yes
checking whether fcntl handles F_DUPFD correctly... guessing yes
checking whether fcntl understands F_DUPFD_CLOEXEC... needs runtime check
checking whether fdopendir is declared... yes
checking whether fdopendir works... guessing yes
checking whether fflush works on input streams... (cached) cross
checking for struct stat.st_blocks... yes
checking for flexible array member... yes
checking whether conversion from 'int' to 'long double' works... guessing yes
checking for working GNU fnmatch... guessing no
checking whether isblank is declared... yes
checking whether isblank is declared... (cached) yes
checking whether fopen recognizes a trailing slash... guessing yes
checking for __fpending... yes
checking whether __fpending is declared... yes
checking whether fpurge is declared... no
checking for fseeko... (cached) yes
checking whether fflush works on input streams... (cached) cross
checking for _fseeki64... no
checking whether fstatat (..., 0) works... guessing yes
checking for ftello... (cached) yes
checking whether ftello works... (cached) guessing yes
checking for struct statfs.f_type... yes
checking for __fsword_t... yes
checking for fts_open... yes
checking whether getcwd handles long file names properly... no, but it is partly working
checking for getpagesize... yes
checking whether getcwd aborts when 4k < cwd_length < 16k... guessing yes
checking for working getdelim function... guessing yes
checking whether getdtablesize works... guessing yes
checking for getgroups... yes
checking for working getgroups... guessing yes
checking whether getgroups handles negative values... guessing yes
checking for gethostname... yes
checking for HOST_NAME_MAX... yes
checking for getline... yes
checking for working getline function... guessing yes
checking whether program_invocation_name is declared... yes
checking whether program_invocation_short_name is declared... yes
checking whether __argv is declared... no
checking whether gettimeofday clobbers localtime buffer... guessing no
checking for gettimeofday with POSIX signature... yes
checking for group_member... yes
checking whether the compiler generally respects inline... yes
checking whether INT32_MAX < INTMAX_MAX... yes
checking whether INT64_MAX == LONG_MAX... yes
checking whether UINT32_MAX < UINTMAX_MAX... yes
checking whether UINT64_MAX == ULONG_MAX... yes
checking whether isfinite is declared... yes
checking whether isfinite(long double) works... guessing yes
checking whether isinf is declared... yes
checking whether isinf(long double) works... guessing yes
checking whether isnan(double) can be used without linking with libm... yes
checking whether isnan(float) can be used without linking with libm... yes
checking whether isnan(float) works... guessing yes
checking whether isnan(long double) can be used without linking with libm... yes
checking whether isnanl works... guessing yes
checking whether iswblank is declared... yes
checking whether langinfo.h defines CODESET... yes
checking whether langinfo.h defines T_FMT_AMPM... yes
checking whether langinfo.h defines ALTMON_1... yes
checking whether langinfo.h defines ERA... yes
checking whether langinfo.h defines YESEXPR... yes
checking whether the compiler supports the __inline keyword... yes
checking whether locale.h conforms to POSIX:2001... yes
checking whether struct lconv is properly defined... yes
checking for pthread_rwlock_t... yes
checking whether pthread_rwlock_rdlock prefers a writer to a reader... guessing yes
checking whether lseek detects pipes... yes
checking for stdlib.h... (cached) yes
checking for GNU libc compatible malloc... (cached) guessing yes
checking whether NAN macro works... yes
checking whether HUGE_VAL works... yes
checking whether mbrtowc handles incomplete characters... guessing yes
checking whether mbrtowc works as well as mbtowc... guessing yes
checking whether mbrtowc handles a NULL pwc argument... guessing yes
checking whether mbrtowc handles a NULL string argument... guessing yes
checking whether mbrtowc has a correct return value... guessing yes
checking whether mbrtowc returns 0 when parsing a NUL character... guessing yes
checking whether mbrtowc works on empty input... guessing no
checking whether the C locale is free of encoding errors... guessing no
checking whether mbrtowc handles incomplete characters... (cached) guessing yes
checking whether mbrtowc works as well as mbtowc... (cached) guessing yes
checking whether mbrtowc handles incomplete characters... (cached) guessing yes
checking whether mbrtowc works as well as mbtowc... (cached) guessing yes
checking whether mbsrtowcs works... guessing yes
checking whether mbswidth is declared in <wchar.h>... no
checking for mbstate_t... (cached) yes
checking for mbtowc... yes
checking bp-sym.h usability... no
checking bp-sym.h presence... no
checking for bp-sym.h... no
checking for mempcpy... (cached) yes
checking for memrchr... yes
checking for __mktime_internal... no
checking whether modf can be used without linking with libm... yes
checking for listmntent... no
checking for sys/ucred.h... no
checking for sys/mount.h... yes
checking mntent.h usability... yes
checking mntent.h presence... yes
checking for mntent.h... yes
checking sys/fs_types.h usability... no
checking sys/fs_types.h presence... no
checking for sys/fs_types.h... no
checking for struct fsstat.f_fstypename... no
checking for library containing getmntent... none required
checking for getmntent... yes
checking for mntctl function and struct vmount... no
checking for one-argument getmntent function... yes
checking for setmntent... yes
checking for endmntent... yes
checking for hasmntopt... yes
checking sys/mntent.h usability... no
checking sys/mntent.h presence... no
checking for sys/mntent.h... no
checking sys/mkdev.h usability... no
checking sys/mkdev.h presence... no
checking for sys/mkdev.h... no
checking sys/sysmacros.h usability... yes
checking sys/sysmacros.h presence... yes
checking for sys/sysmacros.h... yes
checking for struct statfs.f_fstypename... no
checking whether YESEXPR works... guessing yes
checking whether open recognizes a trailing slash... guessing yes
checking for opendir... yes
checking for struct tm.tm_zone... (cached) yes
checking whether program_invocation_name is declared... (cached) yes
checking whether program_invocation_short_name is declared... (cached) yes
checking for readdir... yes
checking whether readlink signature is correct... yes
checking whether readlink handles trailing slash correctly... guessing yes
checking whether readlinkat signature is correct... yes
checking for stdlib.h... (cached) yes
checking for GNU libc compatible realloc... guessing yes
checking for working re_compile_pattern... guessing no
checking libintl.h usability... yes
checking libintl.h presence... yes
checking for libintl.h... yes
checking whether isblank is declared... (cached) yes
checking for rewinddir... yes
checking whether rmdir works... guessing yes
checking for rpmatch... yes
checking selinux/flask.h usability... no
checking selinux/flask.h presence... no
checking for selinux/flask.h... no
checking whether setenv validates arguments... guessing yes
checking for stdint.h... (cached) yes
checking for SIZE_MAX... yes
checking for snprintf... (cached) yes
checking whether snprintf respects a size of 1... guessing yes
checking whether printf supports POSIX/XSI format strings with positions... guessing yes
checking for socklen_t... yes
checking for ssize_t... (cached) yes
checking whether stat handles trailing slashes on files... guessing yes
checking for struct stat.st_atim.tv_nsec... yes
checking whether struct stat.st_atim is of type struct timespec... yes
checking for struct stat.st_birthtimespec.tv_nsec... no
checking for struct stat.st_birthtimensec... no
checking for struct stat.st_birthtim.tv_nsec... no
checking for working stdalign.h... yes
checking for va_copy... yes
checking for good max_align_t... (cached) yes
checking whether NULL can be used in arbitrary expressions... (cached) yes
checking which flavor of printf attribute matches inttypes macros... system
checking for stpcpy... yes
checking for strcasecmp... yes
checking for strncasecmp... yes
checking whether strncasecmp is declared... yes
checking for strcasestr... (cached) yes
checking for working strerror function... guessing yes
checking for working strndup... guessing yes
checking for working strnlen... yes
checking for strtoull... yes
checking for nlink_t... (cached) yes
checking for struct utsname... yes
checking whether localtime_r is declared... yes
checking whether localtime_r is compatible with its POSIX signature... yes
checking whether localtime loops forever near extrema... guessing no
checking for timezone_t... no
checking whether trunc is declared... (cached) yes
checking whether tzset clobbers localtime buffer... guessing no
checking for uname... yes
checking whether unlink honors trailing slashes... guessing yes
checking whether unlink of a parent directory fails as it should... guessing yes
checking for unsetenv... yes
checking for unsetenv() return type... int
checking whether unsetenv obeys POSIX... guessing yes
checking for ptrdiff_t... yes
checking whether mbrtowc handles incomplete characters... (cached) guessing yes
checking whether mbrtowc works as well as mbtowc... (cached) guessing yes
checking whether wcrtomb works in the C locale... guessing yes
checking whether wcrtomb return value is correct... guessing yes
checking whether iswcntrl works... (cached) guessing yes
checking for towlower... (cached) yes
checking for wctype_t... (cached) yes
checking for wctrans_t... (cached) yes
checking whether wcwidth is declared... yes
checking whether wcwidth works reasonably in UTF-8 locales... guessing yes
checking for stdint.h... (cached) yes
checking for a traditional french locale... (cached) none
checking for a french Unicode locale... (cached) none
checking for a traditional french locale... (cached) none
checking for a turkish Unicode locale... none
checking whether fdopen sets errno... guessing yes
checking for getpagesize... (cached) yes
checking whether getpagesize is declared... yes
checking for library containing inet_pton... none required
checking whether inet_pton is declared... yes
checking whether byte ordering is bigendian... (cached) no
checking for ioctl... yes
checking for ioctl with POSIX signature... no
checking where to find the exponent in a 'float'... (cached) word 0 bit 23
checking where to find the exponent in a 'double'... (cached) word 1 bit 20
checking where to find the exponent in a 'long double'... unknown
checking where to find the exponent in a 'float'... (cached) word 0 bit 23
checking where to find the exponent in a 'double'... (cached) word 1 bit 20
checking where to find the exponent in a 'long double'... (cached) unknown
checking where to find the exponent in a 'double'... (cached) word 1 bit 20
checking where to find the exponent in a 'float'... (cached) word 0 bit 23
checking where to find the exponent in a 'long double'... (cached) unknown
checking for a traditional french locale... (cached) none
checking for a french Unicode locale... (cached) none
checking for a traditional japanese locale... (cached) none
checking for a transitional chinese locale... (cached) none
checking for a french Unicode locale... (cached) none
checking for a turkish Unicode locale... (cached) none
checking for a transitional chinese locale... (cached) none
checking for a french Unicode locale... (cached) none
checking for a traditional french locale... (cached) none
checking for a french Unicode locale... (cached) none
checking for a traditional japanese locale... (cached) none
checking for a transitional chinese locale... (cached) none
checking for a french Unicode locale... (cached) none
checking for a transitional chinese locale... (cached) none
checking for mmap... (cached) yes
checking for MAP_ANONYMOUS... yes
checking for mmap... (cached) yes
checking for MAP_ANONYMOUS... yes
checking for library containing nanosleep... none required
checking for working nanosleep... guessing no (mishandles large arguments)
checking whether <netinet/in.h> is self-contained... yes
checking for a traditional french locale... (cached) none
checking for a french Unicode locale... (cached) none
checking for getppriv... no
checking whether pthread_sigmask works without -lpthread... guessing yes
checking whether pthread_sigmask returns error numbers... guessing yes
checking whether pthread_sigmask unblocks signals correctly... guessing yes
checking for putenv compatible with GNU and SVID... guessing yes
checking for mmap... (cached) yes
checking for MAP_ANONYMOUS... yes
checking for raise... yes
checking for sigprocmask... yes
checking whether select supports a 0 argument... (cached) guessing yes
checking whether select detects invalid fds... (cached) guessing yes
checking whether setlocale supports the C locale... guessing yes
checking for a traditional french locale... (cached) none
checking for a french Unicode locale... (cached) none
checking for a traditional japanese locale... (cached) none
checking for a transitional chinese locale... (cached) none
checking for struct sigaction.sa_sigaction... yes
checking for volatile sig_atomic_t... yes
checking for sighandler_t... yes
checking for sigprocmask... (cached) yes
checking whether sleep is declared... yes
checking for working sleep... guessing yes
checking for mmap... (cached) yes
checking for MAP_ANONYMOUS... yes
checking for mmap... (cached) yes
checking for MAP_ANONYMOUS... yes
checking whether symlink handles trailing slash correctly... guessing yes
checking whether symlinkat handles trailing slash correctly... guessing yes
checking whether <sys/ioctl.h> declares ioctl... yes
checking for pthread_atfork... yes
checking for useconds_t... yes
checking whether usleep allows large arguments... guessing yes
checking for a traditional french locale... (cached) none
checking for a french Unicode locale... (cached) none
checking for a traditional japanese locale... (cached) none
checking for a transitional chinese locale... (cached) none
checking whether wctob works... guessing yes
checking whether wctob is declared... yes
checking for sched_yield in -lrt... yes
checking whether C compiler handles -Werror -Wunknown-warning-option... no
checking for getpwnam... yes
checking for modf in -lm... yes
checking for fabs in -lm... yes
checking for ANSI C header files... (cached) yes
checking for sys/param.h... (cached) yes
checking for mntent.h... (cached) yes
checking sys/mnttab.h usability... no
checking sys/mnttab.h presence... no
checking for sys/mnttab.h... no
checking sys/mntio.h usability... no
checking sys/mntio.h presence... no
checking for sys/mntio.h... no
checking for sys/mkdev.h... (cached) no
checking for getrlimit... yes
checking for sys/mkdev.h... (cached) no
checking for sys/sysmacros.h... (cached) yes
checking for dirent.h that defines DIR... yes
checking for library containing opendir... none required
checking whether stat file-mode macros are broken... (cached) no
checking for sys/wait.h that is POSIX.1 compatible... (cached) yes
checking for uid_t in sys/types.h... (cached) yes
checking for size_t... (cached) yes
checking for ssize_t... yes
checking for pid_t... (cached) yes
checking for ino_t... yes
checking for dev_t... yes
checking for mode_t... (cached) yes
checking for struct stat.st_blocks... (cached) yes
checking for struct stat.st_rdev... yes
checking for promoted mode_t type... (cached) mode_t
checking whether struct tm is in sys/time.h or time.h... (cached) time.h
checking for struct tm.tm_zone... (cached) yes
checking for strftime... yes
checking for memcmp... yes
checking for memset... yes
checking for stpcpy... (cached) yes
checking for strdup... (cached) yes
checking for strstr... yes
checking for strtol... yes
checking for strtoul... yes
checking for fchdir... (cached) yes
checking for getcwd... yes
checking for strerror... yes
checking for endgrent... yes
checking for endpwent... yes
checking for setlocale... yes
checking for getrusage... yes
checking for vprintf... yes
checking for _doprnt... no
checking for working alloca.h... (cached) yes
checking for alloca... (cached) yes
checking whether closedir returns void... yes
checking for getmntent... (cached) yes
checking for getmntent... (cached) yes
checking for setmntent... (cached) yes
checking for endmntent... (cached) yes
checking for setgroups... yes
checking for alloca as a compiler built-in... (cached) yes
checking for working re_compile_pattern... (cached) guessing no
checking for sort... /usr/bin/sort
checking if /usr/bin/sort supports the -z option... assume no, since we are cross compiling
checking for struct dirent.d_type... yes
checking for __attribute__ ((__noreturn__)) support... yes
checking whether NLS is requested... yes
checking for msgfmt... /usr/bin/msgfmt
checking for gmsgfmt... /usr/bin/msgfmt
checking for xgettext... /usr/bin/xgettext
checking for msgmerge... /usr/bin/msgmerge
checking for CFPreferencesCopyAppValue... (cached) no
checking for CFLocaleCopyCurrent... (cached) no
checking for CFLocaleCopyPreferredLanguages... (cached) no
checking for GNU gettext in libc... yes
checking whether to use NLS... yes
checking where the gettext function comes from... libc
checking for python... /usr/bin/python
checking for python version... 3.9
checking for python platform... linux
checking for python script directory... ${prefix}/lib/python3.9/site-packages
checking for python extension module directory... ${exec_prefix}/lib/python3.9/site-packages
checking for faketime... no
checking that generated files are newer than configure... done
configure: creating ./config.status
config.status: creating Makefile
config.status: creating build-aux/Makefile
config.status: creating doc/Makefile
config.status: creating find/Makefile
config.status: creating find/testsuite/Makefile
config.status: creating gl/Makefile
config.status: creating gl/lib/Makefile
config.status: creating lib/Makefile
config.status: creating locate/Makefile
config.status: creating locate/testsuite/Makefile
config.status: creating m4/Makefile
config.status: creating po/Makefile.in
config.status: creating po/Makefile
config.status: creating gnulib-tests/Makefile
config.status: creating xargs/Makefile
config.status: creating xargs/testsuite/Makefile
config.status: creating config.h
config.status: executing depfiles commands
config.status: executing po-directories commands
config.status: creating po/POTFILES
config.status: creating po/Makefile
make  all-recursive
make[1]: Entering directory '/tmp/tmp.VsXKGWzI03/findutils-4.7.0'
Making all in gl
make[2]: Entering directory '/tmp/tmp.VsXKGWzI03/findutils-4.7.0/gl'
Making all in lib
make[3]: Entering directory '/tmp/tmp.VsXKGWzI03/findutils-4.7.0/gl/lib'
  GEN      alloca.h
  GEN      ctype.h
  GEN      dirent.h
  GEN      fcntl.h
  GEN      fnmatch.h
  GEN      getopt.h
  GEN      getopt-cdefs.h
  GEN      inttypes.h
  GEN      limits.h
  GEN      locale.h
  GEN      langinfo.h
  GEN      math.h
  GEN      selinux/selinux.h
  GEN      stdio.h
  GEN      selinux/context.h
  GEN      string.h
  GEN      strings.h
  GEN      stdlib.h
  GEN      sys/socket.h
  GEN      sys/time.h
  GEN      sys/stat.h
  GEN      sys/types.h
  GEN      sys/uio.h
  GEN      sys/utsname.h
  GEN      sys/wait.h
  GEN      unistd.h
  GEN      unitypes.h
  GEN      time.h
  GEN      uniwidth.h
  GEN      wchar.h
  GEN      wctype.h
make  all-recursive
make[4]: Entering directory '/tmp/tmp.VsXKGWzI03/findutils-4.7.0/gl/lib'
make[5]: Entering directory '/tmp/tmp.VsXKGWzI03/findutils-4.7.0/gl/lib'
  CC       areadlink.o
  CC       allocator.o
  CC       areadlink-with-size.o
  CC       areadlinkat.o
  CC       argmatch.o
  CC       bitrotate.o
  CC       c-ctype.o
  CC       c-strcasecmp.o
  CC       c-strncasecmp.o
  CC       c-strcasestr.o
  CC       c-strstr.o
  CC       canonicalize.o
  CC       careadlinkat.o
  CC       cloexec.o
  CC       close-stream.o
  CC       closein.o
  CC       closeout.o
  CC       cycle-check.o
careadlinkat.c: In function 'careadlinkat':
cc1: warning: function may return address of local variable [-Wreturn-local-addr]
careadlinkat.c:73:8: note: declared here
   73 |   char stack_buf[1024];
      |        ^~~~~~~~~
  CC       opendir-safer.o
  CC       dirname.o
  CC       basename.o
  CC       dirname-lgpl.o
  CC       basename-lgpl.o
  CC       stripslash.o
  CC       creat-safer.o
  CC       exitfail.o
  CC       open-safer.o
  CC       fd-hook.o
  CC       fd-safer-flag.o
  CC       dup-safer-flag.o
  CC       file-set.o
  CC       filemode.o
  CC       filenamecat-lgpl.o
  CC       fopen-safer.o
  CC       freading.o
  CC       getprogname.o
  CC       gettime.o
  CC       hard-locale.o
  CC       hash.o
  CC       hash-pjw.o
  CC       hash-triple.o
  CC       human.o
  CC       i-ring.o
  CC       idcache.o
  CC       localcharset.o
  CC       malloca.o
  CC       math.o
  CC       mbchar.o
  CC       mbscasestr.o
  CC       mbslen.o
  CC       mbsstr.o
  CC       mbswidth.o
  CC       mbuiter.o
  CC       modechange.o
  CC       nstrftime.o
  CC       openat-die.o
  CC       openat-safer.o
  CC       opendirat.o
  CC       parse-datetime.o
  CC       progname.o
  CC       quotearg.o
  CC       safe-read.o
  CC       same.o
  CC       save-cwd.o
  CC       savedir.o
  CC       se-context.o
  CC       se-selinux.o
  CC       sockets.o
  CC       stat-time.o
  CC       statat.o
  CC       strnlen1.o
  CC       sys_socket.o
  CC       glthread/threadlib.o
  CC       timespec.o
  CC       unistd.o
  CC       fd-safer.o
  CC       dup-safer.o
  CC       pipe-safer.o
  CC       version-etc.o
  CC       version-etc-fsf.o
  CC       wctype-h.o
  CC       xalloc-die.o
  CC       xmalloc.o
  CC       xgetcwd.o
  CC       xsize.o
  CC       xstrndup.o
  CC       xstrtod.o
  CC       xstrtol.o
  CC       xstrtoul.o
  CC       xstrtol-error.o
  CC       xstrtoumax.o
  CC       yesno.o
  CC       asnprintf.o
  CC       chdir-long.o
  CC       fcntl.o
  CC       fflush.o
  CC       fnmatch.o
  CC       fpurge.o
  CC       freadahead.o
  CC       fseek.o
  CC       fseeko.o
  CC       fts.o
  CC       getcwd.o
  CC       getcwd-lgpl.o
  CC       getopt.o
  CC       getopt1.o
  CC       localtime-buffer.o
  CC       mbrtowc.o
  CC       memchr.o
  CC       mktime.o
  CC       mountlist.o
  CC       openat-proc.o
  CC       perror.o
  CC       printf-args.o
  CC       printf-parse.o
  CC       regex.o
  CC       selinux-at.o
  CC       strcasestr.o
  CC       strerror.o
  CC       strerror_r.o
  CC       strstr.o
  CC       time_rz.o
  CC       timegm.o
  CC       vasnprintf.o
  CC       glthread/lock.o
  CC       uniwidth/width.o
  AR       libgnulib.a
make[5]: Leaving directory '/tmp/tmp.VsXKGWzI03/findutils-4.7.0/gl/lib'
make[4]: Leaving directory '/tmp/tmp.VsXKGWzI03/findutils-4.7.0/gl/lib'
make[3]: Leaving directory '/tmp/tmp.VsXKGWzI03/findutils-4.7.0/gl/lib'
make[3]: Entering directory '/tmp/tmp.VsXKGWzI03/findutils-4.7.0/gl'
make[3]: Nothing to be done for 'all-am'.
make[3]: Leaving directory '/tmp/tmp.VsXKGWzI03/findutils-4.7.0/gl'
make[2]: Leaving directory '/tmp/tmp.VsXKGWzI03/findutils-4.7.0/gl'
Making all in build-aux
make[2]: Entering directory '/tmp/tmp.VsXKGWzI03/findutils-4.7.0/build-aux'
make[2]: Nothing to be done for 'all'.
make[2]: Leaving directory '/tmp/tmp.VsXKGWzI03/findutils-4.7.0/build-aux'
Making all in lib
make[2]: Entering directory '/tmp/tmp.VsXKGWzI03/findutils-4.7.0/lib'
  CC       dircallback.o
  CC       buildcmd.o
  CC       extendbuf.o
  CC       fdleak.o
  CC       findutils-version.o
  CC       listfile.o
  CC       printquoted.o
  CC       qmark.o
  CC       regextype.o
  CC       safe-atoi.o
  CC       splitstring.o
  CC       bugreports.o
  AR       libfind.a
make[2]: Leaving directory '/tmp/tmp.VsXKGWzI03/findutils-4.7.0/lib'
Making all in find
make[2]: Entering directory '/tmp/tmp.VsXKGWzI03/findutils-4.7.0/find'
Making all in .
make[3]: Entering directory '/tmp/tmp.VsXKGWzI03/findutils-4.7.0/find'
  CC       finddata.o
  CC       fstype.o
  CC       ftsfind.o
  CC       parser.o
  CC       exec.o
  CC       pred.o
  CC       tree.o
  CC       util.o
  CC       sharefile.o
  CC       print.o
  AR       libfindtools.a
  CCLD     find
make[3]: Leaving directory '/tmp/tmp.VsXKGWzI03/findutils-4.7.0/find'
Making all in testsuite
make[3]: Entering directory '/tmp/tmp.VsXKGWzI03/findutils-4.7.0/find/testsuite'
make[3]: Nothing to be done for 'all'.
make[3]: Leaving directory '/tmp/tmp.VsXKGWzI03/findutils-4.7.0/find/testsuite'
make[2]: Leaving directory '/tmp/tmp.VsXKGWzI03/findutils-4.7.0/find'
Making all in xargs
make[2]: Entering directory '/tmp/tmp.VsXKGWzI03/findutils-4.7.0/xargs'
Making all in .
make[3]: Entering directory '/tmp/tmp.VsXKGWzI03/findutils-4.7.0/xargs'
  CC       xargs.o
  CCLD     xargs
make[3]: Leaving directory '/tmp/tmp.VsXKGWzI03/findutils-4.7.0/xargs'
Making all in testsuite
make[3]: Entering directory '/tmp/tmp.VsXKGWzI03/findutils-4.7.0/xargs/testsuite'
make[3]: Nothing to be done for 'all'.
make[3]: Leaving directory '/tmp/tmp.VsXKGWzI03/findutils-4.7.0/xargs/testsuite'
make[2]: Leaving directory '/tmp/tmp.VsXKGWzI03/findutils-4.7.0/xargs'
Making all in locate
make[2]: Entering directory '/tmp/tmp.VsXKGWzI03/findutils-4.7.0/locate'
echo '@set LOCATE_DB /usr/var/locatedb' > dblocation.texi.tmp
if test -f dblocation.texi && cmp dblocation.texi.tmp dblocation.texi >/dev/null ; then \
    rm dblocation.texi.tmp ; \
else \
    mv dblocation.texi.tmp dblocation.texi ; \
fi
make  all-recursive
make[3]: Entering directory '/tmp/tmp.VsXKGWzI03/findutils-4.7.0/locate'
Making all in .
make[4]: Entering directory '/tmp/tmp.VsXKGWzI03/findutils-4.7.0/locate'
  CC       word_io.o
  CC       locate.o
rm -f updatedb
find=`echo find|sed 's,x,x,'`; \
frcode=`echo frcode|sed 's,x,x,'`; \
copyright=`sed -n '/^# Copyright /{s/^..//;p;q;}' ./updatedb.sh \
  grep .` || exit 1; \
sed \
-e "s,@""bindir""@,/usr/bin," \
-e "s,@""libexecdir""@,/usr/libexec," \
-e "s,@""LOCATE_DB""@,/usr/var/locatedb," \
-e "s,@""VERSION""@,4.7.0," \
-e "s,@""PACKAGE_NAME""@,GNU findutils," \
-e "s,@""PACKAGE_BUGREPORT""@,bug-findutils@gnu.org," \
-e "s,@""PACKAGE_BUGREPORT_URL""@,https://savannah.gnu.org/bugs/?group=findutils," \
-e "s,@""PACKAGE_URL""@,http://www.gnu.org/software/findutils/," \
-e "s,@""find""@,${find}," \
-e "s,@""frcode""@,${frcode}," \
-e "s,@""SORT""@,/usr/bin/sort," \
-e "s,@""SORT_SUPPORTS_Z""@,false," \
-e "s/@""COPYRIGHT""@/${copyright}/" \
./updatedb.sh > updatedb
  CC       frcode.o
chmod +x updatedb
  CCLD     frcode
  CCLD     locate
make[4]: Leaving directory '/tmp/tmp.VsXKGWzI03/findutils-4.7.0/locate'
Making all in testsuite
make[4]: Entering directory '/tmp/tmp.VsXKGWzI03/findutils-4.7.0/locate/testsuite'
make[4]: Nothing to be done for 'all'.
make[4]: Leaving directory '/tmp/tmp.VsXKGWzI03/findutils-4.7.0/locate/testsuite'
make[3]: Leaving directory '/tmp/tmp.VsXKGWzI03/findutils-4.7.0/locate'
make[2]: Leaving directory '/tmp/tmp.VsXKGWzI03/findutils-4.7.0/locate'
Making all in doc
make[2]: Entering directory '/tmp/tmp.VsXKGWzI03/findutils-4.7.0/doc'
ln -s ../locate/dblocation.texi dblocation.texi
make  all-am
make[3]: Entering directory '/tmp/tmp.VsXKGWzI03/findutils-4.7.0/doc'
make[3]: Nothing to be done for 'all-am'.
make[3]: Leaving directory '/tmp/tmp.VsXKGWzI03/findutils-4.7.0/doc'
make[2]: Leaving directory '/tmp/tmp.VsXKGWzI03/findutils-4.7.0/doc'
Making all in po
make[2]: Entering directory '/tmp/tmp.VsXKGWzI03/findutils-4.7.0/po'
make[2]: Nothing to be done for 'all'.
make[2]: Leaving directory '/tmp/tmp.VsXKGWzI03/findutils-4.7.0/po'
Making all in m4
make[2]: Entering directory '/tmp/tmp.VsXKGWzI03/findutils-4.7.0/m4'
make[2]: Nothing to be done for 'all'.
make[2]: Leaving directory '/tmp/tmp.VsXKGWzI03/findutils-4.7.0/m4'
Making all in gnulib-tests
make[2]: Entering directory '/tmp/tmp.VsXKGWzI03/findutils-4.7.0/gnulib-tests'
  GEN      arpa/inet.h
  GEN      signal.h
  GEN      sys/select.h
  GEN      sys/ioctl.h
make  all-recursive
make[3]: Entering directory '/tmp/tmp.VsXKGWzI03/findutils-4.7.0/gnulib-tests'
Making all in .
make[4]: Entering directory '/tmp/tmp.VsXKGWzI03/findutils-4.7.0/gnulib-tests'
  CC       test-localcharset.o
  CC       binary-io.o
  CC       dtotimespec.o
  CC       imaxtostr.o
  CC       inttostr.o
  CC       uinttostr.o
  CC       umaxtostr.o
  CC       offtostr.o
  CC       localename.o
  CC       localename-table.o
  CC       priv-set.o
  CC       sig-handler.o
  CC       timespec-add.o
  CC       timespec-sub.o
  CC       unlinkdir.o
  CC       ioctl.o
  CC       nanosleep.o
  CC       glthread/thread.o
  AR       libtests.a
  CCLD     test-localcharset
make[4]: Leaving directory '/tmp/tmp.VsXKGWzI03/findutils-4.7.0/gnulib-tests'
make[3]: Leaving directory '/tmp/tmp.VsXKGWzI03/findutils-4.7.0/gnulib-tests'
make[2]: Leaving directory '/tmp/tmp.VsXKGWzI03/findutils-4.7.0/gnulib-tests'
make[2]: Entering directory '/tmp/tmp.VsXKGWzI03/findutils-4.7.0'
make[2]: Leaving directory '/tmp/tmp.VsXKGWzI03/findutils-4.7.0'
make[1]: Leaving directory '/tmp/tmp.VsXKGWzI03/findutils-4.7.0'
Making install in gl
make[1]: Entering directory '/tmp/tmp.VsXKGWzI03/findutils-4.7.0/gl'
Making install in lib
make[2]: Entering directory '/tmp/tmp.VsXKGWzI03/findutils-4.7.0/gl/lib'
make  install-recursive
make[3]: Entering directory '/tmp/tmp.VsXKGWzI03/findutils-4.7.0/gl/lib'
make[4]: Entering directory '/tmp/tmp.VsXKGWzI03/findutils-4.7.0/gl/lib'
make[5]: Entering directory '/tmp/tmp.VsXKGWzI03/findutils-4.7.0/gl/lib'
make[5]: Nothing to be done for 'install-exec-am'.
make[5]: Nothing to be done for 'install-data-am'.
make[5]: Leaving directory '/tmp/tmp.VsXKGWzI03/findutils-4.7.0/gl/lib'
make[4]: Leaving directory '/tmp/tmp.VsXKGWzI03/findutils-4.7.0/gl/lib'
make[3]: Leaving directory '/tmp/tmp.VsXKGWzI03/findutils-4.7.0/gl/lib'
make[2]: Leaving directory '/tmp/tmp.VsXKGWzI03/findutils-4.7.0/gl/lib'
make[2]: Entering directory '/tmp/tmp.VsXKGWzI03/findutils-4.7.0/gl'
make[3]: Entering directory '/tmp/tmp.VsXKGWzI03/findutils-4.7.0/gl'
make[3]: Nothing to be done for 'install-exec-am'.
make[3]: Nothing to be done for 'install-data-am'.
make[3]: Leaving directory '/tmp/tmp.VsXKGWzI03/findutils-4.7.0/gl'
make[2]: Leaving directory '/tmp/tmp.VsXKGWzI03/findutils-4.7.0/gl'
make[1]: Leaving directory '/tmp/tmp.VsXKGWzI03/findutils-4.7.0/gl'
Making install in build-aux
make[1]: Entering directory '/tmp/tmp.VsXKGWzI03/findutils-4.7.0/build-aux'
make[2]: Entering directory '/tmp/tmp.VsXKGWzI03/findutils-4.7.0/build-aux'
make[2]: Nothing to be done for 'install-exec-am'.
make[2]: Nothing to be done for 'install-data-am'.
make[2]: Leaving directory '/tmp/tmp.VsXKGWzI03/findutils-4.7.0/build-aux'
make[1]: Leaving directory '/tmp/tmp.VsXKGWzI03/findutils-4.7.0/build-aux'
Making install in lib
make[1]: Entering directory '/tmp/tmp.VsXKGWzI03/findutils-4.7.0/lib'
make[2]: Entering directory '/tmp/tmp.VsXKGWzI03/findutils-4.7.0/lib'
make[2]: Nothing to be done for 'install-exec-am'.
make[2]: Nothing to be done for 'install-data-am'.
make[2]: Leaving directory '/tmp/tmp.VsXKGWzI03/findutils-4.7.0/lib'
make[1]: Leaving directory '/tmp/tmp.VsXKGWzI03/findutils-4.7.0/lib'
Making install in find
make[1]: Entering directory '/tmp/tmp.VsXKGWzI03/findutils-4.7.0/find'
Making install in .
make[2]: Entering directory '/tmp/tmp.VsXKGWzI03/findutils-4.7.0/find'
make[3]: Entering directory '/tmp/tmp.VsXKGWzI03/findutils-4.7.0/find'
 /usr/bin/mkdir -p '/mnt/lfs/usr/bin'
 /usr/bin/mkdir -p '/mnt/lfs/usr/share/man/man1'
  /usr/bin/install -c find '/mnt/lfs/usr/bin'
 /usr/bin/install -c -m 644 find.1 '/mnt/lfs/usr/share/man/man1'
make[3]: Leaving directory '/tmp/tmp.VsXKGWzI03/findutils-4.7.0/find'
make[2]: Leaving directory '/tmp/tmp.VsXKGWzI03/findutils-4.7.0/find'
Making install in testsuite
make[2]: Entering directory '/tmp/tmp.VsXKGWzI03/findutils-4.7.0/find/testsuite'
make[3]: Entering directory '/tmp/tmp.VsXKGWzI03/findutils-4.7.0/find/testsuite'
make[3]: Nothing to be done for 'install-exec-am'.
make[3]: Nothing to be done for 'install-data-am'.
make[3]: Leaving directory '/tmp/tmp.VsXKGWzI03/findutils-4.7.0/find/testsuite'
make[2]: Leaving directory '/tmp/tmp.VsXKGWzI03/findutils-4.7.0/find/testsuite'
make[1]: Leaving directory '/tmp/tmp.VsXKGWzI03/findutils-4.7.0/find'
Making install in xargs
make[1]: Entering directory '/tmp/tmp.VsXKGWzI03/findutils-4.7.0/xargs'
Making install in .
make[2]: Entering directory '/tmp/tmp.VsXKGWzI03/findutils-4.7.0/xargs'
make[3]: Entering directory '/tmp/tmp.VsXKGWzI03/findutils-4.7.0/xargs'
 /usr/bin/mkdir -p '/mnt/lfs/usr/bin'
 /usr/bin/mkdir -p '/mnt/lfs/usr/share/man/man1'
  /usr/bin/install -c xargs '/mnt/lfs/usr/bin'
 /usr/bin/install -c -m 644 xargs.1 '/mnt/lfs/usr/share/man/man1'
make[3]: Leaving directory '/tmp/tmp.VsXKGWzI03/findutils-4.7.0/xargs'
make[2]: Leaving directory '/tmp/tmp.VsXKGWzI03/findutils-4.7.0/xargs'
Making install in testsuite
make[2]: Entering directory '/tmp/tmp.VsXKGWzI03/findutils-4.7.0/xargs/testsuite'
make[3]: Entering directory '/tmp/tmp.VsXKGWzI03/findutils-4.7.0/xargs/testsuite'
make[3]: Nothing to be done for 'install-exec-am'.
make[3]: Nothing to be done for 'install-data-am'.
make[3]: Leaving directory '/tmp/tmp.VsXKGWzI03/findutils-4.7.0/xargs/testsuite'
make[2]: Leaving directory '/tmp/tmp.VsXKGWzI03/findutils-4.7.0/xargs/testsuite'
make[1]: Leaving directory '/tmp/tmp.VsXKGWzI03/findutils-4.7.0/xargs'
Making install in locate
make[1]: Entering directory '/tmp/tmp.VsXKGWzI03/findutils-4.7.0/locate'
echo '@set LOCATE_DB /usr/var/locatedb' > dblocation.texi.tmp
if test -f dblocation.texi && cmp dblocation.texi.tmp dblocation.texi >/dev/null ; then \
    rm dblocation.texi.tmp ; \
else \
    mv dblocation.texi.tmp dblocation.texi ; \
fi
make  install-recursive
make[2]: Entering directory '/tmp/tmp.VsXKGWzI03/findutils-4.7.0/locate'
Making install in .
make[3]: Entering directory '/tmp/tmp.VsXKGWzI03/findutils-4.7.0/locate'
make[4]: Entering directory '/tmp/tmp.VsXKGWzI03/findutils-4.7.0/locate'
 /usr/bin/mkdir -p '/mnt/lfs/usr/bin'
 /usr/bin/mkdir -p '/mnt/lfs/usr/bin'
 /usr/bin/mkdir -p '/mnt/lfs/usr/libexec'
 /usr/bin/mkdir -p '/mnt/lfs/usr/share/man/man1'
 /usr/bin/mkdir -p '/mnt/lfs/usr/share/man/man5'
  /usr/bin/install -c frcode '/mnt/lfs/usr/libexec'
  /usr/bin/install -c locate '/mnt/lfs/usr/bin'
 /usr/bin/install -c updatedb '/mnt/lfs/usr/bin'
 /usr/bin/install -c -m 644 locatedb.5 '/mnt/lfs/usr/share/man/man5'
 /usr/bin/install -c -m 644 locate.1 updatedb.1 '/mnt/lfs/usr/share/man/man1'
make  install-data-hook
make[5]: Entering directory '/tmp/tmp.VsXKGWzI03/findutils-4.7.0/locate'
../build-aux/mkinstalldirs /mnt/lfs/usr/var
mkdir -p -- /mnt/lfs/usr/var
make[5]: Leaving directory '/tmp/tmp.VsXKGWzI03/findutils-4.7.0/locate'
make[4]: Leaving directory '/tmp/tmp.VsXKGWzI03/findutils-4.7.0/locate'
make[3]: Leaving directory '/tmp/tmp.VsXKGWzI03/findutils-4.7.0/locate'
Making install in testsuite
make[3]: Entering directory '/tmp/tmp.VsXKGWzI03/findutils-4.7.0/locate/testsuite'
make[4]: Entering directory '/tmp/tmp.VsXKGWzI03/findutils-4.7.0/locate/testsuite'
make[4]: Nothing to be done for 'install-exec-am'.
make[4]: Nothing to be done for 'install-data-am'.
make[4]: Leaving directory '/tmp/tmp.VsXKGWzI03/findutils-4.7.0/locate/testsuite'
make[3]: Leaving directory '/tmp/tmp.VsXKGWzI03/findutils-4.7.0/locate/testsuite'
make[2]: Leaving directory '/tmp/tmp.VsXKGWzI03/findutils-4.7.0/locate'
make[1]: Leaving directory '/tmp/tmp.VsXKGWzI03/findutils-4.7.0/locate'
Making install in doc
make[1]: Entering directory '/tmp/tmp.VsXKGWzI03/findutils-4.7.0/doc'
make  install-am
make[2]: Entering directory '/tmp/tmp.VsXKGWzI03/findutils-4.7.0/doc'
make[3]: Entering directory '/tmp/tmp.VsXKGWzI03/findutils-4.7.0/doc'
make[3]: Nothing to be done for 'install-exec-am'.
 /usr/bin/mkdir -p '/mnt/lfs/usr/share/info'
 /usr/bin/install -c -m 644 ./find.info ./find.info-1 ./find.info-2 ./find-maint.info '/mnt/lfs/usr/share/info'
 install-info --info-dir='/mnt/lfs/usr/share/info' '/mnt/lfs/usr/share/info/find.info'
 install-info --info-dir='/mnt/lfs/usr/share/info' '/mnt/lfs/usr/share/info/find-maint.info'
make[3]: Leaving directory '/tmp/tmp.VsXKGWzI03/findutils-4.7.0/doc'
make[2]: Leaving directory '/tmp/tmp.VsXKGWzI03/findutils-4.7.0/doc'
make[1]: Leaving directory '/tmp/tmp.VsXKGWzI03/findutils-4.7.0/doc'
Making install in po
make[1]: Entering directory '/tmp/tmp.VsXKGWzI03/findutils-4.7.0/po'
installing be.gmo as /mnt/lfs/usr/share/locale/be/LC_MESSAGES/findutils.mo
installing bg.gmo as /mnt/lfs/usr/share/locale/bg/LC_MESSAGES/findutils.mo
installing ca.gmo as /mnt/lfs/usr/share/locale/ca/LC_MESSAGES/findutils.mo
installing cs.gmo as /mnt/lfs/usr/share/locale/cs/LC_MESSAGES/findutils.mo
installing da.gmo as /mnt/lfs/usr/share/locale/da/LC_MESSAGES/findutils.mo
installing de.gmo as /mnt/lfs/usr/share/locale/de/LC_MESSAGES/findutils.mo
installing el.gmo as /mnt/lfs/usr/share/locale/el/LC_MESSAGES/findutils.mo
installing eo.gmo as /mnt/lfs/usr/share/locale/eo/LC_MESSAGES/findutils.mo
installing es.gmo as /mnt/lfs/usr/share/locale/es/LC_MESSAGES/findutils.mo
installing et.gmo as /mnt/lfs/usr/share/locale/et/LC_MESSAGES/findutils.mo
installing fi.gmo as /mnt/lfs/usr/share/locale/fi/LC_MESSAGES/findutils.mo
installing fr.gmo as /mnt/lfs/usr/share/locale/fr/LC_MESSAGES/findutils.mo
installing ga.gmo as /mnt/lfs/usr/share/locale/ga/LC_MESSAGES/findutils.mo
installing gl.gmo as /mnt/lfs/usr/share/locale/gl/LC_MESSAGES/findutils.mo
installing hr.gmo as /mnt/lfs/usr/share/locale/hr/LC_MESSAGES/findutils.mo
installing hu.gmo as /mnt/lfs/usr/share/locale/hu/LC_MESSAGES/findutils.mo
installing id.gmo as /mnt/lfs/usr/share/locale/id/LC_MESSAGES/findutils.mo
installing it.gmo as /mnt/lfs/usr/share/locale/it/LC_MESSAGES/findutils.mo
installing ja.gmo as /mnt/lfs/usr/share/locale/ja/LC_MESSAGES/findutils.mo
installing ko.gmo as /mnt/lfs/usr/share/locale/ko/LC_MESSAGES/findutils.mo
installing lg.gmo as /mnt/lfs/usr/share/locale/lg/LC_MESSAGES/findutils.mo
installing lt.gmo as /mnt/lfs/usr/share/locale/lt/LC_MESSAGES/findutils.mo
installing ms.gmo as /mnt/lfs/usr/share/locale/ms/LC_MESSAGES/findutils.mo
installing nb.gmo as /mnt/lfs/usr/share/locale/nb/LC_MESSAGES/findutils.mo
installing nl.gmo as /mnt/lfs/usr/share/locale/nl/LC_MESSAGES/findutils.mo
installing pl.gmo as /mnt/lfs/usr/share/locale/pl/LC_MESSAGES/findutils.mo
installing pt.gmo as /mnt/lfs/usr/share/locale/pt/LC_MESSAGES/findutils.mo
installing pt_BR.gmo as /mnt/lfs/usr/share/locale/pt_BR/LC_MESSAGES/findutils.mo
installing ro.gmo as /mnt/lfs/usr/share/locale/ro/LC_MESSAGES/findutils.mo
installing ru.gmo as /mnt/lfs/usr/share/locale/ru/LC_MESSAGES/findutils.mo
installing sk.gmo as /mnt/lfs/usr/share/locale/sk/LC_MESSAGES/findutils.mo
installing sl.gmo as /mnt/lfs/usr/share/locale/sl/LC_MESSAGES/findutils.mo
installing sr.gmo as /mnt/lfs/usr/share/locale/sr/LC_MESSAGES/findutils.mo
installing sv.gmo as /mnt/lfs/usr/share/locale/sv/LC_MESSAGES/findutils.mo
installing tr.gmo as /mnt/lfs/usr/share/locale/tr/LC_MESSAGES/findutils.mo
installing uk.gmo as /mnt/lfs/usr/share/locale/uk/LC_MESSAGES/findutils.mo
installing vi.gmo as /mnt/lfs/usr/share/locale/vi/LC_MESSAGES/findutils.mo
installing zh_CN.gmo as /mnt/lfs/usr/share/locale/zh_CN/LC_MESSAGES/findutils.mo
installing zh_TW.gmo as /mnt/lfs/usr/share/locale/zh_TW/LC_MESSAGES/findutils.mo
if test "findutils" = "gettext-tools"; then \
  /usr/bin/mkdir -p /mnt/lfs/usr/share/gettext/po; \
  for file in Makefile.in.in remove-potcdate.sin quot.sed boldquot.sed en@quot.header en@boldquot.header insert-header.sin Rules-quot   Makevars.template; do \
    /usr/bin/install -c -m 644 ./$file \
		    /mnt/lfs/usr/share/gettext/po/$file; \
  done; \
  for file in Makevars; do \
    rm -f /mnt/lfs/usr/share/gettext/po/$file; \
  done; \
else \
  : ; \
fi
make[1]: Leaving directory '/tmp/tmp.VsXKGWzI03/findutils-4.7.0/po'
Making install in m4
make[1]: Entering directory '/tmp/tmp.VsXKGWzI03/findutils-4.7.0/m4'
make[2]: Entering directory '/tmp/tmp.VsXKGWzI03/findutils-4.7.0/m4'
make[2]: Nothing to be done for 'install-exec-am'.
make[2]: Nothing to be done for 'install-data-am'.
make[2]: Leaving directory '/tmp/tmp.VsXKGWzI03/findutils-4.7.0/m4'
make[1]: Leaving directory '/tmp/tmp.VsXKGWzI03/findutils-4.7.0/m4'
Making install in gnulib-tests
make[1]: Entering directory '/tmp/tmp.VsXKGWzI03/findutils-4.7.0/gnulib-tests'
make  install-recursive
make[2]: Entering directory '/tmp/tmp.VsXKGWzI03/findutils-4.7.0/gnulib-tests'
Making install in .
make[3]: Entering directory '/tmp/tmp.VsXKGWzI03/findutils-4.7.0/gnulib-tests'
make[4]: Entering directory '/tmp/tmp.VsXKGWzI03/findutils-4.7.0/gnulib-tests'
make[4]: Nothing to be done for 'install-exec-am'.
make[4]: Nothing to be done for 'install-data-am'.
make[4]: Leaving directory '/tmp/tmp.VsXKGWzI03/findutils-4.7.0/gnulib-tests'
make[3]: Leaving directory '/tmp/tmp.VsXKGWzI03/findutils-4.7.0/gnulib-tests'
make[2]: Leaving directory '/tmp/tmp.VsXKGWzI03/findutils-4.7.0/gnulib-tests'
make[1]: Leaving directory '/tmp/tmp.VsXKGWzI03/findutils-4.7.0/gnulib-tests'
make[1]: Entering directory '/tmp/tmp.VsXKGWzI03/findutils-4.7.0'
make[2]: Entering directory '/tmp/tmp.VsXKGWzI03/findutils-4.7.0'
make[2]: Nothing to be done for 'install-exec-am'.
make[2]: Nothing to be done for 'install-data-am'.
make[2]: Leaving directory '/tmp/tmp.VsXKGWzI03/findutils-4.7.0'
make[1]: Leaving directory '/tmp/tmp.VsXKGWzI03/findutils-4.7.0'
renamed '/mnt/lfs/usr/bin/find' -> '/mnt/lfs/bin/find'

real	0m37.186s
user	0m49.589s
sys	0m14.617s
