checking for a BSD-compatible install... /usr/bin/install -c
checking whether build environment is sane... yes
checking for x86_64-lfs-linux-gnu-strip... x86_64-lfs-linux-gnu-strip
checking for a thread-safe mkdir -p... /usr/bin/mkdir -p
checking for gawk... gawk
checking whether make sets $(MAKE)... yes
checking whether make supports nested variables... yes
checking whether make supports nested variables... (cached) yes
checking for builtin ELF support... yes
checking for ELF core file support... yes
checking for zlib support... 
checking for bzlib support... 
checking for xzlib support... 
checking for libseccomp support... 
checking for file formats in man section 5... no
checking build system type... x86_64-pc-linux-gnu
checking host system type... x86_64-lfs-linux-gnu
checking whether make supports the include directive... yes (GNU style)
checking for x86_64-lfs-linux-gnu-gcc... x86_64-lfs-linux-gnu-gcc
checking whether the C compiler works... no
configure: error: in `/mnt/lfs/Linux-From-Scratch/lfs-scripts/stage1/Build-TMP/file-5.39':
configure: error: C compiler cannot create executables
See `config.log' for more details

real	0m0.216s
user	0m0.168s
sys	0m0.070s
