'/mnt/lfs/lib64/ld-linux-x86-64.so.2' -> '../lib/ld-linux-x86-64.so.2'
'/mnt/lfs/lib64/ld-lsb-x86-64.so.3' -> '../lib/ld-linux-x86-64.so.2'
patching file Makeconfig
Hunk #1 succeeded at 245 (offset -5 lines).
patching file nscd/nscd.h
Hunk #1 succeeded at 161 (offset 49 lines).
patching file nss/db-Makefile
patching file sysdeps/generic/paths.h
patching file sysdeps/unix/sysv/linux/paths.h
mkdir: created directory 'build'
checking build system type... x86_64-pc-linux-gnu
checking host system type... x86_64-lfs-linux-gnu
checking for x86_64-lfs-linux-gnu-gcc... x86_64-lfs-linux-gnu-gcc
checking for suffix of object files... o
checking whether we are using the GNU C compiler... yes
checking whether x86_64-lfs-linux-gnu-gcc accepts -g... yes
checking for gcc... gcc
checking for x86_64-lfs-linux-gnu-readelf... x86_64-lfs-linux-gnu-readelf
checking for x86_64-lfs-linux-gnu-g++... x86_64-lfs-linux-gnu-g++
checking whether we are using the GNU C++ compiler... yes
checking whether x86_64-lfs-linux-gnu-g++ accepts -g... yes
checking whether x86_64-lfs-linux-gnu-g++ can link programs... no
checking for sysdeps preconfigure fragments... aarch64 alpha arc arm csky hppa i386 m68k microblaze checking for grep that handles long lines and -e... /usr/bin/grep
checking for egrep... /usr/bin/grep -E
mips nios2 powerpc riscv s390 sh checking for grep that handles long lines and -e... (cached) /usr/bin/grep
checking for egrep... (cached) /usr/bin/grep -E
sparc x86_64 checking whether x86_64-lfs-linux-gnu-gcc compiles in -mx32 mode by default... no

checking for use of fpu sysdeps directories... yes
checking for -fstack-protector... yes
checking for -fstack-protector-strong... yes
checking for -fstack-protector-all... yes
checking for assembler and linker STT_GNU_IFUNC support... yes
checking for gcc attribute ifunc support... yes
checking whether the linker supports textrels along with ifunc... yes
checking if compiler warns about alias for function with incompatible types... yes
checking sysdep dirs... sysdeps/unix/sysv/linux/x86_64/64 sysdeps/unix/sysv/linux/x86_64 sysdeps/unix/sysv/linux/x86 sysdeps/x86/nptl sysdeps/unix/sysv/linux/wordsize-64 sysdeps/x86_64/nptl sysdeps/unix/sysv/linux sysdeps/nptl sysdeps/pthread sysdeps/gnu sysdeps/unix/inet sysdeps/unix/sysv sysdeps/unix/x86_64 sysdeps/unix sysdeps/posix sysdeps/x86_64/64 sysdeps/x86_64/fpu/multiarch sysdeps/x86_64/fpu sysdeps/x86/fpu sysdeps/x86_64/multiarch sysdeps/x86_64 sysdeps/x86 sysdeps/ieee754/float128 sysdeps/ieee754/ldbl-96 sysdeps/ieee754/dbl-64/wordsize-64 sysdeps/ieee754/dbl-64 sysdeps/ieee754/flt-32 sysdeps/wordsize-64 sysdeps/ieee754 sysdeps/generic
checking for a BSD-compatible install... /usr/bin/install -c
checking whether ln -s works... yes
checking whether /mnt/lfs/tools/lib/gcc/x86_64-lfs-linux-gnu/10.2.0/../../../../x86_64-lfs-linux-gnu/bin/as is GNU as... yes
checking whether /mnt/lfs/tools/lib/gcc/x86_64-lfs-linux-gnu/10.2.0/../../../../x86_64-lfs-linux-gnu/bin/ld is GNU ld... yes
checking for /mnt/lfs/tools/lib/gcc/x86_64-lfs-linux-gnu/10.2.0/../../../../x86_64-lfs-linux-gnu/bin/as... /mnt/lfs/tools/lib/gcc/x86_64-lfs-linux-gnu/10.2.0/../../../../x86_64-lfs-linux-gnu/bin/as
checking version of /mnt/lfs/tools/lib/gcc/x86_64-lfs-linux-gnu/10.2.0/../../../../x86_64-lfs-linux-gnu/bin/as... 2.35.1, ok
checking for /mnt/lfs/tools/lib/gcc/x86_64-lfs-linux-gnu/10.2.0/../../../../x86_64-lfs-linux-gnu/bin/ld... /mnt/lfs/tools/lib/gcc/x86_64-lfs-linux-gnu/10.2.0/../../../../x86_64-lfs-linux-gnu/bin/ld
checking version of /mnt/lfs/tools/lib/gcc/x86_64-lfs-linux-gnu/10.2.0/../../../../x86_64-lfs-linux-gnu/bin/ld... 2.35.1, ok
checking for gnumake... no
checking for gmake... no
checking for make... make
checking version of make... 4.3, ok
checking for gnumsgfmt... no
checking for gmsgfmt... no
checking for msgfmt... msgfmt
checking version of msgfmt... 0.21, ok
checking for makeinfo... makeinfo
checking version of makeinfo... 6.7, ok
checking for sed... sed
checking version of sed... 4.8, ok
checking for gawk... gawk
checking version of gawk... 5.1.0, ok
checking for bison... bison
checking version of bison... 3.7.2, ok
checking if x86_64-lfs-linux-gnu-gcc is sufficient to build libc... yes
checking for x86_64-lfs-linux-gnu-nm... x86_64-lfs-linux-gnu-nm
checking for python3... python3
checking version of python3... 3.8.6, ok
checking LD_LIBRARY_PATH variable... ok
checking for bash... /usr/bin/bash
checking for perl... /usr/bin/perl
checking for install-info... /usr/bin/install-info
checking for .set assembler directive... yes
checking linker support for protected data symbol... yes
checking linker support for INSERT in linker script... yes
checking for broken __attribute__((alias()))... no
checking whether to put _rtld_local into .sdata section... no
checking for libunwind-support in compiler... no
checking whether --noexecstack is desirable for .S files... yes
checking for -z combreloc... yes
checking for linker that supports -z execstack... yes
checking for linker that supports --no-dynamic-linker... yes
checking for -static-pie... yes
checking for -fpie... yes
checking for --hash-style option... yes
checking for sufficient default -shared layout... no
checking for GLOB_DAT reloc... yes
checking linker output format... elf64-x86-64
checking for -fno-toplevel-reorder -fno-section-anchors... yes
checking for -mtls-dialect=gnu2... yes
checking whether cc puts quotes around section names... no
checking for __builtin_memset... yes
checking for redirection of built-in functions... yes
checking for compiler option to disable generation of FMA instructions... -ffp-contract=off
checking if x86_64-lfs-linux-gnu-gcc accepts -fno-tree-loop-distribute-patterns with __attribute__ ((__optimize__))... yes
checking for libgd... no
checking for is_selinux_enabled in -lselinux... no
checking for _FORTIFY_SOURCE predefine... no
checking whether the linker provides working __ehdr_start... yes
checking for __builtin_trap with no external dependencies... yes
checking whether the C++ compiler supports thread_local... no
running configure fragment for sysdeps/unix/sysv/linux/x86_64/64
running configure fragment for sysdeps/unix/sysv/linux/x86_64
running configure fragment for sysdeps/unix/sysv/linux
checking installed Linux kernel header files... missing or too old!
configure: error: GNU libc requires kernel header files from
Linux 3.2.0 or later to be installed before configuring.
The kernel header files are found usually in /usr/include/asm and
/usr/include/linux; make sure these directories use files from
Linux 3.2.0 or later.  This check uses <linux/version.h>, so
make sure that file was built correctly when installing the kernel header
files.  To use kernel headers not from /usr/include/linux, use the
configure option --with-headers.

real	0m1.733s
user	0m1.408s
sys	0m0.480s
