mkdir: created directory 'build'
checking build system type... x86_64-pc-linux-gnu
checking host system type... x86_64-lfs-linux-gnu
checking target system type... x86_64-lfs-linux-gnu
checking for a BSD-compatible install... /usr/bin/install -c
checking whether build environment is sane... yes
checking for x86_64-lfs-linux-gnu-strip... x86_64-lfs-linux-gnu-strip
checking for a thread-safe mkdir -p... /usr/bin/mkdir -p
checking for gawk... gawk
checking whether make sets $(MAKE)... yes
checking whether make supports nested variables... yes
checking for x86_64-lfs-linux-gnu-gcc... x86_64-lfs-linux-gnu-gcc
checking for suffix of object files... o
checking whether we are using the GNU C compiler... yes
checking whether x86_64-lfs-linux-gnu-gcc accepts -g... yes
checking for x86_64-lfs-linux-gnu-gcc option to accept ISO C89... unsupported
checking whether x86_64-lfs-linux-gnu-gcc understands -c and -o together... yes
checking for x86_64-lfs-linux-gnu-g++... x86_64-lfs-linux-gnu-g++
checking whether we are using the GNU C++ compiler... yes
checking whether x86_64-lfs-linux-gnu-g++ accepts -g... yes
checking for special C compiler options needed for large files... no
checking for _FILE_OFFSET_BITS value needed for large files... unknown
checking for _LARGE_FILES value needed for large files... unknown
checking how to run the C preprocessor... x86_64-lfs-linux-gnu-gcc -E
checking for grep that handles long lines and -e... /usr/bin/grep
checking for egrep... /usr/bin/grep -E
checking whether ln -s works... yes
checking for x86_64-lfs-linux-gnu-as... x86_64-lfs-linux-gnu-as
checking for x86_64-lfs-linux-gnu-ar... x86_64-lfs-linux-gnu-ar
checking for x86_64-lfs-linux-gnu-ranlib... x86_64-lfs-linux-gnu-ranlib
checking whether to enable maintainer-specific portions of Makefiles... no
configure: CPU config directory is cpu/i486
configure: OS config directory is os/gnu-linux
checking how to print strings... printf
checking for a sed that does not truncate output... /usr/bin/sed
checking for fgrep... /usr/bin/grep -F
checking for ld used by x86_64-lfs-linux-gnu-gcc... /mnt/lfs/tools/x86_64-lfs-linux-gnu/bin/ld
checking if the linker (/mnt/lfs/tools/x86_64-lfs-linux-gnu/bin/ld) is GNU ld... yes
checking for BSD- or MS-compatible name lister (nm)... /mnt/lfs/tools/bin/x86_64-lfs-linux-gnu-nm -B
checking the name lister (/mnt/lfs/tools/bin/x86_64-lfs-linux-gnu-nm -B) interface... BSD nm
checking the maximum length of command line arguments... 1572864
checking whether the shell understands some XSI constructs... yes
checking whether the shell understands "+="... yes
checking for /mnt/lfs/tools/x86_64-lfs-linux-gnu/bin/ld option to reload object files... -r
checking for x86_64-lfs-linux-gnu-objdump... x86_64-lfs-linux-gnu-objdump
checking how to recognize dependent libraries... pass_all
checking for x86_64-lfs-linux-gnu-ar... (cached) x86_64-lfs-linux-gnu-ar
checking for x86_64-lfs-linux-gnu-strip... (cached) x86_64-lfs-linux-gnu-strip
checking for x86_64-lfs-linux-gnu-ranlib... (cached) x86_64-lfs-linux-gnu-ranlib
checking command to parse /mnt/lfs/tools/bin/x86_64-lfs-linux-gnu-nm -B output from x86_64-lfs-linux-gnu-gcc object... failed
checking for ANSI C header files... no
checking for sys/types.h... no
checking for sys/stat.h... no
checking for stdlib.h... no
checking for string.h... no
checking for memory.h... no
checking for strings.h... no
checking for inttypes.h... no
checking for stdint.h... no
checking for unistd.h... no
checking for dlfcn.h... no
checking for objdir... .libs
checking if x86_64-lfs-linux-gnu-gcc supports -fno-rtti -fno-exceptions... no
checking for x86_64-lfs-linux-gnu-gcc option to produce PIC... -fPIC -DPIC
checking if x86_64-lfs-linux-gnu-gcc PIC flag -fPIC -DPIC works... yes
checking if x86_64-lfs-linux-gnu-gcc static flag -static works... no
checking if x86_64-lfs-linux-gnu-gcc supports -c -o file.o... yes
checking if x86_64-lfs-linux-gnu-gcc supports -c -o file.o... (cached) yes
checking whether the x86_64-lfs-linux-gnu-gcc linker (/mnt/lfs/tools/x86_64-lfs-linux-gnu/bin/ld -m elf_x86_64) supports shared libraries... yes
checking whether -lc should be explicitly linked in... no
checking dynamic linker characteristics... configure: error: Link tests are not allowed after GCC_NO_EXECUTABLES.

real	0m1.186s
user	0m0.817s
sys	0m0.462s
