
XZ Utils 5.2.5

System type:
checking build system type... x86_64-pc-linux-gnu
checking host system type... x86_64-lfs-linux-gnu

Configure options:
checking if debugging code should be compiled... no
checking which encoders to build... lzma1 lzma2 delta x86 powerpc ia64 arm armthumb sparc
checking which decoders to build... lzma1 lzma2 delta x86 powerpc ia64 arm armthumb sparc
checking which match finders to build... hc3 hc4 bt2 bt3 bt4
checking which integrity checks to build... crc32 crc64 sha256
checking if external SHA-256 should be used... no
checking if assembler optimizations should be used... x86_64
checking if small size is preferred over speed... no
checking if threading support is wanted... yes, posix
checking how much RAM to assume if the real amount is unknown... 128 MiB
checking if library symbol versioning should be used... yes
checking if sandboxing should be used... maybe (autodetect)

checking for a shell that conforms to POSIX... /bin/sh

Initializing Automake:
checking for a BSD-compatible install... /usr/bin/install -c
checking whether build environment is sane... yes
checking for x86_64-lfs-linux-gnu-strip... x86_64-lfs-linux-gnu-strip
checking for a thread-safe mkdir -p... /usr/bin/mkdir -p
checking for gawk... gawk
checking whether make sets $(MAKE)... yes
checking whether make supports nested variables... yes
checking whether ln -s works... yes
checking whether make supports the include directive... yes (GNU style)
checking for x86_64-lfs-linux-gnu-gcc... x86_64-lfs-linux-gnu-gcc
checking whether the C compiler works... no
configure: error: in `/mnt/lfs/Linux-From-Scratch/lfs-scripts/stage1/Build-TMP/xz-5.2.5':
configure: error: C compiler cannot create executables
See `config.log' for more details

real	0m0.282s
user	0m0.227s
sys	0m0.089s
